
. ts
** 31 Mar 1998 - 08:57:45

. set more off

.     hcsum 123c B
** HCSUM for 123cres: B.
 * Table of mean absolute deviation from nominal size.
 * Negative marks smallest value.

            All  Through       b1       b2       b3       b4
sOLS05    0.025   50.000    0.021   -0.008    0.070   -0.003
s0HC05    0.058   50.000    0.052    0.031    0.120    0.028
s1HC05    0.032   50.000    0.026    0.008    0.089    0.006
s2HC05    0.023   50.000    0.012    0.009    0.065    0.005
s3HC05    0.020   50.000    0.017    0.019   -0.027    0.019
s3B005    0.017   50.000    0.007    0.010    0.044    0.007
s3B105   -0.016   50.000   -0.004    0.010    0.040    0.010
s3B205    0.017   50.000    0.005    0.012    0.037    0.013
s3B305    0.018   50.000    0.007    0.015    0.036    0.013
s3B305    0.018   50.000    0.009    0.015    0.036    0.015
s3B305    0.018   50.000    0.010    0.015    0.033    0.015

            All  Through       b1       b2       b3       b4
sOLS05    0.052  100.000    0.019    0.006    0.078   -0.004
s0HC05    0.103  100.000    0.039    0.022    0.101    0.020
s1HC05    0.059  100.000    0.020   -0.006    0.078    0.004
s2HC05    0.042  100.000    0.010    0.006    0.056    0.005
s3HC05    0.038  100.000    0.012    0.018   -0.027    0.015
s3B005    0.033  100.000    0.006    0.012    0.038    0.008
s3B105    0.001  100.000    0.004    0.012    0.035    0.009
s3B205    0.032  100.000   -0.004    0.013    0.033    0.011
s3B305    0.034  100.000    0.006    0.015    0.032    0.011
s3B305    0.035  100.000    0.007    0.015    0.032    0.012
s3B305    0.035  100.000    0.008    0.015    0.031    0.012

            All  Through       b1       b2       b3       b4
sOLS05    0.080  250.000    0.018    0.006    0.084   -0.003
s0HC05    0.139  250.000    0.030    0.019    0.081    0.015
s1HC05    0.082  250.000    0.016   -0.006    0.063    0.004
s2HC05    0.058  250.000    0.009    0.006    0.046    0.005
s3HC05    0.053  250.000    0.011    0.014   -0.021    0.014
s3B005    0.046  250.000    0.006    0.009    0.029    0.008
s3B105   -0.014  250.000    0.005    0.009    0.027    0.009
s3B205    0.045  250.000   -0.005    0.010    0.026    0.011
s3B305    0.047  250.000    0.006    0.012    0.025    0.011
s3B305    0.049  250.000    0.007    0.011    0.025    0.012
s3B305    0.049  250.000    0.008    0.012    0.024    0.012

             All   Through        b1        b2        b3        b4
sOLS05     0.110  1000.000     0.017    -0.005     0.094    -0.003
s0HC05     0.166  1000.000     0.023     0.015     0.058     0.011
s1HC05     0.099  1000.000     0.014     0.005     0.046     0.004
s2HC05     0.071  1000.000     0.009     0.005     0.033     0.004
s3HC05     0.065  1000.000     0.011     0.011    -0.016     0.011
s3B005     0.057  1000.000     0.007     0.008     0.021     0.007
s3B105     0.003  1000.000     0.007     0.008     0.020     0.007
s3B205     0.055  1000.000    -0.007     0.009     0.019     0.008
s3B305     0.058  1000.000     0.007     0.010     0.019     0.009
s3B305     0.060  1000.000     0.008     0.010     0.019     0.009
s3B305     0.060  1000.000     0.008     0.010     0.018     0.009

.     hcsum 123c C
** HCSUM for 123cres: C.
 * Table of mean absolute deviation from nominal size.
 * Negative marks smallest value.

            All  Through       b1       b2       b3       b4
sOLS05    0.025   50.000    0.021   -0.008    0.070   -0.003
s0HC05    0.058   50.000    0.052    0.031    0.120    0.028
s1HC05    0.032   50.000    0.026    0.008    0.089    0.006
s2HC05    0.023   50.000    0.012    0.009    0.065    0.005
s3HC05    0.020   50.000    0.017    0.019   -0.027    0.019
s3C005   -0.017   50.000   -0.005    0.013    0.038    0.010
s3C105    0.017   50.000    0.008    0.013    0.036    0.012
s3C205    0.018   50.000    0.009    0.015    0.034    0.015
s3C305    0.019   50.000    0.012    0.016    0.034    0.017
s3C305    0.020   50.000    0.013    0.016    0.032    0.017
s3C305    0.020   50.000    0.014    0.017    0.031    0.018

            All  Through       b1       b2       b3       b4
sOLS05    0.052  100.000    0.019    0.006    0.078   -0.004
s0HC05    0.103  100.000    0.039    0.022    0.101    0.020
s1HC05    0.059  100.000    0.020   -0.006    0.078    0.004
s2HC05    0.042  100.000    0.010    0.006    0.056    0.005
s3HC05    0.038  100.000    0.012    0.018   -0.027    0.015
s3C005    0.001  100.000   -0.005    0.013    0.034    0.009
s3C105    0.033  100.000    0.007    0.013    0.033    0.010
s3C205    0.035  100.000    0.007    0.015    0.032    0.013
s3C305    0.037  100.000    0.009    0.015    0.031    0.013
s3C305    0.037  100.000    0.010    0.016    0.030    0.014
s3C305    0.038  100.000    0.010    0.017    0.029    0.014

            All  Through       b1       b2       b3       b4
sOLS05    0.080  250.000    0.018    0.006    0.084   -0.003
s0HC05    0.139  250.000    0.030    0.019    0.081    0.015
s1HC05    0.082  250.000    0.016   -0.006    0.063    0.004
s2HC05    0.058  250.000    0.009    0.006    0.046    0.005
s3HC05    0.053  250.000    0.011    0.014   -0.021    0.014
s3C005   -0.014  250.000   -0.006    0.010    0.026    0.010
s3C105    0.046  250.000    0.007    0.011    0.025    0.010
s3C205    0.049  250.000    0.007    0.012    0.025    0.012
s3C305    0.051  250.000    0.009    0.012    0.024    0.013
s3C305    0.052  250.000    0.009    0.012    0.024    0.013
s3C305    0.053  250.000    0.010    0.013    0.023    0.013

             All   Through        b1        b2        b3        b4
sOLS05     0.110  1000.000     0.017    -0.005     0.094    -0.003
s0HC05     0.166  1000.000     0.023     0.015     0.058     0.011
s1HC05     0.099  1000.000     0.014     0.005     0.046     0.004
s2HC05     0.071  1000.000     0.009     0.005     0.033     0.004
s3HC05     0.065  1000.000     0.011     0.011    -0.016     0.011
s3C005     0.004  1000.000    -0.007     0.009     0.019     0.008
s3C105     0.057  1000.000     0.008     0.009     0.019     0.008
s3C205     0.060  1000.000     0.008     0.010     0.018     0.009
s3C305     0.063  1000.000     0.009     0.010     0.018     0.010
s3C305     0.063  1000.000     0.009     0.010     0.017     0.010
s3C305     0.064  1000.000     0.010     0.011     0.017     0.010

.     hcsum 123c G
** HCSUM for 123cres: G.
 * Table of mean absolute deviation from nominal size.
 * Negative marks smallest value.

            All  Through       b1       b2       b3       b4
sOLS05    0.025   50.000    0.021   -0.008    0.070   -0.003
s0HC05    0.058   50.000    0.052    0.031    0.120    0.028
s1HC05    0.032   50.000    0.026    0.008    0.089    0.006
s2HC05    0.023   50.000    0.012    0.009    0.065    0.005
s3HC05    0.020   50.000    0.017    0.019   -0.027    0.019
s3G005    0.016   50.000    0.008    0.009    0.039    0.010
s3G105   -0.016   50.000    0.007    0.010    0.037    0.011
s3G205    0.017   50.000   -0.006    0.013    0.036    0.012
s3G305    0.018   50.000    0.010    0.014    0.034    0.014
s3G305    0.019   50.000    0.012    0.016    0.032    0.015
s3G305    0.019   50.000    0.013    0.016    0.032    0.017

            All  Through       b1       b2       b3       b4
sOLS05    0.052  100.000    0.019    0.006    0.078   -0.004
s0HC05    0.103  100.000    0.039    0.022    0.101    0.020
s1HC05    0.059  100.000    0.020   -0.006    0.078    0.004
s2HC05    0.042  100.000    0.010    0.006    0.056    0.005
s3HC05    0.038  100.000    0.012    0.018   -0.027    0.015
s3G005    0.032  100.000    0.006    0.012    0.035    0.009
s3G105    0.001  100.000    0.006    0.012    0.034    0.010
s3G205    0.032  100.000   -0.005    0.013    0.033    0.010
s3G305    0.034  100.000    0.008    0.014    0.031    0.011
s3G305    0.036  100.000    0.009    0.016    0.030    0.012
s3G305    0.036  100.000    0.009    0.016    0.030    0.013

            All  Through       b1       b2       b3       b4
sOLS05    0.080  250.000    0.018    0.006    0.084   -0.003
s0HC05    0.139  250.000    0.030    0.019    0.081    0.015
s1HC05    0.082  250.000    0.016   -0.006    0.063    0.004
s2HC05    0.058  250.000    0.009    0.006    0.046    0.005
s3HC05    0.053  250.000    0.011    0.014   -0.021    0.014
s3G005    0.045  250.000    0.007    0.009    0.027    0.010
s3G105   -0.014  250.000    0.006    0.009    0.026    0.010
s3G205    0.045  250.000   -0.006    0.011    0.026    0.010
s3G305    0.047  250.000    0.008    0.011    0.024    0.011
s3G305    0.050  250.000    0.009    0.012    0.024    0.012
s3G305    0.050  250.000    0.009    0.012    0.023    0.013

             All   Through        b1        b2        b3        b4
sOLS05     0.110  1000.000     0.017    -0.005     0.094    -0.003
s0HC05     0.166  1000.000     0.023     0.015     0.058     0.011
s1HC05     0.099  1000.000     0.014     0.005     0.046     0.004
s2HC05     0.071  1000.000     0.009     0.005     0.033     0.004
s3HC05     0.065  1000.000     0.011     0.011    -0.016     0.011
s3G005     0.056  1000.000     0.008     0.008     0.020     0.008
s3G105     0.003  1000.000     0.007     0.008     0.019     0.008
s3G205     0.055  1000.000    -0.007     0.009     0.019     0.008
s3G305     0.059  1000.000     0.008     0.009     0.018     0.009
s3G305     0.061  1000.000     0.009     0.010     0.017     0.009
s3G305     0.062  1000.000     0.009     0.010     0.017     0.010

.     hcsum 123c W
** HCSUM for 123cres: W.
 * Table of mean absolute deviation from nominal size.
 * Negative marks smallest value.

            All  Through       b1       b2       b3       b4
sOLS05    0.025   50.000    0.021    0.008    0.070   -0.003
s0HC05    0.058   50.000    0.052    0.031    0.120    0.028
s1HC05    0.032   50.000    0.026    0.008    0.089    0.006
s2HC05    0.023   50.000    0.012    0.009    0.065    0.005
s3HC05    0.020   50.000    0.017    0.019   -0.027    0.019
s3W005    0.018   50.000    0.008   -0.006    0.053    0.007
s3W105    0.017   50.000    0.005    0.009    0.047    0.007
s3W205   -0.017   50.000   -0.003    0.015    0.036    0.013
s3W305    0.018   50.000    0.006    0.016    0.034    0.018
s3W305    0.020   50.000    0.011    0.018    0.031    0.018
s3W305    0.020   50.000    0.015    0.018    0.029    0.018

            All  Through       b1       b2       b3       b4
sOLS05    0.052  100.000    0.019    0.006    0.078   -0.004
s0HC05    0.103  100.000    0.039    0.022    0.101    0.020
s1HC05    0.059  100.000    0.020   -0.006    0.078    0.004
s2HC05    0.042  100.000    0.010    0.006    0.056    0.005
s3HC05    0.038  100.000    0.012    0.018   -0.027    0.015
s3W005    0.036  100.000    0.005    0.009    0.048    0.008
s3W105    0.034  100.000    0.004    0.012    0.044    0.008
s3W205    0.000  100.000   -0.004    0.016    0.035    0.013
s3W305    0.036  100.000    0.006    0.016    0.033    0.016
s3W305    0.038  100.000    0.009    0.018    0.031    0.015
s3W305    0.038  100.000    0.011    0.018    0.028    0.015

            All  Through       b1       b2       b3       b4
sOLS05    0.080  250.000    0.018    0.006    0.084   -0.003
s0HC05    0.139  250.000    0.030    0.019    0.081    0.015
s1HC05    0.082  250.000    0.016   -0.006    0.063    0.004
s2HC05    0.058  250.000    0.009    0.006    0.046    0.005
s3HC05    0.053  250.000    0.011    0.014   -0.021    0.014
s3W005    0.051  250.000    0.006    0.007    0.038    0.008
s3W105    0.048  250.000    0.005    0.009    0.034    0.009
s3W205   -0.014  250.000   -0.005    0.012    0.028    0.012
s3W305    0.051  250.000    0.006    0.013    0.026    0.015
s3W305    0.053  250.000    0.009    0.014    0.024    0.014
s3W305    0.053  250.000    0.010    0.014    0.022    0.014

             All   Through        b1        b2        b3        b4
sOLS05     0.110  1000.000     0.017    -0.005     0.094    -0.003
s0HC05     0.166  1000.000     0.023     0.015     0.058     0.011
s1HC05     0.099  1000.000     0.014     0.005     0.046     0.004
s2HC05     0.071  1000.000     0.009     0.005     0.033     0.004
s3HC05     0.065  1000.000     0.011     0.011    -0.016     0.011
s3W005     0.063  1000.000     0.007     0.007     0.027     0.007
s3W105     0.060  1000.000     0.006     0.008     0.024     0.007
s3W205     0.003  1000.000    -0.006     0.010     0.020     0.009
s3W305     0.063  1000.000     0.007     0.010     0.019     0.011
s3W305     0.065  1000.000     0.009     0.011     0.018     0.010
s3W305     0.065  1000.000     0.010     0.011     0.016     0.010

.     hcsum 123c all
** HCSUM for 123cres: all.
 * Table of mean absolute deviation from nominal size.
 * Negative marks smallest value.

            All  Through       b1       b2       b3       b4
sOLS05    0.025   50.000    0.021    0.008    0.070   -0.003
s0HC05    0.058   50.000    0.052    0.031    0.120    0.028
s1HC05    0.032   50.000    0.026    0.008    0.089    0.006
s2HC05    0.023   50.000    0.012    0.009    0.065    0.005
s3HC05    0.020   50.000    0.017    0.019   -0.027    0.019
s3B005    0.017   50.000    0.007    0.010    0.044    0.007
s3B105    0.016   50.000    0.004    0.010    0.040    0.010
s3B205    0.017   50.000    0.005    0.012    0.037    0.013
s3B305    0.018   50.000    0.007    0.015    0.036    0.013
s3B405    0.018   50.000    0.009    0.015    0.036    0.015
s3B505    0.018   50.000    0.010    0.015    0.033    0.015
s3C005    0.017   50.000    0.005    0.013    0.038    0.010
s3C105    0.017   50.000    0.008    0.013    0.036    0.012
s3C205    0.018   50.000    0.009    0.015    0.034    0.015
s3C305    0.019   50.000    0.012    0.016    0.034    0.017
s3C405    0.020   50.000    0.013    0.016    0.032    0.017
s3C505    0.020   50.000    0.014    0.017    0.031    0.018
s3G005    0.016   50.000    0.008    0.009    0.039    0.010
s3G105   -0.016   50.000    0.007    0.010    0.037    0.011
s3G205    0.017   50.000    0.006    0.013    0.036    0.012
s3G305    0.018   50.000    0.010    0.014    0.034    0.014
s3G405    0.019   50.000    0.012    0.016    0.032    0.015
s3G505    0.019   50.000    0.013    0.016    0.032    0.017
s3W005    0.018   50.000    0.008   -0.006    0.053    0.007
s3W105    0.017   50.000    0.005    0.009    0.047    0.007
s3W205    0.017   50.000   -0.003    0.015    0.036    0.013
s3W305    0.018   50.000    0.006    0.016    0.034    0.018
s3W405    0.020   50.000    0.011    0.018    0.031    0.018
s3W505    0.020   50.000    0.015    0.018    0.029    0.018

            All  Through       b1       b2       b3       b4
sOLS05    0.052  100.000    0.019    0.006    0.078   -0.004
s0HC05    0.103  100.000    0.039    0.022    0.101    0.020
s1HC05    0.059  100.000    0.020   -0.006    0.078    0.004
s2HC05    0.042  100.000    0.010    0.006    0.056    0.005
s3HC05    0.038  100.000    0.012    0.018   -0.027    0.015
s3B005    0.033  100.000    0.006    0.012    0.038    0.008
s3B105    0.031  100.000    0.004    0.012    0.035    0.009
s3B205    0.032  100.000    0.004    0.013    0.033    0.011
s3B305    0.034  100.000    0.006    0.015    0.032    0.011
s3B405    0.035  100.000    0.007    0.015    0.032    0.012
s3B505    0.035  100.000    0.008    0.015    0.031    0.012
s3C005    0.032  100.000    0.005    0.013    0.034    0.009
s3C105    0.033  100.000    0.007    0.013    0.033    0.010
s3C205    0.035  100.000    0.007    0.015    0.032    0.013
s3C305    0.037  100.000    0.009    0.015    0.031    0.013
s3C405    0.037  100.000    0.010    0.016    0.030    0.014
s3C505    0.038  100.000    0.010    0.017    0.029    0.014
s3G005    0.032  100.000    0.006    0.012    0.035    0.009
s3G105    0.001  100.000    0.006    0.012    0.034    0.010
s3G205    0.032  100.000    0.005    0.013    0.033    0.010
s3G305    0.034  100.000    0.008    0.014    0.031    0.011
s3G405    0.036  100.000    0.009    0.016    0.030    0.012
s3G505    0.036  100.000    0.009    0.016    0.030    0.013
s3W005    0.036  100.000    0.005    0.009    0.048    0.008
s3W105    0.034  100.000    0.004    0.012    0.044    0.008
s3W205    0.033  100.000   -0.004    0.016    0.035    0.013
s3W305    0.036  100.000    0.006    0.016    0.033    0.016
s3W405    0.038  100.000    0.009    0.018    0.031    0.015
s3W505    0.038  100.000    0.011    0.018    0.028    0.015

            All  Through       b1       b2       b3       b4
sOLS05    0.080  250.000    0.018    0.006    0.084   -0.003
s0HC05    0.139  250.000    0.030    0.019    0.081    0.015
s1HC05    0.082  250.000    0.016   -0.006    0.063    0.004
s2HC05    0.058  250.000    0.009    0.006    0.046    0.005
s3HC05    0.053  250.000    0.011    0.014   -0.021    0.014
s3B005    0.046  250.000    0.006    0.009    0.029    0.008
s3B105    0.044  250.000    0.005    0.009    0.027    0.009
s3B205    0.045  250.000    0.005    0.010    0.026    0.011
s3B305    0.047  250.000    0.006    0.012    0.025    0.011
s3B405    0.049  250.000    0.007    0.011    0.025    0.012
s3B505    0.049  250.000    0.008    0.012    0.024    0.012
s3C005    0.045  250.000    0.006    0.010    0.026    0.010
s3C105    0.046  250.000    0.007    0.011    0.025    0.010
s3C205    0.049  250.000    0.007    0.012    0.025    0.012
s3C305    0.051  250.000    0.009    0.012    0.024    0.013
s3C405    0.052  250.000    0.009    0.012    0.024    0.013
s3C505    0.053  250.000    0.010    0.013    0.023    0.013
s3G005    0.045  250.000    0.007    0.009    0.027    0.010
s3G105   -0.014  250.000    0.006    0.009    0.026    0.010
s3G205    0.045  250.000    0.006    0.011    0.026    0.010
s3G305    0.047  250.000    0.008    0.011    0.024    0.011
s3G405    0.050  250.000    0.009    0.012    0.024    0.012
s3G505    0.050  250.000    0.009    0.012    0.023    0.013
s3W005    0.051  250.000    0.006    0.007    0.038    0.008
s3W105    0.048  250.000    0.005    0.009    0.034    0.009
s3W205    0.048  250.000   -0.005    0.012    0.028    0.012
s3W305    0.051  250.000    0.006    0.013    0.026    0.015
s3W405    0.053  250.000    0.009    0.014    0.024    0.014
s3W505    0.053  250.000    0.010    0.014    0.022    0.014

             All   Through        b1        b2        b3        b4
sOLS05     0.110  1000.000     0.017    -0.005     0.094    -0.003
s0HC05     0.166  1000.000     0.023     0.015     0.058     0.011
s1HC05     0.099  1000.000     0.014     0.005     0.046     0.004
s2HC05     0.071  1000.000     0.009     0.005     0.033     0.004
s3HC05     0.065  1000.000     0.011     0.011    -0.016     0.011
s3B005     0.057  1000.000     0.007     0.008     0.021     0.007
s3B105     0.055  1000.000     0.007     0.008     0.020     0.007
s3B205     0.055  1000.000     0.007     0.009     0.019     0.008
s3B305     0.058  1000.000     0.007     0.010     0.019     0.009
s3B405     0.060  1000.000     0.008     0.010     0.019     0.009
s3B505     0.060  1000.000     0.008     0.010     0.018     0.009
s3C005     0.056  1000.000     0.007     0.009     0.019     0.008
s3C105     0.057  1000.000     0.008     0.009     0.019     0.008
s3C205     0.060  1000.000     0.008     0.010     0.018     0.009
s3C305     0.063  1000.000     0.009     0.010     0.018     0.010
s3C405     0.063  1000.000     0.009     0.010     0.017     0.010
s3C505     0.064  1000.000     0.010     0.011     0.017     0.010
s3G005     0.056  1000.000     0.008     0.008     0.020     0.008
s3G105     0.003  1000.000     0.007     0.008     0.019     0.008
s3G205     0.055  1000.000     0.007     0.009     0.019     0.008
s3G305     0.059  1000.000     0.008     0.009     0.018     0.009
s3G405     0.061  1000.000     0.009     0.010     0.017     0.009
s3G505     0.062  1000.000     0.009     0.010     0.017     0.010
s3W005     0.063  1000.000     0.007     0.007     0.027     0.007
s3W105     0.060  1000.000     0.006     0.008     0.024     0.007
s3W205     0.059  1000.000    -0.006     0.010     0.020     0.009
s3W305     0.063  1000.000     0.007     0.010     0.019     0.011
s3W405     0.065  1000.000     0.009     0.011     0.018     0.010
s3W505     0.065  1000.000     0.010     0.011     0.016     0.010

. set more on

. log close
