
. 
. hcresult 1 123c
 
** Constructing data to analyze...
** 31 Mar 1998 - 08:54:18
** Population Data Used for Simulations
*    Structure:       123c.jslhc1.101
*    Simulation date: 13958
*    Seed:            11020760
*    Factor:          .37
*    R2:              .4
*    Sample N's:      25 50 100 250 500 1000

Variable |     Obs        Mean   Std. Dev.       Min        Max
---------+-----------------------------------------------------
       y |  100000    5.600786   3.228014    .053519   43.22614  
      x1 |  100000    1.499012   .2886124    1.00002   1.999999  
      x2 |  100000    1.498522   1.053486  -2.241696   5.101119  
      x3 |  100000    1.600192    1.03109   .0011668   12.12769  
      x4 |  100000     3.59375   1.692207  -2.283696   15.27936  

  Source |       SS       df       MS                  Number of obs =  100000
---------+------------------------------               F(  4, 99995) =16397.45
   Model |  412745.566     4  103186.392               Prob > F      =  0.0000
Residual |  629251.636 99995    6.292831               R-squared     =  0.3961
---------+------------------------------               Adj R-squared =  0.3961
   Total |  1041997.20 99999  10.4200762               Root MSE      =  2.5086

------------------------------------------------------------------------------
       y |      Coef.   Std. Err.       t     P>|t|       [95% Conf. Interval]
---------+--------------------------------------------------------------------
      x1 |   1.100507   .0516736     21.297   0.000        .999227    1.201786
      x2 |   .9808131   .0131997     74.306   0.000       .9549419    1.006684
      x3 |   1.003985   .0105858     94.843   0.000       .9832368    1.024733
      x4 |  -.0025783   .0056396     -0.457   0.648      -.0136318    .0084753
   _cons |   .8840406    .060209     14.683   0.000       .7660318    1.002049
------------------------------------------------------------------------------
(Note: file 123cr105.dta not found)
 
** Description of Simulation Results in 123c0025
*  Sig Level/Sample N: 05/25

Variable |     Obs        Mean   Std. Dev.       Min        Max
---------+-----------------------------------------------------
      s1 |    1000    1.108649   4.254743  -24.67387   15.85574  
      s2 |    1000    .8661706    3.86476  -14.05078   18.60569  
      s3 |    1000    1.011782    .881466  -2.514365   4.653104  
      s4 |    1000    1.045989   1.067491    -3.7507   4.956015  
      s5 |    1000   -.0009489   .3880031  -2.222277   2.027659  
    s1m1 |    1000     3.37711   1.404474   .9533031   16.74965  
    s2m1 |    1000    3.023623   1.240712   .8327195    12.9386  
    s3m1 |    1000    .7344056   .3042056   .2217782   3.236971  
    s4m1 |    1000    .6932406   .3797986   .1440991   4.039497  
    s5m1 |    1000    .3167939   .1195087   .0891627   1.097781  
    s1m2 |    1000    3.775724    1.57025   1.065825   18.72668  
    s2m2 |    1000    3.380513   1.387158   .9310087    14.4658  
    s3m2 |    1000    .8210904   .3401122   .2479555   3.619044  
    s4m2 |    1000    .7750666   .4246277   .1611077   4.516295  
    s5m2 |    1000    .3541863   .1336148    .099687   1.227357  
    s1m3 |    1000    3.940681   1.666219   1.087832   19.01554  
    s2m3 |    1000    3.561337   1.489742    .985451   15.09674  
    s3m3 |    1000    .8553424   .3593039   .2574853    3.79653  
    s4m3 |    1000    .8680318   .4820544   .1891891   4.713441  
    s5m3 |    1000    .3672399   .1416442   .1022541    1.25473  
    s1m4 |    1000    4.721992   2.074406   1.273176   21.60852  
    s2m4 |    1000    4.338838   1.917876   1.226361    17.6713  
    s3m4 |    1000    1.011785   .4357355    .293996   4.474081  
    s4m4 |    1000    1.156522   .7027515   .2226091   6.168035  
    s5m4 |    1000    .4322714   .1740863   .1187936   1.435073  
    s1m5 |    1000     4.07391   1.383181   1.395651   12.59726  
    s2m5 |    1000    3.549401   1.202552   1.278715   10.23995  
    s3m5 |    1000    .8843424    .303187   .3279139   2.400816  
    s4m5 |    1000    .7960347   .3216242   .2308191   2.632242  
    s5m5 |    1000    .3751704   .1238806   .1041813   .9729551  
      wh |    1000    16.29338   4.377085   3.558138   24.61672  
    whpr |    1000    .3483386   .2514036   .0385452   .9975901  
      bp |    1000    9.300278   6.681794   .1160598   47.32586  
    bppr |    1000    .2123858   .2567372   1.30e-09     .99838  
      gl |    1000     7.43946   3.629234   .4104929   18.31077  
    glpr |    1000    .2166583   .2267042   .0010729   .9816089  
      cw |    1000    5.832629   5.607728   5.67e-06   42.50826  
    cwpr |    1000    .1468605   .2238261   7.04e-11   .9980995  
  seedis |    1000    1.10e+07          0   1.10e+07   1.10e+07  
   niter |    1000        1000          0       1000       1000  
dsnumber |    1000           1          0          1          1  
 dslabel |    1000         101          0        101        101  
  factor |    1000         .37          0        .37        .37  
      R2 |    1000    .3961101          0   .3961101   .3961101  
 sampleN |    1000          25          0         25         25  
 datenum |    1000       13958          0      13958      13958  
 
** Description of Simulation Results in 123c0050
*  Sig Level/Sample N: 05/50

Variable |     Obs        Mean   Std. Dev.       Min        Max
---------+-----------------------------------------------------
      s1 |    1000    .8478096   2.844572  -8.065722   12.10127  
      s2 |    1000    1.127106   2.651483  -9.922822   9.565928  
      s3 |    1000    .9858634   .6256845  -1.010204   3.220038  
      s4 |    1000     .976573   .6900917  -.7865492   3.935085  
      s5 |    1000    .0026385   .2630669   -.839669   .9403497  
    s1m1 |    1000    2.458851   .6825025   1.150358   5.350697  
    s2m1 |    1000    2.234802   .6370624   .8955288   5.170671  
    s3m1 |    1000    .5439992   .1570065   .2377259   1.296157  
    s4m1 |    1000    .5254241   .2278446   .1667859   2.107573  
    s5m1 |    1000    .2318342   .0642765   .0963733   .6967119  
    s1m2 |    1000    2.591856   .7194208   1.212583    5.64013  
    s2m2 |    1000    2.355688   .6715227   .9439702   5.450366  
    s3m2 |    1000    .5734255   .1654994   .2505851    1.36627  
    s4m2 |    1000    .5538456   .2401693   .1758078   2.221576  
    s5m2 |    1000    .2443747   .0677534   .1015864   .7343988  
    s1m3 |    1000    2.661243   .7604766   1.221087    5.90574  
    s2m3 |    1000    2.438288   .7282726   .9573833   5.983369  
    s3m3 |    1000    .5874173   .1738802   .2507944   1.480804  
    s4m3 |    1000    .6005233   .2817372   .1842625    2.73163  
    s5m3 |    1000    .2490634    .070134   .1023788   .7537197  
    s1m4 |    1000    2.906392   .8828107   1.301417   8.996451  
    s2m4 |    1000    2.692951   .8825269   1.031515   9.175589  
    s3m4 |    1000    .6372431   .1949831   .2650324   1.697654  
    s4m4 |    1000     .702504   .3720583   .2067423   3.608832  
    s5m4 |    1000    .2688523   .0779158   .1090617   .8163224  
    s1m5 |    1000    2.750424   .6243818   1.189292    5.91115  
    s2m5 |    1000    2.382869    .535941   1.059597   5.216053  
    s3m5 |    1000    .6000345   .1382231    .293241   1.386012  
    s4m5 |    1000    .5146375   .1391488   .2268096   1.217706  
    s5m5 |    1000    .2559547   .0568585   .1197193   .5433218  
      wh |    1000    20.22231   8.303122    3.84929   48.16118  
    whpr |    1000    .2699001   .2825043   .0000124   .9963065  
      bp |    1000    19.50911   15.03624   .4470869   187.0473  
    bppr |    1000    .0533991   .1318378          0   .9784434  
      gl |    1000    12.54757   5.480107   .9632158   33.12305  
    glpr |    1000    .0689685   .1256775   1.13e-06   .9153214  
      cw |    1000    14.40901   11.88199   .0001477   106.3509  
    cwpr |    1000    .0305361   .1073027          0   .9903036  
  seedis |    1000    1.10e+07          0   1.10e+07   1.10e+07  
   niter |    1000        1000          0       1000       1000  
dsnumber |    1000           1          0          1          1  
 dslabel |    1000         101          0        101        101  
  factor |    1000         .37          0        .37        .37  
      R2 |    1000    .3961101          0   .3961101   .3961101  
 sampleN |    1000          50          0         50         50  
 datenum |    1000       13958          0      13958      13958  
 
** Description of Simulation Results in 123c0100
*  Sig Level/Sample N: 05/100

Variable |     Obs        Mean   Std. Dev.       Min        Max
---------+-----------------------------------------------------
      s1 |    1000    .8986938   1.933866  -8.081141   7.766695  
      s2 |    1000    1.106947   1.787191  -6.360882   9.132459  
      s3 |    1000    .9757677   .4219148  -.2414902   2.271759  
      s4 |    1000     .997803   .4706118  -.3178776   2.646742  
      s5 |    1000   -.0054412   .1802265  -.6229641   .6203172  
    s1m1 |    1000    1.800566   .3737293   1.016554   3.405095  
    s2m1 |    1000    1.642968   .3597639     .85094    3.47359  
    s3m1 |    1000    .4032118   .0923318   .1661647   1.010345  
    s4m1 |    1000    .3995281   .1272741   .1369595    1.01965  
    s5m1 |    1000    .1697584   .0338494   .0862481   .3740125  
    s1m2 |    1000    1.847341   .3834381   1.042963   3.493554  
    s2m2 |    1000     1.68565   .3691099    .873046   3.563828  
    s3m2 |    1000    .4136866   .0947304   .1704814   1.036592  
    s4m2 |    1000    .4099072   .1305805   .1405175   1.046139  
    s5m2 |    1000    .1741685   .0347288   .0884887   .3837288  
    s1m3 |    1000     1.87596    .396859   1.058872   3.529231  
    s2m3 |    1000    1.721922    .388845   .8967463    3.76277  
    s3m3 |    1000    .4195164   .0976926   .1724036   1.080147  
    s4m3 |    1000    .4325127   .1455033   .1418157   1.147938  
    s5m3 |    1000    .1760608   .0355664   .0885925   .3941915  
    s1m4 |    1000    1.960616   .4268872    1.10484   3.730703  
    s2m4 |    1000    1.812978   .4292201   .9637355   4.086561  
    s3m4 |    1000    .4371544   .1037518   .1795247   1.155144  
    s4m4 |    1000    .4725507   .1722102   .1469287   1.455509  
    s5m4 |    1000    .1828418   .0375153   .0910748   .4212935  
    s1m5 |    1000    1.920062   .2990748   1.024198   3.218619  
    s2m5 |    1000     1.65289    .254365   .9141758   2.792413  
    s3m5 |    1000    .4195601   .0641078   .2489476   .6968991  
    s4m5 |    1000    .3490154    .065254   .1857986   .5891759  
    s5m5 |    1000     .179882   .0271884    .097443    .309837  
      wh |    1000    27.83935   12.50623   5.744265   89.21677  
    whpr |    1000    .1280469   .1970331   5.33e-13   .9725313  
      bp |    1000    37.67521   22.84345   2.958997   220.3451  
    bppr |    1000    .0039761   .0299338          0   .5647106  
      gl |    1000    23.32316    7.78011   4.381878   56.79232  
    glpr |    1000    .0051617   .0237794   1.37e-11   .3567844  
      cw |    1000    30.93699   19.33999   1.560248   210.0055  
    cwpr |    1000    .0011715   .0098304          0   .2116289  
  seedis |    1000    1.10e+07          0   1.10e+07   1.10e+07  
   niter |    1000        1000          0       1000       1000  
dsnumber |    1000           1          0          1          1  
 dslabel |    1000         101          0        101        101  
  factor |    1000         .37          0        .37        .37  
      R2 |    1000    .3961101          0   .3961101   .3961101  
 sampleN |    1000         100          0        100        100  
 datenum |    1000       13958          0      13958      13958  
 
** Description of Simulation Results in 123c0250
*  Sig Level/Sample N: 05/250

Variable |     Obs        Mean   Std. Dev.       Min        Max
---------+-----------------------------------------------------
      s1 |    1000    .9435136     1.1901  -2.976469   4.588516  
      s2 |    1000    1.035707   1.094925  -2.322775   4.348303  
      s3 |    1000    .9775838   .2708073   .1292011   1.918012  
      s4 |    1000    1.021471   .2937239   .2349115   2.363647  
      s5 |    1000    .0008992   .1121161  -.3564809   .3318646  
    s1m1 |    1000    1.152049   .1568754    .771268   1.691048  
    s2m1 |    1000    1.057636   .1608817   .7077627   1.891321  
    s3m1 |    1000    .2560589   .0369897   .1697563   .4757034  
    s4m1 |    1000     .276226   .0788732   .1335588   .7971972  
    s5m1 |    1000    .1098644   .0154743    .074562   .2150234  
    s1m2 |    1000    1.163745   .1584681   .7790983   1.708217  
    s2m2 |    1000    1.068374   .1625151   .7149483   1.910523  
    s3m2 |    1000    .2586586   .0373652   .1714798    .480533  
    s4m2 |    1000    .2790304    .079674   .1349148   .8052908  
    s5m2 |    1000    .1109798   .0156314    .075319   .2172065  
    s1m3 |    1000    1.172784   .1622025   .7811007   1.772904  
    s2m3 |    1000    1.080841   .1696642   .7169352   2.013196  
    s3m3 |    1000    .2602314   .0379296   .1727781   .4864704  
    s4m3 |    1000    .2874057   .0857892   .1358078    .844595  
    s5m3 |    1000    .1115428   .0158552      .0755   .2193119  
    s1m4 |    1000    1.194927   .1687354   .7911916   1.907029  
    s2m4 |    1000    1.106065   .1807008   .7263751   2.146495  
    s3m4 |    1000    .2645606   .0389464   .1753569   .4975268  
    s4m4 |    1000    .2997926   .0941514   .1381485   .8957217  
    s5m4 |    1000    .1132813   .0162689   .0764605   .2237072  
    s1m5 |    1000    1.203857    .119662   .8650512   1.580165  
    s2m5 |    1000    1.033854   .1029036   .7280826   1.405503  
    s3m5 |    1000    .2634055   .0259437   .1895253   .3670454  
    s4m5 |    1000    .2133147   .0266246   .1488206   .3305067  
    s5m5 |    1000    .1124822   .0110724   .0847939   .1605392  
      wh |    1000    45.81574   20.58127   10.74581   189.7034  
    whpr |    1000    .0133126   .0526331          0   .7058794  
      bp |    1000    94.39018   54.86075   23.91047   762.2076  
    bppr |    1000    1.02e-07   2.64e-06          0   .0000832  
      gl |    1000    54.83767   12.09836   16.55349     96.812  
    glpr |    1000    2.56e-06   .0000747          0   .0023597  
      cw |    1000    82.48181   42.08624   16.27372   573.7921  
    cwpr |    1000    5.68e-08   1.73e-06          0   .0000548  
  seedis |    1000    1.10e+07          0   1.10e+07   1.10e+07  
   niter |    1000        1000          0       1000       1000  
dsnumber |    1000           1          0          1          1  
 dslabel |    1000         101          0        101        101  
  factor |    1000         .37          0        .37        .37  
      R2 |    1000    .3961101          0   .3961101   .3961101  
 sampleN |    1000         250          0        250        250  
 datenum |    1000       13958          0      13958      13958  
 
** Description of Simulation Results in 123c0500
*  Sig Level/Sample N: 05/500

Variable |     Obs        Mean   Std. Dev.       Min        Max
---------+-----------------------------------------------------
      s1 |    1000    .8474811   .8069506  -2.190527   3.354711  
      s2 |    1000    1.131793   .7487974  -1.271491   3.863909  
      s3 |    1000    .9770532   .1834248   .3829051   1.561777  
      s4 |    1000    1.005076   .2146229   .4345242   1.745482  
      s5 |    1000   -.0031085   .0814372  -.3171552   .2385761  
    s1m1 |    1000    .8227683   .0822858   .6180792   1.211312  
    s2m1 |    1000    .7589567   .0847669   .5826248   1.190245  
    s3m1 |    1000     .184942   .0193798   .1371199   .3010259  
    s4m1 |    1000    .2039199   .0449656   .1245329     .39023  
    s5m1 |    1000    .0791501   .0082677   .0598536   .1238528  
    s1m2 |    1000    .8269133   .0827004    .621193   1.217414  
    s2m2 |    1000    .7627802   .0851939     .58556   1.196241  
    s3m2 |    1000    .1858737   .0194774   .1378107   .3025424  
    s4m2 |    1000    .2049472   .0451922   .1251603   .3921959  
    s5m2 |    1000    .0795489   .0083093   .0601552   .1244768  
    s1m3 |    1000    .8303333   .0838889   .6220904   1.225803  
    s2m3 |    1000    .7676479   .0874013   .5869263   1.232965  
    s3m3 |    1000    .1864813   .0196546   .1381307   .3044535  
    s4m3 |    1000    .2083535   .0471068   .1255682    .399534  
    s5m3 |    1000    .0797693   .0083821    .060219   .1249025  
    s1m4 |    1000    .8381759   .0856583   .6261852   1.242676  
    s2m4 |    1000    .7767555   .0903726   .5913335   1.278456  
    s3m4 |    1000    .1880509   .0199412   .1391537   .3079325  
    s4m4 |    1000    .2130517   .0495006   .1266223   .4109852  
    s5m4 |    1000    .0804008    .008502    .060588   .1259636  
    s1m5 |    1000    .8547028   .0600626   .6620376   1.053961  
    s2m5 |    1000    .7342024   .0515474    .582469   .9000211  
    s3m5 |    1000    .1876831   .0134433   .1478635   .2265762  
    s4m5 |    1000    .1510459   .0130533   .1115908   .2019221  
    s5m5 |    1000    .0801048   .0055881   .0646508    .098065  
      wh |    1000    75.25484   30.81589   23.21777    270.988  
    whpr |    1000    .0002632   .0024104          0   .0568173  
      bp |    1000    189.5836   79.05158   67.44975   730.1146  
    bppr |    1000    1.11e-16   2.59e-15          0   7.84e-14  
      gl |    1000    108.2379   18.85691   57.02008   174.3006  
    glpr |    1000    1.81e-14   4.08e-13          0   1.23e-11  
      cw |    1000    172.0983   63.01265   55.47982   608.9483  
    cwpr |    1000    9.50e-17   2.98e-15          0   9.44e-14  
  seedis |    1000    1.10e+07          0   1.10e+07   1.10e+07  
   niter |    1000        1000          0       1000       1000  
dsnumber |    1000           1          0          1          1  
 dslabel |    1000         101          0        101        101  
  factor |    1000         .37          0        .37        .37  
      R2 |    1000    .3961101          0   .3961101   .3961101  
 sampleN |    1000         500          0        500        500  
 datenum |    1000       13958          0      13958      13958  
 
** Description of Simulation Results in 123c1000
*  Sig Level/Sample N: 05/1000

Variable |     Obs        Mean   Std. Dev.       Min        Max
---------+-----------------------------------------------------
      s1 |    1000     .900004   .5969614   -.885468   2.808614  
      s2 |    1000    1.091759   .5667056  -.7382721   2.791809  
      s3 |    1000    .9806663   .1371049   .5704831   1.512734  
      s4 |    1000    1.006869   .1510112   .5990756   1.485288  
      s5 |    1000   -.0054903   .0561282  -.1933346   .1732591  
    s1m1 |    1000    .5840937   .0416297    .464017   .7575991  
    s2m1 |    1000    .5402043   .0433463   .4329868   .7131363  
    s3m1 |    1000    .1302552   .0101537   .1009132   .1776542  
    s4m1 |    1000    .1467681    .024437   .0971696    .282682  
    s5m1 |    1000     .055748   .0040312   .0456461    .073783  
    s1m2 |    1000    .5855595   .0417342   .4651814   .7595002  
    s2m2 |    1000    .5415599   .0434551   .4340734   .7149258  
    s3m2 |    1000     .130582   .0101792   .1011664      .1781  
    s4m2 |    1000    .1471364   .0244984   .0974135   .2833914  
    s5m2 |    1000    .0558879   .0040413   .0457607   .0739681  
    s1m3 |    1000    .5868007   .0420786   .4657272   .7613401  
    s2m3 |    1000    .5433828    .044144   .4347878   .7236548  
    s3m3 |    1000    .1307955   .0102272     .10124   .1787204  
    s4m3 |    1000    .1484522   .0251397   .0977358    .288114  
    s5m3 |    1000    .0559644   .0040593    .045793   .0742216  
    s1m4 |    1000    .5895592   .0425551    .467452   .7701571  
    s2m4 |    1000    .5466432   .0450003   .4366086   .7345275  
    s3m4 |    1000    .1313412   .0103021   .1015686   .1797993  
    s4m4 |    1000    .1501911   .0258888   .0983076   .2936852  
    s5m4 |    1000     .056183   .0040883   .0459406   .0746681  
    s1m5 |    1000    .6018374   .0305183   .4988258   .7279282  
    s2m5 |    1000    .5165965   .0259995   .4362273   .6217417  
    s3m5 |    1000    .1319008   .0066588    .113856   .1581194  
    s4m5 |    1000    .1062269   .0066679   .0818897   .1311897  
    s5m5 |    1000    .0563182   .0028081   .0479588    .067445  
      wh |    1000     124.539   37.00919   47.76061   302.2022  
    whpr |    1000    3.81e-08   6.35e-07          0   .0000144  
      bp |    1000    364.9076   101.0876   193.5534   1041.919  
    bppr |    1000           0          0          0          0  
      gl |    1000    212.8513    25.1431   135.6983    292.121  
    glpr |    1000           0          0          0          0  
      cw |    1000    339.9137   85.27286   169.0556   865.6664  
    cwpr |    1000           0          0          0          0  
  seedis |    1000    1.10e+07          0   1.10e+07   1.10e+07  
   niter |    1000        1000          0       1000       1000  
dsnumber |    1000           1          0          1          1  
 dslabel |    1000         101          0        101        101  
  factor |    1000         .37          0        .37        .37  
      R2 |    1000    .3961101          0   .3961101   .3961101  
 sampleN |    1000        1000          0       1000       1000  
 datenum |    1000       13958          0      13958      13958  
(Note: file 123cr110.dta not found)
 
** Description of Simulation Results in 123c0025

Variable |     Obs        Mean   Std. Dev.       Min        Max
---------+-----------------------------------------------------
      s1 |    1000    1.108649   4.254743  -24.67387   15.85574  
      s2 |    1000    .8661706    3.86476  -14.05078   18.60569  
      s3 |    1000    1.011782    .881466  -2.514365   4.653104  
      s4 |    1000    1.045989   1.067491    -3.7507   4.956015  
      s5 |    1000   -.0009489   .3880031  -2.222277   2.027659  
    s1m1 |    1000     3.37711   1.404474   .9533031   16.74965  
    s2m1 |    1000    3.023623   1.240712   .8327195    12.9386  
    s3m1 |    1000    .7344056   .3042056   .2217782   3.236971  
    s4m1 |    1000    .6932406   .3797986   .1440991   4.039497  
    s5m1 |    1000    .3167939   .1195087   .0891627   1.097781  
    s1m2 |    1000    3.775724    1.57025   1.065825   18.72668  
    s2m2 |    1000    3.380513   1.387158   .9310087    14.4658  
    s3m2 |    1000    .8210904   .3401122   .2479555   3.619044  
    s4m2 |    1000    .7750666   .4246277   .1611077   4.516295  
    s5m2 |    1000    .3541863   .1336148    .099687   1.227357  
    s1m3 |    1000    3.940681   1.666219   1.087832   19.01554  
    s2m3 |    1000    3.561337   1.489742    .985451   15.09674  
    s3m3 |    1000    .8553424   .3593039   .2574853    3.79653  
    s4m3 |    1000    .8680318   .4820544   .1891891   4.713441  
    s5m3 |    1000    .3672399   .1416442   .1022541    1.25473  
    s1m4 |    1000    4.721992   2.074406   1.273176   21.60852  
    s2m4 |    1000    4.338838   1.917876   1.226361    17.6713  
    s3m4 |    1000    1.011785   .4357355    .293996   4.474081  
    s4m4 |    1000    1.156522   .7027515   .2226091   6.168035  
    s5m4 |    1000    .4322714   .1740863   .1187936   1.435073  
    s1m5 |    1000     4.07391   1.383181   1.395651   12.59726  
    s2m5 |    1000    3.549401   1.202552   1.278715   10.23995  
    s3m5 |    1000    .8843424    .303187   .3279139   2.400816  
    s4m5 |    1000    .7960347   .3216242   .2308191   2.632242  
    s5m5 |    1000    .3751704   .1238806   .1041813   .9729551  
      wh |    1000    16.29338   4.377085   3.558138   24.61672  
    whpr |    1000    .3483386   .2514036   .0385452   .9975901  
      bp |    1000    9.300278   6.681794   .1160598   47.32586  
    bppr |    1000    .2123858   .2567372   1.30e-09     .99838  
      gl |    1000     7.43946   3.629234   .4104929   18.31077  
    glpr |    1000    .2166583   .2267042   .0010729   .9816089  
      cw |    1000    5.832629   5.607728   5.67e-06   42.50826  
    cwpr |    1000    .1468605   .2238261   7.04e-11   .9980995  
  seedis |    1000    1.10e+07          0   1.10e+07   1.10e+07  
   niter |    1000        1000          0       1000       1000  
dsnumber |    1000           1          0          1          1  
 dslabel |    1000         101          0        101        101  
  factor |    1000         .37          0        .37        .37  
      R2 |    1000    .3961101          0   .3961101   .3961101  
 sampleN |    1000          25          0         25         25  
 datenum |    1000       13958          0      13958      13958  
 
** Description of Simulation Results in 123c0050

Variable |     Obs        Mean   Std. Dev.       Min        Max
---------+-----------------------------------------------------
      s1 |    1000    .8478096   2.844572  -8.065722   12.10127  
      s2 |    1000    1.127106   2.651483  -9.922822   9.565928  
      s3 |    1000    .9858634   .6256845  -1.010204   3.220038  
      s4 |    1000     .976573   .6900917  -.7865492   3.935085  
      s5 |    1000    .0026385   .2630669   -.839669   .9403497  
    s1m1 |    1000    2.458851   .6825025   1.150358   5.350697  
    s2m1 |    1000    2.234802   .6370624   .8955288   5.170671  
    s3m1 |    1000    .5439992   .1570065   .2377259   1.296157  
    s4m1 |    1000    .5254241   .2278446   .1667859   2.107573  
    s5m1 |    1000    .2318342   .0642765   .0963733   .6967119  
    s1m2 |    1000    2.591856   .7194208   1.212583    5.64013  
    s2m2 |    1000    2.355688   .6715227   .9439702   5.450366  
    s3m2 |    1000    .5734255   .1654994   .2505851    1.36627  
    s4m2 |    1000    .5538456   .2401693   .1758078   2.221576  
    s5m2 |    1000    .2443747   .0677534   .1015864   .7343988  
    s1m3 |    1000    2.661243   .7604766   1.221087    5.90574  
    s2m3 |    1000    2.438288   .7282726   .9573833   5.983369  
    s3m3 |    1000    .5874173   .1738802   .2507944   1.480804  
    s4m3 |    1000    .6005233   .2817372   .1842625    2.73163  
    s5m3 |    1000    .2490634    .070134   .1023788   .7537197  
    s1m4 |    1000    2.906392   .8828107   1.301417   8.996451  
    s2m4 |    1000    2.692951   .8825269   1.031515   9.175589  
    s3m4 |    1000    .6372431   .1949831   .2650324   1.697654  
    s4m4 |    1000     .702504   .3720583   .2067423   3.608832  
    s5m4 |    1000    .2688523   .0779158   .1090617   .8163224  
    s1m5 |    1000    2.750424   .6243818   1.189292    5.91115  
    s2m5 |    1000    2.382869    .535941   1.059597   5.216053  
    s3m5 |    1000    .6000345   .1382231    .293241   1.386012  
    s4m5 |    1000    .5146375   .1391488   .2268096   1.217706  
    s5m5 |    1000    .2559547   .0568585   .1197193   .5433218  
      wh |    1000    20.22231   8.303122    3.84929   48.16118  
    whpr |    1000    .2699001   .2825043   .0000124   .9963065  
      bp |    1000    19.50911   15.03624   .4470869   187.0473  
    bppr |    1000    .0533991   .1318378          0   .9784434  
      gl |    1000    12.54757   5.480107   .9632158   33.12305  
    glpr |    1000    .0689685   .1256775   1.13e-06   .9153214  
      cw |    1000    14.40901   11.88199   .0001477   106.3509  
    cwpr |    1000    .0305361   .1073027          0   .9903036  
  seedis |    1000    1.10e+07          0   1.10e+07   1.10e+07  
   niter |    1000        1000          0       1000       1000  
dsnumber |    1000           1          0          1          1  
 dslabel |    1000         101          0        101        101  
  factor |    1000         .37          0        .37        .37  
      R2 |    1000    .3961101          0   .3961101   .3961101  
 sampleN |    1000          50          0         50         50  
 datenum |    1000       13958          0      13958      13958  
 
** Description of Simulation Results in 123c0100

Variable |     Obs        Mean   Std. Dev.       Min        Max
---------+-----------------------------------------------------
      s1 |    1000    .8986938   1.933866  -8.081141   7.766695  
      s2 |    1000    1.106947   1.787191  -6.360882   9.132459  
      s3 |    1000    .9757677   .4219148  -.2414902   2.271759  
      s4 |    1000     .997803   .4706118  -.3178776   2.646742  
      s5 |    1000   -.0054412   .1802265  -.6229641   .6203172  
    s1m1 |    1000    1.800566   .3737293   1.016554   3.405095  
    s2m1 |    1000    1.642968   .3597639     .85094    3.47359  
    s3m1 |    1000    .4032118   .0923318   .1661647   1.010345  
    s4m1 |    1000    .3995281   .1272741   .1369595    1.01965  
    s5m1 |    1000    .1697584   .0338494   .0862481   .3740125  
    s1m2 |    1000    1.847341   .3834381   1.042963   3.493554  
    s2m2 |    1000     1.68565   .3691099    .873046   3.563828  
    s3m2 |    1000    .4136866   .0947304   .1704814   1.036592  
    s4m2 |    1000    .4099072   .1305805   .1405175   1.046139  
    s5m2 |    1000    .1741685   .0347288   .0884887   .3837288  
    s1m3 |    1000     1.87596    .396859   1.058872   3.529231  
    s2m3 |    1000    1.721922    .388845   .8967463    3.76277  
    s3m3 |    1000    .4195164   .0976926   .1724036   1.080147  
    s4m3 |    1000    .4325127   .1455033   .1418157   1.147938  
    s5m3 |    1000    .1760608   .0355664   .0885925   .3941915  
    s1m4 |    1000    1.960616   .4268872    1.10484   3.730703  
    s2m4 |    1000    1.812978   .4292201   .9637355   4.086561  
    s3m4 |    1000    .4371544   .1037518   .1795247   1.155144  
    s4m4 |    1000    .4725507   .1722102   .1469287   1.455509  
    s5m4 |    1000    .1828418   .0375153   .0910748   .4212935  
    s1m5 |    1000    1.920062   .2990748   1.024198   3.218619  
    s2m5 |    1000     1.65289    .254365   .9141758   2.792413  
    s3m5 |    1000    .4195601   .0641078   .2489476   .6968991  
    s4m5 |    1000    .3490154    .065254   .1857986   .5891759  
    s5m5 |    1000     .179882   .0271884    .097443    .309837  
      wh |    1000    27.83935   12.50623   5.744265   89.21677  
    whpr |    1000    .1280469   .1970331   5.33e-13   .9725313  
      bp |    1000    37.67521   22.84345   2.958997   220.3451  
    bppr |    1000    .0039761   .0299338          0   .5647106  
      gl |    1000    23.32316    7.78011   4.381878   56.79232  
    glpr |    1000    .0051617   .0237794   1.37e-11   .3567844  
      cw |    1000    30.93699   19.33999   1.560248   210.0055  
    cwpr |    1000    .0011715   .0098304          0   .2116289  
  seedis |    1000    1.10e+07          0   1.10e+07   1.10e+07  
   niter |    1000        1000          0       1000       1000  
dsnumber |    1000           1          0          1          1  
 dslabel |    1000         101          0        101        101  
  factor |    1000         .37          0        .37        .37  
      R2 |    1000    .3961101          0   .3961101   .3961101  
 sampleN |    1000         100          0        100        100  
 datenum |    1000       13958          0      13958      13958  
 
** Description of Simulation Results in 123c0250

Variable |     Obs        Mean   Std. Dev.       Min        Max
---------+-----------------------------------------------------
      s1 |    1000    .9435136     1.1901  -2.976469   4.588516  
      s2 |    1000    1.035707   1.094925  -2.322775   4.348303  
      s3 |    1000    .9775838   .2708073   .1292011   1.918012  
      s4 |    1000    1.021471   .2937239   .2349115   2.363647  
      s5 |    1000    .0008992   .1121161  -.3564809   .3318646  
    s1m1 |    1000    1.152049   .1568754    .771268   1.691048  
    s2m1 |    1000    1.057636   .1608817   .7077627   1.891321  
    s3m1 |    1000    .2560589   .0369897   .1697563   .4757034  
    s4m1 |    1000     .276226   .0788732   .1335588   .7971972  
    s5m1 |    1000    .1098644   .0154743    .074562   .2150234  
    s1m2 |    1000    1.163745   .1584681   .7790983   1.708217  
    s2m2 |    1000    1.068374   .1625151   .7149483   1.910523  
    s3m2 |    1000    .2586586   .0373652   .1714798    .480533  
    s4m2 |    1000    .2790304    .079674   .1349148   .8052908  
    s5m2 |    1000    .1109798   .0156314    .075319   .2172065  
    s1m3 |    1000    1.172784   .1622025   .7811007   1.772904  
    s2m3 |    1000    1.080841   .1696642   .7169352   2.013196  
    s3m3 |    1000    .2602314   .0379296   .1727781   .4864704  
    s4m3 |    1000    .2874057   .0857892   .1358078    .844595  
    s5m3 |    1000    .1115428   .0158552      .0755   .2193119  
    s1m4 |    1000    1.194927   .1687354   .7911916   1.907029  
    s2m4 |    1000    1.106065   .1807008   .7263751   2.146495  
    s3m4 |    1000    .2645606   .0389464   .1753569   .4975268  
    s4m4 |    1000    .2997926   .0941514   .1381485   .8957217  
    s5m4 |    1000    .1132813   .0162689   .0764605   .2237072  
    s1m5 |    1000    1.203857    .119662   .8650512   1.580165  
    s2m5 |    1000    1.033854   .1029036   .7280826   1.405503  
    s3m5 |    1000    .2634055   .0259437   .1895253   .3670454  
    s4m5 |    1000    .2133147   .0266246   .1488206   .3305067  
    s5m5 |    1000    .1124822   .0110724   .0847939   .1605392  
      wh |    1000    45.81574   20.58127   10.74581   189.7034  
    whpr |    1000    .0133126   .0526331          0   .7058794  
      bp |    1000    94.39018   54.86075   23.91047   762.2076  
    bppr |    1000    1.02e-07   2.64e-06          0   .0000832  
      gl |    1000    54.83767   12.09836   16.55349     96.812  
    glpr |    1000    2.56e-06   .0000747          0   .0023597  
      cw |    1000    82.48181   42.08624   16.27372   573.7921  
    cwpr |    1000    5.68e-08   1.73e-06          0   .0000548  
  seedis |    1000    1.10e+07          0   1.10e+07   1.10e+07  
   niter |    1000        1000          0       1000       1000  
dsnumber |    1000           1          0          1          1  
 dslabel |    1000         101          0        101        101  
  factor |    1000         .37          0        .37        .37  
      R2 |    1000    .3961101          0   .3961101   .3961101  
 sampleN |    1000         250          0        250        250  
 datenum |    1000       13958          0      13958      13958  
 
** Description of Simulation Results in 123c0500

Variable |     Obs        Mean   Std. Dev.       Min        Max
---------+-----------------------------------------------------
      s1 |    1000    .8474811   .8069506  -2.190527   3.354711  
      s2 |    1000    1.131793   .7487974  -1.271491   3.863909  
      s3 |    1000    .9770532   .1834248   .3829051   1.561777  
      s4 |    1000    1.005076   .2146229   .4345242   1.745482  
      s5 |    1000   -.0031085   .0814372  -.3171552   .2385761  
    s1m1 |    1000    .8227683   .0822858   .6180792   1.211312  
    s2m1 |    1000    .7589567   .0847669   .5826248   1.190245  
    s3m1 |    1000     .184942   .0193798   .1371199   .3010259  
    s4m1 |    1000    .2039199   .0449656   .1245329     .39023  
    s5m1 |    1000    .0791501   .0082677   .0598536   .1238528  
    s1m2 |    1000    .8269133   .0827004    .621193   1.217414  
    s2m2 |    1000    .7627802   .0851939     .58556   1.196241  
    s3m2 |    1000    .1858737   .0194774   .1378107   .3025424  
    s4m2 |    1000    .2049472   .0451922   .1251603   .3921959  
    s5m2 |    1000    .0795489   .0083093   .0601552   .1244768  
    s1m3 |    1000    .8303333   .0838889   .6220904   1.225803  
    s2m3 |    1000    .7676479   .0874013   .5869263   1.232965  
    s3m3 |    1000    .1864813   .0196546   .1381307   .3044535  
    s4m3 |    1000    .2083535   .0471068   .1255682    .399534  
    s5m3 |    1000    .0797693   .0083821    .060219   .1249025  
    s1m4 |    1000    .8381759   .0856583   .6261852   1.242676  
    s2m4 |    1000    .7767555   .0903726   .5913335   1.278456  
    s3m4 |    1000    .1880509   .0199412   .1391537   .3079325  
    s4m4 |    1000    .2130517   .0495006   .1266223   .4109852  
    s5m4 |    1000    .0804008    .008502    .060588   .1259636  
    s1m5 |    1000    .8547028   .0600626   .6620376   1.053961  
    s2m5 |    1000    .7342024   .0515474    .582469   .9000211  
    s3m5 |    1000    .1876831   .0134433   .1478635   .2265762  
    s4m5 |    1000    .1510459   .0130533   .1115908   .2019221  
    s5m5 |    1000    .0801048   .0055881   .0646508    .098065  
      wh |    1000    75.25484   30.81589   23.21777    270.988  
    whpr |    1000    .0002632   .0024104          0   .0568173  
      bp |    1000    189.5836   79.05158   67.44975   730.1146  
    bppr |    1000    1.11e-16   2.59e-15          0   7.84e-14  
      gl |    1000    108.2379   18.85691   57.02008   174.3006  
    glpr |    1000    1.81e-14   4.08e-13          0   1.23e-11  
      cw |    1000    172.0983   63.01265   55.47982   608.9483  
    cwpr |    1000    9.50e-17   2.98e-15          0   9.44e-14  
  seedis |    1000    1.10e+07          0   1.10e+07   1.10e+07  
   niter |    1000        1000          0       1000       1000  
dsnumber |    1000           1          0          1          1  
 dslabel |    1000         101          0        101        101  
  factor |    1000         .37          0        .37        .37  
      R2 |    1000    .3961101          0   .3961101   .3961101  
 sampleN |    1000         500          0        500        500  
 datenum |    1000       13958          0      13958      13958  
 
** Description of Simulation Results in 123c1000

Variable |     Obs        Mean   Std. Dev.       Min        Max
---------+-----------------------------------------------------
      s1 |    1000     .900004   .5969614   -.885468   2.808614  
      s2 |    1000    1.091759   .5667056  -.7382721   2.791809  
      s3 |    1000    .9806663   .1371049   .5704831   1.512734  
      s4 |    1000    1.006869   .1510112   .5990756   1.485288  
      s5 |    1000   -.0054903   .0561282  -.1933346   .1732591  
    s1m1 |    1000    .5840937   .0416297    .464017   .7575991  
    s2m1 |    1000    .5402043   .0433463   .4329868   .7131363  
    s3m1 |    1000    .1302552   .0101537   .1009132   .1776542  
    s4m1 |    1000    .1467681    .024437   .0971696    .282682  
    s5m1 |    1000     .055748   .0040312   .0456461    .073783  
    s1m2 |    1000    .5855595   .0417342   .4651814   .7595002  
    s2m2 |    1000    .5415599   .0434551   .4340734   .7149258  
    s3m2 |    1000     .130582   .0101792   .1011664      .1781  
    s4m2 |    1000    .1471364   .0244984   .0974135   .2833914  
    s5m2 |    1000    .0558879   .0040413   .0457607   .0739681  
    s1m3 |    1000    .5868007   .0420786   .4657272   .7613401  
    s2m3 |    1000    .5433828    .044144   .4347878   .7236548  
    s3m3 |    1000    .1307955   .0102272     .10124   .1787204  
    s4m3 |    1000    .1484522   .0251397   .0977358    .288114  
    s5m3 |    1000    .0559644   .0040593    .045793   .0742216  
    s1m4 |    1000    .5895592   .0425551    .467452   .7701571  
    s2m4 |    1000    .5466432   .0450003   .4366086   .7345275  
    s3m4 |    1000    .1313412   .0103021   .1015686   .1797993  
    s4m4 |    1000    .1501911   .0258888   .0983076   .2936852  
    s5m4 |    1000     .056183   .0040883   .0459406   .0746681  
    s1m5 |    1000    .6018374   .0305183   .4988258   .7279282  
    s2m5 |    1000    .5165965   .0259995   .4362273   .6217417  
    s3m5 |    1000    .1319008   .0066588    .113856   .1581194  
    s4m5 |    1000    .1062269   .0066679   .0818897   .1311897  
    s5m5 |    1000    .0563182   .0028081   .0479588    .067445  
      wh |    1000     124.539   37.00919   47.76061   302.2022  
    whpr |    1000    3.81e-08   6.35e-07          0   .0000144  
      bp |    1000    364.9076   101.0876   193.5534   1041.919  
    bppr |    1000           0          0          0          0  
      gl |    1000    212.8513    25.1431   135.6983    292.121  
    glpr |    1000           0          0          0          0  
      cw |    1000    339.9137   85.27286   169.0556   865.6664  
    cwpr |    1000           0          0          0          0  
  seedis |    1000    1.10e+07          0   1.10e+07   1.10e+07  
   niter |    1000        1000          0       1000       1000  
dsnumber |    1000           1          0          1          1  
 dslabel |    1000         101          0        101        101  
  factor |    1000         .37          0        .37        .37  
      R2 |    1000    .3961101          0   .3961101   .3961101  
 sampleN |    1000        1000          0       1000       1000  
 datenum |    1000       13958          0      13958      13958  
(Note: file 123cr1.dta not found)
file 123cr1.dta saved
(Note: file 123cGW.dta not found)
** Glejser and White pass for N=25
** Glejser and White pass for N=50
** Glejser and White pass for N=100
** Glejser and White pass for N=250
** Glejser and White pass for N=500
** Glejser and White pass for N=1000
(Note: file 123cBC.dta not found)
 
** BP and CW pass for N=25
** BP and CW pass for N=50
** BP and CW pass for N=100
** BP and CW pass for N=250
** BP and CW pass for N=500
** BP and CW pass for N=1000
(Note: file 123cres.dta not found)
file 123cres.dta saved

. 
. log close
