
. ts
** 31 Mar 1998 - 09:13:07

. set more off

.     hcsum 123n B
** HCSUM for 123nres: B.
 * Table of mean absolute deviation from nominal size.
 * Negative marks smallest value.

            All  Through       b1       b2       b3       b4
sOLS05    0.025   50.000    0.014    0.008    0.073   -0.007
s0HC05    0.053   50.000    0.050    0.020    0.109    0.034
s1HC05    0.031   50.000    0.025    0.006    0.078    0.015
s2HC05    0.020   50.000    0.011   -0.005    0.054    0.010
s3HC05    0.014   50.000    0.010    0.020   -0.009    0.016
s3B005    0.016   50.000    0.004    0.015    0.038    0.008
s3B105    0.014   50.000   -0.002    0.016    0.032    0.008
s3B205   -0.013   50.000    0.002    0.017    0.023    0.010
s3B305    0.013   50.000    0.005    0.017    0.022    0.010
s3B305    0.014   50.000    0.007    0.018    0.021    0.011
s3B305    0.014   50.000    0.009    0.019    0.017    0.012

            All  Through       b1       b2       b3       b4
sOLS05    0.051  100.000    0.010    0.007    0.080   -0.006
s0HC05    0.095  100.000    0.035    0.016    0.091    0.023
s1HC05    0.056  100.000    0.019    0.005    0.067    0.011
s2HC05    0.037  100.000    0.010   -0.004    0.047    0.008
s3HC05    0.026  100.000    0.011    0.017   -0.010    0.012
s3B005    0.031  100.000    0.007    0.014    0.029    0.007
s3B105    0.027  100.000   -0.006    0.014    0.025    0.007
s3B205    0.001  100.000    0.006    0.015    0.019    0.009
s3B305    0.026  100.000    0.008    0.015    0.018    0.009
s3B305    0.027  100.000    0.009    0.016    0.017    0.009
s3B305    0.027  100.000    0.010    0.016    0.015    0.010

            All  Through       b1       b2       b3       b4
sOLS05    0.078  250.000    0.011    0.006    0.082   -0.008
s0HC05    0.129  250.000    0.030    0.012    0.074    0.020
s1HC05    0.078  250.000    0.017    0.005    0.054    0.011
s2HC05    0.053  250.000    0.010   -0.004    0.038    0.009
s3HC05    0.038  250.000    0.010    0.015   -0.009    0.013
s3B005    0.043  250.000    0.007    0.012    0.024    0.009
s3B105    0.039  250.000   -0.005    0.012    0.021    0.009
s3B205   -0.012  250.000    0.006    0.013    0.016    0.010
s3B305    0.037  250.000    0.007    0.013    0.015    0.010
s3B305    0.039  250.000    0.008    0.014    0.015    0.011
s3B305    0.038  250.000    0.009    0.014    0.013    0.011

             All   Through        b1        b2        b3        b4
sOLS05     0.108  1000.000     0.013     0.007     0.093    -0.008
s0HC05     0.153  1000.000     0.021     0.010     0.053     0.015
s1HC05     0.095  1000.000     0.012     0.005     0.040     0.009
s2HC05     0.065  1000.000     0.007    -0.004     0.028     0.008
s3HC05     0.047  1000.000     0.007     0.011    -0.008     0.011
s3B005     0.053  1000.000     0.005     0.009     0.018     0.008
s3B105     0.049  1000.000    -0.004     0.010     0.016     0.008
s3B205     0.003  1000.000     0.004     0.010     0.013     0.009
s3B305     0.046  1000.000     0.005     0.010     0.012     0.009
s3B305     0.048  1000.000     0.006     0.011     0.012     0.009
s3B305     0.047  1000.000     0.006     0.011     0.011     0.009

.     hcsum 123n C
** HCSUM for 123nres: C.
 * Table of mean absolute deviation from nominal size.
 * Negative marks smallest value.

            All  Through       b1       b2       b3       b4
sOLS05    0.025   50.000    0.014    0.008    0.073   -0.007
s0HC05    0.053   50.000    0.050    0.020    0.109    0.034
s1HC05    0.031   50.000    0.025    0.006    0.078    0.015
s2HC05    0.020   50.000    0.011   -0.005    0.054    0.010
s3HC05    0.014   50.000    0.010    0.020   -0.009    0.016
s3C005    0.016   50.000    0.002    0.013    0.041    0.008
s3C105    0.015   50.000   -0.001    0.014    0.036    0.009
s3C205    0.014   50.000    0.004    0.016    0.027    0.009
s3C305    0.013   50.000    0.003    0.016    0.023    0.010
s3C305    0.014   50.000    0.006    0.017    0.021    0.012
s3C305   -0.013   50.000    0.004    0.016    0.019    0.013

            All  Through       b1       b2       b3       b4
sOLS05    0.051  100.000    0.010    0.007    0.080   -0.006
s0HC05    0.095  100.000    0.035    0.016    0.091    0.023
s1HC05    0.056  100.000    0.019    0.005    0.067    0.011
s2HC05    0.037  100.000    0.010   -0.004    0.047    0.008
s3HC05    0.026  100.000    0.011    0.017   -0.010    0.012
s3C005    0.030  100.000    0.006    0.012    0.031    0.007
s3C105    0.028  100.000   -0.006    0.013    0.027    0.008
s3C205    0.027  100.000    0.007    0.014    0.022    0.008
s3C305    0.025  100.000    0.007    0.014    0.019    0.009
s3C305    0.026  100.000    0.008    0.015    0.017    0.010
s3C305    0.001  100.000    0.008    0.014    0.016    0.010

            All  Through       b1       b2       b3       b4
sOLS05    0.078  250.000    0.011    0.006    0.082   -0.008
s0HC05    0.129  250.000    0.030    0.012    0.074    0.020
s1HC05    0.078  250.000    0.017    0.005    0.054    0.011
s2HC05    0.053  250.000    0.010   -0.004    0.038    0.009
s3HC05    0.038  250.000    0.010    0.015   -0.009    0.013
s3C005    0.043  250.000    0.006    0.011    0.025    0.009
s3C105    0.040  250.000   -0.005    0.012    0.022    0.009
s3C205    0.038  250.000    0.006    0.013    0.018    0.010
s3C305    0.037  250.000    0.006    0.013    0.016    0.010
s3C305    0.038  250.000    0.007    0.013    0.015    0.011
s3C305   -0.012  250.000    0.007    0.013    0.014    0.011

             All   Through        b1        b2        b3        b4
sOLS05     0.108  1000.000     0.013     0.007     0.093    -0.008
s0HC05     0.153  1000.000     0.021     0.010     0.053     0.015
s1HC05     0.095  1000.000     0.012     0.005     0.040     0.009
s2HC05     0.065  1000.000     0.007    -0.004     0.028     0.008
s3HC05     0.047  1000.000     0.007     0.011    -0.008     0.011
s3C005     0.053  1000.000     0.004     0.009     0.019     0.008
s3C105     0.050  1000.000    -0.004     0.009     0.017     0.008
s3C205     0.048  1000.000     0.004     0.010     0.014     0.009
s3C305     0.046  1000.000     0.004     0.010     0.013     0.009
s3C305     0.047  1000.000     0.005     0.010     0.012     0.009
s3C305     0.003  1000.000     0.005     0.010     0.012     0.010

.     hcsum 123n G
** HCSUM for 123nres: G.
 * Table of mean absolute deviation from nominal size.
 * Negative marks smallest value.

            All  Through       b1       b2       b3       b4
sOLS05    0.025   50.000    0.014    0.008    0.073   -0.007
s0HC05    0.053   50.000    0.050    0.020    0.109    0.034
s1HC05    0.031   50.000    0.025    0.006    0.078    0.015
s2HC05    0.020   50.000    0.011   -0.005    0.054    0.010
s3HC05    0.014   50.000    0.010    0.020   -0.009    0.016
s3G005    0.017   50.000   -0.003    0.015    0.042    0.009
s3G105    0.016   50.000    0.005    0.016    0.032    0.010
s3G205    0.015   50.000    0.008    0.017    0.026    0.011
s3G305    0.014   50.000    0.007    0.017    0.023    0.012
s3G305   -0.013   50.000    0.008    0.018    0.017    0.012
s3G305    0.015   50.000    0.010    0.020    0.017    0.012

            All  Through       b1       b2       b3       b4
sOLS05    0.051  100.000    0.010    0.007    0.080   -0.006
s0HC05    0.095  100.000    0.035    0.016    0.091    0.023
s1HC05    0.056  100.000    0.019    0.005    0.067    0.011
s2HC05    0.037  100.000    0.010   -0.004    0.047    0.008
s3HC05    0.026  100.000    0.011    0.017   -0.010    0.012
s3G005    0.032  100.000   -0.007    0.013    0.032    0.008
s3G105    0.030  100.000    0.008    0.014    0.025    0.009
s3G205    0.029  100.000    0.010    0.015    0.021    0.009
s3G305    0.027  100.000    0.009    0.015    0.018    0.010
s3G305    0.001  100.000    0.010    0.016    0.014    0.010
s3G305    0.028  100.000    0.011    0.017    0.014    0.010

            All  Through       b1       b2       b3       b4
sOLS05    0.078  250.000    0.011    0.006    0.082   -0.008
s0HC05    0.129  250.000    0.030    0.012    0.074    0.020
s1HC05    0.078  250.000    0.017    0.005    0.054    0.011
s2HC05    0.053  250.000    0.010   -0.004    0.038    0.009
s3HC05    0.038  250.000    0.010    0.015   -0.009    0.013
s3G005    0.045  250.000   -0.006    0.012    0.025    0.009
s3G105    0.042  250.000    0.007    0.013    0.020    0.010
s3G205    0.041  250.000    0.008    0.013    0.017    0.010
s3G305    0.039  250.000    0.008    0.013    0.016    0.011
s3G305   -0.012  250.000    0.008    0.014    0.012    0.011
s3G305    0.039  250.000    0.009    0.015    0.012    0.011

             All   Through        b1        b2        b3        b4
sOLS05     0.108  1000.000     0.013     0.007     0.093    -0.008
s0HC05     0.153  1000.000     0.021     0.010     0.053     0.015
s1HC05     0.095  1000.000     0.012     0.005     0.040     0.009
s2HC05     0.065  1000.000     0.007    -0.004     0.028     0.008
s3HC05     0.047  1000.000     0.007     0.011    -0.008     0.011
s3G005     0.056  1000.000    -0.004     0.009     0.019     0.008
s3G105     0.052  1000.000     0.005     0.010     0.016     0.009
s3G205     0.051  1000.000     0.006     0.010     0.014     0.009
s3G305     0.049  1000.000     0.005     0.010     0.013     0.009
s3G305     0.003  1000.000     0.006     0.011     0.011     0.009
s3G305     0.049  1000.000     0.006     0.011     0.011     0.010

.     hcsum 123n W
** HCSUM for 123nres: W.
 * Table of mean absolute deviation from nominal size.
 * Negative marks smallest value.

            All  Through       b1       b2       b3       b4
sOLS05    0.025   50.000    0.014    0.008    0.073    0.007
s0HC05    0.053   50.000    0.050    0.020    0.109    0.034
s1HC05    0.031   50.000    0.025    0.006    0.078    0.015
s2HC05    0.020   50.000    0.011   -0.005    0.054    0.010
s3HC05   -0.014   50.000    0.010    0.020   -0.009    0.016
s3W005    0.019   50.000    0.008    0.011    0.052   -0.007
s3W105    0.018   50.000    0.007    0.014    0.043    0.008
s3W205    0.018   50.000    0.009    0.017    0.033    0.012
s3W305    0.016   50.000    0.008    0.017    0.025    0.014
s3W305    0.015   50.000    0.008    0.017    0.021    0.014
s3W305    0.014   50.000   -0.007    0.017    0.017    0.016

            All  Through       b1       b2       b3       b4
sOLS05    0.051  100.000    0.010    0.007    0.080   -0.006
s0HC05    0.095  100.000    0.035    0.016    0.091    0.023
s1HC05    0.056  100.000    0.019    0.005    0.067    0.011
s2HC05    0.037  100.000    0.010   -0.004    0.047    0.008
s3HC05    0.001  100.000    0.011    0.017   -0.010    0.012
s3W005    0.037  100.000    0.010    0.010    0.043    0.006
s3W105    0.034  100.000    0.009    0.012    0.035    0.008
s3W205    0.033  100.000    0.011    0.015    0.027    0.010
s3W305    0.029  100.000    0.010    0.015    0.020    0.011
s3W305    0.028  100.000    0.010    0.015    0.018    0.011
s3W305    0.027  100.000   -0.009    0.015    0.015    0.012

            All  Through       b1       b2       b3       b4
sOLS05    0.078  250.000    0.011    0.006    0.082   -0.008
s0HC05    0.129  250.000    0.030    0.012    0.074    0.020
s1HC05    0.078  250.000    0.017    0.005    0.054    0.011
s2HC05    0.053  250.000    0.010   -0.004    0.038    0.009
s3HC05   -0.013  250.000    0.010    0.015   -0.009    0.013
s3W005    0.051  250.000    0.008    0.009    0.034    0.008
s3W105    0.048  250.000    0.008    0.011    0.028    0.009
s3W205    0.047  250.000    0.009    0.013    0.022    0.011
s3W305    0.042  250.000    0.008    0.013    0.017    0.012
s3W305    0.041  250.000    0.008    0.013    0.015    0.012
s3W305    0.039  250.000   -0.008    0.013    0.013    0.013

             All   Through        b1        b2        b3        b4
sOLS05     0.108  1000.000     0.013     0.007     0.093     0.008
s0HC05     0.153  1000.000     0.021     0.010     0.053     0.015
s1HC05     0.095  1000.000     0.012     0.005     0.040     0.009
s2HC05     0.065  1000.000     0.007    -0.004     0.028     0.008
s3HC05     0.004  1000.000     0.007     0.011    -0.008     0.011
s3W005     0.063  1000.000     0.006     0.007     0.025    -0.008
s3W105     0.059  1000.000     0.006     0.009     0.021     0.008
s3W205     0.058  1000.000     0.006     0.010     0.017     0.010
s3W305     0.052  1000.000     0.006     0.010     0.014     0.010
s3W305     0.050  1000.000     0.006     0.010     0.012     0.010
s3W305     0.048  1000.000    -0.005     0.010     0.011     0.011

.     hcsum 123n all
** HCSUM for 123nres: all.
 * Table of mean absolute deviation from nominal size.
 * Negative marks smallest value.

            All  Through       b1       b2       b3       b4
sOLS05    0.025   50.000    0.014    0.008    0.073    0.007
s0HC05    0.053   50.000    0.050    0.020    0.109    0.034
s1HC05    0.031   50.000    0.025    0.006    0.078    0.015
s2HC05    0.020   50.000    0.011   -0.005    0.054    0.010
s3HC05    0.014   50.000    0.010    0.020   -0.009    0.016
s3B005    0.016   50.000    0.004    0.015    0.038    0.008
s3B105    0.014   50.000    0.002    0.016    0.032    0.008
s3B205    0.013   50.000    0.002    0.017    0.023    0.010
s3B305    0.013   50.000    0.005    0.017    0.022    0.010
s3B405    0.014   50.000    0.007    0.018    0.021    0.011
s3B505    0.014   50.000    0.009    0.019    0.017    0.012
s3C005    0.016   50.000    0.002    0.013    0.041    0.008
s3C105    0.015   50.000   -0.001    0.014    0.036    0.009
s3C205    0.014   50.000    0.004    0.016    0.027    0.009
s3C305    0.013   50.000    0.003    0.016    0.023    0.010
s3C405    0.014   50.000    0.006    0.017    0.021    0.012
s3C505   -0.013   50.000    0.004    0.016    0.019    0.013
s3G005    0.017   50.000    0.003    0.015    0.042    0.009
s3G105    0.016   50.000    0.005    0.016    0.032    0.010
s3G205    0.015   50.000    0.008    0.017    0.026    0.011
s3G305    0.014   50.000    0.007    0.017    0.023    0.012
s3G405    0.013   50.000    0.008    0.018    0.017    0.012
s3G505    0.015   50.000    0.010    0.020    0.017    0.012
s3W005    0.019   50.000    0.008    0.011    0.052   -0.007
s3W105    0.018   50.000    0.007    0.014    0.043    0.008
s3W205    0.018   50.000    0.009    0.017    0.033    0.012
s3W305    0.016   50.000    0.008    0.017    0.025    0.014
s3W405    0.015   50.000    0.008    0.017    0.021    0.014
s3W505    0.014   50.000    0.007    0.017    0.017    0.016

            All  Through       b1       b2       b3       b4
sOLS05    0.051  100.000    0.010    0.007    0.080   -0.006
s0HC05    0.095  100.000    0.035    0.016    0.091    0.023
s1HC05    0.056  100.000    0.019    0.005    0.067    0.011
s2HC05    0.037  100.000    0.010   -0.004    0.047    0.008
s3HC05    0.026  100.000    0.011    0.017   -0.010    0.012
s3B005    0.031  100.000    0.007    0.014    0.029    0.007
s3B105    0.027  100.000    0.006    0.014    0.025    0.007
s3B205    0.025  100.000    0.006    0.015    0.019    0.009
s3B305    0.026  100.000    0.008    0.015    0.018    0.009
s3B405    0.027  100.000    0.009    0.016    0.017    0.009
s3B505    0.027  100.000    0.010    0.016    0.015    0.010
s3C005    0.030  100.000    0.006    0.012    0.031    0.007
s3C105    0.028  100.000   -0.006    0.013    0.027    0.008
s3C205    0.027  100.000    0.007    0.014    0.022    0.008
s3C305    0.025  100.000    0.007    0.014    0.019    0.009
s3C405    0.026  100.000    0.008    0.015    0.017    0.010
s3C505    0.001  100.000    0.008    0.014    0.016    0.010
s3G005    0.032  100.000    0.007    0.013    0.032    0.008
s3G105    0.030  100.000    0.008    0.014    0.025    0.009
s3G205    0.029  100.000    0.010    0.015    0.021    0.009
s3G305    0.027  100.000    0.009    0.015    0.018    0.010
s3G405    0.026  100.000    0.010    0.016    0.014    0.010
s3G505    0.028  100.000    0.011    0.017    0.014    0.010
s3W005    0.037  100.000    0.010    0.010    0.043    0.006
s3W105    0.034  100.000    0.009    0.012    0.035    0.008
s3W205    0.033  100.000    0.011    0.015    0.027    0.010
s3W305    0.029  100.000    0.010    0.015    0.020    0.011
s3W405    0.028  100.000    0.010    0.015    0.018    0.011
s3W505    0.027  100.000    0.009    0.015    0.015    0.012

            All  Through       b1       b2       b3       b4
sOLS05    0.078  250.000    0.011    0.006    0.082   -0.008
s0HC05    0.129  250.000    0.030    0.012    0.074    0.020
s1HC05    0.078  250.000    0.017    0.005    0.054    0.011
s2HC05    0.053  250.000    0.010   -0.004    0.038    0.009
s3HC05    0.038  250.000    0.010    0.015   -0.009    0.013
s3B005    0.043  250.000    0.007    0.012    0.024    0.009
s3B105    0.039  250.000    0.005    0.012    0.021    0.009
s3B205    0.036  250.000    0.006    0.013    0.016    0.010
s3B305    0.037  250.000    0.007    0.013    0.015    0.010
s3B405    0.039  250.000    0.008    0.014    0.015    0.011
s3B505    0.038  250.000    0.009    0.014    0.013    0.011
s3C005    0.043  250.000    0.006    0.011    0.025    0.009
s3C105    0.040  250.000   -0.005    0.012    0.022    0.009
s3C205    0.038  250.000    0.006    0.013    0.018    0.010
s3C305    0.037  250.000    0.006    0.013    0.016    0.010
s3C405    0.038  250.000    0.007    0.013    0.015    0.011
s3C505   -0.012  250.000    0.007    0.013    0.014    0.011
s3G005    0.045  250.000    0.006    0.012    0.025    0.009
s3G105    0.042  250.000    0.007    0.013    0.020    0.010
s3G205    0.041  250.000    0.008    0.013    0.017    0.010
s3G305    0.039  250.000    0.008    0.013    0.016    0.011
s3G405    0.037  250.000    0.008    0.014    0.012    0.011
s3G505    0.039  250.000    0.009    0.015    0.012    0.011
s3W005    0.051  250.000    0.008    0.009    0.034    0.008
s3W105    0.048  250.000    0.008    0.011    0.028    0.009
s3W205    0.047  250.000    0.009    0.013    0.022    0.011
s3W305    0.042  250.000    0.008    0.013    0.017    0.012
s3W405    0.041  250.000    0.008    0.013    0.015    0.012
s3W505    0.039  250.000    0.008    0.013    0.013    0.013

             All   Through        b1        b2        b3        b4
sOLS05     0.108  1000.000     0.013     0.007     0.093     0.008
s0HC05     0.153  1000.000     0.021     0.010     0.053     0.015
s1HC05     0.095  1000.000     0.012     0.005     0.040     0.009
s2HC05     0.065  1000.000     0.007    -0.004     0.028     0.008
s3HC05     0.047  1000.000     0.007     0.011    -0.008     0.011
s3B005     0.053  1000.000     0.005     0.009     0.018     0.008
s3B105     0.049  1000.000     0.004     0.010     0.016     0.008
s3B205     0.045  1000.000     0.004     0.010     0.013     0.009
s3B305     0.046  1000.000     0.005     0.010     0.012     0.009
s3B405     0.048  1000.000     0.006     0.011     0.012     0.009
s3B505     0.047  1000.000     0.006     0.011     0.011     0.009
s3C005     0.053  1000.000     0.004     0.009     0.019     0.008
s3C105     0.050  1000.000    -0.004     0.009     0.017     0.008
s3C205     0.048  1000.000     0.004     0.010     0.014     0.009
s3C305     0.046  1000.000     0.004     0.010     0.013     0.009
s3C405     0.047  1000.000     0.005     0.010     0.012     0.009
s3C505     0.003  1000.000     0.005     0.010     0.012     0.010
s3G005     0.056  1000.000     0.004     0.009     0.019     0.008
s3G105     0.052  1000.000     0.005     0.010     0.016     0.009
s3G205     0.051  1000.000     0.006     0.010     0.014     0.009
s3G305     0.049  1000.000     0.005     0.010     0.013     0.009
s3G405     0.046  1000.000     0.006     0.011     0.011     0.009
s3G505     0.049  1000.000     0.006     0.011     0.011     0.010
s3W005     0.063  1000.000     0.006     0.007     0.025    -0.008
s3W105     0.059  1000.000     0.006     0.009     0.021     0.008
s3W205     0.058  1000.000     0.006     0.010     0.017     0.010
s3W305     0.052  1000.000     0.006     0.010     0.014     0.010
s3W405     0.050  1000.000     0.006     0.010     0.012     0.010
s3W505     0.048  1000.000     0.005     0.010     0.011     0.011

. set more on

. log close
