
. 
. *  123n4.do: 3/19/98
. *  data structure: het function of x1,x2 & x3,
. *    normal errors, R2=.4
. * Base data: jslHC1
. 
. ts
* 19 Mar 1998 - 10:44:22

. version 5.0

. clear

. set more off

. 
.     global simnum_ = 1000

.     global factor = .37

.     global plevel = .05

.     global seedmc = 11020760

.     use jslhc1

.     set seed $seedmc

.     di "Iterations beginning."
Iterations beginning.

.     ts
* 19 Mar 1998 - 10:44:28

.     hcmonte 1 102 123n 25 50 100 250 500 1000
** Constructing data to analyze...
outnm 123n
*  Population:      hc1
*  Data Label:      hc102
*  Factor:          .37
*  Structure:       hc123n
*  Sample N's:      25 50 100 250 500 1000
*  Selection seed:  11020760
*  Iterations:      1000

*  Population regression:

  Source |       SS       df       MS                  Number of obs =  100000
---------+------------------------------               F(  4, 99995) =16340.16
   Model |  410986.261     4  102746.565               Prob > F      =  0.0000
Residual |  628766.423 99995  6.28797863               R-squared     =  0.3953
---------+------------------------------               Adj R-squared =  0.3952
   Total |  1039752.68 99999  10.3976308               Root MSE      =  2.5076

------------------------------------------------------------------------------
       y |      Coef.   Std. Err.       t     P>|t|       [95% Conf. Interval]
---------+--------------------------------------------------------------------
      x1 |   1.116326   .0516537     21.612   0.000       1.015086    1.217567
      x2 |   .9748065   .0131946     73.879   0.000       .9489452    1.000668
      x3 |   1.001928   .0105817     94.685   0.000       .9811882    1.022668
      x4 |  -.0038246   .0056374     -0.678   0.498      -.0148739    .0072247
   _cons |   .8759379   .0601858     14.554   0.000       .7579746    .9939012
------------------------------------------------------------------------------
** Simulations follow:
 
Sample size:  25
Results file: 123n0025
(Note: file 123n0025.dta not found)
10:44:34. Working...
10:44:56. 1 completed. Next notice is 10.
10:45:53. 10 completed. Next notice is 25.
10:47:29. 25 completed. Next notice is 50.
10:50:07. 50 completed. Next notice is 100.
10:55:29. 100 completed. Next notice is 200.
11:06:22. 200 completed. Next notice is 300.
11:17:04. 300 completed. Next notice is 400.
11:27:46. 400 completed. Next notice is 500.
11:38:37. 500 completed. Next notice is 600.
11:49:23. 600 completed. Next notice is 700.
12:00:07. 700 completed. Next notice is 800.
12:10:50. 800 completed. Next notice is 900.
12:21:41. 900 completed. Next notice is 950.
12:27:04. 950 completed. Next notice is 975.
12:29:46. 975 completed. Next notice is 990.
12:31:24. 990 completed. Next notice is completion.
12:32:27. Iterations complete.
 
Sample size:  50
Results file: 123n0050
(Note: file 123n0050.dta not found)
12:32:28. Working...
12:32:41. 1 completed. Next notice is 10.
12:33:31. 10 completed. Next notice is 25.
12:35:11. 25 completed. Next notice is 50.
12:37:50. 50 completed. Next notice is 100.
12:43:11. 100 completed. Next notice is 200.
12:53:56. 200 completed. Next notice is 300.
13:04:40. 300 completed. Next notice is 400.
13:15:24. 400 completed. Next notice is 500.
13:26:14. 500 completed. Next notice is 600.
13:37:01. 600 completed. Next notice is 700.
13:47:47. 700 completed. Next notice is 800.
13:58:37. 800 completed. Next notice is 900.
14:09:25. 900 completed. Next notice is 950.
14:14:49. 950 completed. Next notice is 975.
14:17:31. 975 completed. Next notice is 990.
14:19:08. 990 completed. Next notice is completion.
14:20:11. Iterations complete.
 
Sample size:  100
Results file: 123n0100
(Note: file 123n0100.dta not found)
14:20:11. Working...
14:20:24. 1 completed. Next notice is 10.
14:21:16. 10 completed. Next notice is 25.
14:22:52. 25 completed. Next notice is 50.
14:25:34. 50 completed. Next notice is 100.
14:30:55. 100 completed. Next notice is 200.
14:41:40. 200 completed. Next notice is 300.
14:52:28. 300 completed. Next notice is 400.
15:03:23. 400 completed. Next notice is 500.
15:14:17. 500 completed. Next notice is 600.
15:24:56. 600 completed. Next notice is 700.
15:35:50. 700 completed. Next notice is 800.
15:46:38. 800 completed. Next notice is 900.
15:57:33. 900 completed. Next notice is 950.
16:03:02. 950 completed. Next notice is 975.
16:05:46. 975 completed. Next notice is 990.
16:07:23. 990 completed. Next notice is completion.
16:08:29. Iterations complete.
 
Sample size:  250
Results file: 123n0250
(Note: file 123n0250.dta not found)
16:08:29. Working...
16:08:41. 1 completed. Next notice is 10.
16:09:34. 10 completed. Next notice is 25.
16:11:08. 25 completed. Next notice is 50.
16:13:47. 50 completed. Next notice is 100.
16:19:10. 100 completed. Next notice is 200.
16:30:01. 200 completed. Next notice is 300.
16:40:53. 300 completed. Next notice is 400.
16:51:43. 400 completed. Next notice is 500.
17:02:50. 500 completed. Next notice is 600.
17:13:55. 600 completed. Next notice is 700.
17:25:05. 700 completed. Next notice is 800.
17:36:14. 800 completed. Next notice is 900.
17:47:16. 900 completed. Next notice is 950.
17:52:54. 950 completed. Next notice is 975.
17:55:37. 975 completed. Next notice is 990.
17:57:16. 990 completed. Next notice is completion.
17:58:23. Iterations complete.
 
Sample size:  500
Results file: 123n0500
(Note: file 123n0500.dta not found)
17:58:23. Working...
17:58:36. 1 completed. Next notice is 10.
17:59:27. 10 completed. Next notice is 25.
18:01:08. 25 completed. Next notice is 50.
18:03:59. 50 completed. Next notice is 100.
18:09:44. 100 completed. Next notice is 200.
18:20:57. 200 completed. Next notice is 300.
18:32:11. 300 completed. Next notice is 400.
18:43:20. 400 completed. Next notice is 500.
18:54:20. 500 completed. Next notice is 600.
19:05:37. 600 completed. Next notice is 700.
19:16:40. 700 completed. Next notice is 800.
19:27:46. 800 completed. Next notice is 900.
19:38:56. 900 completed. Next notice is 950.
19:44:31. 950 completed. Next notice is 975.
19:47:15. 975 completed. Next notice is 990.
19:48:56. 990 completed. Next notice is completion.
19:50:05. Iterations complete.
 
Sample size:  1000
Results file: 123n1000
(Note: file 123n1000.dta not found)
19:50:05. Working...
19:50:18. 1 completed. Next notice is 10.
19:51:12. 10 completed. Next notice is 25.
19:52:54. 25 completed. Next notice is 50.
19:55:44. 50 completed. Next notice is 100.
20:01:22. 100 completed. Next notice is 200.
20:12:41. 200 completed. Next notice is 300.
20:24:07. 300 completed. Next notice is 400.
20:35:26. 400 completed. Next notice is 500.
20:46:50. 500 completed. Next notice is 600.
20:58:16. 600 completed. Next notice is 700.
21:09:33. 700 completed. Next notice is 800.
21:20:57. 800 completed. Next notice is 900.
21:32:17. 900 completed. Next notice is 950.
21:37:57. 950 completed. Next notice is 975.
21:40:46. 975 completed. Next notice is 990.
21:42:26. 990 completed. Next notice is completion.
21:43:35. Iterations complete.

.     di "Iterations complete.
Iterations complete.

.     ts
* 19 Mar 1998 - 21:43:37

.     set more off

.     hcresult 1 123n 25 50 100 250 500 1000
** Constructing data to analyze...
* 19 Mar 1998 - 21:43:37
*  Population:      hc1
*  Data Label:      hc102
*  Factor:          .3700000047683716
*  R2:              .4
*  Structure:       123n
*  Sample N's:      25 50 100 250 500 1000
*  Sig Level:       05
 
** Population data set hc1 with structure 123n.

Variable |     Obs        Mean   Std. Dev.       Min        Max
---------+-----------------------------------------------------
       y |  100000    5.599626   3.224536  -6.451774   33.25459  
      x1 |  100000    1.499012   .2886124    1.00002   1.999999  
      x2 |  100000    1.498522   1.053486  -2.241696   5.101119  
      x3 |  100000    1.600192    1.03109   .0011668   12.12769  
      x4 |  100000     3.59375   1.692207  -2.283696   15.27936  

  Source |       SS       df       MS                  Number of obs =  100000
---------+------------------------------               F(  4, 99995) =16340.16
   Model |  410986.261     4  102746.565               Prob > F      =  0.0000
Residual |  628766.438 99995  6.28797878               R-squared     =  0.3953
---------+------------------------------               Adj R-squared =  0.3952
   Total |  1039752.70 99999   10.397631               Root MSE      =  2.5076

------------------------------------------------------------------------------
       y |      Coef.   Std. Err.       t     P>|t|       [95% Conf. Interval]
---------+--------------------------------------------------------------------
      x1 |   1.116326   .0516537     21.612   0.000       1.015086    1.217567
      x2 |   .9748065   .0131946     73.879   0.000       .9489452    1.000668
      x3 |   1.001928   .0105817     94.685   0.000       .9811882    1.022668
      x4 |  -.0038246   .0056374     -0.678   0.498      -.0148739    .0072247
   _cons |   .8759379   .0601858     14.554   0.000       .7579746    .9939012
------------------------------------------------------------------------------
 
* Results statistics have the format:
 c1:   [s|p] - size or power
 c2-4: [0HC|1HC|2HC|3HC|OLS] - method of computing covariance matrix.
 c2:   [0|1|2|3] - HC method after screening.
 c3:   [W|G|B|C] - type of screening
 c4:   [1|5] - screen at .05 or .10 level
 c5-6: [05|10] - sig level of test
 c7-8: [b1|b2|b3|b4] - test statistic
(Note: file 123nres05.dta not found)
 
** Description of 123n0025

Variable |     Obs        Mean   Std. Dev.       Min        Max
---------+-----------------------------------------------------
      s1 |    1000    1.003705   4.055874  -12.87799   17.01437  
      s2 |    1000     .978771   3.760538  -13.35866   14.33126  
      s3 |    1000    1.007844   .8999696  -2.100321    4.54144  
      s4 |    1000    1.043699   1.097341  -4.979401   4.755411  
      s5 |    1000   -.0087067   .3801351   -1.12324   1.207167  
    s1m1 |    1000    3.427413   1.131602   1.231477   10.31326  
    s2m1 |    1000    3.087187   1.043824   1.023848   8.263247  
    s3m1 |    1000     .747459   .2556061   .2244385   1.998121  
    s4m1 |    1000    .7390007   .3709961   .1593381   2.972589  
    s5m1 |    1000    .3158496   .0995816   .1154482   .7811943  
    s1m2 |    1000    3.831964   1.265169   1.376833   11.53058  
    s2m2 |    1000     3.45158   1.167031   1.144697   9.238591  
    s3m2 |    1000    .8356846   .2857763   .2509299   2.233967  
    s4m2 |    1000    .8262279   .4147862   .1781454   3.323455  
    s5m2 |    1000    .3531306   .1113356    .129075   .8734018  
    s1m3 |    1000    3.999417   1.357284   1.436162   11.72267  
    s2m3 |    1000     3.63472   1.270047   1.241637   9.913782  
    s3m3 |    1000    .8725092   .3113116   .2543625   2.513191  
    s4m3 |    1000    .9230689   .4745338   .1737079    3.96249  
    s5m3 |    1000    .3655679   .1183121   .1239271   .9051796  
    s1m4 |    1000    4.770693   1.710942   1.615266   13.36984  
    s2m4 |    1000    4.397131   1.642021   1.505312   13.03576  
    s3m4 |    1000     1.03496    .395222   .2876032   3.250152  
    s4m4 |    1000    1.213723   .6709278   .1932473   6.166109  
    s5m4 |    1000    .4288854   .1451979   .1321149   1.054105  
    s1m5 |    1000     4.11598   1.112651    1.46198   9.042323  
    s2m5 |    1000    3.596469   .9920609   1.352566   8.154596  
    s3m5 |    1000    .8939756   .2424696   .2887746   1.853788  
    s4m5 |    1000    .8314685   .3151778   .2749941    2.41783  
    s5m5 |    1000    .3788159   .0993056   .1432222   .9461659  
      wh |    1000    16.47919   4.066277   4.237994   24.81662  
    whpr |    1000    .3337343   .2324359   .0364216   .9938558  
      bp |    1000     8.40091   5.840678   .3552147   42.00601  
    bppr |    1000    .2287439   .2465892   1.66e-08   .9859766  
      gl |    1000     7.32701   3.518634    .338363   18.73392  
    glpr |    1000    .2196211   .2278953   .0008864    .987205  
      cw |    1000    4.083426   4.278971   .0000132   31.03469  
    cwpr |    1000    .2148157   .2633388   2.53e-08   .9970994  
  seedis |    1000    1.10e+07          0   1.10e+07   1.10e+07  
   niter |    1000        1000          0       1000       1000  
dsnumber |    1000           1          0          1          1  
 dslabel |    1000         102          0        102        102  
  factor |    1000         .37          0        .37        .37  
      R2 |    1000    .3952731          0   .3952731   .3952731  
 sampleN |    1000          25          0         25         25  
 
** Results for:
*  Sample Size:     25
*  Selection Seed:  11020760
*  # of Iterations: 1000
*  Sig Level:       05
*  Means of sample estimates of:
   b0 = 1.003704513562843
   b1 = .9787709708241746
   b2 = 1.007844384120544
   b3 = 1.043698614582361
   b4 = -.0087067320332135
 
** Description of 123n0050

Variable |     Obs        Mean   Std. Dev.       Min        Max
---------+-----------------------------------------------------
      s1 |    1000    .7711513   2.842758  -12.48997   9.815312  
      s2 |    1000    1.215823   2.614434   -7.13762     11.156  
      s3 |    1000    .9544463   .6036026  -1.254697   2.619426  
      s4 |    1000    1.005255   .6874872  -1.051516   3.995888  
      s5 |    1000   -.0045066   .2697258  -.8540481    .862267  
    s1m1 |    1000    2.508828   .5845751   1.300982   5.128564  
    s2m1 |    1000    2.266771   .5393197   1.105522   4.471552  
    s3m1 |    1000    .5594298   .1430972   .2228542   1.178447  
    s4m1 |    1000    .5429838   .1942215   .1357719   2.028527  
    s5m1 |    1000    .2419775   .0587364   .0902727   .5960855  
    s1m2 |    1000    2.644536   .6161962   1.371355   5.405982  
    s2m2 |    1000    2.389387   .5684928   1.165323    4.71343  
    s3m2 |    1000    .5896908   .1508377    .234909   1.242192  
    s4m2 |    1000    .5723552   .2047274   .1431161   2.138255  
    s5m2 |    1000    .2550667   .0619136   .0951558   .6283293  
    s1m3 |    1000    2.714462   .6499844   1.376631   5.557376  
    s2m3 |    1000    2.473739    .610995   1.236955   4.762842  
    s3m3 |    1000    .6046625    .158923    .252447   1.303455  
    s4m3 |    1000    .6226281   .2334979   .1478142   2.287983  
    s5m3 |    1000    .2605558   .0651734   .0971317   .6703175  
    s1m4 |    1000    2.963248   .7494748   1.464254   6.432177  
    s2m4 |    1000    2.732933   .7353979   1.331088    7.27178  
    s3m4 |    1000    .6570312   .1790199   .3143031   1.444337  
    s4m4 |    1000    .7299213   .3047309   .1637599   2.597428  
    s5m4 |    1000    .2819505   .0735885   .1052764   .7552471  
    s1m5 |    1000    2.815669   .5264366   1.367985    5.15809  
    s2m5 |    1000    2.433197    .456686   1.231155   4.218623  
    s3m5 |    1000    .6179711   .1180943   .3196708   1.071312  
    s4m5 |    1000    .5207606   .1242588   .1999813   1.216644  
    s5m5 |    1000    .2626935   .0474698   .1327506    .452138  
      wh |    1000    21.85874   7.052385   6.674549   45.68848  
    whpr |    1000    .1834049   .2104998   .0000315   .9465307  
      bp |    1000    16.74111    9.68589   1.205215   75.24833  
    bppr |    1000     .047083   .1083071   1.78e-15   .8772393  
      gl |    1000    12.82011   4.993333   1.097124   35.33697  
    glpr |    1000    .0556514   .1061358   3.96e-07   .8947283  
      cw |    1000    10.88881   7.696916   .0000822   67.81422  
    cwpr |    1000    .0309753   .0889237   2.22e-16   .9927647  
  seedis |    1000    1.10e+07          0   1.10e+07   1.10e+07  
   niter |    1000        1000          0       1000       1000  
dsnumber |    1000           1          0          1          1  
 dslabel |    1000         102          0        102        102  
  factor |    1000         .37          0        .37        .37  
      R2 |    1000    .3952731          0   .3952731   .3952731  
 sampleN |    1000          50          0         50         50  
 
** Results for:
*  Sample Size:     50
*  Selection Seed:  11020760
*  # of Iterations: 1000
*  Sig Level:       05
*  Means of sample estimates of:
   b0 = .7711513206987874
   b1 = 1.215823026788304
   b2 = .9544463089676574
   b3 = 1.005255276059499
   b4 = -.0045066090539185
 
** Description of 123n0100

Variable |     Obs        Mean   Std. Dev.       Min        Max
---------+-----------------------------------------------------
      s1 |    1000    .9054978   1.784165  -5.429418   6.965137  
      s2 |    1000    1.110935     1.6515  -4.496749   7.332225  
      s3 |    1000    .9750529   .4190693   -.572116   2.137477  
      s4 |    1000    1.009721   .4791081  -.5537129   2.530123  
      s5 |    1000   -.0143167   .1768042  -.6302992   .5352704  
    s1m1 |    1000    1.789719   .2978084   1.097764   2.951968  
    s2m1 |    1000    1.630287   .2820857   .9865707   2.911954  
    s3m1 |    1000     .401379   .0706548   .2289008   .6873899  
    s4m1 |    1000    .4064418   .1150924   .1667968   .9494178  
    s5m1 |    1000    .1710891   .0279672   .1063905   .2878351  
    s1m2 |    1000    1.836213    .305545   1.126282   3.028655  
    s2m2 |    1000     1.67264   .2894138     1.0122   2.987602  
    s3m2 |    1000    .4118062   .0724903   .2348472   .7052472  
    s4m2 |    1000    .4170005   .1180823   .1711299   .9740821  
    s5m2 |    1000    .1755337   .0286937   .1091544   .2953126  
    s1m3 |    1000    1.864523   .3195842   1.151006   3.173327  
    s2m3 |    1000     1.70847   .3086192   1.018145   3.197624  
    s3m3 |    1000     .417216   .0750268   .2384402   .7482748  
    s4m3 |    1000    .4408007   .1312891   .1750217    1.14189  
    s5m3 |    1000    .1774789   .0294822   .1101817    .305075  
    s1m4 |    1000     1.94879   .3503941   1.216385   3.589972  
    s2m4 |    1000    1.799133   .3487378   1.051573    3.65546  
    s3m4 |    1000    .4343217   .0801857   .2485703   .8300589  
    s4m4 |    1000      .48278   .1562526   .1852962   1.381069  
    s5m4 |    1000    .1843709   .0312537   .1144497   .3239642  
    s1m5 |    1000    1.918357   .2347231   1.296546   2.804685  
    s2m5 |    1000     1.65486   .2012082   1.119205    2.40544  
    s3m5 |    1000     .420786   .0530596   .2798243   .6084017  
    s4m5 |    1000    .3495902   .0595747   .1980193    .598339  
    s5m5 |    1000    .1790553   .0218096    .124157   .2831757  
      wh |    1000    31.89577    10.5403   11.44278   77.92273  
    whpr |    1000     .046126   .0951544   6.86e-11   .6509555  
      bp |    1000    33.17599   15.10661   4.754412   185.9624  
    bppr |    1000    .0023776   .0177058          0   .3134369  
      gl |    1000    24.21756   7.066043   3.615594   55.75038  
    glpr |    1000    .0033462   .0212983   2.26e-11    .460521  
      cw |    1000    26.11936   12.42929   1.939569   140.5479  
    cwpr |    1000    .0010936   .0088854          0   .1637154  
  seedis |    1000    1.10e+07          0   1.10e+07   1.10e+07  
   niter |    1000        1000          0       1000       1000  
dsnumber |    1000           1          0          1          1  
 dslabel |    1000         102          0        102        102  
  factor |    1000         .37          0        .37        .37  
      R2 |    1000    .3952731          0   .3952731   .3952731  
 sampleN |    1000         100          0        100        100  
 
** Results for:
*  Sample Size:     100
*  Selection Seed:  11020760
*  # of Iterations: 1000
*  Sig Level:       05
*  Means of sample estimates of:
   b0 = .9054977547533344
   b1 = 1.110935228961374
   b2 = .9750528688598424
   b3 = 1.009721349932486
   b4 = -.0143166909758002
 
** Description of 123n0250

Variable |     Obs        Mean   Std. Dev.       Min        Max
---------+-----------------------------------------------------
      s1 |    1000    .9322407   1.172867  -3.016861   4.829228  
      s2 |    1000    1.059819   1.093076  -2.200421   4.516453  
      s3 |    1000    .9836311   .2671191   .0733365    1.85823  
      s4 |    1000    .9996084   .2964456  -.0326234   1.954577  
      s5 |    1000    .0002022   .1092226  -.3997845   .3505923  
    s1m1 |    1000    1.152331   .1216067   .8344945   1.643362  
    s2m1 |    1000    1.061935   .1280094   .7442703   1.823369  
    s3m1 |    1000    .2585632   .0308636   .1736863   .4457172  
    s4m1 |    1000     .277693    .063562   .1507425   .6092207  
    s5m1 |    1000    .1103442   .0122721   .0794204   .1587036  
    s1m2 |    1000     1.16403   .1228413   .8429667   1.660047  
    s2m2 |    1000    1.072716    .129309   .7518266   1.841881  
    s3m2 |    1000    .2611883   .0311769   .1754497   .4502424  
    s4m2 |    1000    .2805123   .0642074   .1522729   .6154059  
    s5m2 |    1000    .1114645   .0123967   .0802267   .1603149  
    s1m3 |    1000     1.17292   .1269878   .8463317   1.755726  
    s2m3 |    1000    1.084973   .1367754   .7569861   1.986479  
    s3m3 |    1000    .2627802   .0316718   .1759357   .4556544  
    s4m3 |    1000    .2888162   .0698982   .1540269   .6764044  
    s5m3 |    1000    .1120261   .0125609   .0804246   .1615161  
    s1m4 |    1000    1.194904   .1339986   .8585772   1.916794  
    s2m4 |    1000    1.109996    .148284     .77032   2.176305  
    s3m4 |    1000    .2671532   .0325463   .1782401   .4658845  
    s4m4 |    1000    .3011456   .0779509   .1574882   .7534343  
    s5m4 |    1000    .1137679   .0128706   .0814515   .1643933  
    s1m5 |    1000    1.209523   .0955343   .9601868   1.625126  
    s2m5 |    1000    1.040188   .0826268   .8265061   1.387168  
    s3m5 |    1000    .2652063   .0213673    .202871   .3428212  
    s4m5 |    1000    .2155643   .0225314   .1551765   .2938932  
    s5m5 |    1000    .1130452   .0089904    .087078   .1452539  
      wh |    1000    62.58695   18.27579   25.58627   148.0225  
    whpr |    1000    .0001403   .0011949          0    .029202  
      bp |    1000    87.53856    31.7495   34.50097   296.1605  
    bppr |    1000    2.24e-09   2.55e-08          0   5.88e-07  
      gl |    1000    59.98024   11.49031   28.62963   103.3288  
    glpr |    1000    2.40e-08   3.37e-07          0   9.30e-06  
      cw |    1000    76.69103   25.39015   24.45192   239.6826  
    cwpr |    1000    1.06e-09   2.44e-08          0   7.62e-07  
  seedis |    1000    1.10e+07          0   1.10e+07   1.10e+07  
   niter |    1000        1000          0       1000       1000  
dsnumber |    1000           1          0          1          1  
 dslabel |    1000         102          0        102        102  
  factor |    1000         .37          0        .37        .37  
      R2 |    1000    .3952731          0   .3952731   .3952731  
 sampleN |    1000         250          0        250        250  
 
** Results for:
*  Sample Size:     250
*  Selection Seed:  11020760
*  # of Iterations: 1000
*  Sig Level:       05
*  Means of sample estimates of:
   b0 = .9322406830748224
   b1 = 1.059819247024832
   b2 = .9836311240568756
   b3 = .9996083949171006
   b4 = .0002021527780144
 
** Description of 123n0500

Variable |     Obs        Mean   Std. Dev.       Min        Max
---------+-----------------------------------------------------
      s1 |    1000    .8750984   .8316594  -1.801502   3.433818  
      s2 |    1000    1.126348   .7752742  -1.341935   3.792486  
      s3 |    1000    .9736404   .1946272   .3600416   1.716288  
      s4 |    1000    1.002088   .2146247   .1637183   1.816761  
      s5 |    1000    -.008121   .0789332   -.276273   .2588932  
    s1m1 |    1000    .8254956   .0647416   .6644904   1.084346  
    s2m1 |    1000    .7654947   .0696347    .598182   1.069628  
    s3m1 |    1000    .1862206   .0157223   .1444805   .2503822  
    s4m1 |    1000    .2069532   .0377715   .1270498   .3584017  
    s5m1 |    1000    .0788546   .0058356   .0616306   .1012833  
    s1m2 |    1000    .8296543   .0650677    .667838   1.089809  
    s2m2 |    1000    .7693511   .0699855   .6011955   1.075017  
    s3m2 |    1000    .1871587   .0158015   .1452084   .2516436  
    s4m2 |    1000    .2079958   .0379618   .1276899   .3602073  
    s5m2 |    1000    .0792519    .005865    .061941   .1017935  
    s1m3 |    1000    .8331772   .0660991   .6691206   1.093463  
    s2m3 |    1000    .7743996   .0722359   .6035293   1.121987  
    s3m3 |    1000    .1877961   .0159678   .1454587   .2529833  
    s4m3 |    1000    .2115186   .0398921   .1295121   .3782263  
    s5m3 |    1000     .079468   .0059101   .0620064    .102081  
    s1m4 |    1000    .8411418   .0676457   .6738116   1.102732  
    s2m4 |    1000    .7837271   .0752376   .6089888   1.179209  
    s3m4 |    1000    .1894046   .0162279   .1464493   .2556221  
    s4m4 |    1000    .2163498   .0422978   .1320669   .3997493  
    s5m4 |    1000    .0800933   .0059888   .0623861   .1028929  
    s1m5 |    1000    .8573812   .0474819   .7299375   1.022438  
    s2m5 |    1000    .7368062   .0404769   .6236435   .8701702  
    s3m5 |    1000    .1879381   .0100832   .1616005   .2272199  
    s4m5 |    1000    .1514472   .0110215   .1229804   .1845738  
    s5m5 |    1000    .0802042   .0042661   .0668592   .0946261  
      wh |    1000    113.6369   30.00292   60.53828   284.2448  
    whpr |    1000    4.62e-10   4.66e-09          0   9.44e-08  
      bp |    1000    181.2582   53.38404   89.02689   485.2817  
    bppr |    1000           0          0          0          0  
      gl |    1000    121.3116   16.85934    67.6246   169.9845  
    glpr |    1000    7.99e-17   2.28e-15          0   7.19e-14  
      cw |    1000    164.7882   41.97845    81.1815   408.6752  
    cwpr |    1000           0          0          0          0  
  seedis |    1000    1.10e+07          0   1.10e+07   1.10e+07  
   niter |    1000        1000          0       1000       1000  
dsnumber |    1000           1          0          1          1  
 dslabel |    1000         102          0        102        102  
  factor |    1000         .37          0        .37        .37  
      R2 |    1000    .3952731          0   .3952731   .3952731  
 sampleN |    1000         500          0        500        500  
 
** Results for:
*  Sample Size:     500
*  Selection Seed:  11020760
*  # of Iterations: 1000
*  Sig Level:       05
*  Means of sample estimates of:
   b0 = .8750983610162512
   b1 = 1.126348228797578
   b2 = .9736403918266296
   b3 = 1.002088343590498
   b4 = -.0081210457398029
 
** Description of 123n1000

Variable |     Obs        Mean   Std. Dev.       Min        Max
---------+-----------------------------------------------------
      s1 |    1000     .872581   .5952037  -.7673947   2.387053  
      s2 |    1000    1.113218   .5633921  -.4237106   2.816215  
      s3 |    1000     .972293   .1322694   .5286435   1.399268  
      s4 |    1000    1.004287   .1520231   .4924935   1.489703  
      s5 |    1000    -.002021   .0534626  -.1880484   .1418319  
    s1m1 |    1000    .5833519   .0339511    .481173   .7199479  
    s2m1 |    1000    .5411641   .0364855   .4395642   .6779872  
    s3m1 |    1000    .1311738   .0080065   .1094626   .1584665  
    s4m1 |    1000    .1470786   .0198018   .0997275   .2401881  
    s5m1 |    1000    .0557683   .0029267   .0477031   .0660845  
    s1m2 |    1000    .5848158   .0340363   .4823805   .7217546  
    s2m2 |    1000    .5425221   .0365771   .4406673   .6796885  
    s3m2 |    1000     .131503   .0080266   .1097373   .1588642  
    s4m2 |    1000    .1474477   .0198515   .0999777   .2407908  
    s5m2 |    1000    .0559082   .0029341   .0478229   .0662503  
    s1m3 |    1000    .5860744   .0343283   .4828096   .7234303  
    s2m3 |    1000    .5443501   .0371857   .4412974   .6835076  
    s3m3 |    1000    .1317268   .0080757   .1098543   .1591893  
    s4m3 |    1000    .1487395   .0204023   .1002976   .2449448  
    s5m3 |    1000    .0559845   .0029453   .0478705    .066343  
    s1m4 |    1000    .5888467   .0347284   .4844597   .7269558  
    s2m4 |    1000    .5476141   .0379378   .4430464   .6891505  
    s3m4 |    1000    .1322853    .008147   .1102493   .1599195  
    s4m4 |    1000     .150452   .0210477   .1008748    .249845  
    s5m4 |    1000    .0562027   .0029643   .0480391   .0666036  
    s1m5 |    1000    .6021849   .0243098   .5239011   .6762701  
    s2m5 |    1000    .5173815   .0210198   .4518979   .5869692  
    s3m5 |    1000    .1318821   .0052171   .1165065   .1517492  
    s4m5 |    1000    .1063973   .0058944   .0908094   .1264766  
    s5m5 |    1000    .0564089   .0021803    .048966    .063563  
      wh |    1000    204.9964   37.93307    113.585   384.2661  
    whpr |    1000           0          0          0          0  
      bp |    1000    354.4069   71.06855   201.1256   731.7693  
    bppr |    1000           0          0          0          0  
      gl |    1000    240.2032   24.05298   164.0481   334.3226  
    glpr |    1000           0          0          0          0  
      cw |    1000    331.9673   59.62694    195.931   602.4932  
    cwpr |    1000           0          0          0          0  
  seedis |    1000    1.10e+07          0   1.10e+07   1.10e+07  
   niter |    1000        1000          0       1000       1000  
dsnumber |    1000           1          0          1          1  
 dslabel |    1000         102          0        102        102  
  factor |    1000         .37          0        .37        .37  
      R2 |    1000    .3952731          0   .3952731   .3952731  
 sampleN |    1000        1000          0       1000       1000  
 
** Results for:
*  Sample Size:     1000
*  Selection Seed:  11020760
*  # of Iterations: 1000
*  Sig Level:       05
*  Means of sample estimates of:
   b0 = .8725810281047598
   b1 = 1.113218288620585
   b2 = .9722930364012718
   b3 = 1.004287057697773
   b4 = -.0020209677878483
(Note: file 123nres10.dta not found)
 
** Description of 123n0025

Variable |     Obs        Mean   Std. Dev.       Min        Max
---------+-----------------------------------------------------
      s1 |    1000    1.003705   4.055874  -12.87799   17.01437  
      s2 |    1000     .978771   3.760538  -13.35866   14.33126  
      s3 |    1000    1.007844   .8999696  -2.100321    4.54144  
      s4 |    1000    1.043699   1.097341  -4.979401   4.755411  
      s5 |    1000   -.0087067   .3801351   -1.12324   1.207167  
    s1m1 |    1000    3.427413   1.131602   1.231477   10.31326  
    s2m1 |    1000    3.087187   1.043824   1.023848   8.263247  
    s3m1 |    1000     .747459   .2556061   .2244385   1.998121  
    s4m1 |    1000    .7390007   .3709961   .1593381   2.972589  
    s5m1 |    1000    .3158496   .0995816   .1154482   .7811943  
    s1m2 |    1000    3.831964   1.265169   1.376833   11.53058  
    s2m2 |    1000     3.45158   1.167031   1.144697   9.238591  
    s3m2 |    1000    .8356846   .2857763   .2509299   2.233967  
    s4m2 |    1000    .8262279   .4147862   .1781454   3.323455  
    s5m2 |    1000    .3531306   .1113356    .129075   .8734018  
    s1m3 |    1000    3.999417   1.357284   1.436162   11.72267  
    s2m3 |    1000     3.63472   1.270047   1.241637   9.913782  
    s3m3 |    1000    .8725092   .3113116   .2543625   2.513191  
    s4m3 |    1000    .9230689   .4745338   .1737079    3.96249  
    s5m3 |    1000    .3655679   .1183121   .1239271   .9051796  
    s1m4 |    1000    4.770693   1.710942   1.615266   13.36984  
    s2m4 |    1000    4.397131   1.642021   1.505312   13.03576  
    s3m4 |    1000     1.03496    .395222   .2876032   3.250152  
    s4m4 |    1000    1.213723   .6709278   .1932473   6.166109  
    s5m4 |    1000    .4288854   .1451979   .1321149   1.054105  
    s1m5 |    1000     4.11598   1.112651    1.46198   9.042323  
    s2m5 |    1000    3.596469   .9920609   1.352566   8.154596  
    s3m5 |    1000    .8939756   .2424696   .2887746   1.853788  
    s4m5 |    1000    .8314685   .3151778   .2749941    2.41783  
    s5m5 |    1000    .3788159   .0993056   .1432222   .9461659  
      wh |    1000    16.47919   4.066277   4.237994   24.81662  
    whpr |    1000    .3337343   .2324359   .0364216   .9938558  
      bp |    1000     8.40091   5.840678   .3552147   42.00601  
    bppr |    1000    .2287439   .2465892   1.66e-08   .9859766  
      gl |    1000     7.32701   3.518634    .338363   18.73392  
    glpr |    1000    .2196211   .2278953   .0008864    .987205  
      cw |    1000    4.083426   4.278971   .0000132   31.03469  
    cwpr |    1000    .2148157   .2633388   2.53e-08   .9970994  
  seedis |    1000    1.10e+07          0   1.10e+07   1.10e+07  
   niter |    1000        1000          0       1000       1000  
dsnumber |    1000           1          0          1          1  
 dslabel |    1000         102          0        102        102  
  factor |    1000         .37          0        .37        .37  
      R2 |    1000    .3952731          0   .3952731   .3952731  
 sampleN |    1000          25          0         25         25  
 
** Results for:
*  Sample Size:     25
*  Selection Seed:  11020760
*  # of Iterations: 1000
*  Sig Level:       10
*  Means of sample estimates of:
   b0 = 1.003704513562843
   b1 = .9787709708241746
   b2 = 1.007844384120544
   b3 = 1.043698614582361
   b4 = -.0087067320332135
 
** Description of 123n0050

Variable |     Obs        Mean   Std. Dev.       Min        Max
---------+-----------------------------------------------------
      s1 |    1000    .7711513   2.842758  -12.48997   9.815312  
      s2 |    1000    1.215823   2.614434   -7.13762     11.156  
      s3 |    1000    .9544463   .6036026  -1.254697   2.619426  
      s4 |    1000    1.005255   .6874872  -1.051516   3.995888  
      s5 |    1000   -.0045066   .2697258  -.8540481    .862267  
    s1m1 |    1000    2.508828   .5845751   1.300982   5.128564  
    s2m1 |    1000    2.266771   .5393197   1.105522   4.471552  
    s3m1 |    1000    .5594298   .1430972   .2228542   1.178447  
    s4m1 |    1000    .5429838   .1942215   .1357719   2.028527  
    s5m1 |    1000    .2419775   .0587364   .0902727   .5960855  
    s1m2 |    1000    2.644536   .6161962   1.371355   5.405982  
    s2m2 |    1000    2.389387   .5684928   1.165323    4.71343  
    s3m2 |    1000    .5896908   .1508377    .234909   1.242192  
    s4m2 |    1000    .5723552   .2047274   .1431161   2.138255  
    s5m2 |    1000    .2550667   .0619136   .0951558   .6283293  
    s1m3 |    1000    2.714462   .6499844   1.376631   5.557376  
    s2m3 |    1000    2.473739    .610995   1.236955   4.762842  
    s3m3 |    1000    .6046625    .158923    .252447   1.303455  
    s4m3 |    1000    .6226281   .2334979   .1478142   2.287983  
    s5m3 |    1000    .2605558   .0651734   .0971317   .6703175  
    s1m4 |    1000    2.963248   .7494748   1.464254   6.432177  
    s2m4 |    1000    2.732933   .7353979   1.331088    7.27178  
    s3m4 |    1000    .6570312   .1790199   .3143031   1.444337  
    s4m4 |    1000    .7299213   .3047309   .1637599   2.597428  
    s5m4 |    1000    .2819505   .0735885   .1052764   .7552471  
    s1m5 |    1000    2.815669   .5264366   1.367985    5.15809  
    s2m5 |    1000    2.433197    .456686   1.231155   4.218623  
    s3m5 |    1000    .6179711   .1180943   .3196708   1.071312  
    s4m5 |    1000    .5207606   .1242588   .1999813   1.216644  
    s5m5 |    1000    .2626935   .0474698   .1327506    .452138  
      wh |    1000    21.85874   7.052385   6.674549   45.68848  
    whpr |    1000    .1834049   .2104998   .0000315   .9465307  
      bp |    1000    16.74111    9.68589   1.205215   75.24833  
    bppr |    1000     .047083   .1083071   1.78e-15   .8772393  
      gl |    1000    12.82011   4.993333   1.097124   35.33697  
    glpr |    1000    .0556514   .1061358   3.96e-07   .8947283  
      cw |    1000    10.88881   7.696916   .0000822   67.81422  
    cwpr |    1000    .0309753   .0889237   2.22e-16   .9927647  
  seedis |    1000    1.10e+07          0   1.10e+07   1.10e+07  
   niter |    1000        1000          0       1000       1000  
dsnumber |    1000           1          0          1          1  
 dslabel |    1000         102          0        102        102  
  factor |    1000         .37          0        .37        .37  
      R2 |    1000    .3952731          0   .3952731   .3952731  
 sampleN |    1000          50          0         50         50  
 
** Results for:
*  Sample Size:     50
*  Selection Seed:  11020760
*  # of Iterations: 1000
*  Sig Level:       10
*  Means of sample estimates of:
   b0 = .7711513206987874
   b1 = 1.215823026788304
   b2 = .9544463089676574
   b3 = 1.005255276059499
   b4 = -.0045066090539185
 
** Description of 123n0100

Variable |     Obs        Mean   Std. Dev.       Min        Max
---------+-----------------------------------------------------
      s1 |    1000    .9054978   1.784165  -5.429418   6.965137  
      s2 |    1000    1.110935     1.6515  -4.496749   7.332225  
      s3 |    1000    .9750529   .4190693   -.572116   2.137477  
      s4 |    1000    1.009721   .4791081  -.5537129   2.530123  
      s5 |    1000   -.0143167   .1768042  -.6302992   .5352704  
    s1m1 |    1000    1.789719   .2978084   1.097764   2.951968  
    s2m1 |    1000    1.630287   .2820857   .9865707   2.911954  
    s3m1 |    1000     .401379   .0706548   .2289008   .6873899  
    s4m1 |    1000    .4064418   .1150924   .1667968   .9494178  
    s5m1 |    1000    .1710891   .0279672   .1063905   .2878351  
    s1m2 |    1000    1.836213    .305545   1.126282   3.028655  
    s2m2 |    1000     1.67264   .2894138     1.0122   2.987602  
    s3m2 |    1000    .4118062   .0724903   .2348472   .7052472  
    s4m2 |    1000    .4170005   .1180823   .1711299   .9740821  
    s5m2 |    1000    .1755337   .0286937   .1091544   .2953126  
    s1m3 |    1000    1.864523   .3195842   1.151006   3.173327  
    s2m3 |    1000     1.70847   .3086192   1.018145   3.197624  
    s3m3 |    1000     .417216   .0750268   .2384402   .7482748  
    s4m3 |    1000    .4408007   .1312891   .1750217    1.14189  
    s5m3 |    1000    .1774789   .0294822   .1101817    .305075  
    s1m4 |    1000     1.94879   .3503941   1.216385   3.589972  
    s2m4 |    1000    1.799133   .3487378   1.051573    3.65546  
    s3m4 |    1000    .4343217   .0801857   .2485703   .8300589  
    s4m4 |    1000      .48278   .1562526   .1852962   1.381069  
    s5m4 |    1000    .1843709   .0312537   .1144497   .3239642  
    s1m5 |    1000    1.918357   .2347231   1.296546   2.804685  
    s2m5 |    1000     1.65486   .2012082   1.119205    2.40544  
    s3m5 |    1000     .420786   .0530596   .2798243   .6084017  
    s4m5 |    1000    .3495902   .0595747   .1980193    .598339  
    s5m5 |    1000    .1790553   .0218096    .124157   .2831757  
      wh |    1000    31.89577    10.5403   11.44278   77.92273  
    whpr |    1000     .046126   .0951544   6.86e-11   .6509555  
      bp |    1000    33.17599   15.10661   4.754412   185.9624  
    bppr |    1000    .0023776   .0177058          0   .3134369  
      gl |    1000    24.21756   7.066043   3.615594   55.75038  
    glpr |    1000    .0033462   .0212983   2.26e-11    .460521  
      cw |    1000    26.11936   12.42929   1.939569   140.5479  
    cwpr |    1000    .0010936   .0088854          0   .1637154  
  seedis |    1000    1.10e+07          0   1.10e+07   1.10e+07  
   niter |    1000        1000          0       1000       1000  
dsnumber |    1000           1          0          1          1  
 dslabel |    1000         102          0        102        102  
  factor |    1000         .37          0        .37        .37  
      R2 |    1000    .3952731          0   .3952731   .3952731  
 sampleN |    1000         100          0        100        100  
 
** Results for:
*  Sample Size:     100
*  Selection Seed:  11020760
*  # of Iterations: 1000
*  Sig Level:       10
*  Means of sample estimates of:
   b0 = .9054977547533344
   b1 = 1.110935228961374
   b2 = .9750528688598424
   b3 = 1.009721349932486
   b4 = -.0143166909758002
 
** Description of 123n0250

Variable |     Obs        Mean   Std. Dev.       Min        Max
---------+-----------------------------------------------------
      s1 |    1000    .9322407   1.172867  -3.016861   4.829228  
      s2 |    1000    1.059819   1.093076  -2.200421   4.516453  
      s3 |    1000    .9836311   .2671191   .0733365    1.85823  
      s4 |    1000    .9996084   .2964456  -.0326234   1.954577  
      s5 |    1000    .0002022   .1092226  -.3997845   .3505923  
    s1m1 |    1000    1.152331   .1216067   .8344945   1.643362  
    s2m1 |    1000    1.061935   .1280094   .7442703   1.823369  
    s3m1 |    1000    .2585632   .0308636   .1736863   .4457172  
    s4m1 |    1000     .277693    .063562   .1507425   .6092207  
    s5m1 |    1000    .1103442   .0122721   .0794204   .1587036  
    s1m2 |    1000     1.16403   .1228413   .8429667   1.660047  
    s2m2 |    1000    1.072716    .129309   .7518266   1.841881  
    s3m2 |    1000    .2611883   .0311769   .1754497   .4502424  
    s4m2 |    1000    .2805123   .0642074   .1522729   .6154059  
    s5m2 |    1000    .1114645   .0123967   .0802267   .1603149  
    s1m3 |    1000     1.17292   .1269878   .8463317   1.755726  
    s2m3 |    1000    1.084973   .1367754   .7569861   1.986479  
    s3m3 |    1000    .2627802   .0316718   .1759357   .4556544  
    s4m3 |    1000    .2888162   .0698982   .1540269   .6764044  
    s5m3 |    1000    .1120261   .0125609   .0804246   .1615161  
    s1m4 |    1000    1.194904   .1339986   .8585772   1.916794  
    s2m4 |    1000    1.109996    .148284     .77032   2.176305  
    s3m4 |    1000    .2671532   .0325463   .1782401   .4658845  
    s4m4 |    1000    .3011456   .0779509   .1574882   .7534343  
    s5m4 |    1000    .1137679   .0128706   .0814515   .1643933  
    s1m5 |    1000    1.209523   .0955343   .9601868   1.625126  
    s2m5 |    1000    1.040188   .0826268   .8265061   1.387168  
    s3m5 |    1000    .2652063   .0213673    .202871   .3428212  
    s4m5 |    1000    .2155643   .0225314   .1551765   .2938932  
    s5m5 |    1000    .1130452   .0089904    .087078   .1452539  
      wh |    1000    62.58695   18.27579   25.58627   148.0225  
    whpr |    1000    .0001403   .0011949          0    .029202  
      bp |    1000    87.53856    31.7495   34.50097   296.1605  
    bppr |    1000    2.24e-09   2.55e-08          0   5.88e-07  
      gl |    1000    59.98024   11.49031   28.62963   103.3288  
    glpr |    1000    2.40e-08   3.37e-07          0   9.30e-06  
      cw |    1000    76.69103   25.39015   24.45192   239.6826  
    cwpr |    1000    1.06e-09   2.44e-08          0   7.62e-07  
  seedis |    1000    1.10e+07          0   1.10e+07   1.10e+07  
   niter |    1000        1000          0       1000       1000  
dsnumber |    1000           1          0          1          1  
 dslabel |    1000         102          0        102        102  
  factor |    1000         .37          0        .37        .37  
      R2 |    1000    .3952731          0   .3952731   .3952731  
 sampleN |    1000         250          0        250        250  
 
** Results for:
*  Sample Size:     250
*  Selection Seed:  11020760
*  # of Iterations: 1000
*  Sig Level:       10
*  Means of sample estimates of:
   b0 = .9322406830748224
   b1 = 1.059819247024832
   b2 = .9836311240568756
   b3 = .9996083949171006
   b4 = .0002021527780144
 
** Description of 123n0500

Variable |     Obs        Mean   Std. Dev.       Min        Max
---------+-----------------------------------------------------
      s1 |    1000    .8750984   .8316594  -1.801502   3.433818  
      s2 |    1000    1.126348   .7752742  -1.341935   3.792486  
      s3 |    1000    .9736404   .1946272   .3600416   1.716288  
      s4 |    1000    1.002088   .2146247   .1637183   1.816761  
      s5 |    1000    -.008121   .0789332   -.276273   .2588932  
    s1m1 |    1000    .8254956   .0647416   .6644904   1.084346  
    s2m1 |    1000    .7654947   .0696347    .598182   1.069628  
    s3m1 |    1000    .1862206   .0157223   .1444805   .2503822  
    s4m1 |    1000    .2069532   .0377715   .1270498   .3584017  
    s5m1 |    1000    .0788546   .0058356   .0616306   .1012833  
    s1m2 |    1000    .8296543   .0650677    .667838   1.089809  
    s2m2 |    1000    .7693511   .0699855   .6011955   1.075017  
    s3m2 |    1000    .1871587   .0158015   .1452084   .2516436  
    s4m2 |    1000    .2079958   .0379618   .1276899   .3602073  
    s5m2 |    1000    .0792519    .005865    .061941   .1017935  
    s1m3 |    1000    .8331772   .0660991   .6691206   1.093463  
    s2m3 |    1000    .7743996   .0722359   .6035293   1.121987  
    s3m3 |    1000    .1877961   .0159678   .1454587   .2529833  
    s4m3 |    1000    .2115186   .0398921   .1295121   .3782263  
    s5m3 |    1000     .079468   .0059101   .0620064    .102081  
    s1m4 |    1000    .8411418   .0676457   .6738116   1.102732  
    s2m4 |    1000    .7837271   .0752376   .6089888   1.179209  
    s3m4 |    1000    .1894046   .0162279   .1464493   .2556221  
    s4m4 |    1000    .2163498   .0422978   .1320669   .3997493  
    s5m4 |    1000    .0800933   .0059888   .0623861   .1028929  
    s1m5 |    1000    .8573812   .0474819   .7299375   1.022438  
    s2m5 |    1000    .7368062   .0404769   .6236435   .8701702  
    s3m5 |    1000    .1879381   .0100832   .1616005   .2272199  
    s4m5 |    1000    .1514472   .0110215   .1229804   .1845738  
    s5m5 |    1000    .0802042   .0042661   .0668592   .0946261  
      wh |    1000    113.6369   30.00292   60.53828   284.2448  
    whpr |    1000    4.62e-10   4.66e-09          0   9.44e-08  
      bp |    1000    181.2582   53.38404   89.02689   485.2817  
    bppr |    1000           0          0          0          0  
      gl |    1000    121.3116   16.85934    67.6246   169.9845  
    glpr |    1000    7.99e-17   2.28e-15          0   7.19e-14  
      cw |    1000    164.7882   41.97845    81.1815   408.6752  
    cwpr |    1000           0          0          0          0  
  seedis |    1000    1.10e+07          0   1.10e+07   1.10e+07  
   niter |    1000        1000          0       1000       1000  
dsnumber |    1000           1          0          1          1  
 dslabel |    1000         102          0        102        102  
  factor |    1000         .37          0        .37        .37  
      R2 |    1000    .3952731          0   .3952731   .3952731  
 sampleN |    1000         500          0        500        500  
 
** Results for:
*  Sample Size:     500
*  Selection Seed:  11020760
*  # of Iterations: 1000
*  Sig Level:       10
*  Means of sample estimates of:
   b0 = .8750983610162512
   b1 = 1.126348228797578
   b2 = .9736403918266296
   b3 = 1.002088343590498
   b4 = -.0081210457398029
 
** Description of 123n1000

Variable |     Obs        Mean   Std. Dev.       Min        Max
---------+-----------------------------------------------------
      s1 |    1000     .872581   .5952037  -.7673947   2.387053  
      s2 |    1000    1.113218   .5633921  -.4237106   2.816215  
      s3 |    1000     .972293   .1322694   .5286435   1.399268  
      s4 |    1000    1.004287   .1520231   .4924935   1.489703  
      s5 |    1000    -.002021   .0534626  -.1880484   .1418319  
    s1m1 |    1000    .5833519   .0339511    .481173   .7199479  
    s2m1 |    1000    .5411641   .0364855   .4395642   .6779872  
    s3m1 |    1000    .1311738   .0080065   .1094626   .1584665  
    s4m1 |    1000    .1470786   .0198018   .0997275   .2401881  
    s5m1 |    1000    .0557683   .0029267   .0477031   .0660845  
    s1m2 |    1000    .5848158   .0340363   .4823805   .7217546  
    s2m2 |    1000    .5425221   .0365771   .4406673   .6796885  
    s3m2 |    1000     .131503   .0080266   .1097373   .1588642  
    s4m2 |    1000    .1474477   .0198515   .0999777   .2407908  
    s5m2 |    1000    .0559082   .0029341   .0478229   .0662503  
    s1m3 |    1000    .5860744   .0343283   .4828096   .7234303  
    s2m3 |    1000    .5443501   .0371857   .4412974   .6835076  
    s3m3 |    1000    .1317268   .0080757   .1098543   .1591893  
    s4m3 |    1000    .1487395   .0204023   .1002976   .2449448  
    s5m3 |    1000    .0559845   .0029453   .0478705    .066343  
    s1m4 |    1000    .5888467   .0347284   .4844597   .7269558  
    s2m4 |    1000    .5476141   .0379378   .4430464   .6891505  
    s3m4 |    1000    .1322853    .008147   .1102493   .1599195  
    s4m4 |    1000     .150452   .0210477   .1008748    .249845  
    s5m4 |    1000    .0562027   .0029643   .0480391   .0666036  
    s1m5 |    1000    .6021849   .0243098   .5239011   .6762701  
    s2m5 |    1000    .5173815   .0210198   .4518979   .5869692  
    s3m5 |    1000    .1318821   .0052171   .1165065   .1517492  
    s4m5 |    1000    .1063973   .0058944   .0908094   .1264766  
    s5m5 |    1000    .0564089   .0021803    .048966    .063563  
      wh |    1000    204.9964   37.93307    113.585   384.2661  
    whpr |    1000           0          0          0          0  
      bp |    1000    354.4069   71.06855   201.1256   731.7693  
    bppr |    1000           0          0          0          0  
      gl |    1000    240.2032   24.05298   164.0481   334.3226  
    glpr |    1000           0          0          0          0  
      cw |    1000    331.9673   59.62694    195.931   602.4932  
    cwpr |    1000           0          0          0          0  
  seedis |    1000    1.10e+07          0   1.10e+07   1.10e+07  
   niter |    1000        1000          0       1000       1000  
dsnumber |    1000           1          0          1          1  
 dslabel |    1000         102          0        102        102  
  factor |    1000         .37          0        .37        .37  
      R2 |    1000    .3952731          0   .3952731   .3952731  
 sampleN |    1000        1000          0       1000       1000  
 
** Results for:
*  Sample Size:     1000
*  Selection Seed:  11020760
*  # of Iterations: 1000
*  Sig Level:       10
*  Means of sample estimates of:
   b0 = .8725810281047598
   b1 = 1.113218288620585
   b2 = .9722930364012718
   b3 = 1.004287057697773
   b4 = -.0020209677878483
(Note: file 123nres.dta not found)
file 123nres.dta saved

. 
. log close
