
. * 1c4.do - data structure: x1 het on chi errors, R2=.40.
. * Replication by jsl: 98.03.21
. ts
* 22 Mar 1998 - 06:33:22

. version 5.0

. clear

. set more off

.     global simnum_ = 1000

.     global factor = .97

.     global plevel = .05

.     global seedmc = 11020760

.     use jslhc1

.     set seed $seedmc

.     di "Iterations beginning."
Iterations beginning.

.     ts
* 22 Mar 1998 - 06:33:23

.     hcmonte 1 1 1c4 25 50 100 250 500 1000
** Constructing data to analyze...
*  Population:      hc1
*  Data Label:      hc1
*  Factor:          .97
*  Structure:       hc1c4
*  Sample N's:      25 50 100 250 500 1000
*  Selection seed:  11020760
*  Iterations:      1000

*  Population regression:

  Source |       SS       df       MS                  Number of obs =  100000
---------+------------------------------               F(  4, 99995) =15783.52
   Model |  411726.917     4  102931.729               Prob > F      =  0.0000
Residual |  652114.174 99995  6.52146782               R-squared     =  0.3870
---------+------------------------------               Adj R-squared =  0.3870
   Total |  1063841.09 99999  10.6385173               Root MSE      =  2.5537

------------------------------------------------------------------------------
       y |      Coef.   Std. Err.       t     P>|t|       [95% Conf. Interval]
---------+--------------------------------------------------------------------
      x1 |   1.085714    .052604     20.639   0.000       .9826114    1.188818
      x2 |   .9824472   .0134373     73.113   0.000       .9561102    1.008784
      x3 |   1.004684   .0107764     93.230   0.000        .983562    1.025805
      x4 |  -.0037666   .0057411     -0.656   0.512      -.0150192    .0074859
   _cons |   .9046807    .061293     14.760   0.000       .7845472    1.024814
------------------------------------------------------------------------------
** Simulations follow:
 
Sample size:  25
Results file: 1c40025
06:34:12. Working...
06:34:25. 1 completed. Next notice is 10.
06:35:19. 10 completed. Next notice is 25.
06:37:07. 25 completed. Next notice is 50.
06:39:59. 50 completed. Next notice is 100.
06:45:42. 100 completed. Next notice is 200.
06:57:07. 200 completed. Next notice is 300.
07:08:17. 300 completed. Next notice is 400.
07:19:44. 400 completed. Next notice is 500.
07:31:05. 500 completed. Next notice is 600.
07:42:26. 600 completed. Next notice is 700.
07:53:36. 700 completed. Next notice is 800.
08:04:55. 800 completed. Next notice is 900.
08:16:19. 900 completed. Next notice is 950.
08:21:59. 950 completed. Next notice is 975.
08:24:51. 975 completed. Next notice is 990.
08:26:31. 990 completed. Next notice is completion.
08:27:34. Iterations complete.
 
Sample size:  50
Results file: 1c40050
(Note: file 1c40050.dta not found)
08:27:34. Working...
08:27:47. 1 completed. Next notice is 10.
08:28:36. 10 completed. Next notice is 25.
08:30:19. 25 completed. Next notice is 50.
08:33:07. 50 completed. Next notice is 100.
08:38:49. 100 completed. Next notice is 200.
08:50:20. 200 completed. Next notice is 300.
09:01:48. 300 completed. Next notice is 400.
09:13:10. 400 completed. Next notice is 500.
09:24:30. 500 completed. Next notice is 600.
09:35:57. 600 completed. Next notice is 700.
09:47:18. 700 completed. Next notice is 800.
09:58:56. 800 completed. Next notice is 900.
10:10:18. 900 completed. Next notice is 950.
10:16:06. 950 completed. Next notice is 975.
10:18:56. 975 completed. Next notice is 990.
10:20:36. 990 completed. Next notice is completion.
10:21:46. Iterations complete.
 
Sample size:  100
Results file: 1c40100
(Note: file 1c40100.dta not found)
10:21:46. Working...
10:21:59. 1 completed. Next notice is 10.
10:22:53. 10 completed. Next notice is 25.
10:24:40. 25 completed. Next notice is 50.
10:27:34. 50 completed. Next notice is 100.
10:33:18. 100 completed. Next notice is 200.
10:44:44. 200 completed. Next notice is 300.
10:56:11. 300 completed. Next notice is 400.
11:07:37. 400 completed. Next notice is 500.
11:19:07. 500 completed. Next notice is 600.
11:31:18. 600 completed. Next notice is 700.
11:45:23. 700 completed. Next notice is 800.
12:04:45. 800 completed. Next notice is 900.
12:16:53. 900 completed. Next notice is 950.
12:23:06. 950 completed. Next notice is 975.
12:26:06. 975 completed. Next notice is 990.
12:27:59. 990 completed. Next notice is completion.
12:29:14. Iterations complete.
 
Sample size:  250
Results file: 1c40250
(Note: file 1c40250.dta not found)
12:29:15. Working...
12:29:28. 1 completed. Next notice is 10.
12:30:27. 10 completed. Next notice is 25.
12:32:20. 25 completed. Next notice is 50.
12:35:23. 50 completed. Next notice is 100.
12:41:30. 100 completed. Next notice is 200.
12:53:38. 200 completed. Next notice is 300.
13:05:52. 300 completed. Next notice is 400.
13:18:06. 400 completed. Next notice is 500.
13:30:17. 500 completed. Next notice is 600.
13:42:27. 600 completed. Next notice is 700.
13:54:33. 700 completed. Next notice is 800.
14:06:46. 800 completed. Next notice is 900.
14:18:56. 900 completed. Next notice is 950.
14:25:06. 950 completed. Next notice is 975.
14:28:10. 975 completed. Next notice is 990.
14:30:00. 990 completed. Next notice is completion.
14:31:13. Iterations complete.
 
Sample size:  500
Results file: 1c40500
(Note: file 1c40500.dta not found)
14:31:13. Working...
14:31:27. 1 completed. Next notice is 10.
14:32:25. 10 completed. Next notice is 25.
14:34:13. 25 completed. Next notice is 50.
14:37:16. 50 completed. Next notice is 100.
14:43:26. 100 completed. Next notice is 200.
14:55:44. 200 completed. Next notice is 300.
15:07:58. 300 completed. Next notice is 400.
15:20:16. 400 completed. Next notice is 500.
15:32:38. 500 completed. Next notice is 600.
15:44:41. 600 completed. Next notice is 700.
15:57:08. 700 completed. Next notice is 800.
16:09:31. 800 completed. Next notice is 900.
16:21:45. 900 completed. Next notice is 950.
16:27:51. 950 completed. Next notice is 975.
16:30:54. 975 completed. Next notice is 990.
16:32:45. 990 completed. Next notice is completion.
16:33:59. Iterations complete.
 
Sample size:  1000
Results file: 1c41000
(Note: file 1c41000.dta not found)
16:33:59. Working...
16:34:13. 1 completed. Next notice is 10.
16:35:12. 10 completed. Next notice is 25.
16:37:02. 25 completed. Next notice is 50.
16:40:07. 50 completed. Next notice is 100.
16:46:19. 100 completed. Next notice is 200.
16:58:50. 200 completed. Next notice is 300.
17:11:15. 300 completed. Next notice is 400.
17:23:45. 400 completed. Next notice is 500.
17:36:08. 500 completed. Next notice is 600.
17:48:50. 600 completed. Next notice is 700.
18:01:13. 700 completed. Next notice is 800.
18:13:35. 800 completed. Next notice is 900.
18:25:54. 900 completed. Next notice is 950.
18:32:05. 950 completed. Next notice is 975.
18:35:09. 975 completed. Next notice is 990.
18:36:58. 990 completed. Next notice is completion.
18:38:16. Iterations complete.

.     di "Iterations complete.
Iterations complete.

.     ts
* 22 Mar 1998 - 18:38:17

.     hcresult 1 1c4 25 50 100 250 500 1000
** Constructing data to analyze...
* 22 Mar 1998 - 18:38:18
*  Population:      hc1
*  Data Label:      hc1
*  Factor:          .9700000286102294
*  R2:              .39
*  Structure:       1c4
*  Sample N's:      25 50 100 250 500 1000
*  Sig Level:       05
 
** Population data set hc1 with structure 1c4.

Variable |     Obs        Mean   Std. Dev.       Min        Max
---------+-----------------------------------------------------
       y |  100000    5.598549   3.261674  -2.196802   27.86192  
      x1 |  100000    1.499012   .2886124    1.00002   1.999999  
      x2 |  100000    1.498522   1.053486  -2.241696   5.101119  
      x3 |  100000    1.600192    1.03109   .0011668   12.12769  
      x4 |  100000     3.59375   1.692207  -2.283696   15.27936  

  Source |       SS       df       MS                  Number of obs =  100000
---------+------------------------------               F(  4, 99995) =15783.52
   Model |  411726.918     4  102931.729               Prob > F      =  0.0000
Residual |  652114.213 99995   6.5214682               R-squared     =  0.3870
---------+------------------------------               Adj R-squared =  0.3870
   Total |  1063841.13 99999  10.6385177               Root MSE      =  2.5537

------------------------------------------------------------------------------
       y |      Coef.   Std. Err.       t     P>|t|       [95% Conf. Interval]
---------+--------------------------------------------------------------------
      x1 |   1.085714    .052604     20.639   0.000       .9826114    1.188818
      x2 |   .9824472   .0134373     73.113   0.000       .9561102    1.008784
      x3 |   1.004684   .0107764     93.230   0.000        .983562    1.025805
      x4 |  -.0037666   .0057411     -0.656   0.512      -.0150192    .0074859
   _cons |   .9046807    .061293     14.760   0.000       .7845472    1.024814
------------------------------------------------------------------------------
 
* Results statistics have the format:
 c1:   [s|p] - size or power
 c2-4: [0HC|1HC|2HC|3HC|OLS] - method of computing covariance matrix.
 c2:   [0|1|2|3] - HC method after screening.
 c3:   [W|G|B|C] - type of screening
 c4:   [1|5] - screen at .05 or .10 level
 c5-6: [05|10] - sig level of test
 c7-8: [b1|b2|b3|b4] - test statistic
(Note: file 1c4res05.dta not found)
 
** Description of 1c40025

Variable |     Obs        Mean   Std. Dev.       Min        Max
---------+-----------------------------------------------------
      s1 |    1000    .9862945   4.347948  -13.25751   17.95618  
      s2 |    1000    .9699626   3.868263  -13.23266    14.1322  
      s3 |    1000    1.018647   .9757374  -2.746975   4.484935  
      s4 |    1000    1.038778   .9512624  -2.997414   5.435628  
      s5 |    1000   -.0089238   .4125117    -1.5369   1.398879  
    s1m1 |    1000     3.61342   1.258412   1.072675   9.330101  
    s2m1 |    1000    3.173485   1.138622   .9774254   9.314062  
    s3m1 |    1000    .7918176   .2855514   .2835564   2.193959  
    s4m1 |    1000     .676342   .3336173   .1610016   2.544216  
    s5m1 |    1000    .3336421   .1082349   .1121299   .9735529  
    s1m2 |    1000    4.039926   1.406947   1.199288   10.43137  
    s2m2 |    1000    3.548064   1.273018   1.092795   10.41344  
    s3m2 |    1000     .885279   .3192562   .3170257    2.45292  
    s4m2 |    1000    .7561734   .3729955   .1800053    2.84452  
    s5m2 |    1000    .3730233   .1210103    .125365   1.088465  
    s1m3 |    1000    4.184983   1.486143   1.194393   11.15971  
    s2m3 |    1000    3.701791   1.350064   1.076216    10.8505  
    s3m3 |    1000    .9175576   .3347545   .3285498   2.544759  
    s4m3 |    1000    .8246546   .4135622   .1836006   3.226146  
    s5m3 |    1000    .3833553   .1266779   .1260533   1.120863  
    s1m4 |    1000    4.944475   1.819799   1.339982   13.55583  
    s2m4 |    1000    4.427479   1.675676   1.206869   12.71451  
    s3m4 |    1000    1.078072   .4034031   .3823907   2.977653  
    s4m4 |    1000    1.061518   .5735541    .223825   4.335964  
    s5m4 |    1000    .4456851   .1515909   .1447086   1.297453  
    s1m5 |    1000    4.284446   1.202813   1.522245   9.429125  
    s2m5 |    1000    3.736159   1.086537   1.293468   8.710195  
    s3m5 |    1000    .9302172   .2673551   .3794533   2.175619  
    s4m5 |    1000    .8608293   .3565471   .2500217   3.282328  
    s5m5 |    1000    .3939453   .1063008   .1670883   1.037231  
      wh |    1000    14.24483   4.379777    3.52248   24.33867  
    whpr |    1000    .4677833   .2715402   .0416859   .9977198  
      bp |    1000     5.26197   4.098788   .1754492   30.52134  
    bppr |    1000    .4141256   .2982723   3.83e-06     .99637  
      gl |    1000    5.131809   2.967527   .1083991   15.34688  
    glpr |    1000     .376688   .2741642   .0040333   .9985832  
      cw |    1000    1.757801   2.547183   1.11e-06   22.65278  
    cwpr |    1000    .4067023    .302784   1.94e-06   .9991612  
  seedis |    1000    1.10e+07          0   1.10e+07   1.10e+07  
   niter |    1000        1000          0       1000       1000  
dsnumber |    1000           1          0          1          1  
 dslabel |    1000           1          0          1          1  
  factor |    1000         .97          0        .97        .97  
      R2 |    1000    .3870192          0   .3870192   .3870192  
 sampleN |    1000          25          0         25         25  
 
** Results for:
*  Sample Size:     25
*  Selection Seed:  11020760
*  # of Iterations: 1000
*  Sig Level:       05
*  Means of sample estimates of:
   b0 = .9862944519564044
   b1 = .9699626335492358
   b2 = 1.018647406476899
   b3 = 1.038778142283554
   b4 = -.0089237564550131
 
** Description of 1c40050

Variable |     Obs        Mean   Std. Dev.       Min        Max
---------+-----------------------------------------------------
      s1 |    1000    .7424067   2.829743  -8.302496   10.13874  
      s2 |    1000    1.167982   2.531705  -6.817502   9.184274  
      s3 |    1000    .9745306   .6372638   -1.37859   3.156186  
      s4 |    1000    1.027712   .5742229  -.8992468   3.073317  
      s5 |    1000    .0022863   .2736954  -.8391626   1.251894  
    s1m1 |    1000    2.612025   .6276744   1.297235   5.831845  
    s2m1 |    1000    2.290278   .5585208   1.060287   4.782678  
    s3m1 |    1000    .5812219   .1421339   .2880687   1.118582  
    s4m1 |    1000    .4694503    .174874   .1350672   1.524397  
    s5m1 |    1000    .2445058   .0567469   .1212535   .5909647  
    s1m2 |    1000    2.753316   .6616269   1.367406   6.147305  
    s2m2 |    1000    2.414165   .5887326   1.117641   5.041385  
    s3m2 |    1000    .6126617   .1498223   .3036511   1.179089  
    s4m2 |    1000     .494844   .1843334   .1423733   1.606855  
    s5m2 |    1000    .2577317   .0598165   .1278124   .6229315  
    s1m3 |    1000    2.802006   .6872793   1.365943   6.326427  
    s2m3 |    1000    2.469385   .6176015   1.117719    5.55132  
    s3m3 |    1000     .623665   .1547184   .3045844   1.188774  
    s4m3 |    1000    .5243555   .2055684   .1430187   2.081146  
    s5m3 |    1000    .2612812   .0612957   .1274216    .634498  
    s1m4 |    1000    3.022747   .7698422   1.437663    8.18802  
    s2m4 |    1000    2.683547   .7065037   1.181132   8.046202  
    s3m4 |    1000    .6712926   .1697137   .3206058   1.380074  
    s4m4 |    1000    .5976471   .2591938   .1517029   3.093845  
    s5m4 |    1000    .2801334    .066752   .1341048   .6814307  
    s1m5 |    1000    2.877962   .5291262   1.571578   4.933748  
    s2m5 |    1000     2.49301   .4699615   1.373576   4.238798  
    s3m5 |    1000    .6319771   .1186056   .3272267   1.082502  
    s4m5 |    1000    .5371486   .1403495   .2243284   1.108924  
    s5m5 |    1000     .268265   .0496602   .1447473   .4937552  
      wh |    1000    14.04602   6.238788   2.506969   39.47833  
    whpr |    1000    .5166465   .3136658   .0003075   .9996746  
      bp |    1000    6.946628    5.81399   .0650887   46.81832  
    bppr |    1000    .3277898   .2915119   1.66e-09   .9994818  
      gl |    1000     5.70092   3.629383   .0922625   20.32621  
    glpr |    1000    .3512977   .2755757   .0004305   .9989681  
      cw |    1000    2.623956   3.626753   7.47e-06   31.77962  
    cwpr |    1000    .3388198   .3020863   1.73e-08   .9978197  
  seedis |    1000    1.10e+07          0   1.10e+07   1.10e+07  
   niter |    1000        1000          0       1000       1000  
dsnumber |    1000           1          0          1          1  
 dslabel |    1000           1          0          1          1  
  factor |    1000         .97          0        .97        .97  
      R2 |    1000    .3870192          0   .3870192   .3870192  
 sampleN |    1000          50          0         50         50  
 
** Results for:
*  Sample Size:     50
*  Selection Seed:  11020760
*  # of Iterations: 1000
*  Sig Level:       05
*  Means of sample estimates of:
   b0 = .7424066751399078
   b1 = 1.167982368979137
   b2 = .974530649949098
   b3 = 1.02771211189637
   b4 = .0022862954741868
 
** Description of 1c40100

Variable |     Obs        Mean   Std. Dev.       Min        Max
---------+-----------------------------------------------------
      s1 |    1000    .9734471   1.954278  -8.156675   6.951114  
      s2 |    1000    1.041504   1.733551  -3.840393   8.434817  
      s3 |    1000     .976297   .4341948  -.6635171   2.174961  
      s4 |    1000    1.007323   .3759464  -.5214871    2.79625  
      s5 |    1000   -.0046856   .1812479  -.6194473   .5389716  
    s1m1 |    1000    1.889646   .3528658   1.044401   3.456115  
    s2m1 |    1000    1.644628    .308838   .8856246   3.040812  
    s3m1 |    1000    .4136416   .0730357   .2392036   .7125134  
    s4m1 |    1000    .3354236   .0905069   .1422079   .8097204  
    s5m1 |    1000     .178742   .0326562   .1133403     .34955  
    s1m2 |    1000    1.938736   .3620326   1.071533   3.545899  
    s2m2 |    1000    1.687353   .3168611   .9086317   3.119807  
    s3m2 |    1000    .4243873    .074933   .2454177   .7310234  
    s4m2 |    1000    .3441373   .0928581   .1459023   .8307556  
    s5m2 |    1000    .1833854   .0335045   .1162847   .3586307  
    s1m3 |    1000    1.955334   .3674729   1.077695   3.585089  
    s2m3 |    1000    1.706938   .3226983   .9120478   3.148853  
    s3m3 |    1000    .4283248   .0762603   .2458455   .7453448  
    s4m3 |    1000    .3556654   .0978814   .1501901   .8512407  
    s5m3 |    1000    .1846465   .0339106   .1162119   .3603853  
    s1m4 |    1000    2.025913   .3834942   1.112497   3.721356  
    s2m4 |    1000    1.775138   .3385787   .9407651   3.263961  
    s3m4 |    1000    .4439046   .0797743   .2527316   .7804381  
    s4m4 |    1000    .3794985   .1082744   .1552484   .9164881  
    s5m4 |    1000    .1908906   .0352506   .1192206   .3716386  
    s1m5 |    1000    1.981783   .2687177   1.333655    3.27387  
    s2m5 |    1000    1.709414   .2337911   1.104341   2.570918  
    s3m5 |    1000    .4317896   .0581055   .3003058    .654711  
    s4m5 |    1000    .3615114   .0693791     .19894   .6809651  
    s5m5 |    1000    .1849763   .0235451   .1243644   .2907138  
      wh |    1000    13.84431   7.068466   2.844465   55.81877  
    whpr |    1000    .5422608   .3163555   6.26e-07   .9993182  
      bp |    1000    8.361888      6.742   .3735177   53.15651  
    bppr |    1000    .2647589   .2719689   7.90e-11   .9845871  
      gl |    1000     6.15469   4.043184   .2062677   24.98928  
    glpr |    1000    .3312875   .2817124   .0000506   .9950336  
      cw |    1000    3.290117   4.124482   .0000658   30.16621  
    cwpr |    1000    .2891245   .2953355   3.97e-08   .9935278  
  seedis |    1000    1.10e+07          0   1.10e+07   1.10e+07  
   niter |    1000        1000          0       1000       1000  
dsnumber |    1000           1          0          1          1  
 dslabel |    1000           1          0          1          1  
  factor |    1000         .97          0        .97        .97  
      R2 |    1000    .3870192          0   .3870192   .3870192  
 sampleN |    1000         100          0        100        100  
 
** Results for:
*  Sample Size:     100
*  Selection Seed:  11020760
*  # of Iterations: 1000
*  Sig Level:       05
*  Means of sample estimates of:
   b0 = .9734470985904336
   b1 = 1.041503788643691
   b2 = .9762969844304024
   b3 = 1.007322736464441
   b4 = -.0046856365688072
 
** Description of 1c40250

Variable |     Obs        Mean   Std. Dev.       Min        Max
---------+-----------------------------------------------------
      s1 |    1000    .9136864   1.263791   -3.54961   4.821268  
      s2 |    1000    1.078027   1.113981  -2.192013   5.093132  
      s3 |    1000    .9821244   .2779029  -.1288026   1.933076  
      s4 |    1000     .998369   .2307192   .2373915   1.687342  
      s5 |    1000    -.001211   .1117372  -.3846966   .3636299  
    s1m1 |    1000    1.197792   .1386029   .8574855   1.820603  
    s2m1 |    1000    1.044094   .1244299   .7211549   1.644557  
    s3m1 |    1000    .2652804   .0308403   .1747179   .3964902  
    s4m1 |    1000    .2120736   .0410033   .1143539   .3798154  
    s5m1 |    1000       .1126    .013057   .0859924   .1891072  
    s1m2 |    1000    1.209952   .1400101   .8661912   1.839087  
    s2m2 |    1000    1.054694   .1256932   .7284765   1.661253  
    s3m2 |    1000    .2679737   .0311534   .1764917   .4005156  
    s4m2 |    1000    .2142267   .0414196   .1155149   .3836715  
    s5m2 |    1000    .1137431   .0131896   .0868655   .1910271  
    s1m3 |    1000    1.214488   .1414253   .8668221    1.84899  
    s2m3 |    1000     1.06036   .1275328   .7296095   1.670507  
    s3m3 |    1000    .2690001   .0314179   .1767657   .4040481  
    s4m3 |    1000      .21799   .0433621   .1165592   .4016668  
    s5m3 |    1000    .1140514   .0132781   .0869509   .1918401  
    s1m4 |    1000     1.23181   .1445427    .876372   1.877907  
    s2m4 |    1000    1.077439   .1311392   .7383765   1.733119  
    s3m4 |    1000    .2728144   .0320179   .1788586    .411786  
    s4m4 |    1000     .224442   .0462413   .1189665   .4313001  
    s5m4 |    1000    .1155365   .0135074   .0878962   .1946241  
    s1m5 |    1000    1.235011    .099358   .9490434   1.612227  
    s2m5 |    1000     1.06209   .0869464   .7888439     1.3816  
    s3m5 |    1000    .2704982   .0218267   .2027432    .353718  
    s4m5 |    1000    .2194919   .0251958   .1545864   .3331793  
    s5m5 |    1000    .1150767   .0090817   .0898662   .1549008  
      wh |    1000    15.40948    7.57096   3.681237   64.21385  
    whpr |    1000    .4681727   .3202193   2.11e-08    .997098  
      bp |    1000    12.34028   8.887424   .5060825   52.49307  
    bppr |    1000    .1479858   .2202179   1.09e-10   .9729062  
      gl |    1000    8.580557   5.530783   .3941096    36.4196  
    glpr |    1000    .2172888   .2437627   2.37e-07   .9829563  
      cw |    1000    5.839415   6.561448   2.39e-07   46.97802  
    cwpr |    1000    .1922944   .2671049   7.18e-12   .9996096  
  seedis |    1000    1.10e+07          0   1.10e+07   1.10e+07  
   niter |    1000        1000          0       1000       1000  
dsnumber |    1000           1          0          1          1  
 dslabel |    1000           1          0          1          1  
  factor |    1000         .97          0        .97        .97  
      R2 |    1000    .3870192          0   .3870192   .3870192  
 sampleN |    1000         250          0        250        250  
 
** Results for:
*  Sample Size:     250
*  Selection Seed:  11020760
*  # of Iterations: 1000
*  Sig Level:       05
*  Means of sample estimates of:
   b0 = .913686366822105
   b1 = 1.078027290495578
   b2 = .9821244052872062
   b3 = .9983690222650766
   b4 = -.0012109993893082
 
** Description of 1c40500

Variable |     Obs        Mean   Std. Dev.       Min        Max
---------+-----------------------------------------------------
      s1 |    1000    .9409962   .8294436  -2.021366   3.413439  
      s2 |    1000    1.051261   .7229353  -1.272575   3.708474  
      s3 |    1000    .9843133   .1868147   .4025986   1.525678  
      s4 |    1000    1.011338   .1546332    .458713   1.668041  
      s5 |    1000   -.0039655   .0794994   -.266682   .2646302  
    s1m1 |    1000    .8491286   .0712778   .6628234   1.161563  
    s2m1 |    1000    .7391826   .0629539   .5604519   1.032186  
    s3m1 |    1000    .1883823     .01516   .1400352   .2352292  
    s4m1 |    1000    .1508063   .0209435    .100391   .2818912  
    s5m1 |    1000    .0805628   .0064096   .0633023   .1112649  
    s1m2 |    1000    .8534064   .0716369   .6661626   1.167414  
    s2m2 |    1000    .7429065   .0632711   .5632753   1.037386  
    s3m2 |    1000    .1893314   .0152363   .1407407   .2364142  
    s4m2 |    1000     .151566   .0210491   .1008968   .2833113  
    s5m2 |    1000    .0809687   .0064419   .0636212   .1118254  
    s1m3 |    1000    .8549492   .0720067   .6665672   1.179013  
    s2m3 |    1000    .7448567   .0637556   .5649087   1.048706  
    s3m3 |    1000    .1896917   .0153056   .1409795   .2372957  
    s4m3 |    1000    .1529127   .0215735    .101339   .2916552  
    s5m3 |    1000    .0810786   .0064631   .0636811   .1121747  
    s1m4 |    1000    .8608744   .0727667    .670344   1.197725  
    s2m4 |    1000    .7506699    .064613   .5694937   1.066145  
    s3m4 |    1000    .1910175   .0154543   .1419339   .2393924  
    s4m4 |    1000    .1551194   .0222688   .1023194   .3019826  
    s5m4 |    1000    .0816003   .0065176   .0640634   .1130946  
    s1m5 |    1000    .8708442   .0500461   .7072207   1.029776  
    s2m5 |    1000    .7482083   .0432488   .6111211   .8818462  
    s3m5 |    1000    .1908558    .010876   .1572965   .2316511  
    s4m5 |    1000    .1540527   .0124937   .1229324   .2001414  
    s5m5 |    1000    .0814646   .0045112   .0684701      .0986  
      wh |    1000     17.2164   8.007317   3.980023   56.23377  
    whpr |    1000    .3856509   .3004535   5.31e-07   .9955851  
      bp |    1000    17.27168   10.53616   .1511431    64.3862  
    bppr |    1000    .0664875   .1517224   3.47e-13   .9972844  
      gl |    1000    12.07558   6.852085   .1418957   42.96746  
    glpr |    1000    .1188466   .1949657   1.05e-08   .9975991  
      cw |    1000    9.367702     8.3481   .0000312   48.82363  
    cwpr |    1000    .0956648   .1921564   2.80e-12   .9955464  
  seedis |    1000    1.10e+07          0   1.10e+07   1.10e+07  
   niter |    1000        1000          0       1000       1000  
dsnumber |    1000           1          0          1          1  
 dslabel |    1000           1          0          1          1  
  factor |    1000         .97          0        .97        .97  
      R2 |    1000    .3870192          0   .3870192   .3870192  
 sampleN |    1000         500          0        500        500  
 
** Results for:
*  Sample Size:     500
*  Selection Seed:  11020760
*  # of Iterations: 1000
*  Sig Level:       05
*  Means of sample estimates of:
   b0 = .9409961730164942
   b1 = 1.051260894958279
   b2 = .9843132988512516
   b3 = 1.011338459342718
   b4 = -.0039654985719244
 
** Description of 1c41000

Variable |     Obs        Mean   Std. Dev.       Min        Max
---------+-----------------------------------------------------
      s1 |    1000    .9010611   .5989163  -.7069857   2.969405  
      s2 |    1000    1.086082    .524914  -.7830639   2.456582  
      s3 |    1000    .9838436   .1344348   .5763519    1.41328  
      s4 |    1000    1.004093   .1100613   .6722692   1.386101  
      s5 |    1000   -.0028398   .0557147  -.1910632   .1643907  
    s1m1 |    1000    .6012996   .0354953   .4848373   .7291036  
    s2m1 |    1000    .5241708   .0311206   .4247414   .6244835  
    s3m1 |    1000    .1337375   .0077417   .1116352   .1653143  
    s4m1 |    1000    .1074421   .0107118   .0789036   .1525616  
    s5m1 |    1000    .0569386   .0032123   .0492029   .0686677  
    s1m2 |    1000    .6028086   .0355844   .4860539   .7309332  
    s2m2 |    1000    .5254861   .0311987   .4258072   .6260506  
    s3m2 |    1000    .1340731   .0077611   .1119153   .1657292  
    s4m2 |    1000    .1077117   .0107386   .0791016   .1529444  
    s5m2 |    1000    .0570814   .0032204   .0493264     .06884  
    s1m3 |    1000    .6033762   .0356679   .4863451   .7316965  
    s2m3 |    1000    .5262306   .0313105   .4262071    .627234  
    s3m3 |    1000    .1342054   .0077799   .1120129   .1660403  
    s4m3 |    1000     .108258   .0109173   .0792779   .1546895  
    s5m3 |    1000    .0571218   .0032261   .0493587   .0689309  
    s1m4 |    1000    .6054725   .0358438   .4878615   .7343066  
    s2m4 |    1000    .5283182   .0315076   .4276831   .6300094  
    s3m4 |    1000    .1346763   .0078185   .1123927   .1667715  
    s4m4 |    1000    .1090957   .0111357   .0796561   .1568771  
    s5m4 |    1000    .0573061     .00324   .0495155   .0691956  
    s1m5 |    1000    .6137706   .0246028   .5360171   .6873149  
    s2m5 |    1000    .5267171   .0214681   .4560606   .5933374  
    s3m5 |    1000    .1346274   .0054715   .1174534   .1507957  
    s4m5 |    1000    .1081412   .0062605   .0886427   .1309092  
    s5m5 |    1000    .0574556   .0022009    .050318   .0652829  
      wh |    1000    21.90615   8.787134    3.76311   57.44403  
    whpr |    1000    .2179867   .2517859   3.28e-07   .9967306  
      bp |    1000    27.49759   14.52554   1.328238   90.19021  
    bppr |    1000    .0181243   .0743413          0   .8565667  
      gl |    1000    20.03209   9.574225   2.213728   54.19457  
    glpr |    1000    .0287033   .0811719   4.79e-11   .6965168  
      cw |    1000    17.35221   11.89819   .0007002   60.79179  
    cwpr |    1000    .0295861   .1077922   6.33e-15     .97889  
  seedis |    1000    1.10e+07          0   1.10e+07   1.10e+07  
   niter |    1000        1000          0       1000       1000  
dsnumber |    1000           1          0          1          1  
 dslabel |    1000           1          0          1          1  
  factor |    1000         .97          0        .97        .97  
      R2 |    1000    .3870192          0   .3870192   .3870192  
 sampleN |    1000        1000          0       1000       1000  
 
** Results for:
*  Sample Size:     1000
*  Selection Seed:  11020760
*  # of Iterations: 1000
*  Sig Level:       05
*  Means of sample estimates of:
   b0 = .9010611011460424
   b1 = 1.086081993505533
   b2 = .9838436116576194
   b3 = 1.004093311965466
   b4 = -.0028397901383214
(Note: file 1c4res10.dta not found)
 
** Description of 1c40025

Variable |     Obs        Mean   Std. Dev.       Min        Max
---------+-----------------------------------------------------
      s1 |    1000    .9862945   4.347948  -13.25751   17.95618  
      s2 |    1000    .9699626   3.868263  -13.23266    14.1322  
      s3 |    1000    1.018647   .9757374  -2.746975   4.484935  
      s4 |    1000    1.038778   .9512624  -2.997414   5.435628  
      s5 |    1000   -.0089238   .4125117    -1.5369   1.398879  
    s1m1 |    1000     3.61342   1.258412   1.072675   9.330101  
    s2m1 |    1000    3.173485   1.138622   .9774254   9.314062  
    s3m1 |    1000    .7918176   .2855514   .2835564   2.193959  
    s4m1 |    1000     .676342   .3336173   .1610016   2.544216  
    s5m1 |    1000    .3336421   .1082349   .1121299   .9735529  
    s1m2 |    1000    4.039926   1.406947   1.199288   10.43137  
    s2m2 |    1000    3.548064   1.273018   1.092795   10.41344  
    s3m2 |    1000     .885279   .3192562   .3170257    2.45292  
    s4m2 |    1000    .7561734   .3729955   .1800053    2.84452  
    s5m2 |    1000    .3730233   .1210103    .125365   1.088465  
    s1m3 |    1000    4.184983   1.486143   1.194393   11.15971  
    s2m3 |    1000    3.701791   1.350064   1.076216    10.8505  
    s3m3 |    1000    .9175576   .3347545   .3285498   2.544759  
    s4m3 |    1000    .8246546   .4135622   .1836006   3.226146  
    s5m3 |    1000    .3833553   .1266779   .1260533   1.120863  
    s1m4 |    1000    4.944475   1.819799   1.339982   13.55583  
    s2m4 |    1000    4.427479   1.675676   1.206869   12.71451  
    s3m4 |    1000    1.078072   .4034031   .3823907   2.977653  
    s4m4 |    1000    1.061518   .5735541    .223825   4.335964  
    s5m4 |    1000    .4456851   .1515909   .1447086   1.297453  
    s1m5 |    1000    4.284446   1.202813   1.522245   9.429125  
    s2m5 |    1000    3.736159   1.086537   1.293468   8.710195  
    s3m5 |    1000    .9302172   .2673551   .3794533   2.175619  
    s4m5 |    1000    .8608293   .3565471   .2500217   3.282328  
    s5m5 |    1000    .3939453   .1063008   .1670883   1.037231  
      wh |    1000    14.24483   4.379777    3.52248   24.33867  
    whpr |    1000    .4677833   .2715402   .0416859   .9977198  
      bp |    1000     5.26197   4.098788   .1754492   30.52134  
    bppr |    1000    .4141256   .2982723   3.83e-06     .99637  
      gl |    1000    5.131809   2.967527   .1083991   15.34688  
    glpr |    1000     .376688   .2741642   .0040333   .9985832  
      cw |    1000    1.757801   2.547183   1.11e-06   22.65278  
    cwpr |    1000    .4067023    .302784   1.94e-06   .9991612  
  seedis |    1000    1.10e+07          0   1.10e+07   1.10e+07  
   niter |    1000        1000          0       1000       1000  
dsnumber |    1000           1          0          1          1  
 dslabel |    1000           1          0          1          1  
  factor |    1000         .97          0        .97        .97  
      R2 |    1000    .3870192          0   .3870192   .3870192  
 sampleN |    1000          25          0         25         25  
 
** Results for:
*  Sample Size:     25
*  Selection Seed:  11020760
*  # of Iterations: 1000
*  Sig Level:       10
*  Means of sample estimates of:
   b0 = .9862944519564044
   b1 = .9699626335492358
   b2 = 1.018647406476899
   b3 = 1.038778142283554
   b4 = -.0089237564550131
 
** Description of 1c40050

Variable |     Obs        Mean   Std. Dev.       Min        Max
---------+-----------------------------------------------------
      s1 |    1000    .7424067   2.829743  -8.302496   10.13874  
      s2 |    1000    1.167982   2.531705  -6.817502   9.184274  
      s3 |    1000    .9745306   .6372638   -1.37859   3.156186  
      s4 |    1000    1.027712   .5742229  -.8992468   3.073317  
      s5 |    1000    .0022863   .2736954  -.8391626   1.251894  
    s1m1 |    1000    2.612025   .6276744   1.297235   5.831845  
    s2m1 |    1000    2.290278   .5585208   1.060287   4.782678  
    s3m1 |    1000    .5812219   .1421339   .2880687   1.118582  
    s4m1 |    1000    .4694503    .174874   .1350672   1.524397  
    s5m1 |    1000    .2445058   .0567469   .1212535   .5909647  
    s1m2 |    1000    2.753316   .6616269   1.367406   6.147305  
    s2m2 |    1000    2.414165   .5887326   1.117641   5.041385  
    s3m2 |    1000    .6126617   .1498223   .3036511   1.179089  
    s4m2 |    1000     .494844   .1843334   .1423733   1.606855  
    s5m2 |    1000    .2577317   .0598165   .1278124   .6229315  
    s1m3 |    1000    2.802006   .6872793   1.365943   6.326427  
    s2m3 |    1000    2.469385   .6176015   1.117719    5.55132  
    s3m3 |    1000     .623665   .1547184   .3045844   1.188774  
    s4m3 |    1000    .5243555   .2055684   .1430187   2.081146  
    s5m3 |    1000    .2612812   .0612957   .1274216    .634498  
    s1m4 |    1000    3.022747   .7698422   1.437663    8.18802  
    s2m4 |    1000    2.683547   .7065037   1.181132   8.046202  
    s3m4 |    1000    .6712926   .1697137   .3206058   1.380074  
    s4m4 |    1000    .5976471   .2591938   .1517029   3.093845  
    s5m4 |    1000    .2801334    .066752   .1341048   .6814307  
    s1m5 |    1000    2.877962   .5291262   1.571578   4.933748  
    s2m5 |    1000     2.49301   .4699615   1.373576   4.238798  
    s3m5 |    1000    .6319771   .1186056   .3272267   1.082502  
    s4m5 |    1000    .5371486   .1403495   .2243284   1.108924  
    s5m5 |    1000     .268265   .0496602   .1447473   .4937552  
      wh |    1000    14.04602   6.238788   2.506969   39.47833  
    whpr |    1000    .5166465   .3136658   .0003075   .9996746  
      bp |    1000    6.946628    5.81399   .0650887   46.81832  
    bppr |    1000    .3277898   .2915119   1.66e-09   .9994818  
      gl |    1000     5.70092   3.629383   .0922625   20.32621  
    glpr |    1000    .3512977   .2755757   .0004305   .9989681  
      cw |    1000    2.623956   3.626753   7.47e-06   31.77962  
    cwpr |    1000    .3388198   .3020863   1.73e-08   .9978197  
  seedis |    1000    1.10e+07          0   1.10e+07   1.10e+07  
   niter |    1000        1000          0       1000       1000  
dsnumber |    1000           1          0          1          1  
 dslabel |    1000           1          0          1          1  
  factor |    1000         .97          0        .97        .97  
      R2 |    1000    .3870192          0   .3870192   .3870192  
 sampleN |    1000          50          0         50         50  
 
** Results for:
*  Sample Size:     50
*  Selection Seed:  11020760
*  # of Iterations: 1000
*  Sig Level:       10
*  Means of sample estimates of:
   b0 = .7424066751399078
   b1 = 1.167982368979137
   b2 = .974530649949098
   b3 = 1.02771211189637
   b4 = .0022862954741868
 
** Description of 1c40100

Variable |     Obs        Mean   Std. Dev.       Min        Max
---------+-----------------------------------------------------
      s1 |    1000    .9734471   1.954278  -8.156675   6.951114  
      s2 |    1000    1.041504   1.733551  -3.840393   8.434817  
      s3 |    1000     .976297   .4341948  -.6635171   2.174961  
      s4 |    1000    1.007323   .3759464  -.5214871    2.79625  
      s5 |    1000   -.0046856   .1812479  -.6194473   .5389716  
    s1m1 |    1000    1.889646   .3528658   1.044401   3.456115  
    s2m1 |    1000    1.644628    .308838   .8856246   3.040812  
    s3m1 |    1000    .4136416   .0730357   .2392036   .7125134  
    s4m1 |    1000    .3354236   .0905069   .1422079   .8097204  
    s5m1 |    1000     .178742   .0326562   .1133403     .34955  
    s1m2 |    1000    1.938736   .3620326   1.071533   3.545899  
    s2m2 |    1000    1.687353   .3168611   .9086317   3.119807  
    s3m2 |    1000    .4243873    .074933   .2454177   .7310234  
    s4m2 |    1000    .3441373   .0928581   .1459023   .8307556  
    s5m2 |    1000    .1833854   .0335045   .1162847   .3586307  
    s1m3 |    1000    1.955334   .3674729   1.077695   3.585089  
    s2m3 |    1000    1.706938   .3226983   .9120478   3.148853  
    s3m3 |    1000    .4283248   .0762603   .2458455   .7453448  
    s4m3 |    1000    .3556654   .0978814   .1501901   .8512407  
    s5m3 |    1000    .1846465   .0339106   .1162119   .3603853  
    s1m4 |    1000    2.025913   .3834942   1.112497   3.721356  
    s2m4 |    1000    1.775138   .3385787   .9407651   3.263961  
    s3m4 |    1000    .4439046   .0797743   .2527316   .7804381  
    s4m4 |    1000    .3794985   .1082744   .1552484   .9164881  
    s5m4 |    1000    .1908906   .0352506   .1192206   .3716386  
    s1m5 |    1000    1.981783   .2687177   1.333655    3.27387  
    s2m5 |    1000    1.709414   .2337911   1.104341   2.570918  
    s3m5 |    1000    .4317896   .0581055   .3003058    .654711  
    s4m5 |    1000    .3615114   .0693791     .19894   .6809651  
    s5m5 |    1000    .1849763   .0235451   .1243644   .2907138  
      wh |    1000    13.84431   7.068466   2.844465   55.81877  
    whpr |    1000    .5422608   .3163555   6.26e-07   .9993182  
      bp |    1000    8.361888      6.742   .3735177   53.15651  
    bppr |    1000    .2647589   .2719689   7.90e-11   .9845871  
      gl |    1000     6.15469   4.043184   .2062677   24.98928  
    glpr |    1000    .3312875   .2817124   .0000506   .9950336  
      cw |    1000    3.290117   4.124482   .0000658   30.16621  
    cwpr |    1000    .2891245   .2953355   3.97e-08   .9935278  
  seedis |    1000    1.10e+07          0   1.10e+07   1.10e+07  
   niter |    1000        1000          0       1000       1000  
dsnumber |    1000           1          0          1          1  
 dslabel |    1000           1          0          1          1  
  factor |    1000         .97          0        .97        .97  
      R2 |    1000    .3870192          0   .3870192   .3870192  
 sampleN |    1000         100          0        100        100  
 
** Results for:
*  Sample Size:     100
*  Selection Seed:  11020760
*  # of Iterations: 1000
*  Sig Level:       10
*  Means of sample estimates of:
   b0 = .9734470985904336
   b1 = 1.041503788643691
   b2 = .9762969844304024
   b3 = 1.007322736464441
   b4 = -.0046856365688072
 
** Description of 1c40250

Variable |     Obs        Mean   Std. Dev.       Min        Max
---------+-----------------------------------------------------
      s1 |    1000    .9136864   1.263791   -3.54961   4.821268  
      s2 |    1000    1.078027   1.113981  -2.192013   5.093132  
      s3 |    1000    .9821244   .2779029  -.1288026   1.933076  
      s4 |    1000     .998369   .2307192   .2373915   1.687342  
      s5 |    1000    -.001211   .1117372  -.3846966   .3636299  
    s1m1 |    1000    1.197792   .1386029   .8574855   1.820603  
    s2m1 |    1000    1.044094   .1244299   .7211549   1.644557  
    s3m1 |    1000    .2652804   .0308403   .1747179   .3964902  
    s4m1 |    1000    .2120736   .0410033   .1143539   .3798154  
    s5m1 |    1000       .1126    .013057   .0859924   .1891072  
    s1m2 |    1000    1.209952   .1400101   .8661912   1.839087  
    s2m2 |    1000    1.054694   .1256932   .7284765   1.661253  
    s3m2 |    1000    .2679737   .0311534   .1764917   .4005156  
    s4m2 |    1000    .2142267   .0414196   .1155149   .3836715  
    s5m2 |    1000    .1137431   .0131896   .0868655   .1910271  
    s1m3 |    1000    1.214488   .1414253   .8668221    1.84899  
    s2m3 |    1000     1.06036   .1275328   .7296095   1.670507  
    s3m3 |    1000    .2690001   .0314179   .1767657   .4040481  
    s4m3 |    1000      .21799   .0433621   .1165592   .4016668  
    s5m3 |    1000    .1140514   .0132781   .0869509   .1918401  
    s1m4 |    1000     1.23181   .1445427    .876372   1.877907  
    s2m4 |    1000    1.077439   .1311392   .7383765   1.733119  
    s3m4 |    1000    .2728144   .0320179   .1788586    .411786  
    s4m4 |    1000     .224442   .0462413   .1189665   .4313001  
    s5m4 |    1000    .1155365   .0135074   .0878962   .1946241  
    s1m5 |    1000    1.235011    .099358   .9490434   1.612227  
    s2m5 |    1000     1.06209   .0869464   .7888439     1.3816  
    s3m5 |    1000    .2704982   .0218267   .2027432    .353718  
    s4m5 |    1000    .2194919   .0251958   .1545864   .3331793  
    s5m5 |    1000    .1150767   .0090817   .0898662   .1549008  
      wh |    1000    15.40948    7.57096   3.681237   64.21385  
    whpr |    1000    .4681727   .3202193   2.11e-08    .997098  
      bp |    1000    12.34028   8.887424   .5060825   52.49307  
    bppr |    1000    .1479858   .2202179   1.09e-10   .9729062  
      gl |    1000    8.580557   5.530783   .3941096    36.4196  
    glpr |    1000    .2172888   .2437627   2.37e-07   .9829563  
      cw |    1000    5.839415   6.561448   2.39e-07   46.97802  
    cwpr |    1000    .1922944   .2671049   7.18e-12   .9996096  
  seedis |    1000    1.10e+07          0   1.10e+07   1.10e+07  
   niter |    1000        1000          0       1000       1000  
dsnumber |    1000           1          0          1          1  
 dslabel |    1000           1          0          1          1  
  factor |    1000         .97          0        .97        .97  
      R2 |    1000    .3870192          0   .3870192   .3870192  
 sampleN |    1000         250          0        250        250  
 
** Results for:
*  Sample Size:     250
*  Selection Seed:  11020760
*  # of Iterations: 1000
*  Sig Level:       10
*  Means of sample estimates of:
   b0 = .913686366822105
   b1 = 1.078027290495578
   b2 = .9821244052872062
   b3 = .9983690222650766
   b4 = -.0012109993893082
 
** Description of 1c40500

Variable |     Obs        Mean   Std. Dev.       Min        Max
---------+-----------------------------------------------------
      s1 |    1000    .9409962   .8294436  -2.021366   3.413439  
      s2 |    1000    1.051261   .7229353  -1.272575   3.708474  
      s3 |    1000    .9843133   .1868147   .4025986   1.525678  
      s4 |    1000    1.011338   .1546332    .458713   1.668041  
      s5 |    1000   -.0039655   .0794994   -.266682   .2646302  
    s1m1 |    1000    .8491286   .0712778   .6628234   1.161563  
    s2m1 |    1000    .7391826   .0629539   .5604519   1.032186  
    s3m1 |    1000    .1883823     .01516   .1400352   .2352292  
    s4m1 |    1000    .1508063   .0209435    .100391   .2818912  
    s5m1 |    1000    .0805628   .0064096   .0633023   .1112649  
    s1m2 |    1000    .8534064   .0716369   .6661626   1.167414  
    s2m2 |    1000    .7429065   .0632711   .5632753   1.037386  
    s3m2 |    1000    .1893314   .0152363   .1407407   .2364142  
    s4m2 |    1000     .151566   .0210491   .1008968   .2833113  
    s5m2 |    1000    .0809687   .0064419   .0636212   .1118254  
    s1m3 |    1000    .8549492   .0720067   .6665672   1.179013  
    s2m3 |    1000    .7448567   .0637556   .5649087   1.048706  
    s3m3 |    1000    .1896917   .0153056   .1409795   .2372957  
    s4m3 |    1000    .1529127   .0215735    .101339   .2916552  
    s5m3 |    1000    .0810786   .0064631   .0636811   .1121747  
    s1m4 |    1000    .8608744   .0727667    .670344   1.197725  
    s2m4 |    1000    .7506699    .064613   .5694937   1.066145  
    s3m4 |    1000    .1910175   .0154543   .1419339   .2393924  
    s4m4 |    1000    .1551194   .0222688   .1023194   .3019826  
    s5m4 |    1000    .0816003   .0065176   .0640634   .1130946  
    s1m5 |    1000    .8708442   .0500461   .7072207   1.029776  
    s2m5 |    1000    .7482083   .0432488   .6111211   .8818462  
    s3m5 |    1000    .1908558    .010876   .1572965   .2316511  
    s4m5 |    1000    .1540527   .0124937   .1229324   .2001414  
    s5m5 |    1000    .0814646   .0045112   .0684701      .0986  
      wh |    1000     17.2164   8.007317   3.980023   56.23377  
    whpr |    1000    .3856509   .3004535   5.31e-07   .9955851  
      bp |    1000    17.27168   10.53616   .1511431    64.3862  
    bppr |    1000    .0664875   .1517224   3.47e-13   .9972844  
      gl |    1000    12.07558   6.852085   .1418957   42.96746  
    glpr |    1000    .1188466   .1949657   1.05e-08   .9975991  
      cw |    1000    9.367702     8.3481   .0000312   48.82363  
    cwpr |    1000    .0956648   .1921564   2.80e-12   .9955464  
  seedis |    1000    1.10e+07          0   1.10e+07   1.10e+07  
   niter |    1000        1000          0       1000       1000  
dsnumber |    1000           1          0          1          1  
 dslabel |    1000           1          0          1          1  
  factor |    1000         .97          0        .97        .97  
      R2 |    1000    .3870192          0   .3870192   .3870192  
 sampleN |    1000         500          0        500        500  
 
** Results for:
*  Sample Size:     500
*  Selection Seed:  11020760
*  # of Iterations: 1000
*  Sig Level:       10
*  Means of sample estimates of:
   b0 = .9409961730164942
   b1 = 1.051260894958279
   b2 = .9843132988512516
   b3 = 1.011338459342718
   b4 = -.0039654985719244
 
** Description of 1c41000

Variable |     Obs        Mean   Std. Dev.       Min        Max
---------+-----------------------------------------------------
      s1 |    1000    .9010611   .5989163  -.7069857   2.969405  
      s2 |    1000    1.086082    .524914  -.7830639   2.456582  
      s3 |    1000    .9838436   .1344348   .5763519    1.41328  
      s4 |    1000    1.004093   .1100613   .6722692   1.386101  
      s5 |    1000   -.0028398   .0557147  -.1910632   .1643907  
    s1m1 |    1000    .6012996   .0354953   .4848373   .7291036  
    s2m1 |    1000    .5241708   .0311206   .4247414   .6244835  
    s3m1 |    1000    .1337375   .0077417   .1116352   .1653143  
    s4m1 |    1000    .1074421   .0107118   .0789036   .1525616  
    s5m1 |    1000    .0569386   .0032123   .0492029   .0686677  
    s1m2 |    1000    .6028086   .0355844   .4860539   .7309332  
    s2m2 |    1000    .5254861   .0311987   .4258072   .6260506  
    s3m2 |    1000    .1340731   .0077611   .1119153   .1657292  
    s4m2 |    1000    .1077117   .0107386   .0791016   .1529444  
    s5m2 |    1000    .0570814   .0032204   .0493264     .06884  
    s1m3 |    1000    .6033762   .0356679   .4863451   .7316965  
    s2m3 |    1000    .5262306   .0313105   .4262071    .627234  
    s3m3 |    1000    .1342054   .0077799   .1120129   .1660403  
    s4m3 |    1000     .108258   .0109173   .0792779   .1546895  
    s5m3 |    1000    .0571218   .0032261   .0493587   .0689309  
    s1m4 |    1000    .6054725   .0358438   .4878615   .7343066  
    s2m4 |    1000    .5283182   .0315076   .4276831   .6300094  
    s3m4 |    1000    .1346763   .0078185   .1123927   .1667715  
    s4m4 |    1000    .1090957   .0111357   .0796561   .1568771  
    s5m4 |    1000    .0573061     .00324   .0495155   .0691956  
    s1m5 |    1000    .6137706   .0246028   .5360171   .6873149  
    s2m5 |    1000    .5267171   .0214681   .4560606   .5933374  
    s3m5 |    1000    .1346274   .0054715   .1174534   .1507957  
    s4m5 |    1000    .1081412   .0062605   .0886427   .1309092  
    s5m5 |    1000    .0574556   .0022009    .050318   .0652829  
      wh |    1000    21.90615   8.787134    3.76311   57.44403  
    whpr |    1000    .2179867   .2517859   3.28e-07   .9967306  
      bp |    1000    27.49759   14.52554   1.328238   90.19021  
    bppr |    1000    .0181243   .0743413          0   .8565667  
      gl |    1000    20.03209   9.574225   2.213728   54.19457  
    glpr |    1000    .0287033   .0811719   4.79e-11   .6965168  
      cw |    1000    17.35221   11.89819   .0007002   60.79179  
    cwpr |    1000    .0295861   .1077922   6.33e-15     .97889  
  seedis |    1000    1.10e+07          0   1.10e+07   1.10e+07  
   niter |    1000        1000          0       1000       1000  
dsnumber |    1000           1          0          1          1  
 dslabel |    1000           1          0          1          1  
  factor |    1000         .97          0        .97        .97  
      R2 |    1000    .3870192          0   .3870192   .3870192  
 sampleN |    1000        1000          0       1000       1000  
 
** Results for:
*  Sample Size:     1000
*  Selection Seed:  11020760
*  # of Iterations: 1000
*  Sig Level:       10
*  Means of sample estimates of:
   b0 = .9010611011460424
   b1 = 1.086081993505533
   b2 = .9838436116576194
   b3 = 1.004093311965466
   b4 = -.0028397901383214
(Note: file 1c4res.dta not found)
file 1c4res.dta saved

. 
. log close
