
. ts
** 31 Mar 1998 - 09:33:53

. set more off

.     hcsum 1c4 B
** HCSUM for 1c4res: B.
 * Table of mean absolute deviation from nominal size.
 * Negative marks smallest value.

            All  Through       b1       b2       b3       b4
sOLS05    0.004   50.000   -0.001   -0.002    0.009    0.005
s0HC05    0.047   50.000    0.041    0.032    0.074    0.041
s1HC05    0.022   50.000    0.016    0.010    0.046    0.017
s2HC05    0.014   50.000    0.011    0.003    0.030    0.012
s3HC05    0.011   50.000    0.010    0.017    0.005    0.010
s3B005   -0.004   50.000    0.003    0.005    0.005   -0.002
s3B105    0.005   50.000    0.003    0.007    0.006    0.004
s3B205    0.006   50.000    0.006    0.012    0.004    0.003
s3B305    0.007   50.000    0.008    0.015   -0.001    0.006
s3B305    0.008   50.000    0.007    0.016    0.001    0.006
s3B305    0.009   50.000    0.009    0.016    0.003    0.008

            All  Through       b1       b2       b3       b4
sOLS05    0.008  100.000   -0.001   -0.002    0.008    0.005
s0HC05    0.082  100.000    0.032    0.024    0.055    0.029
s1HC05    0.039  100.000    0.014    0.008    0.034    0.012
s2HC05    0.025  100.000    0.009    0.003    0.023    0.008
s3HC05    0.020  100.000    0.009    0.012    0.005    0.011
s3B005   -0.001  100.000    0.004    0.005    0.004   -0.004
s3B105    0.010  100.000    0.004    0.006    0.005    0.006
s3B205    0.013  100.000    0.006    0.009    0.004    0.006
s3B305    0.014  100.000    0.008    0.011   -0.002    0.008
s3B305    0.015  100.000    0.008    0.012    0.002    0.009
s3B305    0.017  100.000    0.009    0.012    0.003    0.010

            All  Through       b1       b2       b3       b4
sOLS05    0.014  250.000   -0.005   -0.004    0.008    0.006
s0HC05    0.113  250.000    0.028    0.022    0.048    0.023
s1HC05    0.056  250.000    0.014    0.009    0.032    0.010
s2HC05    0.036  250.000    0.011    0.004    0.022    0.008
s3HC05    0.029  250.000    0.010    0.010    0.008    0.011
s3B005   -0.005  250.000    0.007    0.005    0.006   -0.005
s3B105    0.016  250.000    0.007    0.005    0.006    0.007
s3B205    0.020  250.000    0.009    0.007    0.007    0.006
s3B305    0.022  250.000    0.010    0.009   -0.005    0.008
s3B305    0.023  250.000    0.009    0.010    0.005    0.008
s3B305    0.026  250.000    0.010    0.010    0.006    0.009

             All   Through        b1        b2        b3        b4
sOLS05     0.019  1000.000    -0.006    -0.003     0.007    -0.005
s0HC05     0.135  1000.000     0.020     0.017     0.035     0.017
s1HC05     0.068  1000.000     0.011     0.008     0.023     0.009
s2HC05     0.045  1000.000     0.009     0.005     0.017     0.007
s3HC05     0.038  1000.000     0.009     0.008     0.007     0.009
s3B005    -0.001  1000.000     0.007     0.005     0.006     0.005
s3B105     0.022  1000.000     0.007     0.005     0.006     0.006
s3B205     0.027  1000.000     0.009     0.006     0.006     0.006
s3B305     0.029  1000.000     0.009     0.008    -0.005     0.007
s3B305     0.031  1000.000     0.009     0.008     0.005     0.007
s3B305     0.033  1000.000     0.009     0.008     0.005     0.008

.     hcsum 1c4 C
** HCSUM for 1c4res: C.
 * Table of mean absolute deviation from nominal size.
 * Negative marks smallest value.

            All  Through       b1       b2       b3       b4
sOLS05    0.004   50.000   -0.001   -0.002    0.009    0.005
s0HC05    0.047   50.000    0.041    0.032    0.074    0.041
s1HC05    0.022   50.000    0.016    0.010    0.046    0.017
s2HC05    0.014   50.000    0.011    0.003    0.030    0.012
s3HC05    0.011   50.000    0.010    0.017    0.005    0.010
s3C005    0.004   50.000    0.005    0.005    0.005   -0.003
s3C105   -0.004   50.000    0.005    0.005    0.003    0.003
s3C205    0.005   50.000    0.005    0.007    0.002    0.004
s3C305    0.005   50.000    0.005    0.009    0.002    0.005
s3C305    0.006   50.000    0.007    0.010    0.001    0.005
s3C305    0.007   50.000    0.007    0.012   -0.001    0.007

            All  Through       b1       b2       b3       b4
sOLS05    0.008  100.000   -0.001   -0.002    0.008    0.005
s0HC05    0.082  100.000    0.032    0.024    0.055    0.029
s1HC05    0.039  100.000    0.014    0.008    0.034    0.012
s2HC05    0.025  100.000    0.009    0.003    0.023    0.008
s3HC05    0.020  100.000    0.009    0.012    0.005    0.011
s3C005    0.009  100.000    0.005    0.005    0.004   -0.005
s3C105   -0.001  100.000    0.004    0.006    0.004    0.006
s3C205    0.010  100.000    0.006    0.007    0.003    0.007
s3C305    0.012  100.000    0.006    0.008    0.003    0.007
s3C305    0.012  100.000    0.007    0.009   -0.002    0.007
s3C305    0.014  100.000    0.007    0.011    0.003    0.009

            All  Through       b1       b2       b3       b4
sOLS05    0.014  250.000   -0.005   -0.004    0.008    0.006
s0HC05    0.113  250.000    0.028    0.022    0.048    0.023
s1HC05    0.056  250.000    0.014    0.009    0.032    0.010
s2HC05    0.036  250.000    0.011    0.004    0.022    0.008
s3HC05    0.029  250.000    0.010    0.010    0.008    0.011
s3C005    0.015  250.000    0.009    0.004    0.005   -0.005
s3C105   -0.005  250.000    0.007    0.005   -0.004    0.006
s3C205    0.017  250.000    0.008    0.006    0.004    0.007
s3C305    0.018  250.000    0.008    0.007    0.005    0.007
s3C305    0.019  250.000    0.009    0.007    0.004    0.008
s3C305    0.022  250.000    0.009    0.009    0.005    0.008

             All   Through        b1        b2        b3        b4
sOLS05     0.019  1000.000    -0.006    -0.003     0.007    -0.005
s0HC05     0.135  1000.000     0.020     0.017     0.035     0.017
s1HC05     0.068  1000.000     0.011     0.008     0.023     0.009
s2HC05     0.045  1000.000     0.009     0.005     0.017     0.007
s3HC05     0.038  1000.000     0.009     0.008     0.007     0.009
s3C005     0.020  1000.000     0.008     0.004     0.004     0.005
s3C105    -0.001  1000.000     0.008     0.005    -0.003     0.006
s3C205     0.022  1000.000     0.008     0.005     0.004     0.006
s3C305     0.025  1000.000     0.008     0.006     0.005     0.006
s3C305     0.025  1000.000     0.009     0.006     0.004     0.007
s3C305     0.029  1000.000     0.009     0.007     0.005     0.007

.     hcsum 1c4 G
** HCSUM for 1c4res: G.
 * Table of mean absolute deviation from nominal size.
 * Negative marks smallest value.

            All  Through       b1       b2       b3       b4
sOLS05    0.004   50.000   -0.001   -0.002    0.009    0.005
s0HC05    0.047   50.000    0.041    0.032    0.074    0.041
s1HC05    0.022   50.000    0.016    0.010    0.046    0.017
s2HC05    0.014   50.000    0.011    0.003    0.030    0.012
s3HC05    0.011   50.000    0.010    0.017    0.005    0.010
s3G005   -0.004   50.000    0.003    0.004    0.004    0.003
s3G105    0.004   50.000    0.005    0.007    0.002   -0.003
s3G205    0.006   50.000    0.006    0.012   -0.002    0.006
s3G305    0.008   50.000    0.009    0.014    0.004    0.006
s3G305    0.010   50.000    0.009    0.018    0.002    0.008
s3G305    0.010   50.000    0.010    0.018    0.003    0.010

            All  Through       b1       b2       b3       b4
sOLS05    0.008  100.000   -0.001   -0.002    0.008    0.005
s0HC05    0.082  100.000    0.032    0.024    0.055    0.029
s1HC05    0.039  100.000    0.014    0.008    0.034    0.012
s2HC05    0.025  100.000    0.009    0.003    0.023    0.008
s3HC05    0.020  100.000    0.009    0.012    0.005    0.011
s3G005    0.000  100.000    0.004    0.003    0.003    0.005
s3G105    0.009  100.000    0.006    0.006   -0.002   -0.004
s3G205    0.013  100.000    0.007    0.009    0.002    0.007
s3G305    0.016  100.000    0.009    0.011    0.003    0.007
s3G305    0.018  100.000    0.008    0.014    0.003    0.010
s3G305    0.020  100.000    0.009    0.013    0.004    0.011

            All  Through       b1       b2       b3       b4
sOLS05    0.014  250.000   -0.005    0.004    0.008   -0.006
s0HC05    0.113  250.000    0.028    0.022    0.048    0.023
s1HC05    0.056  250.000    0.014    0.009    0.032    0.010
s2HC05    0.036  250.000    0.011    0.004    0.022    0.008
s3HC05    0.029  250.000    0.010    0.010    0.008    0.011
s3G005   -0.005  250.000    0.006   -0.003    0.005    0.006
s3G105    0.015  250.000    0.008    0.005   -0.004    0.006
s3G205    0.020  250.000    0.009    0.007    0.005    0.007
s3G305    0.024  250.000    0.010    0.009    0.005    0.007
s3G305    0.027  250.000    0.010    0.011    0.006    0.009
s3G305    0.029  250.000    0.010    0.010    0.006    0.010

             All   Through        b1        b2        b3        b4
sOLS05     0.019  1000.000    -0.006    -0.003     0.007    -0.005
s0HC05     0.135  1000.000     0.020     0.017     0.035     0.017
s1HC05     0.068  1000.000     0.011     0.008     0.023     0.009
s2HC05     0.045  1000.000     0.009     0.005     0.017     0.007
s3HC05     0.038  1000.000     0.009     0.008     0.007     0.009
s3G005     0.000  1000.000     0.007     0.004     0.005     0.005
s3G105     0.020  1000.000     0.008     0.005    -0.005     0.005
s3G205     0.027  1000.000     0.009     0.006     0.005     0.007
s3G305     0.031  1000.000     0.010     0.007     0.005     0.007
s3G305     0.035  1000.000     0.009     0.009     0.005     0.008
s3G305     0.037  1000.000     0.010     0.008     0.006     0.009

.     hcsum 1c4 W
** HCSUM for 1c4res: W.
 * Table of mean absolute deviation from nominal size.
 * Negative marks smallest value.

            All  Through       b1       b2       b3       b4
sOLS05    0.004   50.000   -0.001   -0.002    0.009    0.005
s0HC05    0.047   50.000    0.041    0.032    0.074    0.041
s1HC05    0.022   50.000    0.016    0.010    0.046    0.017
s2HC05    0.014   50.000    0.011    0.003    0.030    0.012
s3HC05    0.011   50.000    0.010    0.017    0.005    0.010
s3W005   -0.004   50.000    0.003    0.004    0.007    0.003
s3W105    0.005   50.000    0.005    0.007    0.006   -0.002
s3W205    0.006   50.000    0.007    0.009    0.004    0.005
s3W305    0.008   50.000    0.007    0.012    0.003    0.008
s3W305    0.009   50.000    0.009    0.013    0.003    0.008
s3W305    0.009   50.000    0.010    0.014   -0.002    0.009

            All  Through       b1       b2       b3       b4
sOLS05    0.008  100.000   -0.001   -0.002    0.008    0.005
s0HC05    0.082  100.000    0.032    0.024    0.055    0.029
s1HC05    0.039  100.000    0.014    0.008    0.034    0.012
s2HC05    0.025  100.000    0.009    0.003    0.023    0.008
s3HC05    0.020  100.000    0.009    0.012    0.005    0.011
s3W005    0.000  100.000    0.003    0.003    0.006   -0.004
s3W105    0.010  100.000    0.004    0.006    0.005    0.005
s3W205    0.012  100.000    0.007    0.008    0.004    0.006
s3W305    0.015  100.000    0.007    0.011    0.003    0.008
s3W305    0.017  100.000    0.008    0.011    0.003    0.009
s3W305    0.017  100.000    0.009    0.012   -0.003    0.010

            All  Through       b1       b2       b3       b4
sOLS05    0.014  250.000   -0.005   -0.004    0.008    0.006
s0HC05    0.113  250.000    0.028    0.022    0.048    0.023
s1HC05    0.056  250.000    0.014    0.009    0.032    0.010
s2HC05    0.036  250.000    0.011    0.004    0.022    0.008
s3HC05    0.029  250.000    0.010    0.010    0.008    0.011
s3W005   -0.005  250.000    0.006    0.004    0.006   -0.005
s3W105    0.016  250.000    0.006    0.005    0.006    0.006
s3W205    0.019  250.000    0.008    0.006    0.005    0.007
s3W305    0.022  250.000    0.008    0.008   -0.004    0.009
s3W305    0.025  250.000    0.010    0.008    0.004    0.009
s3W305    0.026  250.000    0.010    0.009    0.004    0.009

             All   Through        b1        b2        b3        b4
sOLS05     0.019  1000.000    -0.006    -0.003     0.007    -0.005
s0HC05     0.135  1000.000     0.020     0.017     0.035     0.017
s1HC05     0.068  1000.000     0.011     0.008     0.023     0.009
s2HC05     0.045  1000.000     0.009     0.005     0.017     0.007
s3HC05     0.038  1000.000     0.009     0.008     0.007     0.009
s3W005     0.000  1000.000     0.006     0.003     0.006     0.005
s3W105     0.021  1000.000     0.007     0.004     0.005     0.005
s3W205     0.025  1000.000     0.008     0.005     0.005     0.006
s3W305     0.029  1000.000     0.009     0.006    -0.004     0.007
s3W305     0.032  1000.000     0.009     0.007     0.005     0.008
s3W305     0.033  1000.000     0.010     0.007     0.005     0.008

.     hcsum 1c4 all
** HCSUM for 1c4res: all.
 * Table of mean absolute deviation from nominal size.
 * Negative marks smallest value.

            All  Through       b1       b2       b3       b4
sOLS05    0.004   50.000   -0.001   -0.002    0.009    0.005
s0HC05    0.047   50.000    0.041    0.032    0.074    0.041
s1HC05    0.022   50.000    0.016    0.010    0.046    0.017
s2HC05    0.014   50.000    0.011    0.003    0.030    0.012
s3HC05    0.011   50.000    0.010    0.017    0.005    0.010
s3B005    0.004   50.000    0.003    0.005    0.005   -0.002
s3B105    0.005   50.000    0.003    0.007    0.006    0.004
s3B205    0.006   50.000    0.006    0.012    0.004    0.003
s3B305    0.007   50.000    0.008    0.015   -0.001    0.006
s3B405    0.008   50.000    0.007    0.016    0.001    0.006
s3B505    0.009   50.000    0.009    0.016    0.003    0.008
s3C005    0.004   50.000    0.005    0.005    0.005    0.003
s3C105    0.004   50.000    0.005    0.005    0.003    0.003
s3C205    0.005   50.000    0.005    0.007    0.002    0.004
s3C305    0.005   50.000    0.005    0.009    0.002    0.005
s3C405    0.006   50.000    0.007    0.010    0.001    0.005
s3C505    0.007   50.000    0.007    0.012    0.001    0.007
s3G005   -0.004   50.000    0.003    0.004    0.004    0.003
s3G105    0.004   50.000    0.005    0.007    0.002    0.003
s3G205    0.006   50.000    0.006    0.012    0.002    0.006
s3G305    0.008   50.000    0.009    0.014    0.004    0.006
s3G405    0.010   50.000    0.009    0.018    0.002    0.008
s3G505    0.010   50.000    0.010    0.018    0.003    0.010
s3W005    0.004   50.000    0.003    0.004    0.007    0.003
s3W105    0.005   50.000    0.005    0.007    0.006    0.002
s3W205    0.006   50.000    0.007    0.009    0.004    0.005
s3W305    0.008   50.000    0.007    0.012    0.003    0.008
s3W405    0.009   50.000    0.009    0.013    0.003    0.008
s3W505    0.009   50.000    0.010    0.014    0.002    0.009

            All  Through       b1       b2       b3       b4
sOLS05    0.008  100.000   -0.001   -0.002    0.008    0.005
s0HC05    0.082  100.000    0.032    0.024    0.055    0.029
s1HC05    0.039  100.000    0.014    0.008    0.034    0.012
s2HC05    0.025  100.000    0.009    0.003    0.023    0.008
s3HC05    0.020  100.000    0.009    0.012    0.005    0.011
s3B005    0.008  100.000    0.004    0.005    0.004    0.004
s3B105    0.010  100.000    0.004    0.006    0.005    0.006
s3B205    0.013  100.000    0.006    0.009    0.004    0.006
s3B305    0.014  100.000    0.008    0.011   -0.002    0.008
s3B405    0.015  100.000    0.008    0.012    0.002    0.009
s3B505    0.017  100.000    0.009    0.012    0.003    0.010
s3C005    0.009  100.000    0.005    0.005    0.004    0.005
s3C105    0.009  100.000    0.004    0.006    0.004    0.006
s3C205    0.010  100.000    0.006    0.007    0.003    0.007
s3C305    0.012  100.000    0.006    0.008    0.003    0.007
s3C405    0.012  100.000    0.007    0.009    0.002    0.007
s3C505    0.014  100.000    0.007    0.011    0.003    0.009
s3G005    0.000  100.000    0.004    0.003    0.003    0.005
s3G105    0.009  100.000    0.006    0.006    0.002    0.004
s3G205    0.013  100.000    0.007    0.009    0.002    0.007
s3G305    0.016  100.000    0.009    0.011    0.003    0.007
s3G405    0.018  100.000    0.008    0.014    0.003    0.010
s3G505    0.020  100.000    0.009    0.013    0.004    0.011
s3W005    0.009  100.000    0.003    0.003    0.006   -0.004
s3W105    0.010  100.000    0.004    0.006    0.005    0.005
s3W205    0.012  100.000    0.007    0.008    0.004    0.006
s3W305    0.015  100.000    0.007    0.011    0.003    0.008
s3W405    0.017  100.000    0.008    0.011    0.003    0.009
s3W505    0.017  100.000    0.009    0.012    0.003    0.010

            All  Through       b1       b2       b3       b4
sOLS05    0.014  250.000   -0.005    0.004    0.008    0.006
s0HC05    0.113  250.000    0.028    0.022    0.048    0.023
s1HC05    0.056  250.000    0.014    0.009    0.032    0.010
s2HC05    0.036  250.000    0.011    0.004    0.022    0.008
s3HC05    0.029  250.000    0.010    0.010    0.008    0.011
s3B005    0.014  250.000    0.007    0.005    0.006    0.005
s3B105    0.016  250.000    0.007    0.005    0.006    0.007
s3B205    0.020  250.000    0.009    0.007    0.007    0.006
s3B305    0.022  250.000    0.010    0.009    0.005    0.008
s3B405    0.023  250.000    0.009    0.010    0.005    0.008
s3B505    0.026  250.000    0.010    0.010    0.006    0.009
s3C005    0.015  250.000    0.009    0.004    0.005   -0.005
s3C105    0.015  250.000    0.007    0.005   -0.004    0.006
s3C205    0.017  250.000    0.008    0.006    0.004    0.007
s3C305    0.018  250.000    0.008    0.007    0.005    0.007
s3C405    0.019  250.000    0.009    0.007    0.004    0.008
s3C505    0.022  250.000    0.009    0.009    0.005    0.008
s3G005   -0.005  250.000    0.006   -0.003    0.005    0.006
s3G105    0.015  250.000    0.008    0.005    0.004    0.006
s3G205    0.020  250.000    0.009    0.007    0.005    0.007
s3G305    0.024  250.000    0.010    0.009    0.005    0.007
s3G405    0.027  250.000    0.010    0.011    0.006    0.009
s3G505    0.029  250.000    0.010    0.010    0.006    0.010
s3W005    0.014  250.000    0.006    0.004    0.006    0.005
s3W105    0.016  250.000    0.006    0.005    0.006    0.006
s3W205    0.019  250.000    0.008    0.006    0.005    0.007
s3W305    0.022  250.000    0.008    0.008    0.004    0.009
s3W405    0.025  250.000    0.010    0.008    0.004    0.009
s3W505    0.026  250.000    0.010    0.009    0.004    0.009

             All   Through        b1        b2        b3        b4
sOLS05     0.019  1000.000    -0.006    -0.003     0.007    -0.005
s0HC05     0.135  1000.000     0.020     0.017     0.035     0.017
s1HC05     0.068  1000.000     0.011     0.008     0.023     0.009
s2HC05     0.045  1000.000     0.009     0.005     0.017     0.007
s3HC05     0.038  1000.000     0.009     0.008     0.007     0.009
s3B005     0.020  1000.000     0.007     0.005     0.006     0.005
s3B105     0.022  1000.000     0.007     0.005     0.006     0.006
s3B205     0.027  1000.000     0.009     0.006     0.006     0.006
s3B305     0.029  1000.000     0.009     0.008     0.005     0.007
s3B405     0.031  1000.000     0.009     0.008     0.005     0.007
s3B505     0.033  1000.000     0.009     0.008     0.005     0.008
s3C005     0.020  1000.000     0.008     0.004     0.004     0.005
s3C105     0.020  1000.000     0.008     0.005    -0.003     0.006
s3C205     0.022  1000.000     0.008     0.005     0.004     0.006
s3C305     0.025  1000.000     0.008     0.006     0.005     0.006
s3C405     0.025  1000.000     0.009     0.006     0.004     0.007
s3C505     0.029  1000.000     0.009     0.007     0.005     0.007
s3G005     0.000  1000.000     0.007     0.004     0.005     0.005
s3G105     0.020  1000.000     0.008     0.005     0.005     0.005
s3G205     0.027  1000.000     0.009     0.006     0.005     0.007
s3G305     0.031  1000.000     0.010     0.007     0.005     0.007
s3G405     0.035  1000.000     0.009     0.009     0.005     0.008
s3G505     0.037  1000.000     0.010     0.008     0.006     0.009
s3W005     0.019  1000.000     0.006     0.003     0.006     0.005
s3W105     0.021  1000.000     0.007     0.004     0.005     0.005
s3W205     0.025  1000.000     0.008     0.005     0.005     0.006
s3W305     0.029  1000.000     0.009     0.006     0.004     0.007
s3W405     0.032  1000.000     0.009     0.007     0.005     0.008
s3W505     0.033  1000.000     0.010     0.007     0.005     0.008

. set more on

. log close
