
. ts
** 31 Mar 1998 - 09:45:38

. set more off

. hcsum 1n4 B
** HCSUM for 1n4res: B.
 * Table of mean absolute deviation from nominal size.
 * Negative marks smallest value.

            All  Through       b1       b2       b3       b4
sOLS05    0.006   50.000   -0.004    0.012    0.005    0.004
s0HC05    0.048   50.000    0.040    0.035    0.075    0.041
s1HC05    0.024   50.000    0.021    0.014    0.049    0.010
s2HC05    0.015   50.000    0.014    0.011    0.028    0.008
s3HC05    0.009   50.000    0.010   -0.009    0.007    0.009
s3B005    0.006   50.000    0.004    0.012    0.005    0.004
s3B105    0.006   50.000    0.005    0.012    0.004    0.004
s3B205   -0.006   50.000    0.005    0.011    0.004   -0.003
s3B305    0.006   50.000    0.007    0.010    0.004    0.003
s3B305    0.006   50.000    0.006    0.010   -0.002    0.005
s3B305    0.007   50.000    0.007    0.011    0.003    0.006

            All  Through       b1       b2       b3       b4
sOLS05    0.012  100.000    0.004    0.009    0.004    0.004
s0HC05    0.085  100.000    0.033    0.030    0.057    0.029
s1HC05    0.043  100.000    0.018    0.014    0.039    0.008
s2HC05    0.028  100.000    0.013    0.011    0.023    0.006
s3HC05    0.016  100.000    0.007   -0.007    0.007    0.007
s3B005    0.011  100.000   -0.004    0.008    0.003    0.004
s3B105    0.011  100.000    0.005    0.008    0.003    0.004
s3B205    0.001  100.000    0.004    0.007   -0.003   -0.003
s3B305    0.011  100.000    0.005    0.007    0.004    0.004
s3B305    0.011  100.000    0.004    0.007    0.003    0.005
s3B305    0.012  100.000    0.005    0.008    0.003    0.005

            All  Through       b1       b2       b3       b4
sOLS05    0.018  250.000    0.008    0.009    0.005    0.004
s0HC05    0.117  250.000    0.031    0.025    0.047    0.023
s1HC05    0.061  250.000    0.018    0.013    0.033    0.006
s2HC05    0.041  250.000    0.014    0.010    0.020    0.005
s3HC05    0.023  250.000    0.009   -0.007    0.006    0.007
s3B005    0.017  250.000    0.007    0.008    0.005    0.004
s3B105    0.017  250.000    0.008    0.008    0.005    0.004
s3B205   -0.007  250.000   -0.007    0.008    0.005   -0.003
s3B305    0.017  250.000    0.008    0.007    0.004    0.004
s3B305    0.016  250.000    0.007    0.008   -0.004    0.004
s3B305    0.018  250.000    0.008    0.008    0.004    0.005

             All   Through        b1        b2        b3        b4
sOLS05     0.024  1000.000     0.006     0.007     0.007     0.004
s0HC05     0.139  1000.000     0.022     0.018     0.034     0.016
s1HC05     0.074  1000.000     0.014     0.010     0.025     0.005
s2HC05     0.051  1000.000     0.011     0.008     0.017     0.004
s3HC05     0.030  1000.000     0.008    -0.006     0.007     0.006
s3B005     0.023  1000.000     0.007     0.007     0.006     0.003
s3B105     0.023  1000.000     0.007     0.007     0.006     0.004
s3B205     0.001  1000.000    -0.006     0.006     0.006    -0.003
s3B305     0.022  1000.000     0.007     0.006     0.006     0.003
s3B305     0.022  1000.000     0.006     0.006    -0.006     0.004
s3B305     0.024  1000.000     0.006     0.007     0.006     0.004

. hcsum 1n4 C
** HCSUM for 1n4res: C.
 * Table of mean absolute deviation from nominal size.
 * Negative marks smallest value.

            All  Through       b1       b2       b3       b4
sOLS05    0.006   50.000   -0.004    0.012    0.005    0.004
s0HC05    0.048   50.000    0.040    0.035    0.075    0.041
s1HC05    0.024   50.000    0.021    0.014    0.049    0.010
s2HC05    0.015   50.000    0.014    0.011    0.028    0.008
s3HC05    0.009   50.000    0.010   -0.009    0.007    0.009
s3C005    0.006   50.000    0.004    0.012    0.006    0.003
s3C105    0.006   50.000    0.004    0.011    0.006    0.003
s3C205   -0.005   50.000    0.004    0.010   -0.004   -0.002
s3C305    0.006   50.000    0.005    0.011    0.004    0.003
s3C305    0.008   50.000    0.007    0.012    0.008    0.003
s3C305    0.008   50.000    0.007    0.011    0.008    0.007

            All  Through       b1       b2       b3       b4
sOLS05    0.012  100.000    0.004    0.009    0.004    0.004
s0HC05    0.085  100.000    0.033    0.030    0.057    0.029
s1HC05    0.043  100.000    0.018    0.014    0.039    0.008
s2HC05    0.028  100.000    0.013    0.011    0.023    0.006
s3HC05    0.016  100.000    0.007   -0.007    0.007    0.007
s3C005    0.011  100.000    0.004    0.009    0.004    0.003
s3C105    0.010  100.000    0.004    0.007    0.004    0.002
s3C205    0.001  100.000   -0.003    0.007   -0.003   -0.002
s3C305    0.010  100.000    0.004    0.008    0.003    0.003
s3C305    0.013  100.000    0.006    0.009    0.005    0.003
s3C305    0.014  100.000    0.005    0.008    0.006    0.005

            All  Through       b1       b2       b3       b4
sOLS05    0.018  250.000    0.008    0.009    0.005    0.004
s0HC05    0.117  250.000    0.031    0.025    0.047    0.023
s1HC05    0.061  250.000    0.018    0.013    0.033    0.006
s2HC05    0.041  250.000    0.014    0.010    0.020    0.005
s3HC05    0.023  250.000    0.009   -0.007    0.006    0.007
s3C005    0.017  250.000    0.007    0.008    0.005    0.004
s3C105    0.015  250.000    0.007    0.007    0.004    0.003
s3C205   -0.006  250.000   -0.006    0.007   -0.003   -0.003
s3C305    0.015  250.000    0.007    0.008    0.003    0.003
s3C305    0.020  250.000    0.008    0.009    0.005    0.003
s3C305    0.021  250.000    0.008    0.008    0.006    0.005

             All   Through        b1        b2        b3        b4
sOLS05     0.024  1000.000     0.006     0.007     0.007     0.004
s0HC05     0.139  1000.000     0.022     0.018     0.034     0.016
s1HC05     0.074  1000.000     0.014     0.010     0.025     0.005
s2HC05     0.051  1000.000     0.011     0.008     0.017     0.004
s3HC05     0.030  1000.000     0.008    -0.006     0.007     0.006
s3C005     0.023  1000.000     0.006     0.007     0.006     0.003
s3C105     0.021  1000.000     0.006     0.006     0.006     0.003
s3C205     0.001  1000.000    -0.006     0.006    -0.005    -0.003
s3C305     0.021  1000.000     0.006     0.006     0.005     0.003
s3C305     0.026  1000.000     0.007     0.007     0.006     0.004
s3C305     0.027  1000.000     0.007     0.007     0.007     0.005

. hcsum 1n4 G
** HCSUM for 1n4res: G.
 * Table of mean absolute deviation from nominal size.
 * Negative marks smallest value.

            All  Through       b1       b2       b3       b4
sOLS05   -0.006   50.000   -0.004    0.012    0.005    0.004
s0HC05    0.048   50.000    0.040    0.035    0.075    0.041
s1HC05    0.024   50.000    0.021    0.014    0.049    0.010
s2HC05    0.015   50.000    0.014    0.011    0.028    0.008
s3HC05    0.009   50.000    0.010   -0.009    0.007    0.009
s3G005    0.007   50.000    0.005    0.013    0.005   -0.004
s3G105    0.007   50.000    0.005    0.012    0.005    0.005
s3G205    0.008   50.000    0.009    0.013    0.004    0.005
s3G305    0.008   50.000    0.011    0.012    0.004    0.006
s3G305    0.007   50.000    0.010    0.012   -0.002    0.005
s3G305    0.008   50.000    0.013    0.012    0.003    0.005

            All  Through       b1       b2       b3       b4
sOLS05    0.001  100.000   -0.004    0.009    0.004   -0.004
s0HC05    0.085  100.000    0.033    0.030    0.057    0.029
s1HC05    0.043  100.000    0.018    0.014    0.039    0.008
s2HC05    0.028  100.000    0.013    0.011    0.023    0.006
s3HC05    0.016  100.000    0.007   -0.007    0.007    0.007
s3G005    0.012  100.000    0.005    0.009    0.003    0.004
s3G105    0.012  100.000    0.005    0.009    0.003    0.004
s3G205    0.014  100.000    0.008    0.008    0.004    0.004
s3G305    0.015  100.000    0.009    0.008    0.005    0.005
s3G305    0.013  100.000    0.008    0.008    0.003    0.004
s3G305    0.015  100.000    0.010    0.009   -0.003    0.004

            All  Through       b1       b2       b3       b4
sOLS05   -0.008  250.000   -0.008    0.009    0.005    0.004
s0HC05    0.117  250.000    0.031    0.025    0.047    0.023
s1HC05    0.061  250.000    0.018    0.013    0.033    0.006
s2HC05    0.041  250.000    0.014    0.010    0.020    0.005
s3HC05    0.023  250.000    0.009   -0.007    0.006    0.007
s3G005    0.018  250.000    0.008    0.009    0.004    0.004
s3G105    0.018  250.000    0.008    0.008    0.004    0.004
s3G205    0.021  250.000    0.010    0.008    0.005    0.004
s3G305    0.022  250.000    0.011    0.008    0.005    0.005
s3G305    0.020  250.000    0.011    0.008    0.004   -0.004
s3G305    0.021  250.000    0.011    0.008   -0.004    0.004

             All   Through        b1        b2        b3        b4
sOLS05     0.001  1000.000    -0.006     0.007     0.007     0.004
s0HC05     0.139  1000.000     0.022     0.018     0.034     0.016
s1HC05     0.074  1000.000     0.014     0.010     0.025     0.005
s2HC05     0.051  1000.000     0.011     0.008     0.017     0.004
s3HC05     0.030  1000.000     0.008    -0.006     0.007     0.006
s3G005     0.024  1000.000     0.007     0.007     0.006     0.004
s3G105     0.024  1000.000     0.007     0.006     0.006     0.004
s3G205     0.027  1000.000     0.008     0.007     0.006     0.004
s3G305     0.029  1000.000     0.009     0.007     0.007     0.004
s3G305     0.026  1000.000     0.009     0.007     0.006    -0.003
s3G305     0.028  1000.000     0.009     0.007    -0.005     0.004

. hcsum 1n4 W
** HCSUM for 1n4res: W.
 * Table of mean absolute deviation from nominal size.
 * Negative marks smallest value.

            All  Through       b1       b2       b3       b4
sOLS05    0.006   50.000   -0.004    0.012    0.005    0.004
s0HC05    0.048   50.000    0.040    0.035    0.075    0.041
s1HC05    0.024   50.000    0.021    0.014    0.049    0.010
s2HC05    0.015   50.000    0.014    0.011    0.028    0.008
s3HC05    0.009   50.000    0.010   -0.009    0.007    0.009
s3W005   -0.006   50.000    0.004    0.012    0.004    0.004
s3W105    0.006   50.000    0.005    0.011    0.005    0.004
s3W205    0.007   50.000    0.007    0.012   -0.003    0.004
s3W305    0.007   50.000    0.007    0.012    0.005   -0.003
s3W305    0.007   50.000    0.007    0.012    0.006    0.003
s3W305    0.008   50.000    0.008    0.012    0.007    0.004

            All  Through       b1       b2       b3       b4
sOLS05    0.012  100.000   -0.004    0.009    0.004    0.004
s0HC05    0.085  100.000    0.033    0.030    0.057    0.029
s1HC05    0.043  100.000    0.018    0.014    0.039    0.008
s2HC05    0.028  100.000    0.013    0.011    0.023    0.006
s3HC05    0.016  100.000    0.007   -0.007    0.007    0.007
s3W005    0.001  100.000    0.004    0.009    0.003    0.003
s3W105    0.011  100.000    0.005    0.008    0.004    0.003
s3W205    0.012  100.000    0.006    0.009   -0.002    0.003
s3W305    0.012  100.000    0.005    0.009    0.004   -0.002
s3W305    0.012  100.000    0.005    0.009    0.004    0.003
s3W305    0.014  100.000    0.006    0.009    0.006    0.004

            All  Through       b1       b2       b3       b4
sOLS05    0.018  250.000    0.008    0.009    0.005    0.004
s0HC05    0.117  250.000    0.031    0.025    0.047    0.023
s1HC05    0.061  250.000    0.018    0.013    0.033    0.006
s2HC05    0.041  250.000    0.014    0.010    0.020    0.005
s3HC05    0.023  250.000    0.009   -0.007    0.006    0.007
s3W005   -0.007  250.000   -0.007    0.009    0.004    0.004
s3W105    0.017  250.000    0.008    0.008    0.004    0.004
s3W205    0.018  250.000    0.009    0.008   -0.004    0.003
s3W305    0.018  250.000    0.008    0.008    0.005   -0.003
s3W305    0.018  250.000    0.008    0.008    0.005    0.003
s3W305    0.021  250.000    0.008    0.008    0.006    0.004

             All   Through        b1        b2        b3        b4
sOLS05     0.024  1000.000     0.006     0.007     0.007     0.004
s0HC05     0.139  1000.000     0.022     0.018     0.034     0.016
s1HC05     0.074  1000.000     0.014     0.010     0.025     0.005
s2HC05     0.051  1000.000     0.011     0.008     0.017     0.004
s3HC05     0.030  1000.000     0.008    -0.006     0.007     0.006
s3W005     0.001  1000.000    -0.006     0.007     0.006     0.004
s3W105     0.022  1000.000     0.007     0.006     0.006     0.003
s3W205     0.023  1000.000     0.007     0.007    -0.006     0.003
s3W305     0.023  1000.000     0.007     0.007     0.006    -0.003
s3W305     0.024  1000.000     0.007     0.007     0.006     0.003
s3W305     0.027  1000.000     0.007     0.007     0.007     0.004

. hcsum 1n4 all
** HCSUM for 1n4res: all.
 * Table of mean absolute deviation from nominal size.
 * Negative marks smallest value.

            All  Through       b1       b2       b3       b4
sOLS05    0.006   50.000   -0.004    0.012    0.005    0.004
s0HC05    0.048   50.000    0.040    0.035    0.075    0.041
s1HC05    0.024   50.000    0.021    0.014    0.049    0.010
s2HC05    0.015   50.000    0.014    0.011    0.028    0.008
s3HC05    0.009   50.000    0.010   -0.009    0.007    0.009
s3B005    0.006   50.000    0.004    0.012    0.005    0.004
s3B105    0.006   50.000    0.005    0.012    0.004    0.004
s3B205    0.006   50.000    0.005    0.011    0.004    0.003
s3B305    0.006   50.000    0.007    0.010    0.004    0.003
s3B405    0.006   50.000    0.006    0.010    0.002    0.005
s3B505    0.007   50.000    0.007    0.011    0.003    0.006
s3C005    0.006   50.000    0.004    0.012    0.006    0.003
s3C105    0.006   50.000    0.004    0.011    0.006    0.003
s3C205   -0.005   50.000    0.004    0.010    0.004   -0.002
s3C305    0.006   50.000    0.005    0.011    0.004    0.003
s3C405    0.008   50.000    0.007    0.012    0.008    0.003
s3C505    0.008   50.000    0.007    0.011    0.008    0.007
s3G005    0.007   50.000    0.005    0.013    0.005    0.004
s3G105    0.007   50.000    0.005    0.012    0.005    0.005
s3G205    0.008   50.000    0.009    0.013    0.004    0.005
s3G305    0.008   50.000    0.011    0.012    0.004    0.006
s3G405    0.007   50.000    0.010    0.012   -0.002    0.005
s3G505    0.008   50.000    0.013    0.012    0.003    0.005
s3W005    0.006   50.000    0.004    0.012    0.004    0.004
s3W105    0.006   50.000    0.005    0.011    0.005    0.004
s3W205    0.007   50.000    0.007    0.012    0.003    0.004
s3W305    0.007   50.000    0.007    0.012    0.005    0.003
s3W405    0.007   50.000    0.007    0.012    0.006    0.003
s3W505    0.008   50.000    0.008    0.012    0.007    0.004

            All  Through       b1       b2       b3       b4
sOLS05    0.012  100.000    0.004    0.009    0.004    0.004
s0HC05    0.085  100.000    0.033    0.030    0.057    0.029
s1HC05    0.043  100.000    0.018    0.014    0.039    0.008
s2HC05    0.028  100.000    0.013    0.011    0.023    0.006
s3HC05    0.016  100.000    0.007   -0.007    0.007    0.007
s3B005    0.011  100.000    0.004    0.008    0.003    0.004
s3B105    0.011  100.000    0.005    0.008    0.003    0.004
s3B205    0.010  100.000    0.004    0.007    0.003    0.003
s3B305    0.011  100.000    0.005    0.007    0.004    0.004
s3B405    0.011  100.000    0.004    0.007    0.003    0.005
s3B505    0.012  100.000    0.005    0.008    0.003    0.005
s3C005    0.011  100.000    0.004    0.009    0.004    0.003
s3C105    0.010  100.000    0.004    0.007    0.004    0.002
s3C205    0.001  100.000   -0.003    0.007    0.003   -0.002
s3C305    0.010  100.000    0.004    0.008    0.003    0.003
s3C405    0.013  100.000    0.006    0.009    0.005    0.003
s3C505    0.014  100.000    0.005    0.008    0.006    0.005
s3G005    0.012  100.000    0.005    0.009    0.003    0.004
s3G105    0.012  100.000    0.005    0.009    0.003    0.004
s3G205    0.014  100.000    0.008    0.008    0.004    0.004
s3G305    0.015  100.000    0.009    0.008    0.005    0.005
s3G405    0.013  100.000    0.008    0.008    0.003    0.004
s3G505    0.015  100.000    0.010    0.009    0.003    0.004
s3W005    0.010  100.000    0.004    0.009    0.003    0.003
s3W105    0.011  100.000    0.005    0.008    0.004    0.003
s3W205    0.012  100.000    0.006    0.009   -0.002    0.003
s3W305    0.012  100.000    0.005    0.009    0.004    0.002
s3W405    0.012  100.000    0.005    0.009    0.004    0.003
s3W505    0.014  100.000    0.006    0.009    0.006    0.004

            All  Through       b1       b2       b3       b4
sOLS05    0.018  250.000    0.008    0.009    0.005    0.004
s0HC05    0.117  250.000    0.031    0.025    0.047    0.023
s1HC05    0.061  250.000    0.018    0.013    0.033    0.006
s2HC05    0.041  250.000    0.014    0.010    0.020    0.005
s3HC05    0.023  250.000    0.009   -0.007    0.006    0.007
s3B005    0.017  250.000    0.007    0.008    0.005    0.004
s3B105    0.017  250.000    0.008    0.008    0.005    0.004
s3B205    0.015  250.000    0.007    0.008    0.005    0.003
s3B305    0.017  250.000    0.008    0.007    0.004    0.004
s3B405    0.016  250.000    0.007    0.008    0.004    0.004
s3B505    0.018  250.000    0.008    0.008    0.004    0.005
s3C005    0.017  250.000    0.007    0.008    0.005    0.004
s3C105    0.015  250.000    0.007    0.007    0.004    0.003
s3C205   -0.006  250.000   -0.006    0.007   -0.003   -0.003
s3C305    0.015  250.000    0.007    0.008    0.003    0.003
s3C405    0.020  250.000    0.008    0.009    0.005    0.003
s3C505    0.021  250.000    0.008    0.008    0.006    0.005
s3G005    0.018  250.000    0.008    0.009    0.004    0.004
s3G105    0.018  250.000    0.008    0.008    0.004    0.004
s3G205    0.021  250.000    0.010    0.008    0.005    0.004
s3G305    0.022  250.000    0.011    0.008    0.005    0.005
s3G405    0.020  250.000    0.011    0.008    0.004    0.004
s3G505    0.021  250.000    0.011    0.008    0.004    0.004
s3W005    0.016  250.000    0.007    0.009    0.004    0.004
s3W105    0.017  250.000    0.008    0.008    0.004    0.004
s3W205    0.018  250.000    0.009    0.008    0.004    0.003
s3W305    0.018  250.000    0.008    0.008    0.005    0.003
s3W405    0.018  250.000    0.008    0.008    0.005    0.003
s3W505    0.021  250.000    0.008    0.008    0.006    0.004

             All   Through        b1        b2        b3        b4
sOLS05     0.024  1000.000     0.006     0.007     0.007     0.004
s0HC05     0.139  1000.000     0.022     0.018     0.034     0.016
s1HC05     0.074  1000.000     0.014     0.010     0.025     0.005
s2HC05     0.051  1000.000     0.011     0.008     0.017     0.004
s3HC05     0.030  1000.000     0.008    -0.006     0.007     0.006
s3B005     0.023  1000.000     0.007     0.007     0.006     0.003
s3B105     0.023  1000.000     0.007     0.007     0.006     0.004
s3B205     0.021  1000.000     0.006     0.006     0.006     0.003
s3B305     0.022  1000.000     0.007     0.006     0.006     0.003
s3B405     0.022  1000.000     0.006     0.006     0.006     0.004
s3B505     0.024  1000.000     0.006     0.007     0.006     0.004
s3C005     0.023  1000.000     0.006     0.007     0.006     0.003
s3C105     0.021  1000.000     0.006     0.006     0.006     0.003
s3C205     0.001  1000.000    -0.006     0.006    -0.005    -0.003
s3C305     0.021  1000.000     0.006     0.006     0.005     0.003
s3C405     0.026  1000.000     0.007     0.007     0.006     0.004
s3C505     0.027  1000.000     0.007     0.007     0.007     0.005
s3G005     0.024  1000.000     0.007     0.007     0.006     0.004
s3G105     0.024  1000.000     0.007     0.006     0.006     0.004
s3G205     0.027  1000.000     0.008     0.007     0.006     0.004
s3G305     0.029  1000.000     0.009     0.007     0.007     0.004
s3G405     0.026  1000.000     0.009     0.007     0.006     0.003
s3G505     0.028  1000.000     0.009     0.007     0.005     0.004
s3W005     0.022  1000.000     0.006     0.007     0.006     0.004
s3W105     0.022  1000.000     0.007     0.006     0.006     0.003
s3W205     0.023  1000.000     0.007     0.007     0.006     0.003
s3W305     0.023  1000.000     0.007     0.007     0.006     0.003
s3W405     0.024  1000.000     0.007     0.007     0.006     0.003
s3W505     0.027  1000.000     0.007     0.007     0.007     0.004

. set more on

. log close
