
. * 1N4.do - data structure: x1 het  on errors normal, R2=.40.
. * Replication by jsl: 98.03.21
. ts
* 21 Mar 1998 - 19:04:32

. version 5.0

. clear

. set more off

.     global simnum_ = 1000

.     global factor = .97

.     global plevel = .05

.     global seedmc = 11020760

.     use jslhc1

.     set seed $seedmc

.     di "Iterations beginning."
Iterations beginning.

.     ts
* 21 Mar 1998 - 19:04:38

.     hcmonte 1 1 1n4 25 50 100 250 500 1000
** Constructing data to analyze...
*  Population:      hc1
*  Data Label:      hc1
*  Factor:          .97
*  Structure:       hc1n4
*  Sample N's:      25 50 100 250 500 1000
*  Selection seed:  11020760
*  Iterations:      1000

*  Population regression:

  Source |       SS       df       MS                  Number of obs =  100000
---------+------------------------------               F(  4, 99995) =16126.32
   Model |  410281.402     4   102570.35               Prob > F      =  0.0000
Residual |  636011.308 99995   6.3604311               R-squared     =  0.3921
---------+------------------------------               Adj R-squared =  0.3921
   Total |  1046292.71 99999  10.4630317               Root MSE      =   2.522

------------------------------------------------------------------------------
       y |      Coef.   Std. Err.       t     P>|t|       [95% Conf. Interval]
---------+--------------------------------------------------------------------
      x1 |   1.098368   .0519504     21.143   0.000       .9965455     1.20019
      x2 |   .9774767   .0132704     73.658   0.000       .9514669    1.003486
      x3 |   1.003685   .0106425     94.309   0.000       .9828262    1.024545
      x4 |  -.0053957   .0056698     -0.952   0.341      -.0165085    .0057171
   _cons |   .8997909   .0605315     14.865   0.000       .7811499    1.018432
------------------------------------------------------------------------------
** Simulations follow:
 
Sample size:  25
Results file: 1n40025
19:04:43. Working...
19:04:55. 1 completed. Next notice is 10.
19:05:55. 10 completed. Next notice is 25.
19:07:39. 25 completed. Next notice is 50.
19:10:30. 50 completed. Next notice is 100.
19:16:12. 100 completed. Next notice is 200.
19:27:30. 200 completed. Next notice is 300.
19:39:05. 300 completed. Next notice is 400.
19:50:22. 400 completed. Next notice is 500.
20:01:44. 500 completed. Next notice is 600.
20:13:05. 600 completed. Next notice is 700.
20:24:16. 700 completed. Next notice is 800.
20:35:45. 800 completed. Next notice is 900.
20:47:11. 900 completed. Next notice is 950.
20:52:53. 950 completed. Next notice is 975.
20:55:44. 975 completed. Next notice is 990.
20:57:25. 990 completed. Next notice is completion.
20:58:31. Iterations complete.
 
Sample size:  50
Results file: 1n40050
(Note: file 1n40050.dta not found)
20:58:31. Working...
20:58:44. 1 completed. Next notice is 10.
20:59:41. 10 completed. Next notice is 25.
21:01:26. 25 completed. Next notice is 50.
21:04:15. 50 completed. Next notice is 100.
21:10:02. 100 completed. Next notice is 200.
21:21:27. 200 completed. Next notice is 300.
21:32:49. 300 completed. Next notice is 400.
21:44:14. 400 completed. Next notice is 500.
21:55:35. 500 completed. Next notice is 600.
22:06:56. 600 completed. Next notice is 700.
22:18:20. 700 completed. Next notice is 800.
22:29:35. 800 completed. Next notice is 900.
22:40:58. 900 completed. Next notice is 950.
22:46:34. 950 completed. Next notice is 975.
22:49:29. 975 completed. Next notice is 990.
22:51:15. 990 completed. Next notice is completion.
22:52:17. Iterations complete.
 
Sample size:  100
Results file: 1n40100
(Note: file 1n40100.dta not found)
22:52:18. Working...
22:52:30. 1 completed. Next notice is 10.
22:53:26. 10 completed. Next notice is 25.
22:55:09. 25 completed. Next notice is 50.
22:57:59. 50 completed. Next notice is 100.
23:03:36. 100 completed. Next notice is 200.
23:15:09. 200 completed. Next notice is 300.
23:26:32. 300 completed. Next notice is 400.
23:37:53. 400 completed. Next notice is 500.
23:49:20. 500 completed. Next notice is 600.
00:00:39. 600 completed. Next notice is 700.
00:12:05. 700 completed. Next notice is 800.
00:23:27. 800 completed. Next notice is 900.
00:34:48. 900 completed. Next notice is 950.
00:40:29. 950 completed. Next notice is 975.
00:43:21. 975 completed. Next notice is 990.
00:45:02. 990 completed. Next notice is completion.
00:46:08. Iterations complete.
 
Sample size:  250
Results file: 1n40250
(Note: file 1n40250.dta not found)
00:46:08. Working...
00:46:21. 1 completed. Next notice is 10.
00:47:11. 10 completed. Next notice is 25.
00:48:55. 25 completed. Next notice is 50.
00:51:44. 50 completed. Next notice is 100.
00:57:30. 100 completed. Next notice is 200.
01:08:55. 200 completed. Next notice is 300.
01:20:17. 300 completed. Next notice is 400.
01:31:56. 400 completed. Next notice is 500.
01:43:22. 500 completed. Next notice is 600.
01:54:48. 600 completed. Next notice is 700.
02:06:11. 700 completed. Next notice is 800.
02:17:33. 800 completed. Next notice is 900.
02:29:04. 900 completed. Next notice is 950.
02:34:50. 950 completed. Next notice is 975.
02:37:44. 975 completed. Next notice is 990.
02:39:24. 990 completed. Next notice is completion.
02:40:34. Iterations complete.
 
Sample size:  500
Results file: 1n40500
(Note: file 1n40500.dta not found)
02:40:35. Working...
02:40:48. 1 completed. Next notice is 10.
02:41:45. 10 completed. Next notice is 25.
02:43:27. 25 completed. Next notice is 50.
02:46:20. 50 completed. Next notice is 100.
02:52:09. 100 completed. Next notice is 200.
03:03:40. 200 completed. Next notice is 300.
03:15:07. 300 completed. Next notice is 400.
03:26:42. 400 completed. Next notice is 500.
03:38:06. 500 completed. Next notice is 600.
03:49:31. 600 completed. Next notice is 700.
04:00:55. 700 completed. Next notice is 800.
04:12:30. 800 completed. Next notice is 900.
04:24:02. 900 completed. Next notice is 950.
04:29:50. 950 completed. Next notice is 975.
04:32:44. 975 completed. Next notice is 990.
04:34:29. 990 completed. Next notice is completion.
04:35:35. Iterations complete.
 
Sample size:  1000
Results file: 1n41000
(Note: file 1n41000.dta not found)
04:35:35. Working...
04:35:48. 1 completed. Next notice is 10.
04:36:42. 10 completed. Next notice is 25.
04:38:30. 25 completed. Next notice is 50.
04:41:29. 50 completed. Next notice is 100.
04:47:15. 100 completed. Next notice is 200.
04:58:54. 200 completed. Next notice is 300.
05:10:30. 300 completed. Next notice is 400.
05:22:02. 400 completed. Next notice is 500.
05:33:44. 500 completed. Next notice is 600.
05:45:25. 600 completed. Next notice is 700.
05:57:01. 700 completed. Next notice is 800.
06:08:47. 800 completed. Next notice is 900.
06:20:26. 900 completed. Next notice is 950.
06:26:15. 950 completed. Next notice is 975.
06:29:15. 975 completed. Next notice is 990.
06:30:59. 990 completed. Next notice is completion.
06:32:07. Iterations complete.

.     di "Iterations complete.
Iterations complete.

.     ts
* 22 Mar 1998 - 06:32:08

.     hcresult 1 1n4 25 50 100 250 500 1000
** Constructing data to analyze...
* 22 Mar 1998 - 06:32:09
*  Population:      hc1
*  Data Label:      hc1
*  Factor:          .9700000286102294
*  R2:              .39
*  Structure:       1n4
*  Sample N's:      25 50 100 250 500 1000
*  Sig Level:       05
 
** Population data set hc1 with structure 1n4.

Variable |     Obs        Mean   Std. Dev.       Min        Max
---------+-----------------------------------------------------
       y |  100000    5.597726   3.234661  -6.227682   21.97114  
      x1 |  100000    1.499012   .2886124    1.00002   1.999999  
      x2 |  100000    1.498522   1.053486  -2.241696   5.101119  
      x3 |  100000    1.600192    1.03109   .0011668   12.12769  
      x4 |  100000     3.59375   1.692207  -2.283696   15.27936  

  Source |       SS       df       MS                  Number of obs =  100000
---------+------------------------------               F(  4, 99995) =16126.32
   Model |  410281.401     4   102570.35               Prob > F      =  0.0000
Residual |  636011.345 99995  6.36043147               R-squared     =  0.3921
---------+------------------------------               Adj R-squared =  0.3921
   Total |  1046292.75 99999  10.4630321               Root MSE      =   2.522

------------------------------------------------------------------------------
       y |      Coef.   Std. Err.       t     P>|t|       [95% Conf. Interval]
---------+--------------------------------------------------------------------
      x1 |   1.098368   .0519504     21.143   0.000       .9965455     1.20019
      x2 |   .9774767   .0132704     73.658   0.000       .9514669    1.003486
      x3 |   1.003685   .0106425     94.309   0.000       .9828262    1.024545
      x4 |  -.0053957   .0056698     -0.952   0.341      -.0165085    .0057171
   _cons |   .8997909   .0605315     14.865   0.000       .7811499    1.018432
------------------------------------------------------------------------------
 
* Results statistics have the format:
 c1:   [s|p] - size or power
 c2-4: [0HC|1HC|2HC|3HC|OLS] - method of computing covariance matrix.
 c2:   [0|1|2|3] - HC method after screening.
 c3:   [W|G|B|C] - type of screening
 c4:   [1|5] - screen at .05 or .10 level
 c5-6: [05|10] - sig level of test
 c7-8: [b1|b2|b3|b4] - test statistic
(Note: file 1n4res05.dta not found)
 
** Description of 1n40025

Variable |     Obs        Mean   Std. Dev.       Min        Max
---------+-----------------------------------------------------
      s1 |    1000    1.220289   4.410018   -13.6102    19.0772  
      s2 |    1000    .7328794   3.872736  -15.25757   13.30417  
      s3 |    1000    1.051445    .933579  -1.844044   4.698112  
      s4 |    1000    1.038662   .9194291  -3.872348   4.285451  
      s5 |    1000    .0210873   .4053337  -1.308304   1.556328  
    s1m1 |    1000     3.64831   1.109549    1.35967   10.10262  
    s2m1 |    1000    3.195291   .9752246   1.055161   7.647266  
    s3m1 |    1000    .7961599   .2408639   .3000841   1.910644  
    s4m1 |    1000    .6875363   .3226057   .1616395   2.775653  
    s5m1 |    1000    .3376714   .0931271    .149193   .7635375  
    s1m2 |    1000    4.078935   1.240514   1.520157   11.29508  
    s2m2 |    1000    3.572444   1.090334   1.179706   8.549904  
    s3m2 |    1000    .8901338    .269294   .3355043   2.136164  
    s4m2 |    1000     .768689   .3606841   .1807185   3.103274  
    s5m2 |    1000    .3775281   .1041193   .1668028   .8536609  
    s1m3 |    1000    4.217566   1.323791   1.536853    11.7667  
    s2m3 |    1000    3.718881   1.172843   1.203585   8.975847  
    s3m3 |    1000    .9206858    .285548   .3359911   2.221519  
    s4m3 |    1000    .8371155    .396717   .2045718   3.579163  
    s5m3 |    1000    .3882831   .1100048   .1687469   .9186676  
    s1m4 |    1000    4.972095   1.665505   1.780308   15.01143  
    s2m4 |    1000    4.436056   1.514793   1.417897   13.97779  
    s3m4 |    1000    1.077923   .3480214   .3788944   2.768174  
    s4m4 |    1000    1.075983   .5504053   .2385461    5.12812  
    s5m4 |    1000    .4518775   .1338846     .19142   1.122896  
    s1m5 |    1000    4.338849   1.011955   2.018927   9.121887  
    s2m5 |    1000    3.785996   .9015343   1.826266   7.367996  
    s3m5 |    1000    .9399576    .214787   .4036506   2.113113  
    s4m5 |    1000    .8615152   .3266634   .2613243    2.68631  
    s5m5 |    1000    .3968134   .0869928   .2049652   .7958658  
      wh |    1000     14.0995   3.924409   3.818089   23.91892  
    whpr |    1000    .4722366   .2487586   .0468658   .9964646  
      bp |    1000    3.792935   2.857283   .0652799   28.09712  
    bppr |    1000    .5257177   .2833394   .0000119   .9994788  
      gl |    1000    4.351854   2.609592   .1284395   14.32511  
    glpr |    1000    .4461625   .2768887   .0063266   .9980241  
      cw |    1000    1.035836   1.443374   2.41e-08   12.38118  
    cwpr |    1000    .4928124   .2913946   .0004337   .9998763  
  seedis |    1000    1.10e+07          0   1.10e+07   1.10e+07  
   niter |    1000        1000          0       1000       1000  
dsnumber |    1000           1          0          1          1  
 dslabel |    1000           1          0          1          1  
  factor |    1000         .97          0        .97        .97  
      R2 |    1000    .3921287          0   .3921287   .3921287  
 sampleN |    1000          25          0         25         25  
 
** Results for:
*  Sample Size:     25
*  Selection Seed:  11020760
*  # of Iterations: 1000
*  Sig Level:       05
*  Means of sample estimates of:
   b0 = 1.220288689730281
   b1 = .7328794432161376
   b2 = 1.05144545336254
   b3 = 1.038661688103806
   b4 = .0210872951580095
 
** Description of 1n40050

Variable |     Obs        Mean   Std. Dev.       Min        Max
---------+-----------------------------------------------------
      s1 |    1000    .9578667   2.804767  -10.00162   10.36362  
      s2 |    1000     1.03233   2.499352  -6.912442   8.621873  
      s3 |    1000    .9669124   .6395527  -1.127553   2.919633  
      s4 |    1000    1.064264   .5477864  -.5963315   3.040399  
      s5 |    1000   -.0110252   .2710031  -.8379882   .9314469  
    s1m1 |    1000    2.579344    .488454    1.42339   4.324685  
    s2m1 |    1000    2.252289    .440711   1.132215   3.883109  
    s3m1 |    1000    .5724623   .1094336   .3114458   1.072518  
    s4m1 |    1000    .4687137   .1511894    .172257   1.419665  
    s5m1 |    1000    .2470343   .0464541   .1383184   .4220772  
    s1m2 |    1000    2.718867   .5148758   1.500384   4.558618  
    s2m2 |    1000    2.374121   .4645502    1.19346   4.093156  
    s3m2 |    1000    .6034282   .1153531   .3282927   1.130533  
    s4m2 |    1000    .4940676   .1593677   .1815748   1.496458  
    s5m2 |    1000    .2603971   .0489669   .1458005   .4449084  
    s1m3 |    1000    2.765445   .5326831   1.504146   4.710898  
    s2m3 |    1000    2.427094   .4842716   1.197728   4.220065  
    s3m3 |    1000    .6145299   .1199288   .3318362   1.146598  
    s4m3 |    1000    .5235077    .175671    .185056   1.543191  
    s5m3 |    1000    .2640697   .0503884   .1470322   .4734216  
    s1m4 |    1000    2.980581   .5920595   1.590693   5.149714  
    s2m4 |    1000    2.634752   .5475847   1.268651    4.79185  
    s3m4 |    1000    .6617917    .132734   .3543802   1.276734  
    s4m4 |    1000    .5963248   .2185884   .1996258   1.801839  
    s5m4 |    1000    .2830877   .0550641    .156435   .5504457  
    s1m5 |    1000     2.84247   .4162252   1.775295   4.371239  
    s2m5 |    1000    2.464233   .3704726   1.506638   3.802804  
    s3m5 |    1000    .6212011   .0879728   .3681077   .9719187  
    s4m5 |    1000    .5323862   .1312199   .2332035   1.192513  
    s5m5 |    1000     .265221   .0388017   .1599571   .4539907  
      wh |    1000    14.52873   5.376304   3.680085   37.77378  
    whpr |    1000    .4710093   .2894133   .0005627    .997103  
      bp |    1000    4.734427   3.449889   .2327758   27.44601  
    bppr |    1000    .4397606   .2907761   .0000161   .9937302  
      gl |    1000    4.891722   3.174083   .0843139   17.24347  
    glpr |    1000    .4118426   .2844222   .0017333    .999136  
      cw |    1000    1.407445   1.793989   2.31e-06   10.93197  
    cwpr |    1000    .4355394    .301428   .0009452   .9987879  
  seedis |    1000    1.10e+07          0   1.10e+07   1.10e+07  
   niter |    1000        1000          0       1000       1000  
dsnumber |    1000           1          0          1          1  
 dslabel |    1000           1          0          1          1  
  factor |    1000         .97          0        .97        .97  
      R2 |    1000    .3921287          0   .3921287   .3921287  
 sampleN |    1000          50          0         50         50  
 
** Results for:
*  Sample Size:     50
*  Selection Seed:  11020760
*  # of Iterations: 1000
*  Sig Level:       05
*  Means of sample estimates of:
   b0 = .9578667307901196
   b1 = 1.032329734831117
   b2 = .9669123513028026
   b3 = 1.064264455650875
   b4 = -.0110252219326212
 
** Description of 1n40100

Variable |     Obs        Mean   Std. Dev.       Min        Max
---------+-----------------------------------------------------
      s1 |    1000    .8841915   1.915194  -6.044903   6.645043  
      s2 |    1000    1.119511    1.69309  -4.305189   6.929635  
      s3 |    1000    .9702263   .4332949  -.6221588   2.238334  
      s4 |    1000    1.004701   .3532465  -.3215069   2.078739  
      s5 |    1000   -.0099925   .1781875  -.5485579    .600323  
    s1m1 |    1000    1.864428   .2632358   1.165714    3.01041  
    s2m1 |    1000    1.631381   .2375894   1.031576   2.525285  
    s3m1 |    1000    .4126638   .0581226   .2577532   .6261869  
    s4m1 |    1000    .3363184   .0813344   .1518388   .7008206  
    s5m1 |    1000    .1772658   .0231352   .1037347   .2600279  
    s1m2 |    1000    1.912863   .2700743   1.195997   3.088615  
    s2m2 |    1000    1.673762   .2437615   1.058375   2.590888  
    s3m2 |    1000    .4233841   .0596325   .2644492   .6424542  
    s4m2 |    1000    .3450554   .0834473   .1557833   .7190267  
    s5m2 |    1000    .1818709   .0237362   .1064295    .266783  
    s1m3 |    1000     1.93004   .2750892   1.200401   3.135539  
    s2m3 |    1000    1.694908   .2499173   1.061637   2.631774  
    s3m3 |    1000    .4272825   .0607441   .2652607   .6465683  
    s4m3 |    1000    .3581263   .0901679   .1574405    .740283  
    s5m3 |    1000    .1831405   .0240986   .1071026   .2694322  
    s1m4 |    1000     2.00169   .2900865   1.236579   3.267076  
    s2m4 |    1000    1.766015   .2678248   1.092907    2.89784  
    s3m4 |    1000    .4428314   .0636444   .2731417   .6678264  
    s4m4 |    1000    .3845138   .1047887   .1634155   .9816917  
    s5m4 |    1000    .1893582   .0251452   .1106365   .2792554  
    s1m5 |    1000    1.975519   .2156972   1.399688   2.984671  
    s2m5 |    1000    1.703445   .1896708   1.217179   2.637659  
    s3m5 |    1000    .4325613    .046771   .3064682   .6440482  
    s4m5 |    1000    .3588082   .0636262   .2128966   .6457592  
    s5m5 |    1000    .1843899   .0179931   .1366095   .2408329  
      wh |    1000    14.85629   5.852369    2.72195   42.59995  
    whpr |    1000    .4610378   .2950922   .0000992   .9994721  
      bp |    1000    5.591672   3.970926   .1002316   24.70635  
    bppr |    1000     .374788   .2890934   .0000576   .9987854  
      gl |    1000    5.561793   3.660778   .1993706   27.20557  
    glpr |    1000    .3643064   .2840742   .0000181   .9953496  
      cw |    1000    2.087045    2.57941   4.46e-08   19.83172  
    cwpr |    1000    .3541227   .2999886   8.46e-06   .9998316  
  seedis |    1000    1.10e+07          0   1.10e+07   1.10e+07  
   niter |    1000        1000          0       1000       1000  
dsnumber |    1000           1          0          1          1  
 dslabel |    1000           1          0          1          1  
  factor |    1000         .97          0        .97        .97  
      R2 |    1000    .3921287          0   .3921287   .3921287  
 sampleN |    1000         100          0        100        100  
 
** Results for:
*  Sample Size:     100
*  Selection Seed:  11020760
*  # of Iterations: 1000
*  Sig Level:       05
*  Means of sample estimates of:
   b0 = .8841915087567613
   b1 = 1.119510654684622
   b2 = .9702262714777608
   b3 = 1.004701236549765
   b4 = -.0099925249532753
 
** Description of 1n40250

Variable |     Obs        Mean   Std. Dev.       Min        Max
---------+-----------------------------------------------------
      s1 |    1000    .8755801   1.269966  -3.095379   5.030469  
      s2 |    1000    1.137825    1.11792  -3.013859   4.640892  
      s3 |    1000    .9717648   .2741059   .0905944   1.785803  
      s4 |    1000    .9901837   .2208506   .3316737   1.686495  
      s5 |    1000   -.0060898   .1125574  -.3571634   .4199622  
    s1m1 |    1000    1.182841   .1010224    .883672   1.591676  
    s2m1 |    1000    1.032522   .0926072   .7849154   1.418901  
    s3m1 |    1000    .2636957   .0234385   .1974309   .3356313  
    s4m1 |    1000    .2106482   .0321173   .1347056   .3849998  
    s5m1 |    1000     .111959   .0091513   .0879042   .1500816  
    s1m2 |    1000     1.19485    .102048   .8926436   1.607835  
    s2m2 |    1000    1.043004   .0935474   .7928843   1.433306  
    s3m2 |    1000    .2663729   .0236765   .1994353   .3390388  
    s4m2 |    1000    .2127868   .0324433   .1360733   .3889086  
    s5m2 |    1000    .1130956   .0092442   .0887967   .1516053  
    s1m3 |    1000    1.199256   .1030998   .8989674   1.622825  
    s2m3 |    1000    1.048516   .0948754   .7959423   1.450281  
    s3m3 |    1000    .2673958   .0238717   .2000639   .3407028  
    s4m3 |    1000     .216465   .0336624    .138785   .4032543  
    s5m3 |    1000    .1134185   .0093147   .0890116    .152076  
    s1m4 |    1000    1.216265   .1053694   .9164311   1.655773  
    s2m4 |    1000    1.065294   .0974586   .8072956   1.483727  
    s3m4 |    1000    .2711895   .0243236   .2027566   .3473697  
    s4m4 |    1000    .2228372   .0356339   .1433298   .4230342  
    s5m4 |    1000    .1149126   .0094851   .0901443   .1541044  
    s1m5 |    1000    1.220807   .0782495   .9983827   1.495845  
    s2m5 |    1000    1.048857   .0690369   .8561068   1.275119  
    s3m5 |    1000    .2674046   .0169008   .2168886   .3232498  
    s4m5 |    1000    .2174132   .0223252   .1560007   .3223011  
    s5m5 |    1000    .1140723   .0067079   .0944358   .1375439  
      wh |    1000    17.67618   6.574121   3.681285   45.15304  
    whpr |    1000    .3306277   .2784613   .0000385   .9970978  
      bp |    1000     8.24534   4.812128   .2568651   29.60364  
    bppr |    1000    .2147471   .2419315   5.89e-06   .9924258  
      gl |    1000    7.793477   4.479735   .1336685   27.80924  
    glpr |    1000    .2299098   .2513991   .0000136   .9978637  
      cw |    1000    4.171164   3.525833   .0001816   21.45093  
    cwpr |    1000    .1745636   .2333136   3.63e-06   .9892491  
  seedis |    1000    1.10e+07          0   1.10e+07   1.10e+07  
   niter |    1000        1000          0       1000       1000  
dsnumber |    1000           1          0          1          1  
 dslabel |    1000           1          0          1          1  
  factor |    1000         .97          0        .97        .97  
      R2 |    1000    .3921287          0   .3921287   .3921287  
 sampleN |    1000         250          0        250        250  
 
** Results for:
*  Sample Size:     250
*  Selection Seed:  11020760
*  # of Iterations: 1000
*  Sig Level:       05
*  Means of sample estimates of:
   b0 = .8755800513878931
   b1 = 1.137825287468149
   b2 = .9717648087218404
   b3 = .990183744341135
   b4 = -.0060897547169152
 
** Description of 1n40500

Variable |     Obs        Mean   Std. Dev.       Min        Max
---------+-----------------------------------------------------
      s1 |    1000    .8555083   .8436208  -1.516079   3.622029  
      s2 |    1000    1.129247   .7391782  -1.310316   3.305631  
      s3 |    1000    .9769307   .1895484   .2990455   1.688835  
      s4 |    1000    1.008311   .1518303   .4545217     1.4391  
      s5 |    1000   -.0073608   .0820592  -.2636428   .2298973  
    s1m1 |    1000    .8373291    .051748   .6959506   1.038588  
    s2m1 |    1000     .731649   .0476017   .6106834   .9400145  
    s3m1 |    1000    .1871236    .011934   .1518692   .2352418  
    s4m1 |    1000    .1493378   .0169678   .1047162   .2163877  
    s5m1 |    1000    .0796688   .0044878    .063941   .0953948  
    s1m2 |    1000    .8415475   .0520087   .6994566    1.04382  
    s2m2 |    1000    .7353349   .0478415   .6137599   .9447501  
    s3m2 |    1000    .1880663   .0119941   .1526343   .2364269  
    s4m2 |    1000    .1500901   .0170533   .1052437   .2174778  
    s5m2 |    1000    .0800701   .0045104   .0642631   .0958754  
    s1m3 |    1000    .8431382   .0522581   .7006274   1.047527  
    s2m3 |    1000    .7373832   .0481714   .6148513   .9483508  
    s3m3 |    1000    .1884323   .0120553   .1529143   .2374382  
    s4m3 |    1000    .1515288   .0175088   .1060155   .2203732  
    s5m3 |    1000    .0801812   .0045262   .0643428   .0960311  
    s1m4 |    1000    .8490622   .0527892   .7054158   1.056628  
    s2m4 |    1000    .7432774   .0487942   .6190748   .9568526  
    s3m4 |    1000    .1897579   .0121795   .1539725   .2396701  
    s4m4 |    1000    .1538397   .0181559   .1073927   .2245089  
    s5m4 |    1000    .0806996   .0045653   .0647486   .0966742  
    s1m5 |    1000    .8597183   .0377383   .7445847   1.003031  
    s2m5 |    1000    .7382956   .0329602   .6429231   .8668308  
    s3m5 |    1000    .1885368   .0085367   .1655028   .2208078  
    s4m5 |    1000    .1521361   .0110477   .1213783    .193941  
    s5m5 |    1000      .08071   .0033744   .0705952   .0922569  
      wh |    1000    22.44895   7.894131   5.484398   51.52279  
    whpr |    1000    .1811056   .2175614   3.39e-06   .9778649  
      bp |    1000    13.55927   6.778447   1.163825   41.08535  
    bppr |    1000    .0725051   .1326148   2.58e-08   .8840179  
      gl |    1000     12.5487   6.344435   .8941255   39.06268  
    glpr |    1000     .084794   .1434456   6.76e-08   .9254021  
      cw |    1000    7.965074   5.463631   .0001122   30.30296  
    cwpr |    1000    .0591561   .1307466   3.70e-08   .9915475  
  seedis |    1000    1.10e+07          0   1.10e+07   1.10e+07  
   niter |    1000        1000          0       1000       1000  
dsnumber |    1000           1          0          1          1  
 dslabel |    1000           1          0          1          1  
  factor |    1000         .97          0        .97        .97  
      R2 |    1000    .3921287          0   .3921287   .3921287  
 sampleN |    1000         500          0        500        500  
 
** Results for:
*  Sample Size:     500
*  Selection Seed:  11020760
*  # of Iterations: 1000
*  Sig Level:       05
*  Means of sample estimates of:
   b0 = .855508276399225
   b1 = 1.129247237553587
   b2 = .9769307418763638
   b3 = 1.008310892671347
   b4 = -.007360841515052
 
** Description of 1n41000

Variable |     Obs        Mean   Std. Dev.       Min        Max
---------+-----------------------------------------------------
      s1 |    1000    .9138493   .5990807  -1.070887   2.619083  
      s2 |    1000    1.088559   .5271698  -.3374404   2.691828  
      s3 |    1000    .9740226   .1350609   .5776898   1.387493  
      s4 |    1000    1.003431   .1031065   .6082768   1.466316  
      s5 |    1000   -.0033832   .0566681  -.1844362   .1695643  
    s1m1 |    1000    .5929891    .025818    .513121   .6887459  
    s2m1 |    1000    .5182168   .0235714   .4421801   .6002185  
    s3m1 |    1000    .1321441   .0058664   .1138842    .150895  
    s4m1 |    1000    .1065569   .0087269   .0844495   .1410608  
    s5m1 |    1000    .0563183   .0021865   .0499483   .0642344  
    s1m2 |    1000    .5944771   .0258828   .5144086   .6904742  
    s2m2 |    1000    .5195172   .0236306   .4432898   .6017247  
    s3m2 |    1000    .1324757   .0058811     .11417   .1512737  
    s4m2 |    1000    .1068243   .0087488   .0846614   .1414148  
    s5m2 |    1000    .0564597    .002192   .0500737   .0643956  
    s1m3 |    1000    .5950468   .0259535   .5146856   .6911992  
    s2m3 |    1000    .5202513   .0237277    .443716   .6034288  
    s3m3 |    1000    .1326059   .0058939   .1142515   .1514747  
    s4m3 |    1000    .1073446    .008883   .0848738    .143175  
    s5m3 |    1000    .0564993   .0021949   .0500919   .0644488  
    s1m4 |    1000    .5971244   .0260929    .516261    .693668  
    s2m4 |    1000     .522313   .0238917   .4452687   .6067055  
    s3m4 |    1000    .1330708   .0059218   .1146208   .1520591  
    s4m4 |    1000    .1081529   .0090519   .0853036   .1453625  
    s5m4 |    1000    .0566813   .0022034   .0502362   .0646642  
    s1m5 |    1000    .6067632   .0191288   .5395983   .6791541  
    s2m5 |    1000    .5210107    .017139   .4597481   .5766101  
    s3m5 |    1000    .1328382   .0042328   .1181522   .1500928  
    s4m5 |    1000    .1070716   .0055705   .0895064   .1270372  
    s5m5 |    1000    .0567452   .0016766   .0510072   .0621711  
      wh |    1000    31.77545   10.19991   7.113592   72.15917  
    whpr |    1000    .0519036   .1225581   7.82e-10   .9302442  
      bp |    1000     23.3079   9.212186   1.212085   57.55986  
    bppr |    1000       .0103   .0500163   9.44e-12    .876105  
      gl |    1000    21.47933    8.74722   1.250821   61.18127  
    glpr |    1000    .0152419   .0606251   1.64e-12   .8696625  
      cw |    1000     15.6167   7.787055   .0154493   49.29329  
    cwpr |    1000    .0079341   .0417251   2.20e-12   .9010816  
  seedis |    1000    1.10e+07          0   1.10e+07   1.10e+07  
   niter |    1000        1000          0       1000       1000  
dsnumber |    1000           1          0          1          1  
 dslabel |    1000           1          0          1          1  
  factor |    1000         .97          0        .97        .97  
      R2 |    1000    .3921287          0   .3921287   .3921287  
 sampleN |    1000        1000          0       1000       1000  
 
** Results for:
*  Sample Size:     1000
*  Selection Seed:  11020760
*  # of Iterations: 1000
*  Sig Level:       05
*  Means of sample estimates of:
   b0 = .9138492796565406
   b1 = 1.088559101270977
   b2 = .9740226311683656
   b3 = 1.003430650949478
   b4 = -.003383186379353
(Note: file 1n4res10.dta not found)
 
** Description of 1n40025

Variable |     Obs        Mean   Std. Dev.       Min        Max
---------+-----------------------------------------------------
      s1 |    1000    1.220289   4.410018   -13.6102    19.0772  
      s2 |    1000    .7328794   3.872736  -15.25757   13.30417  
      s3 |    1000    1.051445    .933579  -1.844044   4.698112  
      s4 |    1000    1.038662   .9194291  -3.872348   4.285451  
      s5 |    1000    .0210873   .4053337  -1.308304   1.556328  
    s1m1 |    1000     3.64831   1.109549    1.35967   10.10262  
    s2m1 |    1000    3.195291   .9752246   1.055161   7.647266  
    s3m1 |    1000    .7961599   .2408639   .3000841   1.910644  
    s4m1 |    1000    .6875363   .3226057   .1616395   2.775653  
    s5m1 |    1000    .3376714   .0931271    .149193   .7635375  
    s1m2 |    1000    4.078935   1.240514   1.520157   11.29508  
    s2m2 |    1000    3.572444   1.090334   1.179706   8.549904  
    s3m2 |    1000    .8901338    .269294   .3355043   2.136164  
    s4m2 |    1000     .768689   .3606841   .1807185   3.103274  
    s5m2 |    1000    .3775281   .1041193   .1668028   .8536609  
    s1m3 |    1000    4.217566   1.323791   1.536853    11.7667  
    s2m3 |    1000    3.718881   1.172843   1.203585   8.975847  
    s3m3 |    1000    .9206858    .285548   .3359911   2.221519  
    s4m3 |    1000    .8371155    .396717   .2045718   3.579163  
    s5m3 |    1000    .3882831   .1100048   .1687469   .9186676  
    s1m4 |    1000    4.972095   1.665505   1.780308   15.01143  
    s2m4 |    1000    4.436056   1.514793   1.417897   13.97779  
    s3m4 |    1000    1.077923   .3480214   .3788944   2.768174  
    s4m4 |    1000    1.075983   .5504053   .2385461    5.12812  
    s5m4 |    1000    .4518775   .1338846     .19142   1.122896  
    s1m5 |    1000    4.338849   1.011955   2.018927   9.121887  
    s2m5 |    1000    3.785996   .9015343   1.826266   7.367996  
    s3m5 |    1000    .9399576    .214787   .4036506   2.113113  
    s4m5 |    1000    .8615152   .3266634   .2613243    2.68631  
    s5m5 |    1000    .3968134   .0869928   .2049652   .7958658  
      wh |    1000     14.0995   3.924409   3.818089   23.91892  
    whpr |    1000    .4722366   .2487586   .0468658   .9964646  
      bp |    1000    3.792935   2.857283   .0652799   28.09712  
    bppr |    1000    .5257177   .2833394   .0000119   .9994788  
      gl |    1000    4.351854   2.609592   .1284395   14.32511  
    glpr |    1000    .4461625   .2768887   .0063266   .9980241  
      cw |    1000    1.035836   1.443374   2.41e-08   12.38118  
    cwpr |    1000    .4928124   .2913946   .0004337   .9998763  
  seedis |    1000    1.10e+07          0   1.10e+07   1.10e+07  
   niter |    1000        1000          0       1000       1000  
dsnumber |    1000           1          0          1          1  
 dslabel |    1000           1          0          1          1  
  factor |    1000         .97          0        .97        .97  
      R2 |    1000    .3921287          0   .3921287   .3921287  
 sampleN |    1000          25          0         25         25  
 
** Results for:
*  Sample Size:     25
*  Selection Seed:  11020760
*  # of Iterations: 1000
*  Sig Level:       10
*  Means of sample estimates of:
   b0 = 1.220288689730281
   b1 = .7328794432161376
   b2 = 1.05144545336254
   b3 = 1.038661688103806
   b4 = .0210872951580095
 
** Description of 1n40050

Variable |     Obs        Mean   Std. Dev.       Min        Max
---------+-----------------------------------------------------
      s1 |    1000    .9578667   2.804767  -10.00162   10.36362  
      s2 |    1000     1.03233   2.499352  -6.912442   8.621873  
      s3 |    1000    .9669124   .6395527  -1.127553   2.919633  
      s4 |    1000    1.064264   .5477864  -.5963315   3.040399  
      s5 |    1000   -.0110252   .2710031  -.8379882   .9314469  
    s1m1 |    1000    2.579344    .488454    1.42339   4.324685  
    s2m1 |    1000    2.252289    .440711   1.132215   3.883109  
    s3m1 |    1000    .5724623   .1094336   .3114458   1.072518  
    s4m1 |    1000    .4687137   .1511894    .172257   1.419665  
    s5m1 |    1000    .2470343   .0464541   .1383184   .4220772  
    s1m2 |    1000    2.718867   .5148758   1.500384   4.558618  
    s2m2 |    1000    2.374121   .4645502    1.19346   4.093156  
    s3m2 |    1000    .6034282   .1153531   .3282927   1.130533  
    s4m2 |    1000    .4940676   .1593677   .1815748   1.496458  
    s5m2 |    1000    .2603971   .0489669   .1458005   .4449084  
    s1m3 |    1000    2.765445   .5326831   1.504146   4.710898  
    s2m3 |    1000    2.427094   .4842716   1.197728   4.220065  
    s3m3 |    1000    .6145299   .1199288   .3318362   1.146598  
    s4m3 |    1000    .5235077    .175671    .185056   1.543191  
    s5m3 |    1000    .2640697   .0503884   .1470322   .4734216  
    s1m4 |    1000    2.980581   .5920595   1.590693   5.149714  
    s2m4 |    1000    2.634752   .5475847   1.268651    4.79185  
    s3m4 |    1000    .6617917    .132734   .3543802   1.276734  
    s4m4 |    1000    .5963248   .2185884   .1996258   1.801839  
    s5m4 |    1000    .2830877   .0550641    .156435   .5504457  
    s1m5 |    1000     2.84247   .4162252   1.775295   4.371239  
    s2m5 |    1000    2.464233   .3704726   1.506638   3.802804  
    s3m5 |    1000    .6212011   .0879728   .3681077   .9719187  
    s4m5 |    1000    .5323862   .1312199   .2332035   1.192513  
    s5m5 |    1000     .265221   .0388017   .1599571   .4539907  
      wh |    1000    14.52873   5.376304   3.680085   37.77378  
    whpr |    1000    .4710093   .2894133   .0005627    .997103  
      bp |    1000    4.734427   3.449889   .2327758   27.44601  
    bppr |    1000    .4397606   .2907761   .0000161   .9937302  
      gl |    1000    4.891722   3.174083   .0843139   17.24347  
    glpr |    1000    .4118426   .2844222   .0017333    .999136  
      cw |    1000    1.407445   1.793989   2.31e-06   10.93197  
    cwpr |    1000    .4355394    .301428   .0009452   .9987879  
  seedis |    1000    1.10e+07          0   1.10e+07   1.10e+07  
   niter |    1000        1000          0       1000       1000  
dsnumber |    1000           1          0          1          1  
 dslabel |    1000           1          0          1          1  
  factor |    1000         .97          0        .97        .97  
      R2 |    1000    .3921287          0   .3921287   .3921287  
 sampleN |    1000          50          0         50         50  
 
** Results for:
*  Sample Size:     50
*  Selection Seed:  11020760
*  # of Iterations: 1000
*  Sig Level:       10
*  Means of sample estimates of:
   b0 = .9578667307901196
   b1 = 1.032329734831117
   b2 = .9669123513028026
   b3 = 1.064264455650875
   b4 = -.0110252219326212
 
** Description of 1n40100

Variable |     Obs        Mean   Std. Dev.       Min        Max
---------+-----------------------------------------------------
      s1 |    1000    .8841915   1.915194  -6.044903   6.645043  
      s2 |    1000    1.119511    1.69309  -4.305189   6.929635  
      s3 |    1000    .9702263   .4332949  -.6221588   2.238334  
      s4 |    1000    1.004701   .3532465  -.3215069   2.078739  
      s5 |    1000   -.0099925   .1781875  -.5485579    .600323  
    s1m1 |    1000    1.864428   .2632358   1.165714    3.01041  
    s2m1 |    1000    1.631381   .2375894   1.031576   2.525285  
    s3m1 |    1000    .4126638   .0581226   .2577532   .6261869  
    s4m1 |    1000    .3363184   .0813344   .1518388   .7008206  
    s5m1 |    1000    .1772658   .0231352   .1037347   .2600279  
    s1m2 |    1000    1.912863   .2700743   1.195997   3.088615  
    s2m2 |    1000    1.673762   .2437615   1.058375   2.590888  
    s3m2 |    1000    .4233841   .0596325   .2644492   .6424542  
    s4m2 |    1000    .3450554   .0834473   .1557833   .7190267  
    s5m2 |    1000    .1818709   .0237362   .1064295    .266783  
    s1m3 |    1000     1.93004   .2750892   1.200401   3.135539  
    s2m3 |    1000    1.694908   .2499173   1.061637   2.631774  
    s3m3 |    1000    .4272825   .0607441   .2652607   .6465683  
    s4m3 |    1000    .3581263   .0901679   .1574405    .740283  
    s5m3 |    1000    .1831405   .0240986   .1071026   .2694322  
    s1m4 |    1000     2.00169   .2900865   1.236579   3.267076  
    s2m4 |    1000    1.766015   .2678248   1.092907    2.89784  
    s3m4 |    1000    .4428314   .0636444   .2731417   .6678264  
    s4m4 |    1000    .3845138   .1047887   .1634155   .9816917  
    s5m4 |    1000    .1893582   .0251452   .1106365   .2792554  
    s1m5 |    1000    1.975519   .2156972   1.399688   2.984671  
    s2m5 |    1000    1.703445   .1896708   1.217179   2.637659  
    s3m5 |    1000    .4325613    .046771   .3064682   .6440482  
    s4m5 |    1000    .3588082   .0636262   .2128966   .6457592  
    s5m5 |    1000    .1843899   .0179931   .1366095   .2408329  
      wh |    1000    14.85629   5.852369    2.72195   42.59995  
    whpr |    1000    .4610378   .2950922   .0000992   .9994721  
      bp |    1000    5.591672   3.970926   .1002316   24.70635  
    bppr |    1000     .374788   .2890934   .0000576   .9987854  
      gl |    1000    5.561793   3.660778   .1993706   27.20557  
    glpr |    1000    .3643064   .2840742   .0000181   .9953496  
      cw |    1000    2.087045    2.57941   4.46e-08   19.83172  
    cwpr |    1000    .3541227   .2999886   8.46e-06   .9998316  
  seedis |    1000    1.10e+07          0   1.10e+07   1.10e+07  
   niter |    1000        1000          0       1000       1000  
dsnumber |    1000           1          0          1          1  
 dslabel |    1000           1          0          1          1  
  factor |    1000         .97          0        .97        .97  
      R2 |    1000    .3921287          0   .3921287   .3921287  
 sampleN |    1000         100          0        100        100  
 
** Results for:
*  Sample Size:     100
*  Selection Seed:  11020760
*  # of Iterations: 1000
*  Sig Level:       10
*  Means of sample estimates of:
   b0 = .8841915087567613
   b1 = 1.119510654684622
   b2 = .9702262714777608
   b3 = 1.004701236549765
   b4 = -.0099925249532753
 
** Description of 1n40250

Variable |     Obs        Mean   Std. Dev.       Min        Max
---------+-----------------------------------------------------
      s1 |    1000    .8755801   1.269966  -3.095379   5.030469  
      s2 |    1000    1.137825    1.11792  -3.013859   4.640892  
      s3 |    1000    .9717648   .2741059   .0905944   1.785803  
      s4 |    1000    .9901837   .2208506   .3316737   1.686495  
      s5 |    1000   -.0060898   .1125574  -.3571634   .4199622  
    s1m1 |    1000    1.182841   .1010224    .883672   1.591676  
    s2m1 |    1000    1.032522   .0926072   .7849154   1.418901  
    s3m1 |    1000    .2636957   .0234385   .1974309   .3356313  
    s4m1 |    1000    .2106482   .0321173   .1347056   .3849998  
    s5m1 |    1000     .111959   .0091513   .0879042   .1500816  
    s1m2 |    1000     1.19485    .102048   .8926436   1.607835  
    s2m2 |    1000    1.043004   .0935474   .7928843   1.433306  
    s3m2 |    1000    .2663729   .0236765   .1994353   .3390388  
    s4m2 |    1000    .2127868   .0324433   .1360733   .3889086  
    s5m2 |    1000    .1130956   .0092442   .0887967   .1516053  
    s1m3 |    1000    1.199256   .1030998   .8989674   1.622825  
    s2m3 |    1000    1.048516   .0948754   .7959423   1.450281  
    s3m3 |    1000    .2673958   .0238717   .2000639   .3407028  
    s4m3 |    1000     .216465   .0336624    .138785   .4032543  
    s5m3 |    1000    .1134185   .0093147   .0890116    .152076  
    s1m4 |    1000    1.216265   .1053694   .9164311   1.655773  
    s2m4 |    1000    1.065294   .0974586   .8072956   1.483727  
    s3m4 |    1000    .2711895   .0243236   .2027566   .3473697  
    s4m4 |    1000    .2228372   .0356339   .1433298   .4230342  
    s5m4 |    1000    .1149126   .0094851   .0901443   .1541044  
    s1m5 |    1000    1.220807   .0782495   .9983827   1.495845  
    s2m5 |    1000    1.048857   .0690369   .8561068   1.275119  
    s3m5 |    1000    .2674046   .0169008   .2168886   .3232498  
    s4m5 |    1000    .2174132   .0223252   .1560007   .3223011  
    s5m5 |    1000    .1140723   .0067079   .0944358   .1375439  
      wh |    1000    17.67618   6.574121   3.681285   45.15304  
    whpr |    1000    .3306277   .2784613   .0000385   .9970978  
      bp |    1000     8.24534   4.812128   .2568651   29.60364  
    bppr |    1000    .2147471   .2419315   5.89e-06   .9924258  
      gl |    1000    7.793477   4.479735   .1336685   27.80924  
    glpr |    1000    .2299098   .2513991   .0000136   .9978637  
      cw |    1000    4.171164   3.525833   .0001816   21.45093  
    cwpr |    1000    .1745636   .2333136   3.63e-06   .9892491  
  seedis |    1000    1.10e+07          0   1.10e+07   1.10e+07  
   niter |    1000        1000          0       1000       1000  
dsnumber |    1000           1          0          1          1  
 dslabel |    1000           1          0          1          1  
  factor |    1000         .97          0        .97        .97  
      R2 |    1000    .3921287          0   .3921287   .3921287  
 sampleN |    1000         250          0        250        250  
 
** Results for:
*  Sample Size:     250
*  Selection Seed:  11020760
*  # of Iterations: 1000
*  Sig Level:       10
*  Means of sample estimates of:
   b0 = .8755800513878931
   b1 = 1.137825287468149
   b2 = .9717648087218404
   b3 = .990183744341135
   b4 = -.0060897547169152
 
** Description of 1n40500

Variable |     Obs        Mean   Std. Dev.       Min        Max
---------+-----------------------------------------------------
      s1 |    1000    .8555083   .8436208  -1.516079   3.622029  
      s2 |    1000    1.129247   .7391782  -1.310316   3.305631  
      s3 |    1000    .9769307   .1895484   .2990455   1.688835  
      s4 |    1000    1.008311   .1518303   .4545217     1.4391  
      s5 |    1000   -.0073608   .0820592  -.2636428   .2298973  
    s1m1 |    1000    .8373291    .051748   .6959506   1.038588  
    s2m1 |    1000     .731649   .0476017   .6106834   .9400145  
    s3m1 |    1000    .1871236    .011934   .1518692   .2352418  
    s4m1 |    1000    .1493378   .0169678   .1047162   .2163877  
    s5m1 |    1000    .0796688   .0044878    .063941   .0953948  
    s1m2 |    1000    .8415475   .0520087   .6994566    1.04382  
    s2m2 |    1000    .7353349   .0478415   .6137599   .9447501  
    s3m2 |    1000    .1880663   .0119941   .1526343   .2364269  
    s4m2 |    1000    .1500901   .0170533   .1052437   .2174778  
    s5m2 |    1000    .0800701   .0045104   .0642631   .0958754  
    s1m3 |    1000    .8431382   .0522581   .7006274   1.047527  
    s2m3 |    1000    .7373832   .0481714   .6148513   .9483508  
    s3m3 |    1000    .1884323   .0120553   .1529143   .2374382  
    s4m3 |    1000    .1515288   .0175088   .1060155   .2203732  
    s5m3 |    1000    .0801812   .0045262   .0643428   .0960311  
    s1m4 |    1000    .8490622   .0527892   .7054158   1.056628  
    s2m4 |    1000    .7432774   .0487942   .6190748   .9568526  
    s3m4 |    1000    .1897579   .0121795   .1539725   .2396701  
    s4m4 |    1000    .1538397   .0181559   .1073927   .2245089  
    s5m4 |    1000    .0806996   .0045653   .0647486   .0966742  
    s1m5 |    1000    .8597183   .0377383   .7445847   1.003031  
    s2m5 |    1000    .7382956   .0329602   .6429231   .8668308  
    s3m5 |    1000    .1885368   .0085367   .1655028   .2208078  
    s4m5 |    1000    .1521361   .0110477   .1213783    .193941  
    s5m5 |    1000      .08071   .0033744   .0705952   .0922569  
      wh |    1000    22.44895   7.894131   5.484398   51.52279  
    whpr |    1000    .1811056   .2175614   3.39e-06   .9778649  
      bp |    1000    13.55927   6.778447   1.163825   41.08535  
    bppr |    1000    .0725051   .1326148   2.58e-08   .8840179  
      gl |    1000     12.5487   6.344435   .8941255   39.06268  
    glpr |    1000     .084794   .1434456   6.76e-08   .9254021  
      cw |    1000    7.965074   5.463631   .0001122   30.30296  
    cwpr |    1000    .0591561   .1307466   3.70e-08   .9915475  
  seedis |    1000    1.10e+07          0   1.10e+07   1.10e+07  
   niter |    1000        1000          0       1000       1000  
dsnumber |    1000           1          0          1          1  
 dslabel |    1000           1          0          1          1  
  factor |    1000         .97          0        .97        .97  
      R2 |    1000    .3921287          0   .3921287   .3921287  
 sampleN |    1000         500          0        500        500  
 
** Results for:
*  Sample Size:     500
*  Selection Seed:  11020760
*  # of Iterations: 1000
*  Sig Level:       10
*  Means of sample estimates of:
   b0 = .855508276399225
   b1 = 1.129247237553587
   b2 = .9769307418763638
   b3 = 1.008310892671347
   b4 = -.007360841515052
 
** Description of 1n41000

Variable |     Obs        Mean   Std. Dev.       Min        Max
---------+-----------------------------------------------------
      s1 |    1000    .9138493   .5990807  -1.070887   2.619083  
      s2 |    1000    1.088559   .5271698  -.3374404   2.691828  
      s3 |    1000    .9740226   .1350609   .5776898   1.387493  
      s4 |    1000    1.003431   .1031065   .6082768   1.466316  
      s5 |    1000   -.0033832   .0566681  -.1844362   .1695643  
    s1m1 |    1000    .5929891    .025818    .513121   .6887459  
    s2m1 |    1000    .5182168   .0235714   .4421801   .6002185  
    s3m1 |    1000    .1321441   .0058664   .1138842    .150895  
    s4m1 |    1000    .1065569   .0087269   .0844495   .1410608  
    s5m1 |    1000    .0563183   .0021865   .0499483   .0642344  
    s1m2 |    1000    .5944771   .0258828   .5144086   .6904742  
    s2m2 |    1000    .5195172   .0236306   .4432898   .6017247  
    s3m2 |    1000    .1324757   .0058811     .11417   .1512737  
    s4m2 |    1000    .1068243   .0087488   .0846614   .1414148  
    s5m2 |    1000    .0564597    .002192   .0500737   .0643956  
    s1m3 |    1000    .5950468   .0259535   .5146856   .6911992  
    s2m3 |    1000    .5202513   .0237277    .443716   .6034288  
    s3m3 |    1000    .1326059   .0058939   .1142515   .1514747  
    s4m3 |    1000    .1073446    .008883   .0848738    .143175  
    s5m3 |    1000    .0564993   .0021949   .0500919   .0644488  
    s1m4 |    1000    .5971244   .0260929    .516261    .693668  
    s2m4 |    1000     .522313   .0238917   .4452687   .6067055  
    s3m4 |    1000    .1330708   .0059218   .1146208   .1520591  
    s4m4 |    1000    .1081529   .0090519   .0853036   .1453625  
    s5m4 |    1000    .0566813   .0022034   .0502362   .0646642  
    s1m5 |    1000    .6067632   .0191288   .5395983   .6791541  
    s2m5 |    1000    .5210107    .017139   .4597481   .5766101  
    s3m5 |    1000    .1328382   .0042328   .1181522   .1500928  
    s4m5 |    1000    .1070716   .0055705   .0895064   .1270372  
    s5m5 |    1000    .0567452   .0016766   .0510072   .0621711  
      wh |    1000    31.77545   10.19991   7.113592   72.15917  
    whpr |    1000    .0519036   .1225581   7.82e-10   .9302442  
      bp |    1000     23.3079   9.212186   1.212085   57.55986  
    bppr |    1000       .0103   .0500163   9.44e-12    .876105  
      gl |    1000    21.47933    8.74722   1.250821   61.18127  
    glpr |    1000    .0152419   .0606251   1.64e-12   .8696625  
      cw |    1000     15.6167   7.787055   .0154493   49.29329  
    cwpr |    1000    .0079341   .0417251   2.20e-12   .9010816  
  seedis |    1000    1.10e+07          0   1.10e+07   1.10e+07  
   niter |    1000        1000          0       1000       1000  
dsnumber |    1000           1          0          1          1  
 dslabel |    1000           1          0          1          1  
  factor |    1000         .97          0        .97        .97  
      R2 |    1000    .3921287          0   .3921287   .3921287  
 sampleN |    1000        1000          0       1000       1000  
 
** Results for:
*  Sample Size:     1000
*  Selection Seed:  11020760
*  # of Iterations: 1000
*  Sig Level:       10
*  Means of sample estimates of:
   b0 = .9138492796565406
   b1 = 1.088559101270977
   b2 = .9740226311683656
   b3 = 1.003430650949478
   b4 = -.003383186379353
(Note: file 1n4res.dta not found)
file 1n4res.dta saved

. 
. log close
