
. ts
** 31 Mar 1998 - 23:45:08

. set more off

. hcsum 2dbg B
** HCSUM for 2dbgres: B.
 * Table of mean absolute deviation from nominal size.
 * Negative marks smallest value.

            All  Through       b1       b2       b3       b4
sOLS05   -0.008   50.000   -0.003    0.010   -0.009    0.009
s0HC05    0.038   50.000    0.035    0.043    0.051    0.021
s1HC05    0.015   50.000    0.011    0.021    0.024   -0.003
s2HC05    0.010   50.000    0.005    0.018    0.012    0.004
s3HC05    0.017   50.000    0.022   -0.004    0.022    0.022
s3B005    0.010   50.000    0.005    0.009    0.015    0.011
s3B105    0.011   50.000    0.006    0.010    0.015    0.012
s3B205    0.013   50.000    0.009    0.011    0.017    0.015
s3B305    0.013   50.000    0.011    0.009    0.018    0.013
s3B305    0.012   50.000    0.013    0.007    0.017    0.013
s3B305    0.013   50.000    0.015    0.005    0.016    0.014

            All  Through       b1       b2       b3       b4
sOLS05    0.000  100.000    0.007    0.011   -0.007    0.007
s0HC05    0.067  100.000    0.026    0.039    0.040    0.016
s1HC05    0.028  100.000    0.008    0.022    0.019   -0.003
s2HC05    0.019  100.000   -0.004    0.019    0.009    0.003
s3HC05    0.033  100.000    0.020   -0.007    0.019    0.017
s3B005    0.021  100.000    0.009    0.010    0.014    0.010
s3B105    0.022  100.000    0.009    0.010    0.014    0.011
s3B205    0.026  100.000    0.012    0.011    0.015    0.013
s3B305    0.026  100.000    0.013    0.010    0.016    0.012
s3B305    0.025  100.000    0.014    0.009    0.016    0.012
s3B305    0.025  100.000    0.015    0.008    0.015    0.012

            All  Through       b1       b2       b3       b4
sOLS05   -0.007  250.000    0.008    0.008   -0.006    0.008
s0HC05    0.091  250.000    0.020    0.030    0.034    0.012
s1HC05    0.039  250.000    0.006    0.017    0.018   -0.003
s2HC05    0.027  250.000   -0.004    0.015    0.010    0.004
s3HC05    0.047  250.000    0.017   -0.006    0.015    0.015
s3B005    0.030  250.000    0.008    0.008    0.012    0.010
s3B105    0.031  250.000    0.008    0.008    0.012    0.010
s3B205    0.037  250.000    0.010    0.009    0.013    0.012
s3B305    0.037  250.000    0.011    0.008    0.013    0.011
s3B305    0.035  250.000    0.012    0.007    0.013    0.011
s3B305    0.036  250.000    0.013    0.006    0.012    0.011

             All   Through        b1        b2        b3        b4
sOLS05     0.000  1000.000     0.008     0.008    -0.005     0.007
s0HC05     0.110  1000.000     0.016     0.023     0.024     0.010
s1HC05     0.049  1000.000     0.007     0.014     0.014    -0.004
s2HC05     0.034  1000.000    -0.005     0.013     0.009     0.004
s3HC05     0.058  1000.000     0.014    -0.006     0.013     0.012
s3B005     0.039  1000.000     0.008     0.007     0.010     0.009
s3B105     0.040  1000.000     0.008     0.008     0.010     0.009
s3B205     0.046  1000.000     0.009     0.008     0.011     0.010
s3B305     0.046  1000.000     0.010     0.007     0.011     0.010
s3B305     0.045  1000.000     0.010     0.007     0.011     0.009
s3B305     0.045  1000.000     0.011     0.006     0.010     0.010

. hcsum 2dbg C
** HCSUM for 2dbgres: C.
 * Table of mean absolute deviation from nominal size.
 * Negative marks smallest value.

            All  Through       b1       b2       b3       b4
sOLS05   -0.008   50.000   -0.003    0.010   -0.009    0.009
s0HC05    0.038   50.000    0.035    0.043    0.051    0.021
s1HC05    0.015   50.000    0.011    0.021    0.024   -0.003
s2HC05    0.010   50.000    0.005    0.018    0.012    0.004
s3HC05    0.017   50.000    0.022    0.004    0.022    0.022
s3C005    0.012   50.000    0.013    0.007    0.017    0.013
s3C105    0.012   50.000    0.017    0.003    0.013    0.016
s3C205    0.015   50.000    0.022   -0.003    0.017    0.019
s3C305    0.016   50.000    0.022    0.004    0.020    0.020
s3C305    0.017   50.000    0.022    0.004    0.021    0.021
s3C305    0.017   50.000    0.022    0.004    0.021    0.021

            All  Through       b1       b2       b3       b4
sOLS05    0.000  100.000    0.007    0.011   -0.007    0.007
s0HC05    0.067  100.000    0.026    0.039    0.040    0.016
s1HC05    0.028  100.000    0.008    0.022    0.019   -0.003
s2HC05    0.019  100.000   -0.004    0.019    0.009    0.003
s3HC05    0.033  100.000    0.020    0.007    0.019    0.017
s3C005    0.025  100.000    0.014    0.008    0.016    0.012
s3C105    0.025  100.000    0.017    0.006    0.013    0.014
s3C205    0.029  100.000    0.020   -0.006    0.016    0.016
s3C305    0.031  100.000    0.020    0.006    0.018    0.016
s3C305    0.032  100.000    0.020    0.007    0.018    0.017
s3C305    0.033  100.000    0.020    0.007    0.018    0.017

            All  Through       b1       b2       b3       b4
sOLS05   -0.007  250.000    0.008    0.008   -0.006    0.008
s0HC05    0.091  250.000    0.020    0.030    0.034    0.012
s1HC05    0.039  250.000    0.006    0.017    0.018   -0.003
s2HC05    0.027  250.000   -0.004    0.015    0.010    0.004
s3HC05    0.047  250.000    0.017    0.006    0.015    0.015
s3C005    0.035  250.000    0.012    0.007    0.013    0.011
s3C105    0.035  250.000    0.014    0.005    0.011    0.012
s3C205    0.041  250.000    0.016   -0.005    0.013    0.014
s3C305    0.044  250.000    0.017    0.005    0.014    0.014
s3C305    0.045  250.000    0.017    0.006    0.015    0.015
s3C305    0.046  250.000    0.017    0.006    0.015    0.015

             All   Through        b1        b2        b3        b4
sOLS05     0.000  1000.000     0.008     0.008    -0.005     0.007
s0HC05     0.110  1000.000     0.016     0.023     0.024     0.010
s1HC05     0.049  1000.000     0.007     0.014     0.014    -0.004
s2HC05     0.034  1000.000    -0.005     0.013     0.009     0.004
s3HC05     0.058  1000.000     0.014     0.006     0.013     0.012
s3C005     0.045  1000.000     0.011     0.007     0.011     0.009
s3C105     0.045  1000.000     0.012     0.006     0.010     0.010
s3C205     0.052  1000.000     0.013    -0.005     0.011     0.011
s3C305     0.054  1000.000     0.014     0.006     0.012     0.012
s3C305     0.056  1000.000     0.014     0.006     0.012     0.012
s3C305     0.057  1000.000     0.014     0.006     0.012     0.012

. hcsum 2dbg G
** HCSUM for 2dbgres: G.
 * Table of mean absolute deviation from nominal size.
 * Negative marks smallest value.

            All  Through       b1       b2       b3       b4
sOLS05   -0.008   50.000   -0.003    0.010   -0.009    0.009
s0HC05    0.038   50.000    0.035    0.043    0.051    0.021
s1HC05    0.015   50.000    0.011    0.021    0.024   -0.003
s2HC05    0.010   50.000    0.005    0.018    0.012    0.004
s3HC05    0.017   50.000    0.022    0.004    0.022    0.022
s3G005    0.013   50.000    0.014    0.006    0.016    0.015
s3G105    0.013   50.000    0.015    0.004    0.015    0.017
s3G205    0.014   50.000    0.018   -0.002    0.015    0.019
s3G305    0.015   50.000    0.020    0.004    0.016    0.019
s3G305    0.016   50.000    0.022    0.004    0.018    0.020
s3G305    0.016   50.000    0.022    0.004    0.021    0.020

            All  Through       b1       b2       b3       b4
sOLS05    0.000  100.000    0.007    0.011   -0.007    0.007
s0HC05    0.067  100.000    0.026    0.039    0.040    0.016
s1HC05    0.028  100.000    0.008    0.022    0.019   -0.003
s2HC05    0.019  100.000   -0.004    0.019    0.009    0.003
s3HC05    0.033  100.000    0.020    0.007    0.019    0.017
s3G005    0.025  100.000    0.015    0.008    0.015    0.013
s3G105    0.025  100.000    0.015    0.007    0.014    0.014
s3G205    0.027  100.000    0.017   -0.005    0.014    0.016
s3G305    0.029  100.000    0.019    0.006    0.015    0.016
s3G305    0.031  100.000    0.020    0.007    0.017    0.016
s3G305    0.031  100.000    0.020    0.007    0.018    0.016

            All  Through       b1       b2       b3       b4
sOLS05   -0.007  250.000    0.008    0.008   -0.006    0.008
s0HC05    0.091  250.000    0.020    0.030    0.034    0.012
s1HC05    0.039  250.000    0.006    0.017    0.018   -0.003
s2HC05    0.027  250.000   -0.004    0.015    0.010    0.004
s3HC05    0.047  250.000    0.017    0.006    0.015    0.015
s3G005    0.036  250.000    0.013    0.006    0.012    0.012
s3G105    0.036  250.000    0.013    0.006    0.012    0.013
s3G205    0.038  250.000    0.015   -0.004    0.012    0.014
s3G305    0.040  250.000    0.016    0.005    0.012    0.014
s3G305    0.043  250.000    0.016    0.005    0.014    0.014
s3G305    0.044  250.000    0.016    0.005    0.015    0.014

             All   Through        b1        b2        b3        b4
sOLS05     0.000  1000.000     0.008     0.008    -0.005     0.007
s0HC05     0.110  1000.000     0.016     0.023     0.024     0.010
s1HC05     0.049  1000.000     0.007     0.014     0.014    -0.004
s2HC05     0.034  1000.000    -0.005     0.013     0.009     0.004
s3HC05     0.058  1000.000     0.014     0.006     0.013     0.012
s3G005     0.045  1000.000     0.011     0.006     0.011     0.010
s3G105     0.045  1000.000     0.011     0.006     0.010     0.011
s3G205     0.048  1000.000     0.012    -0.005     0.010     0.011
s3G305     0.050  1000.000     0.013     0.006     0.011     0.011
s3G305     0.054  1000.000     0.013     0.006     0.011     0.012
s3G305     0.055  1000.000     0.013     0.006     0.012     0.012

. hcsum 2dbg W
** HCSUM for 2dbgres: W.
 * Table of mean absolute deviation from nominal size.
 * Negative marks smallest value.

            All  Through       b1       b2       b3       b4
sOLS05    0.008   50.000    0.003    0.010    0.009    0.009
s0HC05    0.038   50.000    0.035    0.043    0.051    0.021
s1HC05    0.015   50.000    0.011    0.021    0.024   -0.003
s2HC05    0.010   50.000    0.005    0.018    0.012    0.004
s3HC05    0.017   50.000    0.022   -0.004    0.022    0.022
s3W005    0.008   50.000    0.003    0.010    0.009    0.009
s3W105   -0.007   50.000   -0.003    0.010   -0.008    0.009
s3W205    0.008   50.000    0.003    0.010    0.009    0.011
s3W305    0.009   50.000    0.005    0.011    0.011    0.009
s3W305    0.011   50.000    0.008    0.010    0.014    0.011
s3W305    0.011   50.000    0.008    0.007    0.015    0.013

            All  Through       b1       b2       b3       b4
sOLS05    0.016  100.000    0.007    0.011   -0.007    0.007
s0HC05    0.067  100.000    0.026    0.039    0.040    0.016
s1HC05    0.028  100.000    0.008    0.022    0.019   -0.003
s2HC05    0.019  100.000   -0.004    0.019    0.009    0.003
s3HC05    0.033  100.000    0.020   -0.007    0.019    0.017
s3W005    0.017  100.000    0.007    0.010    0.010    0.009
s3W105   -0.002  100.000    0.007    0.010    0.010    0.009
s3W205    0.018  100.000    0.007    0.010    0.010    0.010
s3W305    0.019  100.000    0.009    0.011    0.011    0.009
s3W305    0.022  100.000    0.011    0.011    0.014    0.011
s3W305    0.022  100.000    0.010    0.008    0.014    0.012

            All  Through       b1       b2       b3       b4
sOLS05    0.023  250.000    0.008    0.008   -0.006    0.008
s0HC05    0.091  250.000    0.020    0.030    0.034    0.012
s1HC05    0.039  250.000    0.006    0.017    0.018   -0.003
s2HC05    0.027  250.000   -0.004    0.015    0.010    0.004
s3HC05    0.047  250.000    0.017   -0.006    0.015    0.015
s3W005    0.025  250.000    0.007    0.008    0.009    0.009
s3W105   -0.006  250.000    0.007    0.008    0.008    0.009
s3W205    0.026  250.000    0.007    0.008    0.009    0.010
s3W305    0.028  250.000    0.008    0.009    0.010    0.009
s3W305    0.032  250.000    0.010    0.008    0.011    0.010
s3W305    0.031  250.000    0.009    0.007    0.012    0.011

             All   Through        b1        b2        b3        b4
sOLS05     0.030  1000.000     0.008     0.008    -0.005     0.007
s0HC05     0.110  1000.000     0.016     0.023     0.024     0.010
s1HC05     0.049  1000.000     0.007     0.014     0.014    -0.004
s2HC05     0.034  1000.000    -0.005     0.013     0.009     0.004
s3HC05     0.058  1000.000     0.014    -0.006     0.013     0.012
s3W005     0.033  1000.000     0.007     0.008     0.008     0.008
s3W105    -0.001  1000.000     0.007     0.008     0.008     0.008
s3W205     0.034  1000.000     0.007     0.008     0.008     0.009
s3W305     0.036  1000.000     0.008     0.008     0.009     0.008
s3W305     0.041  1000.000     0.009     0.008     0.010     0.009
s3W305     0.040  1000.000     0.009     0.007     0.010     0.009

. hcsum 2dbg all
** HCSUM for 2dbgres: all.
 * Table of mean absolute deviation from nominal size.
 * Negative marks smallest value.

            All  Through       b1       b2       b3       b4
sOLS05    0.008   50.000    0.003    0.010    0.009    0.009
s0HC05    0.038   50.000    0.035    0.043    0.051    0.021
s1HC05    0.015   50.000    0.011    0.021    0.024   -0.003
s2HC05    0.010   50.000    0.005    0.018    0.012    0.004
s3HC05    0.017   50.000    0.022    0.004    0.022    0.022
s3B005    0.010   50.000    0.005    0.009    0.015    0.011
s3B105    0.011   50.000    0.006    0.010    0.015    0.012
s3B205    0.013   50.000    0.009    0.011    0.017    0.015
s3B305    0.013   50.000    0.011    0.009    0.018    0.013
s3B405    0.012   50.000    0.013    0.007    0.017    0.013
s3B505    0.013   50.000    0.015    0.005    0.016    0.014
s3C005    0.012   50.000    0.013    0.007    0.017    0.013
s3C105    0.012   50.000    0.017    0.003    0.013    0.016
s3C205    0.015   50.000    0.022    0.003    0.017    0.019
s3C305    0.016   50.000    0.022    0.004    0.020    0.020
s3C405    0.017   50.000    0.022    0.004    0.021    0.021
s3C505    0.017   50.000    0.022    0.004    0.021    0.021
s3G005    0.013   50.000    0.014    0.006    0.016    0.015
s3G105    0.013   50.000    0.015    0.004    0.015    0.017
s3G205    0.014   50.000    0.018   -0.002    0.015    0.019
s3G305    0.015   50.000    0.020    0.004    0.016    0.019
s3G405    0.016   50.000    0.022    0.004    0.018    0.020
s3G505    0.016   50.000    0.022    0.004    0.021    0.020
s3W005    0.008   50.000    0.003    0.010    0.009    0.009
s3W105   -0.007   50.000   -0.003    0.010   -0.008    0.009
s3W205    0.008   50.000    0.003    0.010    0.009    0.011
s3W305    0.009   50.000    0.005    0.011    0.011    0.009
s3W405    0.011   50.000    0.008    0.010    0.014    0.011
s3W505    0.011   50.000    0.008    0.007    0.015    0.013

            All  Through       b1       b2       b3       b4
sOLS05    0.016  100.000    0.007    0.011   -0.007    0.007
s0HC05    0.067  100.000    0.026    0.039    0.040    0.016
s1HC05    0.028  100.000    0.008    0.022    0.019   -0.003
s2HC05    0.019  100.000   -0.004    0.019    0.009    0.003
s3HC05    0.033  100.000    0.020    0.007    0.019    0.017
s3B005    0.021  100.000    0.009    0.010    0.014    0.010
s3B105    0.022  100.000    0.009    0.010    0.014    0.011
s3B205    0.026  100.000    0.012    0.011    0.015    0.013
s3B305    0.026  100.000    0.013    0.010    0.016    0.012
s3B405    0.025  100.000    0.014    0.009    0.016    0.012
s3B505    0.025  100.000    0.015    0.008    0.015    0.012
s3C005    0.025  100.000    0.014    0.008    0.016    0.012
s3C105    0.025  100.000    0.017    0.006    0.013    0.014
s3C205    0.029  100.000    0.020    0.006    0.016    0.016
s3C305    0.031  100.000    0.020    0.006    0.018    0.016
s3C405    0.032  100.000    0.020    0.007    0.018    0.017
s3C505    0.033  100.000    0.020    0.007    0.018    0.017
s3G005    0.025  100.000    0.015    0.008    0.015    0.013
s3G105    0.025  100.000    0.015    0.007    0.014    0.014
s3G205    0.027  100.000    0.017   -0.005    0.014    0.016
s3G305    0.029  100.000    0.019    0.006    0.015    0.016
s3G405    0.031  100.000    0.020    0.007    0.017    0.016
s3G505    0.031  100.000    0.020    0.007    0.018    0.016
s3W005    0.017  100.000    0.007    0.010    0.010    0.009
s3W105   -0.002  100.000    0.007    0.010    0.010    0.009
s3W205    0.018  100.000    0.007    0.010    0.010    0.010
s3W305    0.019  100.000    0.009    0.011    0.011    0.009
s3W405    0.022  100.000    0.011    0.011    0.014    0.011
s3W505    0.022  100.000    0.010    0.008    0.014    0.012

            All  Through       b1       b2       b3       b4
sOLS05    0.023  250.000    0.008    0.008   -0.006    0.008
s0HC05    0.091  250.000    0.020    0.030    0.034    0.012
s1HC05    0.039  250.000    0.006    0.017    0.018   -0.003
s2HC05    0.027  250.000   -0.004    0.015    0.010    0.004
s3HC05    0.047  250.000    0.017    0.006    0.015    0.015
s3B005    0.030  250.000    0.008    0.008    0.012    0.010
s3B105    0.031  250.000    0.008    0.008    0.012    0.010
s3B205    0.037  250.000    0.010    0.009    0.013    0.012
s3B305    0.037  250.000    0.011    0.008    0.013    0.011
s3B405    0.035  250.000    0.012    0.007    0.013    0.011
s3B505    0.036  250.000    0.013    0.006    0.012    0.011
s3C005    0.035  250.000    0.012    0.007    0.013    0.011
s3C105    0.035  250.000    0.014    0.005    0.011    0.012
s3C205    0.041  250.000    0.016    0.005    0.013    0.014
s3C305    0.044  250.000    0.017    0.005    0.014    0.014
s3C405    0.045  250.000    0.017    0.006    0.015    0.015
s3C505    0.046  250.000    0.017    0.006    0.015    0.015
s3G005    0.036  250.000    0.013    0.006    0.012    0.012
s3G105    0.036  250.000    0.013    0.006    0.012    0.013
s3G205    0.038  250.000    0.015   -0.004    0.012    0.014
s3G305    0.040  250.000    0.016    0.005    0.012    0.014
s3G405    0.043  250.000    0.016    0.005    0.014    0.014
s3G505    0.044  250.000    0.016    0.005    0.015    0.014
s3W005    0.025  250.000    0.007    0.008    0.009    0.009
s3W105   -0.006  250.000    0.007    0.008    0.008    0.009
s3W205    0.026  250.000    0.007    0.008    0.009    0.010
s3W305    0.028  250.000    0.008    0.009    0.010    0.009
s3W405    0.032  250.000    0.010    0.008    0.011    0.010
s3W505    0.031  250.000    0.009    0.007    0.012    0.011

             All   Through        b1        b2        b3        b4
sOLS05     0.030  1000.000     0.008     0.008    -0.005     0.007
s0HC05     0.110  1000.000     0.016     0.023     0.024     0.010
s1HC05     0.049  1000.000     0.007     0.014     0.014    -0.004
s2HC05     0.034  1000.000    -0.005     0.013     0.009     0.004
s3HC05     0.058  1000.000     0.014     0.006     0.013     0.012
s3B005     0.039  1000.000     0.008     0.007     0.010     0.009
s3B105     0.040  1000.000     0.008     0.008     0.010     0.009
s3B205     0.046  1000.000     0.009     0.008     0.011     0.010
s3B305     0.046  1000.000     0.010     0.007     0.011     0.010
s3B405     0.045  1000.000     0.010     0.007     0.011     0.009
s3B505     0.045  1000.000     0.011     0.006     0.010     0.010
s3C005     0.045  1000.000     0.011     0.007     0.011     0.009
s3C105     0.045  1000.000     0.012     0.006     0.010     0.010
s3C205     0.052  1000.000     0.013     0.005     0.011     0.011
s3C305     0.054  1000.000     0.014     0.006     0.012     0.012
s3C405     0.056  1000.000     0.014     0.006     0.012     0.012
s3C505     0.057  1000.000     0.014     0.006     0.012     0.012
s3G005     0.045  1000.000     0.011     0.006     0.011     0.010
s3G105     0.045  1000.000     0.011     0.006     0.010     0.011
s3G205     0.048  1000.000     0.012    -0.005     0.010     0.011
s3G305     0.050  1000.000     0.013     0.006     0.011     0.011
s3G405     0.054  1000.000     0.013     0.006     0.011     0.012
s3G505     0.055  1000.000     0.013     0.006     0.012     0.012
s3W005     0.033  1000.000     0.007     0.008     0.008     0.008
s3W105    -0.001  1000.000     0.007     0.008     0.008     0.008
s3W205     0.034  1000.000     0.007     0.008     0.008     0.009
s3W305     0.036  1000.000     0.008     0.008     0.009     0.008
s3W405     0.041  1000.000     0.009     0.008     0.010     0.009
s3W505     0.040  1000.000     0.009     0.007     0.010     0.009

. set more on

. log close
