
. set more off

. hcresult 4 2dbg
 
** Constructing data to analyze...
** 31 Mar 1998 - 23:44:11
** Population Data Used for Simulations
*    Structure:       2dbg.jslhc4.112
*    Simulation date: 13969
*    Seed:            11020760
*    Factor:          .665
*    R2:              .4
*    Sample N's:      25 50 100 250 500 1000

Variable |     Obs        Mean   Std. Dev.       Min        Max
---------+-----------------------------------------------------
       y |  100000    4.559835   2.435514  -7.418852   18.88092  
      x1 |  100000    1.499012   .2886124    1.00002   1.999999  
      x2 |  100000      .46551   .4988115          0          1  
      x3 |  100000    1.600192    1.03109   .0011668   12.12769  
      x4 |  100000     3.59375   1.692207  -2.283696   15.27936  

  Source |       SS       df       MS                  Number of obs =  100000
---------+------------------------------               F(  4, 99995) =16611.64
   Model |  236803.247     4  59200.8118               Prob > F      =  0.0000
Residual |  356363.678 99995  3.56381497               R-squared     =  0.3992
---------+------------------------------               Adj R-squared =  0.3992
   Total |  593166.925 99999  5.93172857               Root MSE      =  1.8878

------------------------------------------------------------------------------
       y |      Coef.   Std. Err.       t     P>|t|       [95% Conf. Interval]
---------+--------------------------------------------------------------------
      x1 |   1.063894   .0333001     31.949   0.000       .9986266    1.129162
      x2 |    .966001   .0174638     55.314   0.000       .9317721     1.00023
      x3 |    1.00383   .0079663    126.009   0.000       .9882162    1.019444
      x4 |  -.0037958   .0042441     -0.894   0.371      -.0121141    .0045226
   _cons |   .9226819    .042224     21.852   0.000       .8399233     1.00544
------------------------------------------------------------------------------
(Note: file 2dbgr105.dta not found)
 
** Description of Simulation Results in 2dbg0025
*  Sig Level/Sample N: 05/25

Variable |     Obs        Mean   Std. Dev.       Min        Max
---------+-----------------------------------------------------
      s1 |    1000      .90073   2.896757  -11.44368   10.55158  
      s2 |    1000    1.049656    2.42986  -7.203386   9.901051  
      s3 |    1000    .9465049   1.230394  -3.158531   6.815057  
      s4 |    1000    1.024475   .7010248  -1.844496   4.354612  
      s5 |    1000    .0022388   .2929047  -1.214052   1.074543  
    s1m1 |    1000    2.381898   .8603884   .7193759    6.02509  
    s2m1 |    1000    1.944473   .7222331   .5357885   4.815008  
    s3m1 |    1000     1.02073   .3602687   .2583295   2.815427  
    s4m1 |    1000    .5004298   .2550807   .0971109   2.158434  
    s5m1 |    1000    .2444662   .0870329   .0754546   .6450464  
    s1m2 |    1000    2.663042   .9619434   .8042867   6.736255  
    s2m2 |    1000    2.173987   .8074812   .5990298   5.383343  
    s3m2 |    1000    1.141211   .4027926   .2888212   3.147743  
    s4m2 |    1000    .5594975   .2851889   .1085733   2.413202  
    s5m2 |    1000    .2733216   .0973058   .0843608   .7211838  
    s1m3 |    1000    2.767685   1.014528   .8083497   6.953818  
    s2m3 |    1000    2.277623   .8594697   .6017953   5.603775  
    s3m3 |    1000    1.173567   .4221999   .2941922   3.212262  
    s4m3 |    1000    .6054722   .3081386   .1097577   2.650767  
    s5m3 |    1000    .2820343   .1019811   .0880926   .7647277  
    s1m4 |    1000    3.275685   1.246153   .9106078   8.636164  
    s2m4 |    1000    2.733123   1.080004   .6779853   7.539123  
    s3m4 |    1000     1.36615   .5088422   .3292259   3.665991  
    s4m4 |    1000    .7654495   .4016971   .1271723   3.300303  
    s5m4 |    1000     .328963   .1222371    .106285   .9109166  
    s1m5 |    1000    2.951134   .8331949    1.08195   6.172148  
    s2m5 |    1000    2.395924   .7104459   .8788209   5.595383  
    s3m5 |    1000    1.190531   .3409975   .3996432   2.414056  
    s4m5 |    1000    .6335344   .2706372   .1833972   2.435342  
    s5m5 |    1000    .2906857   .0836133    .108561   .7027711  
      wh |    1000    9.515254   3.317924   .9224725   19.99638  
    whpr |    1000    .7574801   .1984324   .1302555   .9999994  
      bp |    1000    6.363947   4.098715   .1937572   25.87503  
    bppr |    1000    .3160861    .278817   .0000335   .9955996  
      gl |    1000    9.515254   3.317924   .9224725   19.99638  
    glpr |    1000    .1020907   .1348914   .0005002   .9213148  
      cw |    1000    6.363947   4.098715   .1937572   25.87503  
    cwpr |    1000    .0580098   .0924142   3.64e-07   .6598078  
  seedis |    1000    1.10e+07          0   1.10e+07   1.10e+07  
   niter |    1000        1000          0       1000       1000  
dsnumber |    1000           4          0          4          4  
 dslabel |    1000         112          0        112        112  
  factor |    1000        .665          0       .665       .665  
      R2 |    1000    .3992186          0   .3992186   .3992186  
 sampleN |    1000          25          0         25         25  
 datenum |    1000       13969          0      13969      13969  
 
** Description of Simulation Results in 2dbg0050
*  Sig Level/Sample N: 05/50

Variable |     Obs        Mean   Std. Dev.       Min        Max
---------+-----------------------------------------------------
      s1 |    1000    .7839659   1.917925   -6.81253   7.165339  
      s2 |    1000      1.1473   1.554906   -4.17174   6.504237  
      s3 |    1000    .9020324    .843498  -2.417875   3.654995  
      s4 |    1000    .9958849   .3906217  -.6057303   2.222584  
      s5 |    1000    .0090794   .1995325  -.6268209   .6140489  
    s1m1 |    1000     1.76739   .4674814   .8135999   4.240851  
    s2m1 |    1000    1.422625   .3928487   .6262199   3.888709  
    s3m1 |    1000    .7672764   .1977969   .3428665   1.840593  
    s4m1 |    1000    .3496442   .1354579   .1003489   1.630511  
    s5m1 |    1000    .1840455   .0469941   .0716547   .3858488  
    s1m2 |    1000    1.862993   .4927687   .8576096    4.47025  
    s2m2 |    1000    1.499579   .4140989   .6600937    4.09906  
    s3m2 |    1000    .8087803   .2084962    .361413   1.940156  
    s4m2 |    1000    .3685574   .1427852    .105777    1.71871  
    s5m2 |    1000     .194001   .0495361   .0755306   .4067203  
    s1m3 |    1000    1.901548    .512897   .8744682   4.720177  
    s2m3 |    1000    1.540862      .4337    .679972   4.311336  
    s3m3 |    1000    .8201629   .2166216   .3689339   2.087674  
    s4m3 |    1000    .3903421   .1550403    .106248   1.813243  
    s5m3 |    1000     .196886   .0510191   .0762789   .4215743  
    s1m4 |    1000    2.058162   .5735892   .9301976   5.276657  
    s2m4 |    1000     1.68469   .4926934   .7283741   4.797516  
    s3m4 |    1000      .87965   .2394262   .3947248   2.373367  
    s4m4 |    1000    .4448262   .1871586   .1129192   2.021374  
    s5m4 |    1000    .2111898   .0557787   .0812369   .4625709  
    s1m5 |    1000    2.010499   .3794127   1.076726   3.344341  
    s2m5 |    1000    1.601712   .3179318   .8563332   2.718371  
    s3m5 |    1000    .8226374   .1598197   .4422078   1.379397  
    s4m5 |    1000     .400751   .1084197   .1705365   .9601351  
    s5m5 |    1000     .200416   .0377687   .1033882   .3650338  
      wh |    1000    17.81422   4.431567    6.58697   32.97847  
    whpr |    1000    .2769723   .2074817   .0029017   .9494642  
      bp |    1000    14.96719   6.633413   1.456557   48.58325  
    bppr |    1000    .0405497   .0788593   7.13e-10   .8343079  
      gl |    1000    17.81422   4.431567    6.58697   32.97847  
    glpr |    1000    .0060051   .0131321   1.21e-06   .1593924  
      cw |    1000    14.96719   6.633413   1.456557   48.58325  
    cwpr |    1000    .0028976   .0100573   3.17e-12   .2274787  
  seedis |    1000    1.10e+07          0   1.10e+07   1.10e+07  
   niter |    1000        1000          0       1000       1000  
dsnumber |    1000           4          0          4          4  
 dslabel |    1000         112          0        112        112  
  factor |    1000        .665          0       .665       .665  
      R2 |    1000    .3992186          0   .3992186   .3992186  
 sampleN |    1000          50          0         50         50  
 datenum |    1000       13969          0      13969      13969  
 
** Description of Simulation Results in 2dbg0100
*  Sig Level/Sample N: 05/100

Variable |     Obs        Mean   Std. Dev.       Min        Max
---------+-----------------------------------------------------
      s1 |    1000    .8920234   1.308736  -3.815979   5.146948  
      s2 |    1000      1.0899   1.054074  -2.760229   4.912137  
      s3 |    1000    .9550398   .5925241  -.8641096   3.005638  
      s4 |    1000    .9984715   .2690622   .0328165   2.134945  
      s5 |    1000   -.0022916   .1330104  -.4294404   .4329742  
    s1m1 |    1000    1.264486   .2427923   .5610244   2.372799  
    s2m1 |    1000    1.016334   .2011976   .4797685    1.88394  
    s3m1 |    1000    .5570449   .1056635    .294388   1.066606  
    s4m1 |    1000    .2476705   .0712365   .0936154    .587367  
    s5m1 |    1000     .130656   .0220193   .0720073   .2059652  
    s1m2 |    1000    1.297336   .2490996   .5755989    2.43444  
    s2m2 |    1000    1.042736   .2064244   .4922321   1.932882  
    s3m2 |    1000     .571516   .1084085   .3020357   1.094315  
    s4m2 |    1000    .2541046   .0730871   .0960474   .6026258  
    s5m2 |    1000    .1340502   .0225913   .0738779   .2113159  
    s1m3 |    1000    1.312305   .2553179   .5791535   2.480364  
    s2m3 |    1000    1.059624   .2142044    .495632   1.971193  
    s3m3 |    1000    .5758017   .1105152   .3024613   1.112323  
    s4m3 |    1000    .2637003   .0790112   .0990074   .7117549  
    s5m3 |    1000    .1350637   .0229455   .0742388   .2149155  
    s1m4 |    1000    1.364515   .2701914   .5982366    2.59452  
    s2m4 |    1000    1.108415   .2314823   .5123551   2.199276  
    s3m4 |    1000     .595726   .1158488   .3108642   1.160291  
    s4m4 |    1000    .2828884   .0900242    .110276   .8908283  
    s5m4 |    1000    .1397274    .023956   .0765655   .2267889  
    s1m5 |    1000    1.369693    .183194    .830802   2.067789  
    s2m5 |    1000    1.087404   .1507721   .6582776   1.691717  
    s3m5 |    1000    .5649296   .0760107   .3609153   .8014428  
    s4m5 |    1000    .2680931   .0510207   .1458131   .5133704  
    s5m5 |    1000    .1368049   .0170624   .0842124   .2041264  
      wh |    1000    34.00554   6.211809   16.49924   56.28148  
    whpr |    1000    .0095148   .0217451   5.21e-07   .2838455  
      bp |    1000    30.30183    9.66456   8.222053   63.52624  
    bppr |    1000    .0007076   .0039576   5.26e-13   .0837746  
      gl |    1000    34.00554   6.211809   16.49924   56.28148  
    glpr |    1000    .0000196   .0001125   1.75e-11   .0024175  
      cw |    1000    30.30183    9.66456   8.222053   63.52624  
    cwpr |    1000    .0000211   .0001649   1.55e-15   .0041384  
  seedis |    1000    1.10e+07          0   1.10e+07   1.10e+07  
   niter |    1000        1000          0       1000       1000  
dsnumber |    1000           4          0          4          4  
 dslabel |    1000         112          0        112        112  
  factor |    1000        .665          0       .665       .665  
      R2 |    1000    .3992186          0   .3992186   .3992186  
 sampleN |    1000         100          0        100        100  
 datenum |    1000       13969          0      13969      13969  
 
** Description of Simulation Results in 2dbg0250
*  Sig Level/Sample N: 05/250

Variable |     Obs        Mean   Std. Dev.       Min        Max
---------+-----------------------------------------------------
      s1 |    1000    .9253372   .7997089  -1.702074   3.509542  
      s2 |    1000    1.070986   .6445927  -1.070693   3.081345  
      s3 |    1000    .9816336    .346414  -.3499072   2.008339  
      s4 |    1000    .9989132   .1637464   .4315746   1.530463  
      s5 |    1000   -.0057324   .0842828  -.2659299   .2372033  
    s1m1 |    1000     .800709   .0939887   .5148008   1.192614  
    s2m1 |    1000    .6439832   .0810335   .4137871   .9659601  
    s3m1 |    1000    .3504149   .0402919   .2377723   .5172147  
    s4m1 |    1000    .1581382   .0310853   .0864285   .2836464  
    s5m1 |    1000    .0835779     .00905   .0562456   .1233025  
    s1m2 |    1000    .8088383   .0949429   .5200273   1.204722  
    s2m2 |    1000    .6505212   .0818562   .4179881    .975767  
    s3m2 |    1000    .3539725    .040701   .2401863   .5224657  
    s4m2 |    1000    .1597437   .0314008   .0873059   .2865261  
    s5m2 |    1000    .0844264   .0091419   .0568166   .1245543  
    s1m3 |    1000    .8126192   .0961714   .5205694   1.214017  
    s2m3 |    1000    .6551268   .0838429   .4186032   .9843147  
    s3m3 |    1000    .3550116   .0411099   .2404784   .5249888  
    s4m3 |    1000    .1625558   .0331872   .0879067     .33156  
    s5m3 |    1000    .0846715   .0092005   .0568895   .1248639  
    s1m4 |    1000    .8250293   .0986557   .5264239   1.236162  
    s2m4 |    1000    .6669581   .0873755   .4235318   1.003533  
    s3m4 |    1000    .3597252   .0419662   .2432792   .5329219  
    s4m4 |    1000    .1673901   .0358924   .0894539   .3935036  
    s5m4 |    1000    .0857899   .0093565   .0575444   .1264495  
    s1m5 |    1000    .8537835   .0686269   .6498599   1.085643  
    s2m5 |    1000    .6749515   .0567934    .511134   .8713228  
    s3m5 |    1000    .3523305    .028741   .2703881   .4463931  
    s4m5 |    1000    .1635334   .0179064   .1115967   .2228903  
    s5m5 |    1000    .0856741   .0065601   .0659713   .1080913  
      wh |    1000     84.1066   9.517113    57.8467   119.3888  
    whpr |    1000    1.95e-09   1.58e-08          0   2.79e-07  
      bp |    1000    78.71167   14.96414   41.86742   123.6874  
    bppr |    1000    7.42e-11   7.53e-10          0   1.78e-08  
      gl |    1000     84.1066   9.517113    57.8467   119.3888  
    glpr |    1000    4.52e-14   4.34e-13          0   8.22e-12  
      cw |    1000    78.71167   14.96414   41.86742   123.6874  
    cwpr |    1000    3.74e-13   4.00e-12          0   9.77e-11  
  seedis |    1000    1.10e+07          0   1.10e+07   1.10e+07  
   niter |    1000        1000          0       1000       1000  
dsnumber |    1000           4          0          4          4  
 dslabel |    1000         112          0        112        112  
  factor |    1000        .665          0       .665       .665  
      R2 |    1000    .3992186          0   .3992186   .3992186  
 sampleN |    1000         250          0        250        250  
 datenum |    1000       13969          0      13969      13969  
 
** Description of Simulation Results in 2dbg0500
*  Sig Level/Sample N: 05/500

Variable |     Obs        Mean   Std. Dev.       Min        Max
---------+-----------------------------------------------------
      s1 |    1000    .9306824   .5709263  -1.045198   2.865998  
      s2 |    1000    1.056948   .4628447  -.4758477   2.609643  
      s3 |    1000    .9666541   .2486403   .1592524   1.822571  
      s4 |    1000    1.005453   .1111026   .6590707   1.327036  
      s5 |    1000   -.0041242   .0592386  -.2032052    .185754  
    s1m1 |    1000    .5666279   .0470881   .4387809   .7130502  
    s2m1 |    1000    .4560936   .0397549     .35337   .6301652  
    s3m1 |    1000    .2479874   .0205569   .2020048   .3150221  
    s4m1 |    1000    .1128492   .0162644   .0727393    .189796  
    s5m1 |    1000    .0595493   .0048451   .0475519   .0763071  
    s1m2 |    1000    .5694825   .0473254   .4409914   .7166424  
    s2m2 |    1000    .4583914   .0399552   .3551503   .6333399  
    s3m2 |    1000    .2492367   .0206605   .2030225   .3166091  
    s4m2 |    1000    .1134177   .0163464   .0731058   .1907521  
    s5m2 |    1000    .0598493   .0048695   .0477915   .0766915  
    s1m3 |    1000    .5708047   .0476244   .4413891    .718205  
    s2m3 |    1000    .4600396   .0404315    .355666   .6568202  
    s3m3 |    1000    .2496077   .0207506   .2031215   .3172527  
    s4m3 |    1000    .1144734   .0167832   .0738281   .1991523  
    s5m3 |    1000    .0599392   .0048876   .0478603   .0768209  
    s1m4 |    1000    .5750638    .048196   .4440225   .7412397  
    s2m4 |    1000    .4641054   .0411884    .357997   .6867216  
    s3m4 |    1000     .251248   .0209483   .2042472   .3195041  
    s4m4 |    1000    .1161777   .0173745    .075082   .2095823  
    s5m4 |    1000    .0603334    .004931   .0481721   .0773392  
    s1m5 |    1000    .5981471   .0342019   .4852411   .7237607  
    s2m5 |    1000     .472433   .0280585   .3839045   .5636152  
    s3m5 |    1000    .2471362   .0143755   .2076806    .292402  
    s4m5 |    1000    .1140124   .0092581   .0899849   .1430263  
    s5m5 |    1000    .0602071   .0033098   .0509518   .0766801  
      wh |    1000    166.0087   13.68407   127.0465   220.6568  
    whpr |    1000           0          0          0          0  
      bp |    1000    157.7089   21.61244    98.3887      230.9  
    bppr |    1000           0          0          0          0  
      gl |    1000    166.0087   13.68407   127.0465   220.6568  
    glpr |    1000           0          0          0          0  
      cw |    1000    157.7089   21.61244    98.3887      230.9  
    cwpr |    1000           0          0          0          0  
  seedis |    1000    1.10e+07          0   1.10e+07   1.10e+07  
   niter |    1000        1000          0       1000       1000  
dsnumber |    1000           4          0          4          4  
 dslabel |    1000         112          0        112        112  
  factor |    1000        .665          0       .665       .665  
      R2 |    1000    .3992186          0   .3992186   .3992186  
 sampleN |    1000         500          0        500        500  
 datenum |    1000       13969          0      13969      13969  
 
** Description of Simulation Results in 2dbg1000
*  Sig Level/Sample N: 05/1000

Variable |     Obs        Mean   Std. Dev.       Min        Max
---------+-----------------------------------------------------
      s1 |    1000    .9019304     .39544  -1.004321   1.977394  
      s2 |    1000    1.077921   .3169894   .1989348   2.403453  
      s3 |    1000    .9601642    .181756   .2571315   1.553678  
      s4 |    1000    1.003167   .0801928   .7739427   1.245934  
      s5 |    1000   -.0027777   .0412448  -.1288517   .1617543  
    s1m1 |    1000    .4023157   .0235502   .3185793   .4849313  
    s2m1 |    1000     .323388   .0203963   .2545908   .3982212  
    s3m1 |    1000    .1766875   .0101942   .1461203   .2111738  
    s4m1 |    1000     .079586   .0086573   .0567813   .1147786  
    s5m1 |    1000    .0420546   .0023709   .0351367   .0493986  
    s1m2 |    1000    .4033253   .0236093   .3193787   .4861482  
    s2m2 |    1000    .3241995   .0204474   .2552297   .3992205  
    s3m2 |    1000    .1771308   .0102197    .146487   .2117038  
    s4m2 |    1000    .0797857   .0086791   .0569238   .1150667  
    s5m2 |    1000    .0421601   .0023769   .0352248   .0495225  
    s1m3 |    1000    .4037951    .023683   .3195538   .4866699  
    s2m3 |    1000    .3247998   .0205688   .2554546   .3997627  
    s3m3 |    1000    .1772615   .0102441   .1465291   .2118988  
    s4m3 |    1000    .0801843   .0088085   .0572277   .1162432  
    s5m3 |    1000    .0421914   .0023814   .0352481   .0495671  
    s1m4 |    1000    .4052901   .0238196   .3205348    .488419  
    s2m4 |    1000    .3262352    .020752   .2563267   .4013176  
    s3m4 |    1000    .1778392   .0102945   .1469398   .2126272  
    s4m4 |    1000    .0807989   .0089712    .057691   .1177595  
    s5m4 |    1000    .0423291    .002392   .0353601   .0497364  
    s1m5 |    1000    .4232486   .0165422   .3680179    .475608  
    s2m5 |    1000    .3338814   .0136793   .2942357   .3763252  
    s3m5 |    1000    .1750684   .0070587   .1535693   .1959421  
    s4m5 |    1000    .0799462   .0046338   .0677131   .0998422  
    s5m5 |    1000    .0425215   .0016397   .0367042   .0471937  
      wh |    1000    332.4922   18.74178   264.7559    398.125  
    whpr |    1000           0          0          0          0  
      bp |    1000    318.9923   29.53879   229.8028   417.2231  
    bppr |    1000           0          0          0          0  
      gl |    1000    332.4922   18.74178   264.7559    398.125  
    glpr |    1000           0          0          0          0  
      cw |    1000    318.9923   29.53879   229.8028   417.2231  
    cwpr |    1000           0          0          0          0  
  seedis |    1000    1.10e+07          0   1.10e+07   1.10e+07  
   niter |    1000        1000          0       1000       1000  
dsnumber |    1000           4          0          4          4  
 dslabel |    1000         112          0        112        112  
  factor |    1000        .665          0       .665       .665  
      R2 |    1000    .3992186          0   .3992186   .3992186  
 sampleN |    1000        1000          0       1000       1000  
 datenum |    1000       13969          0      13969      13969  
(Note: file 2dbgr110.dta not found)
 
** Description of Simulation Results in 2dbg0025

Variable |     Obs        Mean   Std. Dev.       Min        Max
---------+-----------------------------------------------------
      s1 |    1000      .90073   2.896757  -11.44368   10.55158  
      s2 |    1000    1.049656    2.42986  -7.203386   9.901051  
      s3 |    1000    .9465049   1.230394  -3.158531   6.815057  
      s4 |    1000    1.024475   .7010248  -1.844496   4.354612  
      s5 |    1000    .0022388   .2929047  -1.214052   1.074543  
    s1m1 |    1000    2.381898   .8603884   .7193759    6.02509  
    s2m1 |    1000    1.944473   .7222331   .5357885   4.815008  
    s3m1 |    1000     1.02073   .3602687   .2583295   2.815427  
    s4m1 |    1000    .5004298   .2550807   .0971109   2.158434  
    s5m1 |    1000    .2444662   .0870329   .0754546   .6450464  
    s1m2 |    1000    2.663042   .9619434   .8042867   6.736255  
    s2m2 |    1000    2.173987   .8074812   .5990298   5.383343  
    s3m2 |    1000    1.141211   .4027926   .2888212   3.147743  
    s4m2 |    1000    .5594975   .2851889   .1085733   2.413202  
    s5m2 |    1000    .2733216   .0973058   .0843608   .7211838  
    s1m3 |    1000    2.767685   1.014528   .8083497   6.953818  
    s2m3 |    1000    2.277623   .8594697   .6017953   5.603775  
    s3m3 |    1000    1.173567   .4221999   .2941922   3.212262  
    s4m3 |    1000    .6054722   .3081386   .1097577   2.650767  
    s5m3 |    1000    .2820343   .1019811   .0880926   .7647277  
    s1m4 |    1000    3.275685   1.246153   .9106078   8.636164  
    s2m4 |    1000    2.733123   1.080004   .6779853   7.539123  
    s3m4 |    1000     1.36615   .5088422   .3292259   3.665991  
    s4m4 |    1000    .7654495   .4016971   .1271723   3.300303  
    s5m4 |    1000     .328963   .1222371    .106285   .9109166  
    s1m5 |    1000    2.951134   .8331949    1.08195   6.172148  
    s2m5 |    1000    2.395924   .7104459   .8788209   5.595383  
    s3m5 |    1000    1.190531   .3409975   .3996432   2.414056  
    s4m5 |    1000    .6335344   .2706372   .1833972   2.435342  
    s5m5 |    1000    .2906857   .0836133    .108561   .7027711  
      wh |    1000    9.515254   3.317924   .9224725   19.99638  
    whpr |    1000    .7574801   .1984324   .1302555   .9999994  
      bp |    1000    6.363947   4.098715   .1937572   25.87503  
    bppr |    1000    .3160861    .278817   .0000335   .9955996  
      gl |    1000    9.515254   3.317924   .9224725   19.99638  
    glpr |    1000    .1020907   .1348914   .0005002   .9213148  
      cw |    1000    6.363947   4.098715   .1937572   25.87503  
    cwpr |    1000    .0580098   .0924142   3.64e-07   .6598078  
  seedis |    1000    1.10e+07          0   1.10e+07   1.10e+07  
   niter |    1000        1000          0       1000       1000  
dsnumber |    1000           4          0          4          4  
 dslabel |    1000         112          0        112        112  
  factor |    1000        .665          0       .665       .665  
      R2 |    1000    .3992186          0   .3992186   .3992186  
 sampleN |    1000          25          0         25         25  
 datenum |    1000       13969          0      13969      13969  
 
** Description of Simulation Results in 2dbg0050

Variable |     Obs        Mean   Std. Dev.       Min        Max
---------+-----------------------------------------------------
      s1 |    1000    .7839659   1.917925   -6.81253   7.165339  
      s2 |    1000      1.1473   1.554906   -4.17174   6.504237  
      s3 |    1000    .9020324    .843498  -2.417875   3.654995  
      s4 |    1000    .9958849   .3906217  -.6057303   2.222584  
      s5 |    1000    .0090794   .1995325  -.6268209   .6140489  
    s1m1 |    1000     1.76739   .4674814   .8135999   4.240851  
    s2m1 |    1000    1.422625   .3928487   .6262199   3.888709  
    s3m1 |    1000    .7672764   .1977969   .3428665   1.840593  
    s4m1 |    1000    .3496442   .1354579   .1003489   1.630511  
    s5m1 |    1000    .1840455   .0469941   .0716547   .3858488  
    s1m2 |    1000    1.862993   .4927687   .8576096    4.47025  
    s2m2 |    1000    1.499579   .4140989   .6600937    4.09906  
    s3m2 |    1000    .8087803   .2084962    .361413   1.940156  
    s4m2 |    1000    .3685574   .1427852    .105777    1.71871  
    s5m2 |    1000     .194001   .0495361   .0755306   .4067203  
    s1m3 |    1000    1.901548    .512897   .8744682   4.720177  
    s2m3 |    1000    1.540862      .4337    .679972   4.311336  
    s3m3 |    1000    .8201629   .2166216   .3689339   2.087674  
    s4m3 |    1000    .3903421   .1550403    .106248   1.813243  
    s5m3 |    1000     .196886   .0510191   .0762789   .4215743  
    s1m4 |    1000    2.058162   .5735892   .9301976   5.276657  
    s2m4 |    1000     1.68469   .4926934   .7283741   4.797516  
    s3m4 |    1000      .87965   .2394262   .3947248   2.373367  
    s4m4 |    1000    .4448262   .1871586   .1129192   2.021374  
    s5m4 |    1000    .2111898   .0557787   .0812369   .4625709  
    s1m5 |    1000    2.010499   .3794127   1.076726   3.344341  
    s2m5 |    1000    1.601712   .3179318   .8563332   2.718371  
    s3m5 |    1000    .8226374   .1598197   .4422078   1.379397  
    s4m5 |    1000     .400751   .1084197   .1705365   .9601351  
    s5m5 |    1000     .200416   .0377687   .1033882   .3650338  
      wh |    1000    17.81422   4.431567    6.58697   32.97847  
    whpr |    1000    .2769723   .2074817   .0029017   .9494642  
      bp |    1000    14.96719   6.633413   1.456557   48.58325  
    bppr |    1000    .0405497   .0788593   7.13e-10   .8343079  
      gl |    1000    17.81422   4.431567    6.58697   32.97847  
    glpr |    1000    .0060051   .0131321   1.21e-06   .1593924  
      cw |    1000    14.96719   6.633413   1.456557   48.58325  
    cwpr |    1000    .0028976   .0100573   3.17e-12   .2274787  
  seedis |    1000    1.10e+07          0   1.10e+07   1.10e+07  
   niter |    1000        1000          0       1000       1000  
dsnumber |    1000           4          0          4          4  
 dslabel |    1000         112          0        112        112  
  factor |    1000        .665          0       .665       .665  
      R2 |    1000    .3992186          0   .3992186   .3992186  
 sampleN |    1000          50          0         50         50  
 datenum |    1000       13969          0      13969      13969  
 
** Description of Simulation Results in 2dbg0100

Variable |     Obs        Mean   Std. Dev.       Min        Max
---------+-----------------------------------------------------
      s1 |    1000    .8920234   1.308736  -3.815979   5.146948  
      s2 |    1000      1.0899   1.054074  -2.760229   4.912137  
      s3 |    1000    .9550398   .5925241  -.8641096   3.005638  
      s4 |    1000    .9984715   .2690622   .0328165   2.134945  
      s5 |    1000   -.0022916   .1330104  -.4294404   .4329742  
    s1m1 |    1000    1.264486   .2427923   .5610244   2.372799  
    s2m1 |    1000    1.016334   .2011976   .4797685    1.88394  
    s3m1 |    1000    .5570449   .1056635    .294388   1.066606  
    s4m1 |    1000    .2476705   .0712365   .0936154    .587367  
    s5m1 |    1000     .130656   .0220193   .0720073   .2059652  
    s1m2 |    1000    1.297336   .2490996   .5755989    2.43444  
    s2m2 |    1000    1.042736   .2064244   .4922321   1.932882  
    s3m2 |    1000     .571516   .1084085   .3020357   1.094315  
    s4m2 |    1000    .2541046   .0730871   .0960474   .6026258  
    s5m2 |    1000    .1340502   .0225913   .0738779   .2113159  
    s1m3 |    1000    1.312305   .2553179   .5791535   2.480364  
    s2m3 |    1000    1.059624   .2142044    .495632   1.971193  
    s3m3 |    1000    .5758017   .1105152   .3024613   1.112323  
    s4m3 |    1000    .2637003   .0790112   .0990074   .7117549  
    s5m3 |    1000    .1350637   .0229455   .0742388   .2149155  
    s1m4 |    1000    1.364515   .2701914   .5982366    2.59452  
    s2m4 |    1000    1.108415   .2314823   .5123551   2.199276  
    s3m4 |    1000     .595726   .1158488   .3108642   1.160291  
    s4m4 |    1000    .2828884   .0900242    .110276   .8908283  
    s5m4 |    1000    .1397274    .023956   .0765655   .2267889  
    s1m5 |    1000    1.369693    .183194    .830802   2.067789  
    s2m5 |    1000    1.087404   .1507721   .6582776   1.691717  
    s3m5 |    1000    .5649296   .0760107   .3609153   .8014428  
    s4m5 |    1000    .2680931   .0510207   .1458131   .5133704  
    s5m5 |    1000    .1368049   .0170624   .0842124   .2041264  
      wh |    1000    34.00554   6.211809   16.49924   56.28148  
    whpr |    1000    .0095148   .0217451   5.21e-07   .2838455  
      bp |    1000    30.30183    9.66456   8.222053   63.52624  
    bppr |    1000    .0007076   .0039576   5.26e-13   .0837746  
      gl |    1000    34.00554   6.211809   16.49924   56.28148  
    glpr |    1000    .0000196   .0001125   1.75e-11   .0024175  
      cw |    1000    30.30183    9.66456   8.222053   63.52624  
    cwpr |    1000    .0000211   .0001649   1.55e-15   .0041384  
  seedis |    1000    1.10e+07          0   1.10e+07   1.10e+07  
   niter |    1000        1000          0       1000       1000  
dsnumber |    1000           4          0          4          4  
 dslabel |    1000         112          0        112        112  
  factor |    1000        .665          0       .665       .665  
      R2 |    1000    .3992186          0   .3992186   .3992186  
 sampleN |    1000         100          0        100        100  
 datenum |    1000       13969          0      13969      13969  
 
** Description of Simulation Results in 2dbg0250

Variable |     Obs        Mean   Std. Dev.       Min        Max
---------+-----------------------------------------------------
      s1 |    1000    .9253372   .7997089  -1.702074   3.509542  
      s2 |    1000    1.070986   .6445927  -1.070693   3.081345  
      s3 |    1000    .9816336    .346414  -.3499072   2.008339  
      s4 |    1000    .9989132   .1637464   .4315746   1.530463  
      s5 |    1000   -.0057324   .0842828  -.2659299   .2372033  
    s1m1 |    1000     .800709   .0939887   .5148008   1.192614  
    s2m1 |    1000    .6439832   .0810335   .4137871   .9659601  
    s3m1 |    1000    .3504149   .0402919   .2377723   .5172147  
    s4m1 |    1000    .1581382   .0310853   .0864285   .2836464  
    s5m1 |    1000    .0835779     .00905   .0562456   .1233025  
    s1m2 |    1000    .8088383   .0949429   .5200273   1.204722  
    s2m2 |    1000    .6505212   .0818562   .4179881    .975767  
    s3m2 |    1000    .3539725    .040701   .2401863   .5224657  
    s4m2 |    1000    .1597437   .0314008   .0873059   .2865261  
    s5m2 |    1000    .0844264   .0091419   .0568166   .1245543  
    s1m3 |    1000    .8126192   .0961714   .5205694   1.214017  
    s2m3 |    1000    .6551268   .0838429   .4186032   .9843147  
    s3m3 |    1000    .3550116   .0411099   .2404784   .5249888  
    s4m3 |    1000    .1625558   .0331872   .0879067     .33156  
    s5m3 |    1000    .0846715   .0092005   .0568895   .1248639  
    s1m4 |    1000    .8250293   .0986557   .5264239   1.236162  
    s2m4 |    1000    .6669581   .0873755   .4235318   1.003533  
    s3m4 |    1000    .3597252   .0419662   .2432792   .5329219  
    s4m4 |    1000    .1673901   .0358924   .0894539   .3935036  
    s5m4 |    1000    .0857899   .0093565   .0575444   .1264495  
    s1m5 |    1000    .8537835   .0686269   .6498599   1.085643  
    s2m5 |    1000    .6749515   .0567934    .511134   .8713228  
    s3m5 |    1000    .3523305    .028741   .2703881   .4463931  
    s4m5 |    1000    .1635334   .0179064   .1115967   .2228903  
    s5m5 |    1000    .0856741   .0065601   .0659713   .1080913  
      wh |    1000     84.1066   9.517113    57.8467   119.3888  
    whpr |    1000    1.95e-09   1.58e-08          0   2.79e-07  
      bp |    1000    78.71167   14.96414   41.86742   123.6874  
    bppr |    1000    7.42e-11   7.53e-10          0   1.78e-08  
      gl |    1000     84.1066   9.517113    57.8467   119.3888  
    glpr |    1000    4.52e-14   4.34e-13          0   8.22e-12  
      cw |    1000    78.71167   14.96414   41.86742   123.6874  
    cwpr |    1000    3.74e-13   4.00e-12          0   9.77e-11  
  seedis |    1000    1.10e+07          0   1.10e+07   1.10e+07  
   niter |    1000        1000          0       1000       1000  
dsnumber |    1000           4          0          4          4  
 dslabel |    1000         112          0        112        112  
  factor |    1000        .665          0       .665       .665  
      R2 |    1000    .3992186          0   .3992186   .3992186  
 sampleN |    1000         250          0        250        250  
 datenum |    1000       13969          0      13969      13969  
 
** Description of Simulation Results in 2dbg0500

Variable |     Obs        Mean   Std. Dev.       Min        Max
---------+-----------------------------------------------------
      s1 |    1000    .9306824   .5709263  -1.045198   2.865998  
      s2 |    1000    1.056948   .4628447  -.4758477   2.609643  
      s3 |    1000    .9666541   .2486403   .1592524   1.822571  
      s4 |    1000    1.005453   .1111026   .6590707   1.327036  
      s5 |    1000   -.0041242   .0592386  -.2032052    .185754  
    s1m1 |    1000    .5666279   .0470881   .4387809   .7130502  
    s2m1 |    1000    .4560936   .0397549     .35337   .6301652  
    s3m1 |    1000    .2479874   .0205569   .2020048   .3150221  
    s4m1 |    1000    .1128492   .0162644   .0727393    .189796  
    s5m1 |    1000    .0595493   .0048451   .0475519   .0763071  
    s1m2 |    1000    .5694825   .0473254   .4409914   .7166424  
    s2m2 |    1000    .4583914   .0399552   .3551503   .6333399  
    s3m2 |    1000    .2492367   .0206605   .2030225   .3166091  
    s4m2 |    1000    .1134177   .0163464   .0731058   .1907521  
    s5m2 |    1000    .0598493   .0048695   .0477915   .0766915  
    s1m3 |    1000    .5708047   .0476244   .4413891    .718205  
    s2m3 |    1000    .4600396   .0404315    .355666   .6568202  
    s3m3 |    1000    .2496077   .0207506   .2031215   .3172527  
    s4m3 |    1000    .1144734   .0167832   .0738281   .1991523  
    s5m3 |    1000    .0599392   .0048876   .0478603   .0768209  
    s1m4 |    1000    .5750638    .048196   .4440225   .7412397  
    s2m4 |    1000    .4641054   .0411884    .357997   .6867216  
    s3m4 |    1000     .251248   .0209483   .2042472   .3195041  
    s4m4 |    1000    .1161777   .0173745    .075082   .2095823  
    s5m4 |    1000    .0603334    .004931   .0481721   .0773392  
    s1m5 |    1000    .5981471   .0342019   .4852411   .7237607  
    s2m5 |    1000     .472433   .0280585   .3839045   .5636152  
    s3m5 |    1000    .2471362   .0143755   .2076806    .292402  
    s4m5 |    1000    .1140124   .0092581   .0899849   .1430263  
    s5m5 |    1000    .0602071   .0033098   .0509518   .0766801  
      wh |    1000    166.0087   13.68407   127.0465   220.6568  
    whpr |    1000           0          0          0          0  
      bp |    1000    157.7089   21.61244    98.3887      230.9  
    bppr |    1000           0          0          0          0  
      gl |    1000    166.0087   13.68407   127.0465   220.6568  
    glpr |    1000           0          0          0          0  
      cw |    1000    157.7089   21.61244    98.3887      230.9  
    cwpr |    1000           0          0          0          0  
  seedis |    1000    1.10e+07          0   1.10e+07   1.10e+07  
   niter |    1000        1000          0       1000       1000  
dsnumber |    1000           4          0          4          4  
 dslabel |    1000         112          0        112        112  
  factor |    1000        .665          0       .665       .665  
      R2 |    1000    .3992186          0   .3992186   .3992186  
 sampleN |    1000         500          0        500        500  
 datenum |    1000       13969          0      13969      13969  
 
** Description of Simulation Results in 2dbg1000

Variable |     Obs        Mean   Std. Dev.       Min        Max
---------+-----------------------------------------------------
      s1 |    1000    .9019304     .39544  -1.004321   1.977394  
      s2 |    1000    1.077921   .3169894   .1989348   2.403453  
      s3 |    1000    .9601642    .181756   .2571315   1.553678  
      s4 |    1000    1.003167   .0801928   .7739427   1.245934  
      s5 |    1000   -.0027777   .0412448  -.1288517   .1617543  
    s1m1 |    1000    .4023157   .0235502   .3185793   .4849313  
    s2m1 |    1000     .323388   .0203963   .2545908   .3982212  
    s3m1 |    1000    .1766875   .0101942   .1461203   .2111738  
    s4m1 |    1000     .079586   .0086573   .0567813   .1147786  
    s5m1 |    1000    .0420546   .0023709   .0351367   .0493986  
    s1m2 |    1000    .4033253   .0236093   .3193787   .4861482  
    s2m2 |    1000    .3241995   .0204474   .2552297   .3992205  
    s3m2 |    1000    .1771308   .0102197    .146487   .2117038  
    s4m2 |    1000    .0797857   .0086791   .0569238   .1150667  
    s5m2 |    1000    .0421601   .0023769   .0352248   .0495225  
    s1m3 |    1000    .4037951    .023683   .3195538   .4866699  
    s2m3 |    1000    .3247998   .0205688   .2554546   .3997627  
    s3m3 |    1000    .1772615   .0102441   .1465291   .2118988  
    s4m3 |    1000    .0801843   .0088085   .0572277   .1162432  
    s5m3 |    1000    .0421914   .0023814   .0352481   .0495671  
    s1m4 |    1000    .4052901   .0238196   .3205348    .488419  
    s2m4 |    1000    .3262352    .020752   .2563267   .4013176  
    s3m4 |    1000    .1778392   .0102945   .1469398   .2126272  
    s4m4 |    1000    .0807989   .0089712    .057691   .1177595  
    s5m4 |    1000    .0423291    .002392   .0353601   .0497364  
    s1m5 |    1000    .4232486   .0165422   .3680179    .475608  
    s2m5 |    1000    .3338814   .0136793   .2942357   .3763252  
    s3m5 |    1000    .1750684   .0070587   .1535693   .1959421  
    s4m5 |    1000    .0799462   .0046338   .0677131   .0998422  
    s5m5 |    1000    .0425215   .0016397   .0367042   .0471937  
      wh |    1000    332.4922   18.74178   264.7559    398.125  
    whpr |    1000           0          0          0          0  
      bp |    1000    318.9923   29.53879   229.8028   417.2231  
    bppr |    1000           0          0          0          0  
      gl |    1000    332.4922   18.74178   264.7559    398.125  
    glpr |    1000           0          0          0          0  
      cw |    1000    318.9923   29.53879   229.8028   417.2231  
    cwpr |    1000           0          0          0          0  
  seedis |    1000    1.10e+07          0   1.10e+07   1.10e+07  
   niter |    1000        1000          0       1000       1000  
dsnumber |    1000           4          0          4          4  
 dslabel |    1000         112          0        112        112  
  factor |    1000        .665          0       .665       .665  
      R2 |    1000    .3992186          0   .3992186   .3992186  
 sampleN |    1000        1000          0       1000       1000  
 datenum |    1000       13969          0      13969      13969  
(Note: file 2dbgr1.dta not found)
file 2dbgr1.dta saved
(Note: file 2dbgGW.dta not found)
** Glejser and White pass for N=25
** Glejser and White pass for N=50
** Glejser and White pass for N=100
** Glejser and White pass for N=250
** Glejser and White pass for N=500
** Glejser and White pass for N=1000
(Note: file 2dbgBC.dta not found)
 
** BP and CW pass for N=25
** BP and CW pass for N=50
** BP and CW pass for N=100
** BP and CW pass for N=250
** BP and CW pass for N=500
** BP and CW pass for N=1000
(Note: file 2dbgres.dta not found)
file 2dbgres.dta saved

. set more on

. log close
