
. set more off

. hcresult 4 2dsm
 
** Constructing data to analyze...
**  1 Apr 1998 - 08:03:53
** Population Data Used for Simulations
*    Structure:       2dsm.jslhc4.113
*    Simulation date: 13969
*    Seed:            11020760
*    Factor:          .75
*    R2:              .4
*    Sample N's:      25 50 100 250 500 1000

Variable |     Obs        Mean   Std. Dev.       Min        Max
---------+-----------------------------------------------------
       y |  100000    4.559319   2.438196  -5.652958   17.84587  
      x1 |  100000    1.499012   .2886124    1.00002   1.999999  
      x2 |  100000      .46551   .4988115          0          1  
      x3 |  100000    1.600192    1.03109   .0011668   12.12769  
      x4 |  100000     3.59375   1.692207  -2.283696   15.27936  

  Source |       SS       df       MS                  Number of obs =  100000
---------+------------------------------               F(  4, 99995) =16553.91
   Model |  236828.842     4  59207.2106               Prob > F      =  0.0000
Residual |  357645.107 99995   3.5766299               R-squared     =  0.3984
---------+------------------------------               Adj R-squared =  0.3984
   Total |   594473.95 99999  5.94479894               Root MSE      =  1.8912

------------------------------------------------------------------------------
       y |      Coef.   Std. Err.       t     P>|t|       [95% Conf. Interval]
---------+--------------------------------------------------------------------
      x1 |   1.057659     .03336     31.704   0.000       .9922734    1.123044
      x2 |   .9729893   .0174952     55.615   0.000       .9386989     1.00728
      x3 |   1.002993   .0079806    125.678   0.000       .9873511    1.018635
      x4 |  -.0040742   .0042517     -0.958   0.338      -.0124075    .0042591
   _cons |   .9305997   .0422999     22.000   0.000       .8476925    1.013507
------------------------------------------------------------------------------
(Note: file 2dsmr105.dta not found)
 
** Description of Simulation Results in 2dsm0025
*  Sig Level/Sample N: 05/25

Variable |     Obs        Mean   Std. Dev.       Min        Max
---------+-----------------------------------------------------
      s1 |    1000    1.154705   3.163901  -9.472359    11.7112  
      s2 |    1000    .8164948   2.563136   -7.32764    9.78639  
      s3 |    1000    1.073509   1.267192  -3.935476    7.14378  
      s4 |    1000    1.048218   .6719521  -1.081713   4.122415  
      s5 |    1000    .0050847   .3045965  -.9817882   1.195641  
    s1m1 |    1000    2.498035   .7484822   .7054989   5.651832  
    s2m1 |    1000    2.012182   .6419328   .4735317   4.626056  
    s3m1 |    1000    1.041067   .3277383   .3664935   3.026682  
    s4m1 |    1000    .5141894    .232345   .1371504   2.004856  
    s5m1 |    1000    .2498262   .0730218   .0897132   .6024161  
    s1m2 |    1000    2.792888   .8368285   .7887718    6.31894  
    s2m2 |    1000    2.249687   .7177027   .5294245   5.172088  
    s3m2 |    1000    1.163948   .3664226   .4097522   3.383934  
    s4m2 |    1000    .5748812   .2597696   .1533388   2.241497  
    s5m2 |    1000    .2793142   .0816409   .1003025   .6735216  
    s1m3 |    1000    2.898847   .8981118   .8453774   6.900193  
    s2m3 |    1000     2.35857   .7797082   .6062082   5.917506  
    s3m3 |    1000    1.196621   .3897997   .4117674   3.648532  
    s4m3 |    1000    .6246615   .2924331    .173935   2.959922  
    s5m3 |    1000    .2872917   .0857846   .1028071   .7019319  
    s1m4 |    1000    3.431178    1.14005   1.208635   8.872545  
    s2m4 |    1000    2.841855   1.031972   1.003398   9.716191  
    s3m4 |    1000    1.393355   .4785961   .4648367     4.4297  
    s4m4 |    1000    .7985651   .4303119   .2291176   4.672036  
    s5m4 |    1000    .3337262    .102877   .1182317   .8863373  
    s1m5 |    1000    3.016873   .7386397   1.197132   6.522816  
    s2m5 |    1000    2.438903   .6270393   .8832746   5.213005  
    s3m5 |    1000    1.213833   .2986214   .5036203   2.795732  
    s4m5 |    1000    .6448555   .2392165   .2346376    1.98796  
    s5m5 |    1000    .2939279   .0687385   .1221414   .6647535  
      wh |    1000    5.211448   3.020964   .1285561   16.07182  
    whpr |    1000    .9384969   .1131402   .3090082          1  
      bp |    1000    2.817213   2.359389   .0388907   15.75027  
    bppr |    1000    .6447535   .2743541   .0033732   .9998134  
      gl |    1000    5.211448   3.020964   .1285561   16.07182  
    glpr |    1000    .3702891   .2677843   .0029243   .9980206  
      cw |    1000    2.817213   2.359389   .0388907   15.75027  
    cwpr |    1000    .1830029   .1577939   .0000723   .8436654  
  seedis |    1000    1.10e+07          0   1.10e+07   1.10e+07  
   niter |    1000        1000          0       1000       1000  
dsnumber |    1000           4          0          4          4  
 dslabel |    1000         113          0        113        113  
  factor |    1000         .75          0        .75        .75  
      R2 |    1000    .3983839          0   .3983839   .3983839  
 sampleN |    1000          25          0         25         25  
 datenum |    1000       13969          0      13969      13969  
 
** Description of Simulation Results in 2dsm0050
*  Sig Level/Sample N: 05/50

Variable |     Obs        Mean   Std. Dev.       Min        Max
---------+-----------------------------------------------------
      s1 |    1000    .8359903    1.94599   -6.61005   7.213315  
      s2 |    1000    1.124854   1.576611  -4.204246   7.331012  
      s3 |    1000    .9542674   .8406524   -2.33926    3.37763  
      s4 |    1000    1.008865   .4054285   -.408325   2.306525  
      s5 |    1000    -.009864   .1991192   -.645811   .5761428  
    s1m1 |    1000    1.841737   .3722936   .9663644    3.62381  
    s2m1 |    1000    1.461259   .3128682   .6940916   2.974329  
    s3m1 |    1000    .7656223   .1687195   .3905713   1.545621  
    s4m1 |    1000    .3553196   .1131309   .1200409    .853453  
    s5m1 |    1000    .1862223   .0383049   .0953103   .3786394  
    s1m2 |    1000    1.941361   .3924319   1.018638   3.819831  
    s2m2 |    1000    1.540302    .329792   .7316368   3.135218  
    s3m2 |    1000    .8070367   .1778459   .4116983   1.629228  
    s4m2 |    1000    .3745397   .1192504   .1265342   .8996184  
    s5m2 |    1000    .1962955   .0403769   .1004659   .3991209  
    s1m3 |    1000    1.983432   .4096205   1.039898   3.911165  
    s2m3 |    1000    1.586816   .3481938   .7537562   3.199293  
    s3m3 |    1000    .8193182   .1850972   .4146208   1.651581  
    s4m3 |    1000    .3988489    .131586   .1318817   1.020508  
    s5m3 |    1000     .199156   .0416213   .1012427   .4227428  
    s1m4 |    1000    2.151943   .4644734   1.132586   4.227095  
    s2m4 |    1000     1.74353    .409428   .8302625   3.445188  
    s3m4 |    1000    .8800249   .2051108   .4417364   1.789434  
    s4m4 |    1000    .4589391   .1691298   .1463472   1.329693  
    s5m4 |    1000    .2136413    .045556   .1077073    .472744  
    s1m5 |    1000    2.012958   .3107671   1.207469   3.118634  
    s2m5 |    1000    1.602327   .2655678   .9847949   2.653336  
    s3m5 |    1000    .8223303   .1367891   .4948978   1.453578  
    s4m5 |    1000    .4016996   .0964501   .1822095    .859434  
    s5m5 |    1000    .2016951   .0308008   .1236191   .3325031  
      wh |    1000    6.661769   3.731419   .2108486   26.51746  
    whpr |    1000    .8812253   .1734614   .0222286          1  
      bp |    1000    4.314691   3.043389   .0950913   19.34422  
    bppr |    1000    .4710701   .2928654   .0006725   .9989049  
      gl |    1000    6.661769   3.731419   .2108486   26.51746  
    glpr |    1000    .2752094   .2588956   .0000249   .9948184  
      cw |    1000    4.314691   3.043389   .0950913   19.34422  
    cwpr |    1000    .1068985   .1294347   .0000109   .7578018  
  seedis |    1000    1.10e+07          0   1.10e+07   1.10e+07  
   niter |    1000        1000          0       1000       1000  
dsnumber |    1000           4          0          4          4  
 dslabel |    1000         113          0        113        113  
  factor |    1000         .75          0        .75        .75  
      R2 |    1000    .3983839          0   .3983839   .3983839  
 sampleN |    1000          50          0         50         50  
 datenum |    1000       13969          0      13969      13969  
 
** Description of Simulation Results in 2dsm0100
*  Sig Level/Sample N: 05/100

Variable |     Obs        Mean   Std. Dev.       Min        Max
---------+-----------------------------------------------------
      s1 |    1000    .8373659    1.38183  -4.214204   5.428601  
      s2 |    1000    1.127816   1.094504  -2.748574   4.652956  
      s3 |    1000     .963693   .5863972  -.9106321   2.750503  
      s4 |    1000    .9915885   .2590459   .1454537   1.793342  
      s5 |    1000     -.00081   .1333043  -.4716889   .4291646  
    s1m1 |    1000    1.305548   .1838178   .8433821   1.912638  
    s2m1 |    1000    1.038013   .1594817   .6221911   1.738321  
    s3m1 |    1000     .547582   .0818326   .3474123    .950736  
    s4m1 |    1000    .2474727    .060594   .1251844   .5375896  
    s5m1 |    1000    .1321499   .0184335    .088689   .2134129  
    s1m2 |    1000    1.339464   .1885931   .8652917   1.962326  
    s2m2 |    1000    1.064978   .1636247   .6383546    1.78348  
    s3m2 |    1000    .5618073   .0839585   .3564375   .9754345  
    s4m2 |    1000    .2539016   .0621682   .1284365   .5515553  
    s5m2 |    1000    .1355829   .0189124    .090993    .218957  
    s1m3 |    1000    1.353436   .1934895   .8670085   2.003855  
    s2m3 |    1000    1.081037   .1695342   .6398338   1.847689  
    s3m3 |    1000    .5658604     .08597   .3559918   .9971157  
    s4m3 |    1000    .2630346   .0667139   .1294782   .6125172  
    s5m3 |    1000    .1365468   .0192018   .0915763   .2199678  
    s1m4 |    1000    1.405484   .2050374   .8916802   2.123925  
    s2m4 |    1000    1.129089     .18252   .6582042   1.967147  
    s3m4 |    1000      .58525   .0905384   .3648838   1.046819  
    s4m4 |    1000     .281523   .0753526   .1356264   .7004393  
    s5m4 |    1000    .1411897   .0200456   .0946173   .2267712  
    s1m5 |    1000    1.381857   .1532315   .9842753   1.975468  
    s2m5 |    1000    1.095011   .1285739    .757578    1.63506  
    s3m5 |    1000    .5687732   .0645729   .3817621    .894618  
    s4m5 |    1000    .2667769    .046046   .1552089   .4731041  
    s5m5 |    1000    .1378763   .0140815   .0978093   .1896068  
      wh |    1000    9.952827   4.885188      .2881   31.01451  
    whpr |    1000    .7217708    .272124   .0055176          1  
      bp |    1000     6.68934   3.923465   .2220169   25.71023  
    bppr |    1000    .2733232   .2422225   .0000362   .9942761  
      gl |    1000    9.952827   4.885188      .2881   31.01451  
    glpr |    1000    .1286947   .1770165   3.04e-06   .9905694  
      cw |    1000     6.68934   3.923465   .2220169   25.71023  
    cwpr |    1000    .0421863   .0719104   3.97e-07   .6375074  
  seedis |    1000    1.10e+07          0   1.10e+07   1.10e+07  
   niter |    1000        1000          0       1000       1000  
dsnumber |    1000           4          0          4          4  
 dslabel |    1000         113          0        113        113  
  factor |    1000         .75          0        .75        .75  
      R2 |    1000    .3983839          0   .3983839   .3983839  
 sampleN |    1000         100          0        100        100  
 datenum |    1000       13969          0      13969      13969  
 
** Description of Simulation Results in 2dsm0250
*  Sig Level/Sample N: 05/250

Variable |     Obs        Mean   Std. Dev.       Min        Max
---------+-----------------------------------------------------
      s1 |    1000    .9107341   .8004764  -1.262988   3.485464  
      s2 |    1000    1.082182   .6402758  -1.542185   2.902389  
      s3 |    1000    .9617995    .342888  -.0410701   2.054144  
      s4 |    1000    1.000436   .1627182   .4413957    1.52878  
      s5 |    1000   -.0028822   .0836877  -.2980779   .2768354  
    s1m1 |    1000    .8256452   .0734684   .6492414    1.13025  
    s2m1 |    1000    .6567392   .0643613   .4807422   .9251289  
    s3m1 |    1000    .3496446   .0346296     .26844   .5064933  
    s4m1 |    1000    .1579221   .0252325   .1007223   .2965185  
    s5m1 |    1000    .0839978    .007232   .0624135    .111876  
    s1m2 |    1000    .8340276   .0742143   .6558329   1.141725  
    s2m2 |    1000    .6634068   .0650147    .485623   .9345213  
    s3m2 |    1000    .3531944   .0349812   .2711653   .5116355  
    s4m2 |    1000    .1595254   .0254886   .1017448    .299529  
    s5m2 |    1000    .0848506   .0073055   .0630471   .1130118  
    s1m3 |    1000    .8376546   .0749601   .6614217   1.149216  
    s2m3 |    1000    .6678055    .066061   .4878368   .9504713  
    s3m3 |    1000    .3542559   .0352907   .2715268   .5134989  
    s4m3 |    1000    .1622626   .0265228   .1032439   .3079476  
    s5m3 |    1000    .0850982   .0073523   .0631287   .1137765  
    s1m4 |    1000    .8501153   .0765816   .6693881   1.170021  
    s2m4 |    1000    .6794749   .0680634   .4952088   .9789059  
    s3m4 |    1000    .3589825   .0359775    .274674   .5206761  
    s4m4 |    1000    .1669944   .0281697   .1061161   .3201986  
    s5m4 |    1000    .0862238    .007477   .0638563   .1157321  
    s1m5 |    1000     .854107    .054513   .6818771   1.047299  
    s2m5 |    1000    .6754696    .046222   .5391796   .8586672  
    s3m5 |    1000    .3527322   .0240388   .2761362   .4341843  
    s4m5 |    1000    .1629359   .0171975   .1151182   .2295232  
    s5m5 |    1000    .0857802   .0054701   .0682847   .1044823  
      wh |    1000    20.16383   7.918014   2.626401   54.03967  
    whpr |    1000     .256887   .2693177   1.26e-06   .9995717  
      bp |    1000    13.82979   6.233662   1.594657   49.59389  
    bppr |    1000    .0524488   .1022447   4.39e-10   .8097522  
      gl |    1000    20.16383   7.918014   2.626401   54.03967  
    glpr |    1000    .0143892   .0512885   5.16e-11   .6221534  
      cw |    1000    13.82979   6.233662   1.594657   49.59389  
    cwpr |    1000    .0044302   .0149312   1.89e-12   .2066621  
  seedis |    1000    1.10e+07          0   1.10e+07   1.10e+07  
   niter |    1000        1000          0       1000       1000  
dsnumber |    1000           4          0          4          4  
 dslabel |    1000         113          0        113        113  
  factor |    1000         .75          0        .75        .75  
      R2 |    1000    .3983839          0   .3983839   .3983839  
 sampleN |    1000         250          0        250        250  
 datenum |    1000       13969          0      13969      13969  
 
** Description of Simulation Results in 2dsm0500
*  Sig Level/Sample N: 05/500

Variable |     Obs        Mean   Std. Dev.       Min        Max
---------+-----------------------------------------------------
      s1 |    1000    .8961172   .5979253  -1.197782   2.896232  
      s2 |    1000    1.083559   .4739313  -.4618629   2.603892  
      s3 |    1000    .9601498   .2471899    .257718     1.7666  
      s4 |    1000    1.008758   .1177145   .6125245   1.430207  
      s5 |    1000   -.0074663   .0597542  -.1966012   .1971358  
    s1m1 |    1000    .5871796   .0378438   .4757417   .7166466  
    s2m1 |    1000    .4668515   .0333268   .3829583   .5832907  
    s3m1 |    1000    .2484593   .0172528   .2067906   .3098354  
    s4m1 |    1000    .1131957   .0134875   .0781248   .1607107  
    s5m1 |    1000    .0596887   .0036057   .0499708   .0761818  
    s1m2 |    1000    .5901377   .0380344   .4781384   .7202569  
    s2m2 |    1000    .4692034   .0334947   .3848876   .5862292  
    s3m2 |    1000     .249711   .0173397   .2078324   .3113963  
    s4m2 |    1000    .1137659   .0135554   .0785184   .1615203  
    s5m2 |    1000    .0599894   .0036239   .0502225   .0765656  
    s1m3 |    1000    .5915287   .0383328   .4797845   .7214563  
    s2m3 |    1000    .4709665   .0339697   .3872815      .5916  
    s3m3 |    1000    .2500931   .0174211   .2080332   .3119861  
    s4m3 |    1000    .1148956   .0139446   .0787344   .1625725  
    s5m3 |    1000    .0600771   .0036368   .0502715   .0766647  
    s1m4 |    1000     .595974    .038861   .4839368   .7263203  
    s2m4 |    1000    .4752198   .0347049   .3908021   .6001802  
    s3m4 |    1000     .251748   .0175941   .2092873   .3141589  
    s4m4 |    1000    .1166862   .0144868   .0793526   .1705163  
    s5m4 |    1000      .06047   .0036685   .0505748   .0771519  
    s1m5 |    1000    .6015189   .0283882   .5212035   .7128758  
    s2m5 |    1000    .4750468   .0240955   .4001679   .5562048  
    s3m5 |    1000    .2487799   .0123022   .2132501   .2947563  
    s4m5 |    1000    .1142914   .0086767     .08666   .1455928  
    s5m5 |    1000    .0603753   .0026645   .0524668   .0713859  
      wh |    1000    36.89898   10.41017   8.449382   80.55058  
    whpr |    1000      .02168    .072493   2.24e-11   .8646264  
      bp |    1000    25.54552   8.388425   4.867423   61.91704  
    bppr |    1000    .0027424   .0157694   1.15e-12   .3011732  
      gl |    1000    36.89898   10.41017   8.449382   80.55058  
    glpr |    1000    .0002922   .0033553   1.11e-16   .0764365  
      cw |    1000    25.54552   8.388425   4.867423   61.91704  
    cwpr |    1000    .0001288   .0012437   3.55e-15   .0273683  
  seedis |    1000    1.10e+07          0   1.10e+07   1.10e+07  
   niter |    1000        1000          0       1000       1000  
dsnumber |    1000           4          0          4          4  
 dslabel |    1000         113          0        113        113  
  factor |    1000         .75          0        .75        .75  
      R2 |    1000    .3983839          0   .3983839   .3983839  
 sampleN |    1000         500          0        500        500  
 datenum |    1000       13969          0      13969      13969  
 
** Description of Simulation Results in 2dsm1000
*  Sig Level/Sample N: 05/1000

Variable |     Obs        Mean   Std. Dev.       Min        Max
---------+-----------------------------------------------------
      s1 |    1000    .9369474   .4177677  -.2326586   2.277169  
      s2 |    1000    1.055024   .3338358  -.0621832    1.98549  
      s3 |    1000     .975654   .1788699    .347303   1.483617  
      s4 |    1000       1.001   .0783237   .7309988   1.204821  
      s5 |    1000   -.0043474    .040112  -.1242442   .1124946  
    s1m1 |    1000    .4151796   .0187351   .3490397   .4867042  
    s2m1 |    1000    .3297777   .0162904   .2840037   .3822398  
    s3m1 |    1000    .1753137   .0083305   .1524291    .199266  
    s4m1 |    1000     .079598   .0071325   .0599831    .108421  
    s5m1 |    1000    .0423002    .001817   .0369611   .0486561  
    s1m2 |    1000    .4162215   .0187821   .3499156   .4879256  
    s2m2 |    1000    .3306052   .0163313   .2847164    .383199  
    s3m2 |    1000    .1757537   .0083514   .1528116   .1997661  
    s4m2 |    1000    .0797977   .0071504   .0601337   .1086931  
    s5m2 |    1000    .0424063   .0018215   .0370538   .0487782  
    s1m3 |    1000    .4166969   .0188451   .3503306   .4886528  
    s2m3 |    1000    .3312155   .0164392   .2852478   .3840602  
    s3m3 |    1000    .1758855   .0083683   .1529548   .1999745  
    s4m3 |    1000    .0801933   .0072574   .0602769   .1093013  
    s5m3 |    1000     .042437   .0018245   .0370781   .0488168  
    s1m4 |    1000    .4182304   .0189586   .3516351   .4906161  
    s2m4 |    1000    .3326772   .0165983   .2865076   .3863361  
    s3m4 |    1000    .1764608   .0084066   .1534841   .2006871  
    s4m4 |    1000     .080805   .0073931   .0605765   .1101941  
    s5m4 |    1000    .0425746    .001832   .0371957   .0489782  
    s1m5 |    1000    .4241489   .0139911   .3758915    .479367  
    s2m5 |    1000    .3346847   .0117317   .2961278   .3777924  
    s3m5 |    1000    .1753298   .0059602    .156913   .1972371  
    s4m5 |    1000    .0803187    .004279   .0654584   .0952535  
    s5m5 |    1000    .0426583   .0013479   .0386208   .0482558  
      wh |    1000    70.93012   14.59456   28.17198   126.0692  
    whpr |    1000    .0000271   .0004529          0   .0134983  
      bp |    1000    49.28783   11.54698   18.47272   105.1854  
    bppr |    1000    3.18e-06   .0000435          0   .0009973  
      gl |    1000    70.93012   14.59456   28.17198   126.0692  
    glpr |    1000    1.56e-08   3.69e-07          0   .0000115  
      cw |    1000    49.28783   11.54698   18.47272   105.1854  
    cwpr |    1000    4.77e-08   7.28e-07          0   .0000172  
  seedis |    1000    1.10e+07          0   1.10e+07   1.10e+07  
   niter |    1000        1000          0       1000       1000  
dsnumber |    1000           4          0          4          4  
 dslabel |    1000         113          0        113        113  
  factor |    1000         .75          0        .75        .75  
      R2 |    1000    .3983839          0   .3983839   .3983839  
 sampleN |    1000        1000          0       1000       1000  
 datenum |    1000       13969          0      13969      13969  
(Note: file 2dsmr110.dta not found)
 
** Description of Simulation Results in 2dsm0025

Variable |     Obs        Mean   Std. Dev.       Min        Max
---------+-----------------------------------------------------
      s1 |    1000    1.154705   3.163901  -9.472359    11.7112  
      s2 |    1000    .8164948   2.563136   -7.32764    9.78639  
      s3 |    1000    1.073509   1.267192  -3.935476    7.14378  
      s4 |    1000    1.048218   .6719521  -1.081713   4.122415  
      s5 |    1000    .0050847   .3045965  -.9817882   1.195641  
    s1m1 |    1000    2.498035   .7484822   .7054989   5.651832  
    s2m1 |    1000    2.012182   .6419328   .4735317   4.626056  
    s3m1 |    1000    1.041067   .3277383   .3664935   3.026682  
    s4m1 |    1000    .5141894    .232345   .1371504   2.004856  
    s5m1 |    1000    .2498262   .0730218   .0897132   .6024161  
    s1m2 |    1000    2.792888   .8368285   .7887718    6.31894  
    s2m2 |    1000    2.249687   .7177027   .5294245   5.172088  
    s3m2 |    1000    1.163948   .3664226   .4097522   3.383934  
    s4m2 |    1000    .5748812   .2597696   .1533388   2.241497  
    s5m2 |    1000    .2793142   .0816409   .1003025   .6735216  
    s1m3 |    1000    2.898847   .8981118   .8453774   6.900193  
    s2m3 |    1000     2.35857   .7797082   .6062082   5.917506  
    s3m3 |    1000    1.196621   .3897997   .4117674   3.648532  
    s4m3 |    1000    .6246615   .2924331    .173935   2.959922  
    s5m3 |    1000    .2872917   .0857846   .1028071   .7019319  
    s1m4 |    1000    3.431178    1.14005   1.208635   8.872545  
    s2m4 |    1000    2.841855   1.031972   1.003398   9.716191  
    s3m4 |    1000    1.393355   .4785961   .4648367     4.4297  
    s4m4 |    1000    .7985651   .4303119   .2291176   4.672036  
    s5m4 |    1000    .3337262    .102877   .1182317   .8863373  
    s1m5 |    1000    3.016873   .7386397   1.197132   6.522816  
    s2m5 |    1000    2.438903   .6270393   .8832746   5.213005  
    s3m5 |    1000    1.213833   .2986214   .5036203   2.795732  
    s4m5 |    1000    .6448555   .2392165   .2346376    1.98796  
    s5m5 |    1000    .2939279   .0687385   .1221414   .6647535  
      wh |    1000    5.211448   3.020964   .1285561   16.07182  
    whpr |    1000    .9384969   .1131402   .3090082          1  
      bp |    1000    2.817213   2.359389   .0388907   15.75027  
    bppr |    1000    .6447535   .2743541   .0033732   .9998134  
      gl |    1000    5.211448   3.020964   .1285561   16.07182  
    glpr |    1000    .3702891   .2677843   .0029243   .9980206  
      cw |    1000    2.817213   2.359389   .0388907   15.75027  
    cwpr |    1000    .1830029   .1577939   .0000723   .8436654  
  seedis |    1000    1.10e+07          0   1.10e+07   1.10e+07  
   niter |    1000        1000          0       1000       1000  
dsnumber |    1000           4          0          4          4  
 dslabel |    1000         113          0        113        113  
  factor |    1000         .75          0        .75        .75  
      R2 |    1000    .3983839          0   .3983839   .3983839  
 sampleN |    1000          25          0         25         25  
 datenum |    1000       13969          0      13969      13969  
 
** Description of Simulation Results in 2dsm0050

Variable |     Obs        Mean   Std. Dev.       Min        Max
---------+-----------------------------------------------------
      s1 |    1000    .8359903    1.94599   -6.61005   7.213315  
      s2 |    1000    1.124854   1.576611  -4.204246   7.331012  
      s3 |    1000    .9542674   .8406524   -2.33926    3.37763  
      s4 |    1000    1.008865   .4054285   -.408325   2.306525  
      s5 |    1000    -.009864   .1991192   -.645811   .5761428  
    s1m1 |    1000    1.841737   .3722936   .9663644    3.62381  
    s2m1 |    1000    1.461259   .3128682   .6940916   2.974329  
    s3m1 |    1000    .7656223   .1687195   .3905713   1.545621  
    s4m1 |    1000    .3553196   .1131309   .1200409    .853453  
    s5m1 |    1000    .1862223   .0383049   .0953103   .3786394  
    s1m2 |    1000    1.941361   .3924319   1.018638   3.819831  
    s2m2 |    1000    1.540302    .329792   .7316368   3.135218  
    s3m2 |    1000    .8070367   .1778459   .4116983   1.629228  
    s4m2 |    1000    .3745397   .1192504   .1265342   .8996184  
    s5m2 |    1000    .1962955   .0403769   .1004659   .3991209  
    s1m3 |    1000    1.983432   .4096205   1.039898   3.911165  
    s2m3 |    1000    1.586816   .3481938   .7537562   3.199293  
    s3m3 |    1000    .8193182   .1850972   .4146208   1.651581  
    s4m3 |    1000    .3988489    .131586   .1318817   1.020508  
    s5m3 |    1000     .199156   .0416213   .1012427   .4227428  
    s1m4 |    1000    2.151943   .4644734   1.132586   4.227095  
    s2m4 |    1000     1.74353    .409428   .8302625   3.445188  
    s3m4 |    1000    .8800249   .2051108   .4417364   1.789434  
    s4m4 |    1000    .4589391   .1691298   .1463472   1.329693  
    s5m4 |    1000    .2136413    .045556   .1077073    .472744  
    s1m5 |    1000    2.012958   .3107671   1.207469   3.118634  
    s2m5 |    1000    1.602327   .2655678   .9847949   2.653336  
    s3m5 |    1000    .8223303   .1367891   .4948978   1.453578  
    s4m5 |    1000    .4016996   .0964501   .1822095    .859434  
    s5m5 |    1000    .2016951   .0308008   .1236191   .3325031  
      wh |    1000    6.661769   3.731419   .2108486   26.51746  
    whpr |    1000    .8812253   .1734614   .0222286          1  
      bp |    1000    4.314691   3.043389   .0950913   19.34422  
    bppr |    1000    .4710701   .2928654   .0006725   .9989049  
      gl |    1000    6.661769   3.731419   .2108486   26.51746  
    glpr |    1000    .2752094   .2588956   .0000249   .9948184  
      cw |    1000    4.314691   3.043389   .0950913   19.34422  
    cwpr |    1000    .1068985   .1294347   .0000109   .7578018  
  seedis |    1000    1.10e+07          0   1.10e+07   1.10e+07  
   niter |    1000        1000          0       1000       1000  
dsnumber |    1000           4          0          4          4  
 dslabel |    1000         113          0        113        113  
  factor |    1000         .75          0        .75        .75  
      R2 |    1000    .3983839          0   .3983839   .3983839  
 sampleN |    1000          50          0         50         50  
 datenum |    1000       13969          0      13969      13969  
 
** Description of Simulation Results in 2dsm0100

Variable |     Obs        Mean   Std. Dev.       Min        Max
---------+-----------------------------------------------------
      s1 |    1000    .8373659    1.38183  -4.214204   5.428601  
      s2 |    1000    1.127816   1.094504  -2.748574   4.652956  
      s3 |    1000     .963693   .5863972  -.9106321   2.750503  
      s4 |    1000    .9915885   .2590459   .1454537   1.793342  
      s5 |    1000     -.00081   .1333043  -.4716889   .4291646  
    s1m1 |    1000    1.305548   .1838178   .8433821   1.912638  
    s2m1 |    1000    1.038013   .1594817   .6221911   1.738321  
    s3m1 |    1000     .547582   .0818326   .3474123    .950736  
    s4m1 |    1000    .2474727    .060594   .1251844   .5375896  
    s5m1 |    1000    .1321499   .0184335    .088689   .2134129  
    s1m2 |    1000    1.339464   .1885931   .8652917   1.962326  
    s2m2 |    1000    1.064978   .1636247   .6383546    1.78348  
    s3m2 |    1000    .5618073   .0839585   .3564375   .9754345  
    s4m2 |    1000    .2539016   .0621682   .1284365   .5515553  
    s5m2 |    1000    .1355829   .0189124    .090993    .218957  
    s1m3 |    1000    1.353436   .1934895   .8670085   2.003855  
    s2m3 |    1000    1.081037   .1695342   .6398338   1.847689  
    s3m3 |    1000    .5658604     .08597   .3559918   .9971157  
    s4m3 |    1000    .2630346   .0667139   .1294782   .6125172  
    s5m3 |    1000    .1365468   .0192018   .0915763   .2199678  
    s1m4 |    1000    1.405484   .2050374   .8916802   2.123925  
    s2m4 |    1000    1.129089     .18252   .6582042   1.967147  
    s3m4 |    1000      .58525   .0905384   .3648838   1.046819  
    s4m4 |    1000     .281523   .0753526   .1356264   .7004393  
    s5m4 |    1000    .1411897   .0200456   .0946173   .2267712  
    s1m5 |    1000    1.381857   .1532315   .9842753   1.975468  
    s2m5 |    1000    1.095011   .1285739    .757578    1.63506  
    s3m5 |    1000    .5687732   .0645729   .3817621    .894618  
    s4m5 |    1000    .2667769    .046046   .1552089   .4731041  
    s5m5 |    1000    .1378763   .0140815   .0978093   .1896068  
      wh |    1000    9.952827   4.885188      .2881   31.01451  
    whpr |    1000    .7217708    .272124   .0055176          1  
      bp |    1000     6.68934   3.923465   .2220169   25.71023  
    bppr |    1000    .2733232   .2422225   .0000362   .9942761  
      gl |    1000    9.952827   4.885188      .2881   31.01451  
    glpr |    1000    .1286947   .1770165   3.04e-06   .9905694  
      cw |    1000     6.68934   3.923465   .2220169   25.71023  
    cwpr |    1000    .0421863   .0719104   3.97e-07   .6375074  
  seedis |    1000    1.10e+07          0   1.10e+07   1.10e+07  
   niter |    1000        1000          0       1000       1000  
dsnumber |    1000           4          0          4          4  
 dslabel |    1000         113          0        113        113  
  factor |    1000         .75          0        .75        .75  
      R2 |    1000    .3983839          0   .3983839   .3983839  
 sampleN |    1000         100          0        100        100  
 datenum |    1000       13969          0      13969      13969  
 
** Description of Simulation Results in 2dsm0250

Variable |     Obs        Mean   Std. Dev.       Min        Max
---------+-----------------------------------------------------
      s1 |    1000    .9107341   .8004764  -1.262988   3.485464  
      s2 |    1000    1.082182   .6402758  -1.542185   2.902389  
      s3 |    1000    .9617995    .342888  -.0410701   2.054144  
      s4 |    1000    1.000436   .1627182   .4413957    1.52878  
      s5 |    1000   -.0028822   .0836877  -.2980779   .2768354  
    s1m1 |    1000    .8256452   .0734684   .6492414    1.13025  
    s2m1 |    1000    .6567392   .0643613   .4807422   .9251289  
    s3m1 |    1000    .3496446   .0346296     .26844   .5064933  
    s4m1 |    1000    .1579221   .0252325   .1007223   .2965185  
    s5m1 |    1000    .0839978    .007232   .0624135    .111876  
    s1m2 |    1000    .8340276   .0742143   .6558329   1.141725  
    s2m2 |    1000    .6634068   .0650147    .485623   .9345213  
    s3m2 |    1000    .3531944   .0349812   .2711653   .5116355  
    s4m2 |    1000    .1595254   .0254886   .1017448    .299529  
    s5m2 |    1000    .0848506   .0073055   .0630471   .1130118  
    s1m3 |    1000    .8376546   .0749601   .6614217   1.149216  
    s2m3 |    1000    .6678055    .066061   .4878368   .9504713  
    s3m3 |    1000    .3542559   .0352907   .2715268   .5134989  
    s4m3 |    1000    .1622626   .0265228   .1032439   .3079476  
    s5m3 |    1000    .0850982   .0073523   .0631287   .1137765  
    s1m4 |    1000    .8501153   .0765816   .6693881   1.170021  
    s2m4 |    1000    .6794749   .0680634   .4952088   .9789059  
    s3m4 |    1000    .3589825   .0359775    .274674   .5206761  
    s4m4 |    1000    .1669944   .0281697   .1061161   .3201986  
    s5m4 |    1000    .0862238    .007477   .0638563   .1157321  
    s1m5 |    1000     .854107    .054513   .6818771   1.047299  
    s2m5 |    1000    .6754696    .046222   .5391796   .8586672  
    s3m5 |    1000    .3527322   .0240388   .2761362   .4341843  
    s4m5 |    1000    .1629359   .0171975   .1151182   .2295232  
    s5m5 |    1000    .0857802   .0054701   .0682847   .1044823  
      wh |    1000    20.16383   7.918014   2.626401   54.03967  
    whpr |    1000     .256887   .2693177   1.26e-06   .9995717  
      bp |    1000    13.82979   6.233662   1.594657   49.59389  
    bppr |    1000    .0524488   .1022447   4.39e-10   .8097522  
      gl |    1000    20.16383   7.918014   2.626401   54.03967  
    glpr |    1000    .0143892   .0512885   5.16e-11   .6221534  
      cw |    1000    13.82979   6.233662   1.594657   49.59389  
    cwpr |    1000    .0044302   .0149312   1.89e-12   .2066621  
  seedis |    1000    1.10e+07          0   1.10e+07   1.10e+07  
   niter |    1000        1000          0       1000       1000  
dsnumber |    1000           4          0          4          4  
 dslabel |    1000         113          0        113        113  
  factor |    1000         .75          0        .75        .75  
      R2 |    1000    .3983839          0   .3983839   .3983839  
 sampleN |    1000         250          0        250        250  
 datenum |    1000       13969          0      13969      13969  
 
** Description of Simulation Results in 2dsm0500

Variable |     Obs        Mean   Std. Dev.       Min        Max
---------+-----------------------------------------------------
      s1 |    1000    .8961172   .5979253  -1.197782   2.896232  
      s2 |    1000    1.083559   .4739313  -.4618629   2.603892  
      s3 |    1000    .9601498   .2471899    .257718     1.7666  
      s4 |    1000    1.008758   .1177145   .6125245   1.430207  
      s5 |    1000   -.0074663   .0597542  -.1966012   .1971358  
    s1m1 |    1000    .5871796   .0378438   .4757417   .7166466  
    s2m1 |    1000    .4668515   .0333268   .3829583   .5832907  
    s3m1 |    1000    .2484593   .0172528   .2067906   .3098354  
    s4m1 |    1000    .1131957   .0134875   .0781248   .1607107  
    s5m1 |    1000    .0596887   .0036057   .0499708   .0761818  
    s1m2 |    1000    .5901377   .0380344   .4781384   .7202569  
    s2m2 |    1000    .4692034   .0334947   .3848876   .5862292  
    s3m2 |    1000     .249711   .0173397   .2078324   .3113963  
    s4m2 |    1000    .1137659   .0135554   .0785184   .1615203  
    s5m2 |    1000    .0599894   .0036239   .0502225   .0765656  
    s1m3 |    1000    .5915287   .0383328   .4797845   .7214563  
    s2m3 |    1000    .4709665   .0339697   .3872815      .5916  
    s3m3 |    1000    .2500931   .0174211   .2080332   .3119861  
    s4m3 |    1000    .1148956   .0139446   .0787344   .1625725  
    s5m3 |    1000    .0600771   .0036368   .0502715   .0766647  
    s1m4 |    1000     .595974    .038861   .4839368   .7263203  
    s2m4 |    1000    .4752198   .0347049   .3908021   .6001802  
    s3m4 |    1000     .251748   .0175941   .2092873   .3141589  
    s4m4 |    1000    .1166862   .0144868   .0793526   .1705163  
    s5m4 |    1000      .06047   .0036685   .0505748   .0771519  
    s1m5 |    1000    .6015189   .0283882   .5212035   .7128758  
    s2m5 |    1000    .4750468   .0240955   .4001679   .5562048  
    s3m5 |    1000    .2487799   .0123022   .2132501   .2947563  
    s4m5 |    1000    .1142914   .0086767     .08666   .1455928  
    s5m5 |    1000    .0603753   .0026645   .0524668   .0713859  
      wh |    1000    36.89898   10.41017   8.449382   80.55058  
    whpr |    1000      .02168    .072493   2.24e-11   .8646264  
      bp |    1000    25.54552   8.388425   4.867423   61.91704  
    bppr |    1000    .0027424   .0157694   1.15e-12   .3011732  
      gl |    1000    36.89898   10.41017   8.449382   80.55058  
    glpr |    1000    .0002922   .0033553   1.11e-16   .0764365  
      cw |    1000    25.54552   8.388425   4.867423   61.91704  
    cwpr |    1000    .0001288   .0012437   3.55e-15   .0273683  
  seedis |    1000    1.10e+07          0   1.10e+07   1.10e+07  
   niter |    1000        1000          0       1000       1000  
dsnumber |    1000           4          0          4          4  
 dslabel |    1000         113          0        113        113  
  factor |    1000         .75          0        .75        .75  
      R2 |    1000    .3983839          0   .3983839   .3983839  
 sampleN |    1000         500          0        500        500  
 datenum |    1000       13969          0      13969      13969  
 
** Description of Simulation Results in 2dsm1000

Variable |     Obs        Mean   Std. Dev.       Min        Max
---------+-----------------------------------------------------
      s1 |    1000    .9369474   .4177677  -.2326586   2.277169  
      s2 |    1000    1.055024   .3338358  -.0621832    1.98549  
      s3 |    1000     .975654   .1788699    .347303   1.483617  
      s4 |    1000       1.001   .0783237   .7309988   1.204821  
      s5 |    1000   -.0043474    .040112  -.1242442   .1124946  
    s1m1 |    1000    .4151796   .0187351   .3490397   .4867042  
    s2m1 |    1000    .3297777   .0162904   .2840037   .3822398  
    s3m1 |    1000    .1753137   .0083305   .1524291    .199266  
    s4m1 |    1000     .079598   .0071325   .0599831    .108421  
    s5m1 |    1000    .0423002    .001817   .0369611   .0486561  
    s1m2 |    1000    .4162215   .0187821   .3499156   .4879256  
    s2m2 |    1000    .3306052   .0163313   .2847164    .383199  
    s3m2 |    1000    .1757537   .0083514   .1528116   .1997661  
    s4m2 |    1000    .0797977   .0071504   .0601337   .1086931  
    s5m2 |    1000    .0424063   .0018215   .0370538   .0487782  
    s1m3 |    1000    .4166969   .0188451   .3503306   .4886528  
    s2m3 |    1000    .3312155   .0164392   .2852478   .3840602  
    s3m3 |    1000    .1758855   .0083683   .1529548   .1999745  
    s4m3 |    1000    .0801933   .0072574   .0602769   .1093013  
    s5m3 |    1000     .042437   .0018245   .0370781   .0488168  
    s1m4 |    1000    .4182304   .0189586   .3516351   .4906161  
    s2m4 |    1000    .3326772   .0165983   .2865076   .3863361  
    s3m4 |    1000    .1764608   .0084066   .1534841   .2006871  
    s4m4 |    1000     .080805   .0073931   .0605765   .1101941  
    s5m4 |    1000    .0425746    .001832   .0371957   .0489782  
    s1m5 |    1000    .4241489   .0139911   .3758915    .479367  
    s2m5 |    1000    .3346847   .0117317   .2961278   .3777924  
    s3m5 |    1000    .1753298   .0059602    .156913   .1972371  
    s4m5 |    1000    .0803187    .004279   .0654584   .0952535  
    s5m5 |    1000    .0426583   .0013479   .0386208   .0482558  
      wh |    1000    70.93012   14.59456   28.17198   126.0692  
    whpr |    1000    .0000271   .0004529          0   .0134983  
      bp |    1000    49.28783   11.54698   18.47272   105.1854  
    bppr |    1000    3.18e-06   .0000435          0   .0009973  
      gl |    1000    70.93012   14.59456   28.17198   126.0692  
    glpr |    1000    1.56e-08   3.69e-07          0   .0000115  
      cw |    1000    49.28783   11.54698   18.47272   105.1854  
    cwpr |    1000    4.77e-08   7.28e-07          0   .0000172  
  seedis |    1000    1.10e+07          0   1.10e+07   1.10e+07  
   niter |    1000        1000          0       1000       1000  
dsnumber |    1000           4          0          4          4  
 dslabel |    1000         113          0        113        113  
  factor |    1000         .75          0        .75        .75  
      R2 |    1000    .3983839          0   .3983839   .3983839  
 sampleN |    1000        1000          0       1000       1000  
 datenum |    1000       13969          0      13969      13969  
(Note: file 2dsmr1.dta not found)
file 2dsmr1.dta saved
(Note: file 2dsmGW.dta not found)
** Glejser and White pass for N=25
** Glejser and White pass for N=50
** Glejser and White pass for N=100
** Glejser and White pass for N=250
** Glejser and White pass for N=500
** Glejser and White pass for N=1000
(Note: file 2dsmBC.dta not found)
 
** BP and CW pass for N=25
** BP and CW pass for N=50
** BP and CW pass for N=100
** BP and CW pass for N=250
** BP and CW pass for N=500
** BP and CW pass for N=1000
(Note: file 2dsmres.dta not found)
file 2dsmres.dta saved

. set more on

. log close
