
. ts
**  1 Apr 1998 - 08:05:40

. set more off

. hcsum 2dsm B
** HCSUM for 2dsmres: B.
 * Table of mean absolute deviation from nominal size.
 * Negative marks smallest value.

            All  Through       b1       b2       b3       b4
sOLS05    0.007   50.000   -0.009    0.004    0.007   -0.007
s0HC05    0.047   50.000    0.044    0.049    0.057    0.039
s1HC05    0.022   50.000    0.023    0.019    0.030    0.017
s2HC05    0.016   50.000    0.020    0.015    0.015    0.014
s3HC05    0.009   50.000    0.010    0.005    0.007    0.014
s3B005    0.006   50.000    0.009    0.004    0.005    0.007
s3B105    0.007   50.000    0.010    0.003    0.006    0.008
s3B205    0.006   50.000    0.011    0.002   -0.004    0.008
s3B305    0.006   50.000    0.011   -0.001    0.004    0.009
s3B305   -0.006   50.000    0.011    0.001    0.004    0.008
s3B305    0.007   50.000    0.012    0.001    0.005    0.009

            All  Through       b1       b2       b3       b4
sOLS05    0.013  100.000    0.009    0.005    0.008   -0.005
s0HC05    0.084  100.000    0.035    0.040    0.045    0.028
s1HC05    0.042  100.000    0.020    0.019    0.026    0.013
s2HC05    0.030  100.000    0.017    0.014    0.013    0.011
s3HC05    0.018  100.000   -0.007    0.005    0.008    0.013
s3B005    0.013  100.000    0.009    0.005    0.007    0.006
s3B105    0.013  100.000    0.009    0.004    0.006    0.006
s3B205    0.012  100.000    0.009    0.003   -0.004    0.007
s3B305    0.013  100.000    0.009   -0.003    0.005    0.009
s3B305    0.000  100.000    0.009    0.003    0.005    0.008
s3B305    0.014  100.000    0.009    0.003    0.006    0.009

            All  Through       b1       b2       b3       b4
sOLS05    0.020  250.000   -0.010    0.005    0.007   -0.007
s0HC05    0.114  250.000    0.028    0.031    0.040    0.022
s1HC05    0.059  250.000    0.018    0.015    0.025    0.011
s2HC05    0.043  250.000    0.016    0.012    0.013    0.010
s3HC05    0.026  250.000    0.010    0.005    0.006    0.012
s3B005    0.020  250.000    0.011    0.006    0.005    0.007
s3B105    0.020  250.000    0.011    0.005    0.005    0.007
s3B205    0.019  250.000    0.011    0.005   -0.003    0.008
s3B305    0.019  250.000    0.011    0.004    0.004    0.009
s3B305   -0.007  250.000    0.011    0.004    0.005    0.008
s3B305    0.021  250.000    0.011   -0.004    0.005    0.009

             All   Through        b1        b2        b3        b4
sOLS05     0.026  1000.000     0.008     0.005     0.005    -0.006
s0HC05     0.136  1000.000     0.020     0.022     0.029     0.017
s1HC05     0.072  1000.000     0.013     0.012     0.018     0.010
s2HC05     0.053  1000.000     0.012     0.010     0.010     0.009
s3HC05     0.033  1000.000    -0.007     0.006     0.005     0.011
s3B005     0.026  1000.000     0.008     0.006     0.004     0.007
s3B105     0.026  1000.000     0.008     0.005     0.004     0.008
s3B205     0.025  1000.000     0.008     0.005    -0.003     0.008
s3B305     0.025  1000.000     0.008     0.005     0.003     0.009
s3B305     0.001  1000.000     0.008     0.005     0.004     0.008
s3B305     0.027  1000.000     0.008    -0.004     0.004     0.009

. hcsum 2dsm C
** HCSUM for 2dsmres: C.
 * Table of mean absolute deviation from nominal size.
 * Negative marks smallest value.

            All  Through       b1       b2       b3       b4
sOLS05   -0.007   50.000    0.009    0.004    0.007   -0.007
s0HC05    0.047   50.000    0.044    0.049    0.057    0.039
s1HC05    0.022   50.000    0.023    0.019    0.030    0.017
s2HC05    0.016   50.000    0.020    0.015    0.015    0.014
s3HC05    0.009   50.000    0.010    0.005    0.007    0.014
s3C005    0.007   50.000    0.012   -0.001    0.005    0.009
s3C105    0.007   50.000    0.013    0.001   -0.004    0.011
s3C205    0.008   50.000    0.009    0.003    0.006    0.013
s3C305    0.009   50.000    0.009    0.006    0.009    0.013
s3C305    0.009   50.000   -0.008    0.005    0.009    0.013
s3C305    0.009   50.000    0.010    0.005    0.007    0.013

            All  Through       b1       b2       b3       b4
sOLS05    0.000  100.000    0.009    0.005    0.008   -0.005
s0HC05    0.084  100.000    0.035    0.040    0.045    0.028
s1HC05    0.042  100.000    0.020    0.019    0.026    0.013
s2HC05    0.030  100.000    0.017    0.014    0.013    0.011
s3HC05    0.018  100.000    0.007    0.005    0.008    0.013
s3C005    0.013  100.000    0.009    0.003   -0.006    0.008
s3C105    0.014  100.000    0.009   -0.002    0.006    0.010
s3C205    0.015  100.000    0.007    0.004    0.007    0.012
s3C305    0.017  100.000    0.007    0.005    0.009    0.012
s3C305    0.017  100.000   -0.006    0.005    0.009    0.012
s3C305    0.017  100.000    0.007    0.005    0.008    0.012

            All  Through       b1       b2       b3       b4
sOLS05   -0.007  250.000    0.010    0.005    0.007   -0.007
s0HC05    0.114  250.000    0.028    0.031    0.040    0.022
s1HC05    0.059  250.000    0.018    0.015    0.025    0.011
s2HC05    0.043  250.000    0.016    0.012    0.013    0.010
s3HC05    0.026  250.000    0.010    0.005    0.006    0.012
s3C005    0.020  250.000    0.011    0.004   -0.005    0.008
s3C105    0.021  250.000    0.011   -0.003    0.005    0.010
s3C205    0.023  250.000    0.009    0.004    0.006    0.011
s3C305    0.026  250.000    0.010    0.006    0.007    0.011
s3C305    0.025  250.000   -0.009    0.005    0.007    0.011
s3C305    0.025  250.000    0.010    0.005    0.006    0.011

             All   Through        b1        b2        b3        b4
sOLS05     0.000  1000.000     0.008     0.005     0.005    -0.006
s0HC05     0.136  1000.000     0.020     0.022     0.029     0.017
s1HC05     0.072  1000.000     0.013     0.012     0.018     0.010
s2HC05     0.053  1000.000     0.012     0.010     0.010     0.009
s3HC05     0.033  1000.000     0.007     0.006     0.005     0.011
s3C005     0.027  1000.000     0.008     0.004    -0.004     0.008
s3C105     0.027  1000.000     0.008    -0.004     0.004     0.009
s3C205     0.029  1000.000     0.007     0.005     0.005     0.010
s3C305     0.033  1000.000     0.007     0.006     0.005     0.010
s3C305     0.032  1000.000    -0.007     0.005     0.006     0.010
s3C305     0.032  1000.000     0.007     0.006     0.005     0.010

. hcsum 2dsm G
** HCSUM for 2dsmres: G.
 * Table of mean absolute deviation from nominal size.
 * Negative marks smallest value.

            All  Through       b1       b2       b3       b4
sOLS05   -0.007   50.000    0.009    0.004    0.007   -0.007
s0HC05    0.047   50.000    0.044    0.049    0.057    0.039
s1HC05    0.022   50.000    0.023    0.019    0.030    0.017
s2HC05    0.016   50.000    0.020    0.015    0.015    0.014
s3HC05    0.009   50.000    0.010    0.005    0.007    0.014
s3G005    0.007   50.000    0.009    0.003    0.005    0.009
s3G105    0.007   50.000    0.013    0.000   -0.005    0.010
s3G205    0.007   50.000    0.012    0.000    0.006    0.010
s3G305    0.008   50.000    0.009    0.003    0.006    0.012
s3G305    0.008   50.000   -0.008    0.005    0.006    0.013
s3G305    0.008   50.000    0.009    0.005    0.006    0.012

            All  Through       b1       b2       b3       b4
sOLS05    0.000  100.000    0.009    0.005    0.008   -0.005
s0HC05    0.084  100.000    0.035    0.040    0.045    0.028
s1HC05    0.042  100.000    0.020    0.019    0.026    0.013
s2HC05    0.030  100.000    0.017    0.014    0.013    0.011
s3HC05    0.018  100.000    0.007    0.005    0.008    0.013
s3G005    0.013  100.000    0.008    0.004    0.006    0.008
s3G105    0.014  100.000    0.010    0.003   -0.005    0.009
s3G205    0.014  100.000    0.009   -0.002    0.007    0.010
s3G305    0.015  100.000    0.008    0.004    0.007    0.011
s3G305    0.015  100.000   -0.006    0.005    0.006    0.012
s3G305    0.015  100.000    0.006    0.005    0.007    0.011

            All  Through       b1       b2       b3       b4
sOLS05   -0.007  250.000    0.010    0.005    0.007   -0.007
s0HC05    0.114  250.000    0.028    0.031    0.040    0.022
s1HC05    0.059  250.000    0.018    0.015    0.025    0.011
s2HC05    0.043  250.000    0.016    0.012    0.013    0.010
s3HC05    0.026  250.000    0.010    0.005    0.006    0.012
s3G005    0.020  250.000    0.011    0.005    0.005    0.008
s3G105    0.021  250.000    0.012    0.004   -0.004    0.009
s3G205    0.021  250.000    0.011   -0.004    0.006    0.009
s3G305    0.023  250.000    0.010    0.005    0.006    0.011
s3G305    0.023  250.000   -0.009    0.005    0.005    0.011
s3G305    0.022  250.000    0.009    0.005    0.006    0.011

             All   Through        b1        b2        b3        b4
sOLS05     0.000  1000.000     0.008     0.005     0.005    -0.006
s0HC05     0.136  1000.000     0.020     0.022     0.029     0.017
s1HC05     0.072  1000.000     0.013     0.012     0.018     0.010
s2HC05     0.053  1000.000     0.012     0.010     0.010     0.009
s3HC05     0.033  1000.000     0.007     0.006     0.005     0.011
s3G005     0.027  1000.000     0.008     0.005     0.004     0.008
s3G105     0.027  1000.000     0.008     0.005    -0.004     0.009
s3G205     0.028  1000.000     0.008    -0.004     0.005     0.009
s3G305     0.030  1000.000     0.007     0.005     0.005     0.010
s3G305     0.029  1000.000    -0.007     0.005     0.004     0.010
s3G305     0.029  1000.000     0.007     0.005     0.005     0.010

. hcsum 2dsm W
** HCSUM for 2dsmres: W.
 * Table of mean absolute deviation from nominal size.
 * Negative marks smallest value.

            All  Through       b1       b2       b3       b4
sOLS05    0.007   50.000    0.009    0.004    0.007   -0.007
s0HC05    0.047   50.000    0.044    0.049    0.057    0.039
s1HC05    0.022   50.000    0.023    0.019    0.030    0.017
s2HC05    0.016   50.000    0.020    0.015    0.015    0.014
s3HC05    0.009   50.000    0.010    0.005    0.007    0.014
s3W005    0.007   50.000    0.009    0.004    0.007    0.007
s3W105    0.007   50.000    0.009    0.004    0.007    0.007
s3W205    0.006   50.000    0.009    0.003    0.007    0.007
s3W305    0.006   50.000    0.009    0.003    0.006    0.007
s3W305    0.006   50.000    0.009    0.003    0.005    0.007
s3W305   -0.006   50.000   -0.009   -0.003   -0.005    0.007

            All  Through       b1       b2       b3       b4
sOLS05    0.013  100.000    0.009    0.005    0.008   -0.005
s0HC05    0.084  100.000    0.035    0.040    0.045    0.028
s1HC05    0.042  100.000    0.020    0.019    0.026    0.013
s2HC05    0.030  100.000    0.017    0.014    0.013    0.011
s3HC05    0.018  100.000   -0.007    0.005    0.008    0.013
s3W005    0.013  100.000    0.009    0.006    0.008    0.005
s3W105    0.013  100.000    0.009    0.006    0.008    0.005
s3W205    0.013  100.000    0.009    0.005    0.008    0.005
s3W305    0.013  100.000    0.009    0.005    0.008    0.005
s3W305    0.013  100.000    0.009    0.005    0.007    0.005
s3W305   -0.001  100.000    0.009   -0.005   -0.007    0.006

            All  Through       b1       b2       b3       b4
sOLS05    0.020  250.000    0.010   -0.005    0.007    0.007
s0HC05    0.114  250.000    0.028    0.031    0.040    0.022
s1HC05    0.059  250.000    0.018    0.015    0.025    0.011
s2HC05    0.043  250.000    0.016    0.012    0.013    0.010
s3HC05    0.026  250.000    0.010    0.005    0.006    0.012
s3W005    0.020  250.000   -0.009    0.005    0.007    0.006
s3W105    0.020  250.000    0.010    0.005    0.007    0.006
s3W205    0.020  250.000    0.011    0.005    0.007   -0.006
s3W305    0.020  250.000    0.010    0.006    0.006    0.006
s3W305    0.020  250.000    0.011    0.006    0.006    0.006
s3W305   -0.006  250.000    0.011    0.005   -0.005    0.007

             All   Through        b1        b2        b3        b4
sOLS05     0.026  1000.000     0.008     0.005     0.005    -0.006
s0HC05     0.136  1000.000     0.020     0.022     0.029     0.017
s1HC05     0.072  1000.000     0.013     0.012     0.018     0.010
s2HC05     0.053  1000.000     0.012     0.010     0.010     0.009
s3HC05     0.033  1000.000     0.007     0.006     0.005     0.011
s3W005     0.026  1000.000    -0.007    -0.005     0.005     0.007
s3W105     0.026  1000.000     0.007     0.005     0.005     0.007
s3W205     0.027  1000.000     0.008     0.005     0.005     0.007
s3W305     0.026  1000.000     0.007     0.006     0.005     0.007
s3W305     0.026  1000.000     0.008     0.006     0.005     0.007
s3W305     0.000  1000.000     0.008     0.005    -0.004     0.007

. hcsum 2dsm all
** HCSUM for 2dsmres: all.
 * Table of mean absolute deviation from nominal size.
 * Negative marks smallest value.

            All  Through       b1       b2       b3       b4
sOLS05    0.007   50.000    0.009    0.004    0.007   -0.007
s0HC05    0.047   50.000    0.044    0.049    0.057    0.039
s1HC05    0.022   50.000    0.023    0.019    0.030    0.017
s2HC05    0.016   50.000    0.020    0.015    0.015    0.014
s3HC05    0.009   50.000    0.010    0.005    0.007    0.014
s3B005    0.006   50.000    0.009    0.004    0.005    0.007
s3B105    0.007   50.000    0.010    0.003    0.006    0.008
s3B205    0.006   50.000    0.011    0.002   -0.004    0.008
s3B305    0.006   50.000    0.011    0.001    0.004    0.009
s3B405    0.006   50.000    0.011    0.001    0.004    0.008
s3B505    0.007   50.000    0.012    0.001    0.005    0.009
s3C005    0.007   50.000    0.012    0.001    0.005    0.009
s3C105    0.007   50.000    0.013    0.001    0.004    0.011
s3C205    0.008   50.000    0.009    0.003    0.006    0.013
s3C305    0.009   50.000    0.009    0.006    0.009    0.013
s3C405    0.009   50.000    0.008    0.005    0.009    0.013
s3C505    0.009   50.000    0.010    0.005    0.007    0.013
s3G005    0.007   50.000    0.009    0.003    0.005    0.009
s3G105    0.007   50.000    0.013    0.000    0.005    0.010
s3G205    0.007   50.000    0.012    0.000    0.006    0.010
s3G305    0.008   50.000    0.009    0.003    0.006    0.012
s3G405    0.008   50.000   -0.008    0.005    0.006    0.013
s3G505    0.008   50.000    0.009    0.005    0.006    0.012
s3W005    0.007   50.000    0.009    0.004    0.007    0.007
s3W105    0.007   50.000    0.009    0.004    0.007    0.007
s3W205    0.006   50.000    0.009    0.003    0.007    0.007
s3W305    0.006   50.000    0.009    0.003    0.006    0.007
s3W405    0.006   50.000    0.009    0.003    0.005    0.007
s3W505   -0.006   50.000    0.009    0.003    0.005    0.007

            All  Through       b1       b2       b3       b4
sOLS05    0.013  100.000    0.009    0.005    0.008   -0.005
s0HC05    0.084  100.000    0.035    0.040    0.045    0.028
s1HC05    0.042  100.000    0.020    0.019    0.026    0.013
s2HC05    0.030  100.000    0.017    0.014    0.013    0.011
s3HC05    0.018  100.000    0.007    0.005    0.008    0.013
s3B005    0.013  100.000    0.009    0.005    0.007    0.006
s3B105    0.013  100.000    0.009    0.004    0.006    0.006
s3B205    0.012  100.000    0.009    0.003   -0.004    0.007
s3B305    0.013  100.000    0.009    0.003    0.005    0.009
s3B405    0.013  100.000    0.009    0.003    0.005    0.008
s3B505    0.014  100.000    0.009    0.003    0.006    0.009
s3C005    0.013  100.000    0.009    0.003    0.006    0.008
s3C105    0.014  100.000    0.009   -0.002    0.006    0.010
s3C205    0.015  100.000    0.007    0.004    0.007    0.012
s3C305    0.017  100.000    0.007    0.005    0.009    0.012
s3C405    0.017  100.000   -0.006    0.005    0.009    0.012
s3C505    0.017  100.000    0.007    0.005    0.008    0.012
s3G005    0.013  100.000    0.008    0.004    0.006    0.008
s3G105    0.014  100.000    0.010    0.003    0.005    0.009
s3G205    0.014  100.000    0.009    0.002    0.007    0.010
s3G305    0.015  100.000    0.008    0.004    0.007    0.011
s3G405    0.015  100.000    0.006    0.005    0.006    0.012
s3G505    0.015  100.000    0.006    0.005    0.007    0.011
s3W005    0.013  100.000    0.009    0.006    0.008    0.005
s3W105    0.013  100.000    0.009    0.006    0.008    0.005
s3W205    0.013  100.000    0.009    0.005    0.008    0.005
s3W305    0.013  100.000    0.009    0.005    0.008    0.005
s3W405    0.013  100.000    0.009    0.005    0.007    0.005
s3W505   -0.001  100.000    0.009    0.005    0.007    0.006

            All  Through       b1       b2       b3       b4
sOLS05    0.020  250.000    0.010    0.005    0.007    0.007
s0HC05    0.114  250.000    0.028    0.031    0.040    0.022
s1HC05    0.059  250.000    0.018    0.015    0.025    0.011
s2HC05    0.043  250.000    0.016    0.012    0.013    0.010
s3HC05    0.026  250.000    0.010    0.005    0.006    0.012
s3B005    0.020  250.000    0.011    0.006    0.005    0.007
s3B105    0.020  250.000    0.011    0.005    0.005    0.007
s3B205    0.019  250.000    0.011    0.005   -0.003    0.008
s3B305    0.019  250.000    0.011    0.004    0.004    0.009
s3B405    0.020  250.000    0.011    0.004    0.005    0.008
s3B505    0.021  250.000    0.011    0.004    0.005    0.009
s3C005    0.020  250.000    0.011    0.004    0.005    0.008
s3C105    0.021  250.000    0.011   -0.003    0.005    0.010
s3C205    0.023  250.000    0.009    0.004    0.006    0.011
s3C305    0.026  250.000    0.010    0.006    0.007    0.011
s3C405    0.025  250.000   -0.009    0.005    0.007    0.011
s3C505    0.025  250.000    0.010    0.005    0.006    0.011
s3G005    0.020  250.000    0.011    0.005    0.005    0.008
s3G105    0.021  250.000    0.012    0.004    0.004    0.009
s3G205    0.021  250.000    0.011    0.004    0.006    0.009
s3G305    0.023  250.000    0.010    0.005    0.006    0.011
s3G405    0.023  250.000    0.009    0.005    0.005    0.011
s3G505    0.022  250.000    0.009    0.005    0.006    0.011
s3W005    0.020  250.000    0.009    0.005    0.007    0.006
s3W105    0.020  250.000    0.010    0.005    0.007    0.006
s3W205    0.020  250.000    0.011    0.005    0.007   -0.006
s3W305    0.020  250.000    0.010    0.006    0.006    0.006
s3W405    0.020  250.000    0.011    0.006    0.006    0.006
s3W505   -0.006  250.000    0.011    0.005    0.005    0.007

             All   Through        b1        b2        b3        b4
sOLS05     0.026  1000.000     0.008     0.005     0.005    -0.006
s0HC05     0.136  1000.000     0.020     0.022     0.029     0.017
s1HC05     0.072  1000.000     0.013     0.012     0.018     0.010
s2HC05     0.053  1000.000     0.012     0.010     0.010     0.009
s3HC05     0.033  1000.000     0.007     0.006     0.005     0.011
s3B005     0.026  1000.000     0.008     0.006     0.004     0.007
s3B105     0.026  1000.000     0.008     0.005     0.004     0.008
s3B205     0.025  1000.000     0.008     0.005    -0.003     0.008
s3B305     0.025  1000.000     0.008     0.005     0.003     0.009
s3B405     0.026  1000.000     0.008     0.005     0.004     0.008
s3B505     0.027  1000.000     0.008     0.004     0.004     0.009
s3C005     0.027  1000.000     0.008     0.004     0.004     0.008
s3C105     0.027  1000.000     0.008    -0.004     0.004     0.009
s3C205     0.029  1000.000     0.007     0.005     0.005     0.010
s3C305     0.033  1000.000     0.007     0.006     0.005     0.010
s3C405     0.032  1000.000    -0.007     0.005     0.006     0.010
s3C505     0.032  1000.000     0.007     0.006     0.005     0.010
s3G005     0.027  1000.000     0.008     0.005     0.004     0.008
s3G105     0.027  1000.000     0.008     0.005     0.004     0.009
s3G205     0.028  1000.000     0.008     0.004     0.005     0.009
s3G305     0.030  1000.000     0.007     0.005     0.005     0.010
s3G405     0.029  1000.000     0.007     0.005     0.004     0.010
s3G505     0.029  1000.000     0.007     0.005     0.005     0.010
s3W005     0.026  1000.000     0.007     0.005     0.005     0.007
s3W105     0.026  1000.000     0.007     0.005     0.005     0.007
s3W205     0.027  1000.000     0.008     0.005     0.005     0.007
s3W305     0.026  1000.000     0.007     0.006     0.005     0.007
s3W405     0.026  1000.000     0.008     0.006     0.005     0.007
s3W505     0.000  1000.000     0.008     0.005     0.004     0.007

. set more on

. log close
