
. ts
** 31 Mar 1998 - 09:55:40

. set more off

. hcsum 34c B
** HCSUM for 34cres: B.
 * Table of mean absolute deviation from nominal size.
 * Negative marks smallest value.

            All  Through       b1       b2       b3       b4
sOLS05    0.034   50.000    0.017    0.009    0.104   -0.008
s0HC05    0.059   50.000    0.054    0.034    0.127    0.023
s1HC05    0.038   50.000    0.029    0.011    0.099    0.012
s2HC05    0.024   50.000    0.017   -0.007    0.061    0.011
s3HC05    0.018   50.000    0.011    0.021   -0.015    0.026
s3B005    0.021   50.000    0.006    0.011    0.051    0.016
s3B105    0.020   50.000    0.004    0.014    0.043    0.018
s3B205    0.018   50.000    0.002    0.014    0.035    0.019
s3B305    0.016   50.000    0.002    0.014    0.029    0.019
s3B305   -0.016   50.000   -0.001    0.016    0.024    0.021
s3B305    0.016   50.000    0.004    0.017    0.021    0.021

            All  Through       b1       b2       b3       b4
sOLS05    0.075  100.000    0.020    0.012    0.120    0.010
s0HC05    0.110  100.000    0.044    0.030    0.112    0.018
s1HC05    0.072  100.000    0.025    0.014    0.090    0.009
s2HC05    0.048  100.000    0.015    0.011    0.059   -0.009
s3HC05    0.035  100.000    0.008    0.016   -0.021    0.022
s3B005    0.039  100.000    0.005   -0.008    0.046    0.015
s3B105    0.037  100.000    0.004    0.011    0.040    0.017
s3B205    0.034  100.000    0.002    0.011    0.034    0.018
s3B305    0.031  100.000    0.002    0.011    0.030    0.018
s3B305    0.001  100.000   -0.001    0.012    0.027    0.020
s3B305    0.031  100.000    0.003    0.013    0.025    0.019

            All  Through       b1       b2       b3       b4
sOLS05    0.118  250.000    0.022    0.011    0.133    0.008
s0HC05    0.153  250.000    0.036    0.025    0.095    0.015
s1HC05    0.102  250.000    0.020    0.014    0.078    0.008
s2HC05    0.068  250.000    0.012    0.011    0.053   -0.007
s3HC05    0.050  250.000    0.006    0.015   -0.022    0.018
s3B005    0.056  250.000    0.004   -0.010    0.041    0.012
s3B105    0.054  250.000    0.003    0.012    0.036    0.014
s3B205    0.049  250.000    0.002    0.012    0.032    0.015
s3B305    0.046  250.000    0.002    0.012    0.029    0.015
s3B305   -0.015  250.000   -0.001    0.013    0.027    0.016
s3B305    0.045  250.000    0.003    0.013    0.025    0.015

             All   Through        b1        b2        b3        b4
sOLS05     0.165  1000.000     0.024     0.009     0.148     0.006
s0HC05     0.184  1000.000     0.025     0.018     0.069     0.011
s1HC05     0.124  1000.000     0.014     0.010     0.058     0.006
s2HC05     0.084  1000.000     0.009     0.009     0.040    -0.005
s3HC05     0.062  1000.000     0.005     0.012    -0.018     0.013
s3B005     0.069  1000.000     0.004    -0.008     0.031     0.009
s3B105     0.066  1000.000     0.003     0.009     0.028     0.010
s3B205     0.061  1000.000     0.003     0.009     0.025     0.010
s3B305     0.057  1000.000     0.002     0.009     0.023     0.010
s3B305     0.004  1000.000    -0.002     0.010     0.021     0.011
s3B305     0.056  1000.000     0.003     0.010     0.020     0.011

. hcsum 34c C
** HCSUM for 34cres: C.
 * Table of mean absolute deviation from nominal size.
 * Negative marks smallest value.

            All  Through       b1       b2       b3       b4
sOLS05    0.034   50.000    0.017    0.009    0.104   -0.008
s0HC05    0.059   50.000    0.054    0.034    0.127    0.023
s1HC05    0.038   50.000    0.029    0.011    0.099    0.012
s2HC05    0.024   50.000    0.017   -0.007    0.061    0.011
s3HC05    0.018   50.000    0.011    0.021   -0.015    0.026
s3C005    0.019   50.000    0.004    0.010    0.045    0.017
s3C105    0.018   50.000   -0.001    0.014    0.038    0.019
s3C205    0.017   50.000    0.002    0.016    0.032    0.020
s3C305   -0.017   50.000    0.004    0.017    0.027    0.020
s3C305    0.018   50.000    0.006    0.018    0.025    0.022
s3C305    0.017   50.000    0.007    0.018    0.022    0.022

            All  Through       b1       b2       b3       b4
sOLS05    0.075  100.000    0.020    0.012    0.120    0.010
s0HC05    0.110  100.000    0.044    0.030    0.112    0.018
s1HC05    0.072  100.000    0.025    0.014    0.090    0.009
s2HC05    0.048  100.000    0.015    0.011    0.059   -0.009
s3HC05    0.035  100.000    0.008    0.016   -0.021    0.022
s3C005    0.036  100.000    0.003   -0.008    0.042    0.017
s3C105    0.035  100.000   -0.001    0.011    0.037    0.018
s3C205    0.034  100.000    0.003    0.013    0.032    0.018
s3C305    0.001  100.000    0.003    0.013    0.029    0.019
s3C305    0.034  100.000    0.005    0.014    0.028    0.020
s3C305    0.033  100.000    0.006    0.014    0.025    0.020

            All  Through       b1       b2       b3       b4
sOLS05    0.118  250.000    0.022    0.011    0.133    0.008
s0HC05    0.153  250.000    0.036    0.025    0.095    0.015
s1HC05    0.102  250.000    0.020    0.014    0.078    0.008
s2HC05    0.068  250.000    0.012    0.011    0.053   -0.007
s3HC05    0.050  250.000    0.006    0.015   -0.022    0.018
s3C005    0.052  250.000    0.003   -0.010    0.038    0.014
s3C105    0.051  250.000   -0.001    0.012    0.034    0.014
s3C205    0.049  250.000    0.002    0.013    0.030    0.015
s3C305   -0.016  250.000    0.003    0.014    0.028    0.015
s3C305    0.049  250.000    0.004    0.014    0.027    0.016
s3C305    0.048  250.000    0.004    0.014    0.025    0.016

             All   Through        b1        b2        b3        b4
sOLS05     0.165  1000.000     0.024     0.009     0.148     0.006
s0HC05     0.184  1000.000     0.025     0.018     0.069     0.011
s1HC05     0.124  1000.000     0.014     0.010     0.058     0.006
s2HC05     0.084  1000.000     0.009     0.009     0.040    -0.005
s3HC05     0.062  1000.000     0.005     0.012    -0.018     0.013
s3C005     0.065  1000.000     0.003    -0.008     0.029     0.010
s3C105     0.063  1000.000    -0.002     0.009     0.026     0.010
s3C205     0.061  1000.000     0.003     0.010     0.024     0.011
s3C305     0.004  1000.000     0.003     0.011     0.022     0.011
s3C305     0.061  1000.000     0.004     0.011     0.022     0.011
s3C305     0.060  1000.000     0.004     0.011     0.020     0.011

. hcsum 34c G
** HCSUM for 34cres: G.
 * Table of mean absolute deviation from nominal size.
 * Negative marks smallest value.

            All  Through       b1       b2       b3       b4
sOLS05    0.034   50.000    0.017    0.009    0.104   -0.008
s0HC05    0.059   50.000    0.054    0.034    0.127    0.023
s1HC05    0.038   50.000    0.029    0.011    0.099    0.012
s2HC05    0.024   50.000    0.017   -0.007    0.061    0.011
s3HC05    0.018   50.000    0.011    0.021   -0.015    0.026
s3G005    0.021   50.000    0.006    0.009    0.052    0.016
s3G105    0.018   50.000   -0.003    0.014    0.038    0.016
s3G205    0.017   50.000    0.004    0.016    0.032    0.018
s3G305    0.016   50.000    0.003    0.019    0.024    0.019
s3G305   -0.016   50.000    0.004    0.019    0.020    0.022
s3G305    0.017   50.000    0.006    0.020    0.019    0.023

            All  Through       b1       b2       b3       b4
sOLS05    0.075  100.000    0.020    0.012    0.120    0.010
s0HC05    0.110  100.000    0.044    0.030    0.112    0.018
s1HC05    0.072  100.000    0.025    0.014    0.090    0.009
s2HC05    0.048  100.000    0.015    0.011    0.059   -0.009
s3HC05    0.035  100.000    0.008    0.016   -0.021    0.022
s3G005    0.039  100.000    0.005   -0.007    0.046    0.015
s3G105    0.034  100.000   -0.003    0.011    0.037    0.016
s3G205    0.034  100.000    0.004    0.012    0.032    0.017
s3G305    0.032  100.000    0.003    0.014    0.027    0.018
s3G305    0.001  100.000    0.003    0.014    0.024    0.020
s3G305    0.033  100.000    0.005    0.014    0.024    0.021

            All  Through       b1       b2       b3       b4
sOLS05    0.118  250.000    0.022    0.011    0.133    0.008
s0HC05    0.153  250.000    0.036    0.025    0.095    0.015
s1HC05    0.102  250.000    0.020    0.014    0.078    0.008
s2HC05    0.068  250.000    0.012    0.011    0.053   -0.007
s3HC05    0.050  250.000    0.006    0.015   -0.022    0.018
s3G005    0.056  250.000    0.004   -0.009    0.041    0.012
s3G105    0.050  250.000   -0.002    0.012    0.034    0.013
s3G205    0.049  250.000    0.003    0.013    0.030    0.014
s3G305    0.046  250.000    0.002    0.014    0.027    0.015
s3G305   -0.015  250.000    0.003    0.014    0.024    0.016
s3G305    0.048  250.000    0.004    0.015    0.024    0.017

             All   Through        b1        b2        b3        b4
sOLS05     0.165  1000.000     0.024     0.009     0.148     0.006
s0HC05     0.184  1000.000     0.025     0.018     0.069     0.011
s1HC05     0.124  1000.000     0.014     0.010     0.058     0.006
s2HC05     0.084  1000.000     0.009     0.009     0.040    -0.005
s3HC05     0.062  1000.000     0.005     0.012    -0.018     0.013
s3G005     0.068  1000.000     0.004    -0.008     0.031     0.009
s3G105     0.061  1000.000    -0.003     0.009     0.026     0.009
s3G205     0.060  1000.000     0.003     0.010     0.024     0.010
s3G305     0.058  1000.000     0.003     0.011     0.021     0.010
s3G305     0.004  1000.000     0.003     0.011     0.020     0.011
s3G305     0.059  1000.000     0.004     0.011     0.020     0.012

. hcsum 34c W
** HCSUM for 34cres: W.
 * Table of mean absolute deviation from nominal size.
 * Negative marks smallest value.

            All  Through       b1       b2       b3       b4
sOLS05    0.034   50.000    0.017    0.009    0.104   -0.008
s0HC05    0.059   50.000    0.054    0.034    0.127    0.023
s1HC05    0.038   50.000    0.029    0.011    0.099    0.012
s2HC05    0.024   50.000    0.017    0.007    0.061    0.011
s3HC05   -0.018   50.000    0.011    0.021   -0.015    0.026
s3W005    0.027   50.000    0.011   -0.007    0.078    0.014
s3W105    0.025   50.000    0.007    0.010    0.065    0.018
s3W205    0.021   50.000   -0.001    0.013    0.049    0.020
s3W305    0.021   50.000    0.004    0.015    0.044    0.020
s3W305    0.020   50.000    0.006    0.017    0.037    0.022
s3W305    0.020   50.000    0.006    0.019    0.032    0.022

            All  Through       b1       b2       b3       b4
sOLS05    0.075  100.000    0.020    0.012    0.120    0.010
s0HC05    0.110  100.000    0.044    0.030    0.112    0.018
s1HC05    0.072  100.000    0.025    0.014    0.090    0.009
s2HC05    0.048  100.000    0.015    0.011    0.059   -0.009
s3HC05    0.001  100.000    0.008    0.016   -0.021    0.022
s3W005    0.053  100.000    0.008   -0.006    0.072    0.016
s3W105    0.048  100.000    0.005    0.009    0.060    0.019
s3W205    0.040  100.000   -0.001    0.009    0.049    0.020
s3W305    0.040  100.000    0.003    0.011    0.043    0.019
s3W305    0.039  100.000    0.004    0.013    0.037    0.020
s3W305    0.038  100.000    0.005    0.014    0.034    0.021

            All  Through       b1       b2       b3       b4
sOLS05    0.118  250.000    0.022    0.011    0.133    0.008
s0HC05    0.153  250.000    0.036    0.025    0.095    0.015
s1HC05    0.102  250.000    0.020    0.014    0.078    0.008
s2HC05    0.068  250.000    0.012    0.011    0.053   -0.007
s3HC05   -0.017  250.000    0.006    0.015   -0.022    0.018
s3W005    0.075  250.000    0.006   -0.009    0.061    0.013
s3W105    0.068  250.000    0.004    0.010    0.052    0.015
s3W205    0.058  250.000   -0.001    0.011    0.043    0.016
s3W305    0.057  250.000    0.002    0.012    0.038    0.015
s3W305    0.056  250.000    0.003    0.013    0.034    0.016
s3W305    0.055  250.000    0.004    0.014    0.031    0.016

             All   Through        b1        b2        b3        b4
sOLS05     0.165  1000.000     0.024     0.009     0.148     0.006
s0HC05     0.184  1000.000     0.025     0.018     0.069     0.011
s1HC05     0.124  1000.000     0.014     0.010     0.058     0.006
s2HC05     0.084  1000.000     0.009     0.009     0.040    -0.005
s3HC05     0.005  1000.000     0.005     0.012    -0.018     0.013
s3W005     0.092  1000.000     0.005    -0.007     0.044     0.009
s3W105     0.083  1000.000     0.004     0.008     0.038     0.011
s3W205     0.071  1000.000    -0.002     0.009     0.032     0.011
s3W305     0.070  1000.000     0.003     0.009     0.029     0.011
s3W305     0.068  1000.000     0.004     0.010     0.026     0.012
s3W305     0.067  1000.000     0.004     0.011     0.024     0.012

. hcsum 34c all
** HCSUM for 34cres: all.
 * Table of mean absolute deviation from nominal size.
 * Negative marks smallest value.

            All  Through       b1       b2       b3       b4
sOLS05    0.034   50.000    0.017    0.009    0.104   -0.008
s0HC05    0.059   50.000    0.054    0.034    0.127    0.023
s1HC05    0.038   50.000    0.029    0.011    0.099    0.012
s2HC05    0.024   50.000    0.017    0.007    0.061    0.011
s3HC05    0.018   50.000    0.011    0.021   -0.015    0.026
s3B005    0.021   50.000    0.006    0.011    0.051    0.016
s3B105    0.020   50.000    0.004    0.014    0.043    0.018
s3B205    0.018   50.000    0.002    0.014    0.035    0.019
s3B305    0.016   50.000    0.002    0.014    0.029    0.019
s3B405   -0.016   50.000    0.001    0.016    0.024    0.021
s3B505    0.016   50.000    0.004    0.017    0.021    0.021
s3C005    0.019   50.000    0.004    0.010    0.045    0.017
s3C105    0.018   50.000   -0.001    0.014    0.038    0.019
s3C205    0.017   50.000    0.002    0.016    0.032    0.020
s3C305    0.017   50.000    0.004    0.017    0.027    0.020
s3C405    0.018   50.000    0.006    0.018    0.025    0.022
s3C505    0.017   50.000    0.007    0.018    0.022    0.022
s3G005    0.021   50.000    0.006    0.009    0.052    0.016
s3G105    0.018   50.000    0.003    0.014    0.038    0.016
s3G205    0.017   50.000    0.004    0.016    0.032    0.018
s3G305    0.016   50.000    0.003    0.019    0.024    0.019
s3G405    0.016   50.000    0.004    0.019    0.020    0.022
s3G505    0.017   50.000    0.006    0.020    0.019    0.023
s3W005    0.027   50.000    0.011   -0.007    0.078    0.014
s3W105    0.025   50.000    0.007    0.010    0.065    0.018
s3W205    0.021   50.000    0.001    0.013    0.049    0.020
s3W305    0.021   50.000    0.004    0.015    0.044    0.020
s3W405    0.020   50.000    0.006    0.017    0.037    0.022
s3W505    0.020   50.000    0.006    0.019    0.032    0.022

            All  Through       b1       b2       b3       b4
sOLS05    0.075  100.000    0.020    0.012    0.120    0.010
s0HC05    0.110  100.000    0.044    0.030    0.112    0.018
s1HC05    0.072  100.000    0.025    0.014    0.090    0.009
s2HC05    0.048  100.000    0.015    0.011    0.059   -0.009
s3HC05    0.035  100.000    0.008    0.016   -0.021    0.022
s3B005    0.039  100.000    0.005    0.008    0.046    0.015
s3B105    0.037  100.000    0.004    0.011    0.040    0.017
s3B205    0.034  100.000    0.002    0.011    0.034    0.018
s3B305    0.031  100.000    0.002    0.011    0.030    0.018
s3B405    0.001  100.000    0.001    0.012    0.027    0.020
s3B505    0.031  100.000    0.003    0.013    0.025    0.019
s3C005    0.036  100.000    0.003    0.008    0.042    0.017
s3C105    0.035  100.000    0.001    0.011    0.037    0.018
s3C205    0.034  100.000    0.003    0.013    0.032    0.018
s3C305    0.033  100.000    0.003    0.013    0.029    0.019
s3C405    0.034  100.000    0.005    0.014    0.028    0.020
s3C505    0.033  100.000    0.006    0.014    0.025    0.020
s3G005    0.039  100.000    0.005    0.007    0.046    0.015
s3G105    0.034  100.000    0.003    0.011    0.037    0.016
s3G205    0.034  100.000    0.004    0.012    0.032    0.017
s3G305    0.032  100.000    0.003    0.014    0.027    0.018
s3G405    0.031  100.000    0.003    0.014    0.024    0.020
s3G505    0.033  100.000    0.005    0.014    0.024    0.021
s3W005    0.053  100.000    0.008   -0.006    0.072    0.016
s3W105    0.048  100.000    0.005    0.009    0.060    0.019
s3W205    0.040  100.000   -0.001    0.009    0.049    0.020
s3W305    0.040  100.000    0.003    0.011    0.043    0.019
s3W405    0.039  100.000    0.004    0.013    0.037    0.020
s3W505    0.038  100.000    0.005    0.014    0.034    0.021

            All  Through       b1       b2       b3       b4
sOLS05    0.118  250.000    0.022    0.011    0.133    0.008
s0HC05    0.153  250.000    0.036    0.025    0.095    0.015
s1HC05    0.102  250.000    0.020    0.014    0.078    0.008
s2HC05    0.068  250.000    0.012    0.011    0.053   -0.007
s3HC05    0.050  250.000    0.006    0.015   -0.022    0.018
s3B005    0.056  250.000    0.004    0.010    0.041    0.012
s3B105    0.054  250.000    0.003    0.012    0.036    0.014
s3B205    0.049  250.000    0.002    0.012    0.032    0.015
s3B305    0.046  250.000    0.002    0.012    0.029    0.015
s3B405   -0.015  250.000    0.001    0.013    0.027    0.016
s3B505    0.045  250.000    0.003    0.013    0.025    0.015
s3C005    0.052  250.000    0.003    0.010    0.038    0.014
s3C105    0.051  250.000    0.001    0.012    0.034    0.014
s3C205    0.049  250.000    0.002    0.013    0.030    0.015
s3C305    0.048  250.000    0.003    0.014    0.028    0.015
s3C405    0.049  250.000    0.004    0.014    0.027    0.016
s3C505    0.048  250.000    0.004    0.014    0.025    0.016
s3G005    0.056  250.000    0.004    0.009    0.041    0.012
s3G105    0.050  250.000    0.002    0.012    0.034    0.013
s3G205    0.049  250.000    0.003    0.013    0.030    0.014
s3G305    0.046  250.000    0.002    0.014    0.027    0.015
s3G405    0.046  250.000    0.003    0.014    0.024    0.016
s3G505    0.048  250.000    0.004    0.015    0.024    0.017
s3W005    0.075  250.000    0.006   -0.009    0.061    0.013
s3W105    0.068  250.000    0.004    0.010    0.052    0.015
s3W205    0.058  250.000   -0.001    0.011    0.043    0.016
s3W305    0.057  250.000    0.002    0.012    0.038    0.015
s3W405    0.056  250.000    0.003    0.013    0.034    0.016
s3W505    0.055  250.000    0.004    0.014    0.031    0.016

             All   Through        b1        b2        b3        b4
sOLS05     0.165  1000.000     0.024     0.009     0.148     0.006
s0HC05     0.184  1000.000     0.025     0.018     0.069     0.011
s1HC05     0.124  1000.000     0.014     0.010     0.058     0.006
s2HC05     0.084  1000.000     0.009     0.009     0.040    -0.005
s3HC05     0.062  1000.000     0.005     0.012    -0.018     0.013
s3B005     0.069  1000.000     0.004     0.008     0.031     0.009
s3B105     0.066  1000.000     0.003     0.009     0.028     0.010
s3B205     0.061  1000.000     0.003     0.009     0.025     0.010
s3B305     0.057  1000.000     0.002     0.009     0.023     0.010
s3B405     0.004  1000.000     0.002     0.010     0.021     0.011
s3B505     0.056  1000.000     0.003     0.010     0.020     0.011
s3C005     0.065  1000.000     0.003     0.008     0.029     0.010
s3C105     0.063  1000.000     0.002     0.009     0.026     0.010
s3C205     0.061  1000.000     0.003     0.010     0.024     0.011
s3C305     0.059  1000.000     0.003     0.011     0.022     0.011
s3C405     0.061  1000.000     0.004     0.011     0.022     0.011
s3C505     0.060  1000.000     0.004     0.011     0.020     0.011
s3G005     0.068  1000.000     0.004     0.008     0.031     0.009
s3G105     0.061  1000.000     0.003     0.009     0.026     0.009
s3G205     0.060  1000.000     0.003     0.010     0.024     0.010
s3G305     0.058  1000.000     0.003     0.011     0.021     0.010
s3G405     0.057  1000.000     0.003     0.011     0.020     0.011
s3G505     0.059  1000.000     0.004     0.011     0.020     0.012
s3W005     0.092  1000.000     0.005    -0.007     0.044     0.009
s3W105     0.083  1000.000     0.004     0.008     0.038     0.011
s3W205     0.071  1000.000    -0.002     0.009     0.032     0.011
s3W305     0.070  1000.000     0.003     0.009     0.029     0.011
s3W405     0.068  1000.000     0.004     0.010     0.026     0.012
s3W505     0.067  1000.000     0.004     0.011     0.024     0.012

. set more on

. log close
