
.
. * 34c4.do: 3/19/98
. * data structure: het function of x3 & x4
. * chi square errors, R2=.4
. * Base data: jslHC1
.
. ts
* 20 Mar 1998 - 20:55:04

. version 5.0

. clear

. set more off

.
.     global simnum_ = 1000

.     global factor = .375

.     global plevel = .05

.     global seedmc = 11020760

.     use jslhc1

.     set seed $seedmc

.     di "Iterations beginning."
Iterations beginning.

.     ts
* 20 Mar 1998 - 20:55:05

.     hcmonte 1 103 34c 25 50 100 250 500 1000
** Constructing data to analyze...
outnm 34c
*  Population:      hc1
*  Data Label:      hc103
*  Factor:          .375
*  Structure:       hc34c
*  Sample N's:      25 50 100 250 500 1000
*  Selection seed:  11020760
*  Iterations:      1000

*  Population regression:

  Source |       SS       df       MS                  Number of obs =  100000
---------+------------------------------               F(  4, 99995) =16981.92
   Model |   412146.83     4  103036.708               Prob > F      =  0.0000
Residual |  606713.106 99995  6.06743443               R-squared     =  0.4045
---------+------------------------------               Adj R-squared =  0.4045
   Total |  1018859.94 99999  10.1887013               Root MSE      =  2.4632

------------------------------------------------------------------------------
       y |      Coef.   Std. Err.       t     P>|t|       [95% Conf. Interval]
---------+--------------------------------------------------------------------
      x1 |   1.094981   .0507397     21.580   0.000       .9955322    1.194431
      x2 |   .9814922   .0129611     75.726   0.000       .9560885    1.006896
      x3 |   1.003829   .0103945     96.573   0.000       .9834556    1.024202
      x4 |  -.0033291   .0055377     -0.601   0.548      -.0141829    .0075247
   _cons |   .8929534   .0591209     15.104   0.000       .7770773     1.00883
------------------------------------------------------------------------------
** Simulations follow:

Sample size:  25
Results file: 34c0025
(Note: file 34c0025.dta not found)
20:55:55. Working...
20:56:08. 1 completed. Next notice is 10.
20:57:05. 10 completed. Next notice is 25.
20:58:46. 25 completed. Next notice is 50.
21:01:36. 50 completed. Next notice is 100.
21:07:13. 100 completed. Next notice is 200.
21:18:18. 200 completed. Next notice is 300.
21:29:25. 300 completed. Next notice is 400.
21:40:33. 400 completed. Next notice is 500.
21:51:42. 500 completed. Next notice is 600.
22:02:45. 600 completed. Next notice is 700.
22:13:55. 700 completed. Next notice is 800.
22:25:03. 800 completed. Next notice is 900.
22:36:11. 900 completed. Next notice is 950.
22:41:52. 950 completed. Next notice is 975.
22:44:41. 975 completed. Next notice is 990.
22:46:22. 990 completed. Next notice is completion.
22:47:25. Iterations complete.

Sample size:  50
Results file: 34c0050
(Note: file 34c0050.dta not found)
22:47:25. Working...
22:47:37. 1 completed. Next notice is 10.
22:48:30. 10 completed. Next notice is 25.
22:50:11. 25 completed. Next notice is 50.
22:53:00. 50 completed. Next notice is 100.
22:58:34. 100 completed. Next notice is 200.
23:09:42. 200 completed. Next notice is 300.
23:20:50. 300 completed. Next notice is 400.
23:32:01. 400 completed. Next notice is 500.
23:43:13. 500 completed. Next notice is 600.
23:54:23. 600 completed. Next notice is 700.
00:05:31. 700 completed. Next notice is 800.
00:16:39. 800 completed. Next notice is 900.
00:27:51. 900 completed. Next notice is 950.
00:33:31. 950 completed. Next notice is 975.
00:36:15. 975 completed. Next notice is 990.
00:37:59. 990 completed. Next notice is completion.
00:39:02. Iterations complete.

Sample size:  100
Results file: 34c0100
(Note: file 34c0100.dta not found)
00:39:02. Working...
00:39:15. 1 completed. Next notice is 10.
00:40:11. 10 completed. Next notice is 25.
00:41:52. 25 completed. Next notice is 50.
00:44:36. 50 completed. Next notice is 100.
00:50:22. 100 completed. Next notice is 200.
01:01:33. 200 completed. Next notice is 300.
01:12:44. 300 completed. Next notice is 400.
01:23:59. 400 completed. Next notice is 500.
01:35:13. 500 completed. Next notice is 600.
01:46:18. 600 completed. Next notice is 700.
01:57:35. 700 completed. Next notice is 800.
02:08:45. 800 completed. Next notice is 900.
02:19:55. 900 completed. Next notice is 950.
02:25:28. 950 completed. Next notice is 975.
02:28:16. 975 completed. Next notice is 990.
02:29:54. 990 completed. Next notice is completion.
02:31:02. Iterations complete.

Sample size:  250
Results file: 34c0250
(Note: file 34c0250.dta not found)
02:31:02. Working...
02:31:14. 1 completed. Next notice is 10.
02:32:08. 10 completed. Next notice is 25.
02:33:49. 25 completed. Next notice is 50.
02:36:41. 50 completed. Next notice is 100.
02:42:14. 100 completed. Next notice is 200.
02:53:24. 200 completed. Next notice is 300.
03:04:41. 300 completed. Next notice is 400.
03:15:47. 400 completed. Next notice is 500.
03:26:54. 500 completed. Next notice is 600.
03:38:10. 600 completed. Next notice is 700.
03:49:18. 700 completed. Next notice is 800.
04:00:38. 800 completed. Next notice is 900.
04:11:55. 900 completed. Next notice is 950.
04:17:35. 950 completed. Next notice is 975.
04:20:20. 975 completed. Next notice is 990.
04:22:01. 990 completed. Next notice is completion.
04:23:07. Iterations complete.

Sample size:  500
Results file: 34c0500
(Note: file 34c0500.dta not found)
04:23:08. Working...
04:23:24. 1 completed. Next notice is 10.
04:24:23. 10 completed. Next notice is 25.
04:26:06. 25 completed. Next notice is 50.
04:28:56. 50 completed. Next notice is 100.
04:34:35. 100 completed. Next notice is 200.
04:45:52. 200 completed. Next notice is 300.
04:57:03. 300 completed. Next notice is 400.
05:08:17. 400 completed. Next notice is 500.
05:19:29. 500 completed. Next notice is 600.
05:30:49. 600 completed. Next notice is 700.
05:42:04. 700 completed. Next notice is 800.
05:53:20. 800 completed. Next notice is 900.
06:05:08. 900 completed. Next notice is 950.
06:10:48. 950 completed. Next notice is 975.
06:13:40. 975 completed. Next notice is 990.
06:15:22. 990 completed. Next notice is completion.
06:16:30. Iterations complete.


.
. * 34c4.do: 3/19/98
. * data structure: het function of x3 & x4
. * chi square errors, R2=.4
. * Base data: jslHC1
.
. ts
* 21 Mar 1998 - 07:05:55

. version 5.0

. clear

. set more off

.
.     global simnum_ = 1000

.     global factor = .375

.     global plevel = .05

.     global seedmc = 11020760

.     use jslhc1

.     set seed $seedmc

.     di "Iterations beginning."
Iterations beginning.

.     ts
* 21 Mar 1998 - 07:06:15

.     hcmonte 1 103 34c 1000
** Constructing data to analyze...
outnm 34c
*  Population:      hc1
*  Data Label:      hc103
*  Factor:          .375
*  Structure:       hc34c
*  Sample N's:      1000
*  Selection seed:  11020760
*  Iterations:      1000

*  Population regression:

  Source |       SS       df       MS                  Number of obs =  100000
---------+------------------------------               F(  4, 99995) =16981.92
   Model |   412146.83     4  103036.708               Prob > F      =  0.0000
Residual |  606713.106 99995  6.06743443               R-squared     =  0.4045
---------+------------------------------               Adj R-squared =  0.4045
   Total |  1018859.94 99999  10.1887013               Root MSE      =  2.4632

------------------------------------------------------------------------------
       y |      Coef.   Std. Err.       t     P>|t|       [95% Conf. Interval]
---------+--------------------------------------------------------------------
      x1 |   1.094981   .0507397     21.580   0.000       .9955322    1.194431
      x2 |   .9814922   .0129611     75.726   0.000       .9560885    1.006896
      x3 |   1.003829   .0103945     96.573   0.000       .9834556    1.024202
      x4 |  -.0033291   .0055377     -0.601   0.548      -.0141829    .0075247
   _cons |   .8929534   .0591209     15.104   0.000       .7770773     1.00883
------------------------------------------------------------------------------
** Simulations follow:

Sample size:  1000
Results file: 34c1000
(Note: file 34c1000.dta not found)
07:07:06. Working...
07:07:21. 1 completed. Next notice is 10.
07:08:13. 10 completed. Next notice is 25.
07:10:05. 25 completed. Next notice is 50.
07:12:55. 50 completed. Next notice is 100.
07:18:38. 100 completed. Next notice is 200.
07:30:23. 200 completed. Next notice is 300.
07:41:47. 300 completed. Next notice is 400.
07:53:22. 400 completed. Next notice is 500.
08:05:09. 500 completed. Next notice is 600.
08:16:51. 600 completed. Next notice is 700.
08:28:19. 700 completed. Next notice is 800.
08:39:46. 800 completed. Next notice is 900.
08:51:20. 900 completed. Next notice is 950.
08:57:05. 950 completed. Next notice is 975.
09:00:03. 975 completed. Next notice is 990.
09:01:47. 990 completed. Next notice is completion.
09:02:53. Iterations complete.

.     di "Iterations complete.
Iterations complete.

.     ts
* 21 Mar 1998 - 09:02:54

.     set more off

.     hcresult 1 34c 25 50 100 250 500 1000
** Constructing data to analyze...
* 21 Mar 1998 - 09:02:54
*  Population:      hc1
*  Data Label:      hc103
*  Factor:          .375
*  R2:              .4
*  Structure:       34c
*  Sample N's:      25 50 100 250 500 1000
*  Sig Level:       05

** Population data set hc1 with structure 34c.

Variable |     Obs        Mean   Std. Dev.       Min        Max
---------+-----------------------------------------------------
       y |  100000    5.599486   3.191975  -1.283502   43.05677
      x1 |  100000    1.499012   .2886124    1.00002   1.999999
      x2 |  100000    1.498522   1.053486  -2.241696   5.101119
      x3 |  100000    1.600192    1.03109   .0011668   12.12769
      x4 |  100000     3.59375   1.692207  -2.283696   15.27936

  Source |       SS       df       MS                  Number of obs =  100000
---------+------------------------------               F(  4, 99995) =16981.92
   Model |   412146.83     4  103036.708               Prob > F      =  0.0000
Residual |  606713.106 99995  6.06743443               R-squared     =  0.4045
---------+------------------------------               Adj R-squared =  0.4045
   Total |  1018859.94 99999  10.1887013               Root MSE      =  2.4632

------------------------------------------------------------------------------
       y |      Coef.   Std. Err.       t     P>|t|       [95% Conf. Interval]
---------+--------------------------------------------------------------------
      x1 |   1.094981   .0507397     21.580   0.000       .9955322    1.194431
      x2 |   .9814922   .0129611     75.726   0.000       .9560885    1.006896
      x3 |   1.003829   .0103945     96.573   0.000       .9834556    1.024202
      x4 |  -.0033291   .0055377     -0.601   0.548      -.0141829    .0075247
   _cons |   .8929534   .0591209     15.104   0.000       .7770773     1.00883
------------------------------------------------------------------------------

* Results statistics have the format:
 c1:   [s|p] - size or power
 c2-4: [0HC|1HC|2HC|3HC|OLS] - method of computing covariance matrix.
 c2:   [0|1|2|3] - HC method after screening.
 c3:   [W|G|B|C] - type of screening
 c4:   [1|5] - screen at .05 or .10 level
 c5-6: [05|10] - sig level of test
 c7-8: [b1|b2|b3|b4] - test statistic
(Note: file 34cres05.dta not found)

** Description of 34c0025

Variable |     Obs        Mean   Std. Dev.       Min        Max
---------+-----------------------------------------------------
      s1 |    1000    1.087749   4.127169  -14.62882   16.43673
      s2 |    1000    .9259097   3.783783  -13.04902   14.39004
      s3 |    1000    1.006558   .8691188  -2.103115    3.71812
      s4 |    1000    1.049932   1.111936  -1.891732   7.222779
      s5 |    1000   -.0185819   .3852288  -1.389442   1.568988
    s1m1 |    1000    3.301752   1.251597   .9016786   9.259201
    s2m1 |    1000    2.943974   1.118038   .8698373    8.35119
    s3m1 |    1000     .709667   .2732826    .222623   2.503548
    s4m1 |    1000    .7081799    .374224   .1010841   3.001416
    s5m1 |    1000    .3025179   .1141235   .0997261   .9272631
    s1m2 |    1000    3.691471   1.399328   1.008107    10.3521
    s2m2 |    1000    3.291463   1.250005   .9725077   9.336913
    s3m2 |    1000    .7934319   .3055392      .2489   2.799052
    s4m2 |    1000    .7917692   .4183952   .1130155   3.355685
    s5m2 |    1000    .3382253    .127594   .1114972   1.036712
    s1m3 |    1000    3.881662   1.529745   1.065439   11.68766
    s2m3 |    1000    3.495915   1.376876   1.053845   10.12163
    s3m3 |    1000    .8296561   .3282153   .2507647   3.087074
    s4m3 |    1000    .8971341   .4927791   .1366953   3.989331
    s5m3 |    1000    .3516639   .1379024   .1161534   1.212708
    s1m4 |    1000    4.687442   1.978556    1.30925   17.22112
    s2m4 |    1000    4.295047   1.831553   1.328777   14.24041
    s3m4 |    1000    .9867489   .4087941   .2847882   3.865996
    s4m4 |    1000    1.207884   .7265221   .1680884   5.462909
    s5m4 |    1000     .415449   .1725143   .1324828   1.628815
    s1m5 |    1000    3.884852   1.222338    1.37184   12.11099
    s2m5 |    1000    3.383611   1.068124   1.165204   10.43136
    s3m5 |    1000    .8480202   .2751705   .3186427    2.44897
    s4m5 |    1000    .7659638   .3023487   .1898094   2.306181
    s5m5 |    1000    .3616178   .1141257   .1398472   .9930421
      wh |    1000    16.00958   4.555676   2.794595   24.83499
    whpr |    1000    .3649014   .2608037   .0362318   .9993846
      bp |    1000    8.272354   6.954584   .0320829   49.19854
    bppr |    1000    .2775566   .2844433   5.31e-10   .9998727
      gl |    1000    6.868103   3.646738   .2100726   20.67969
    glpr |    1000    .2562738   .2493783   .0003665   .9948552
      cw |    1000    4.126189   4.874752   3.03e-06   42.93528
    cwpr |    1000    .2403528   .2828584   5.66e-11   .9986121
  seedis |    1000    1.10e+07          0   1.10e+07   1.10e+07
   niter |    1000        1000          0       1000       1000
dsnumber |    1000           1          0          1          1
 dslabel |    1000         103          0        103        103
  factor |    1000        .375          0       .375       .375
      R2 |    1000    .4045177          0   .4045177   .4045177
 sampleN |    1000          25          0         25         25

** Results for:
*  Sample Size:     25
*  Selection Seed:  11020760
*  # of Iterations: 1000
*  Sig Level:       05
*  Means of sample estimates of:
   b0 = 1.087749259767821
   b1 = .9259096952951514
   b2 = 1.006557663726213
   b3 = 1.049932027263101
   b4 = -.0185818968857348

** Description of 34c0050

Variable |     Obs        Mean   Std. Dev.       Min        Max
---------+-----------------------------------------------------
      s1 |    1000     .839339   2.781532   -7.03014   10.82806
      s2 |    1000    1.090236    2.60301  -8.671562   8.810798
      s3 |    1000    .9773009   .6163676  -.8417709   3.468927
      s4 |    1000    1.049204   .7381396  -.6197367   4.420814
      s5 |    1000    .0032925   .2451278  -.8633077   .8857864
    s1m1 |    1000    2.496337   .6825639   1.143034   5.487389
    s2m1 |    1000    2.259945     .63056   1.001166   6.077926
    s3m1 |    1000    .5370011   .1464307   .2191241   1.166153
    s4m1 |    1000    .5641287    .233776   .1394497   2.332402
    s5m1 |    1000    .2320224   .0644396   .1044255    .931468
    s1m2 |    1000     2.63137   .7194856   1.204863   5.784215
    s2m2 |    1000    2.382191   .6646686   1.055322   6.406696
    s3m2 |    1000    .5660488   .1543515    .230977   1.229234
    s4m2 |    1000    .5946438   .2464215   .1469929   2.458568
    s5m2 |    1000    .2445731   .0679253   .1100741   .9818535
    s1m3 |    1000    2.717033   .7687039   1.211371   6.386838
    s2m3 |    1000    2.487122   .7275926   1.065479   6.877329
    s3m3 |    1000    .5815043   .1635841   .2358674   1.300285
    s4m3 |    1000      .65436   .2900603   .1486119   2.727988
    s5m3 |    1000     .250307   .0723527   .1108739   1.074087
    s1m4 |    1000    2.990408   .8996613    1.28809   7.453053
    s2m4 |    1000    2.779524   .8921154    1.14007   7.853196
    s3m4 |    1000    .6333697   .1860168   .2548328   1.475091
    s4m4 |    1000     .779108   .3909592   .1616633   3.195759
    s5m4 |    1000    .2715796   .0828425   .1179312   1.240116
    s1m5 |    1000    2.736403   .5894971   1.381083   5.400083
    s2m5 |    1000    2.365088   .5052664   1.206586   4.802468
    s3m5 |    1000    .5950826   .1296238   .3184795   1.226326
    s4m5 |    1000    .5041312   .1289568    .195398     1.1832
    s5m5 |    1000    .2551024    .054372   .1276281   .4706711
      wh |    1000    20.75732     8.8591   4.039618   47.12861
    whpr |    1000    .2667263   .2845697   .0000183   .9952232
      bp |    1000    18.45113   16.66976   .3677995   154.0197
    bppr |    1000    .0941446   .1787142          0   .9850273
      gl |    1000    11.50632   5.965291   .5855646   34.92053
    glpr |    1000    .1130684   .1876109   4.82e-07   .9646542
      cw |    1000     10.6968   11.87255   .0000382   123.2482
    cwpr |    1000    .0826643   .1735049          0   .9950708
  seedis |    1000    1.10e+07          0   1.10e+07   1.10e+07
   niter |    1000        1000          0       1000       1000
dsnumber |    1000           1          0          1          1
 dslabel |    1000         103          0        103        103
  factor |    1000        .375          0       .375       .375
      R2 |    1000    .4045177          0   .4045177   .4045177
 sampleN |    1000          50          0         50         50

** Results for:
*  Sample Size:     50
*  Selection Seed:  11020760
*  # of Iterations: 1000
*  Sig Level:       05
*  Means of sample estimates of:
   b0 = .839338994335616
   b1 = 1.09023614696892
   b2 = .9773009367341874
   b3 = 1.049203750230372
   b4 = .0032925020855328

** Description of 34c0100

Variable |     Obs        Mean   Std. Dev.       Min        Max
---------+-----------------------------------------------------
      s1 |    1000    .9036014   2.018325   -6.34731   6.939953
      s2 |    1000    1.036471   1.887931  -5.481347   7.426178
      s3 |    1000    .9874195   .4351634  -.4785399   2.313992
      s4 |    1000    1.016149   .5332946    -.37226   2.916377
      s5 |    1000    .0101043    .173774  -.5200384   .6217348
    s1m1 |    1000    1.818175    .390766   1.058269   3.832678
    s2m1 |    1000    1.654316   .3737972   .9150978   3.561592
    s3m1 |    1000    .3919144   .0860044   .2218897   .8118829
    s4m1 |    1000    .4361265   .1529267   .1641746   1.200577
    s5m1 |    1000    .1673102   .0360021   .0929118   .4296671
    s1m2 |    1000    1.865409   .4009175   1.085761   3.932245
    s2m2 |    1000    1.697292   .3835079   .9388706   3.654117
    s3m2 |    1000    .4020957   .0882386   .2276541   .8329743
    s4m2 |    1000    .4474564   .1568995   .1684396   1.231766
    s5m2 |    1000    .1716566   .0369373   .0953254   .4408291
    s1m3 |    1000    1.906466    .431525   1.108179   4.228187
    s2m3 |    1000    1.749374   .4296668   .9513279   4.682342
    s3m3 |    1000    .4086865   .0918153   .2313886   .8597391
    s4m3 |    1000    .4782343   .1827808   .1715231   1.614311
    s5m3 |    1000    .1741167   .0386253   .0959691   .4525081
    s1m4 |    1000    2.009384   .4983476   1.149081   5.681951
    s2m4 |    1000    1.863162   .5229986   .9872342   6.364912
    s3m4 |    1000    .4272371   .0990266   .2380197   .9338933
    s4m4 |    1000    .5302168   .2291313   .1793478   2.198016
    s5m4 |    1000    .1815928   .0418836   .0993964   .5130365
    s1m5 |    1000    1.893255   .3017493   1.168333   3.046248
    s2m5 |    1000    1.631308   .2604246   1.045118   2.565105
    s3m5 |    1000    .4144156   .0680714   .2575282    .708488
    s4m5 |    1000    .3390546   .0650385   .1673129   .6503965
    s5m5 |    1000    .1770493   .0275478   .1133867   .2819327
      wh |    1000    29.39414   14.98016   6.116039   89.40945
    whpr |    1000     .131353   .2087556   4.91e-13   .9634814
      bp |    1000     40.7107   40.07871   2.115269   496.9422
    bppr |    1000    .0123435   .0531923          0   .7145677
      gl |    1000    20.88571   9.192013   2.022965   58.73097
    glpr |    1000    .0189339   .0650462   5.36e-12   .7315348
      cw |    1000    24.31187   27.59226   .0070551   336.4201
    cwpr |    1000    .0185037   .0823399          0   .9330605
  seedis |    1000    1.10e+07          0   1.10e+07   1.10e+07
   niter |    1000        1000          0       1000       1000
dsnumber |    1000           1          0          1          1
 dslabel |    1000         103          0        103        103
  factor |    1000        .375          0       .375       .375
      R2 |    1000    .4045177          0   .4045177   .4045177
 sampleN |    1000         100          0        100        100

** Results for:
*  Sample Size:     100
*  Selection Seed:  11020760
*  # of Iterations: 1000
*  Sig Level:       05
*  Means of sample estimates of:
   b0 = .903601421224128
   b1 = 1.036471488286275
   b2 = .9874194857776166
   b3 = 1.016149361843418
   b4 = .0101042931641423

** Description of 34c0250

Variable |     Obs        Mean   Std. Dev.       Min        Max
---------+-----------------------------------------------------
      s1 |    1000    .9005176   1.183298   -3.55408   4.472526
      s2 |    1000     1.07678   1.110986  -2.164657   5.652781
      s3 |    1000    .9926369   .2509351  -.0046258   1.816461
      s4 |    1000    .9990552   .3372552   .2196531   2.043616
      s5 |    1000   -.0006991   .1120055  -.4315404   .4104719
    s1m1 |    1000    1.176903   .1658995   .7878198   2.099662
    s2m1 |    1000    1.086599   .1651672   .7117577   2.065888
    s3m1 |    1000    .2527844   .0364158   .1707375   .4643891
    s4m1 |    1000    .3057253    .084935    .145311   .7030577
    s5m1 |    1000    .1072178    .014522   .0724794   .1886296
    s1m2 |    1000    1.188852   .1675838   .7958182   2.120979
    s2m2 |    1000    1.097631    .166844   .7189838   2.086862
    s3m2 |    1000    .2553508   .0367856   .1724709   .4691038
    s4m2 |    1000    .3088292   .0857973   .1467863   .7101955
    s5m2 |    1000    .1083064   .0146695   .0732152   .1905447
    s1m3 |    1000     1.20153   .1745324   .7981004   2.237837
    s2m3 |    1000      1.1147   .1779233   .7222942    2.20921
    s3m3 |    1000    .2572751   .0375115   .1727006   .4784348
    s4m3 |    1000    .3195545   .0934907   .1479586   .8179258
    s5m3 |    1000    .1089844   .0149669   .0734608   .1922106
    s1m4 |    1000    1.228237   .1863053   .8087783   2.389378
    s2m4 |    1000    1.145637   .1954991   .7332842    2.36612
    s3m4 |    1000    .2619659   .0387131    .174695   .4930887
    s4m4 |    1000    .3349487   .1045321   .1506864   .9922078
    s5m4 |    1000    .1108283   .0154581   .0744723   .1958705
    s1m5 |    1000    1.181866   .1136336   .8810744   1.584293
    s2m5 |    1000    1.015776   .0968462   .7659642   1.346841
    s3m5 |    1000    .2584758   .0258259   .1892909   .3431087
    s4m5 |    1000    .2103179   .0251037   .1419181    .291422
    s5m5 |    1000    .1102314   .0106701   .0817609   .1517341
      wh |    1000    50.97593   26.85944   9.281657   184.8441
    whpr |    1000    .0192085   .0699988          0   .8125954
      bp |    1000    102.0786   74.31675    8.33045   716.9843
    bppr |    1000    .0001293   .0028353          0   .0801964
      gl |    1000    49.27951   15.97808   10.79705   124.4712
    glpr |    1000    .0000736    .001063          0   .0289421
      cw |    1000    59.85723   45.27156   2.590419   415.7126
    cwpr |    1000    .0002081   .0035391          0   .1075119
  seedis |    1000    1.10e+07          0   1.10e+07   1.10e+07
   niter |    1000        1000          0       1000       1000
dsnumber |    1000           1          0          1          1
 dslabel |    1000         103          0        103        103
  factor |    1000        .375          0       .375       .375
      R2 |    1000    .4045177          0   .4045177   .4045177
 sampleN |    1000         250          0        250        250

** Results for:
*  Sample Size:     250
*  Selection Seed:  11020760
*  # of Iterations: 1000
*  Sig Level:       05
*  Means of sample estimates of:
   b0 = .9005176327721783
   b1 = 1.076779941567569
   b2 = .99263689918397
   b3 = .9990551560670138
   b4 = -.0006990918824486

** Description of 34c0500

Variable |     Obs        Mean   Std. Dev.       Min        Max
---------+-----------------------------------------------------
      s1 |    1000    .9430044   .8688822  -2.042353   3.715074
      s2 |    1000    1.042984   .8101046  -1.649462   3.524274
      s3 |    1000    .9920599   .1785989   .4786504   1.500892
      s4 |    1000     1.00748   .2355896   .3845655   1.956638
      s5 |    1000   -.0026246   .0767206  -.2347683   .2382556
    s1m1 |    1000    .8475394   .0936849    .595692   1.249724
    s2m1 |    1000    .7894151   .1004481   .5756098   1.256865
    s3m1 |    1000    .1807324   .0194383   .1330786   .2745007
    s4m1 |    1000    .2303691   .0561724   .1254632   .5090182
    s5m1 |    1000     .076931   .0079617   .0588377   .1131524
    s1m2 |    1000    .8518091   .0941569    .598693   1.256019
    s2m2 |    1000     .793392   .1009541   .5785096   1.263197
    s3m2 |    1000    .1816429   .0195362    .133749   .2758836
    s4m2 |    1000    .2315297   .0564554   .1260953   .5115826
    s5m2 |    1000    .0773186   .0080018   .0591341   .1137224
    s1m3 |    1000    .8570257   .0965586   .6009696   1.297658
    s2m3 |    1000    .8008132   .1053946   .5817224   1.313233
    s3m3 |    1000    .1823904   .0198212    .133982   .2783772
    s4m3 |    1000     .236336   .0597541   .1275886   .5385166
    s5m3 |    1000    .0775882   .0081024   .0591912   .1145146
    s1m4 |    1000    .8669578    .099821   .6063934   1.349441
    s2m4 |    1000    .8128747   .1111168   .5880169   1.373947
    s3m4 |    1000    .1840902   .0202288   .1348982   .2823893
    s4m4 |    1000    .2426869   .0638072   .1298006   .5701396
    s5m4 |    1000    .0782621   .0082532   .0595481   .1159108
    s1m5 |    1000    .8390882    .057803   .6790649   1.068198
    s2m5 |    1000    .7205619   .0491182   .5909931   .9225101
    s3m5 |    1000    .1837161   .0129588   .1481553   .2327122
    s4m5 |    1000    .1481417   .0121108   .1152585     .19406
    s5m5 |    1000    .0785693   .0056448    .063045   .0968498
      wh |    1000    81.03232    43.9508   12.16896   340.3236
    whpr |    1000    .0017507   .0213294          0    .592736
      bp |    1000      214.11   137.0098   39.72799   1071.032
    bppr |    1000    5.11e-11   1.56e-09          0   4.93e-08
      gl |    1000    95.56406   23.25495   36.85894   182.5272
    glpr |    1000    3.05e-10   6.49e-09          0   1.93e-07
      cw |    1000    125.6168    78.9761   18.29003   564.3838
    cwpr |    1000    2.64e-08   6.12e-07          0    .000019
  seedis |    1000    1.10e+07          0   1.10e+07   1.10e+07
   niter |    1000        1000          0       1000       1000
dsnumber |    1000           1          0          1          1
 dslabel |    1000         103          0        103        103
  factor |    1000        .375          0       .375       .375
      R2 |    1000    .4045177          0   .4045177   .4045177
 sampleN |    1000         500          0        500        500

** Results for:
*  Sample Size:     500
*  Selection Seed:  11020760
*  # of Iterations: 1000
*  Sig Level:       05
*  Means of sample estimates of:
   b0 = .9430044309069054
   b1 = 1.04298382581136
   b2 = .9920598716139794
   b3 = 1.007479603230953
   b4 = -.0026245838357745

** Description of 34c1000

Variable |     Obs        Mean   Std. Dev.       Min        Max
---------+-----------------------------------------------------
      s1 |    1000    .9017068   .5966181  -1.209223   2.988576
      s2 |    1000    1.091112   .5674141  -.8927458   3.072853
      s3 |    1000     .980423   .1273065   .5314167   1.364405
      s4 |    1000    1.006662   .1741522   .4360881   1.565559
      s5 |    1000   -.0048252   .0551544  -.1760951   .2152572
    s1m1 |    1000    .6046853   .0508238   .4820858   .8303099
    s2m1 |    1000    .5656968   .0563022   .4380387   .8248285
    s3m1 |    1000      .12852   .0098515   .1028719   .1637755
    s4m1 |    1000    .1661276   .0304292   .0973645   .2965011
    s5m1 |    1000    .0547651   .0041994   .0440517   .0730565
    s1m2 |    1000    .6062027   .0509513   .4832956   .8323935
    s2m2 |    1000    .5671163   .0564435    .439138   .8268983
    s3m2 |    1000    .1288425   .0098762   .1031301   .1641865
    s4m2 |    1000    .1665445   .0305055   .0976088   .2972452
    s5m2 |    1000    .0549025   .0042099   .0441623   .0732398
    s1m3 |    1000    .6082145   .0517392   .4845042   .8410647
    s2m3 |    1000    .5699859   .0578689   .4397257   .8371602
    s3m3 |    1000    .1291112   .0099357   .1032266   .1645576
    s4m3 |    1000    .1683598    .031462    .098135   .3037462
    s5m3 |    1000    .0550001   .0042339   .0442142   .0734035
    s1m4 |    1000    .6118357   .0527273   .4869502   .8522718
    s2m4 |    1000    .5744117   .0595692   .4414274   .8498335
    s3m4 |    1000      .12971   .0100225   .1035835   .1653482
    s4m4 |    1000    .1706697   .0325689   .0989245   .3112535
    s5m4 |    1000    .0552381   .0042695    .044378   .0737549
    s1m5 |    1000     .591051    .029991   .5127335    .705983
    s2m5 |    1000    .5074936   .0256461   .4417642   .6042454
    s3m5 |    1000    .1296579    .006837   .1132708   .1555873
    s4m5 |    1000    .1041358   .0061097   .0857561   .1300083
    s5m5 |    1000    .0553258   .0028508   .0481723   .0646328
      wh |    1000    135.9882   55.09198   37.57005    464.405
    whpr |    1000    8.01e-07   .0000198          0   .0006044
      bp |    1000    411.9025    190.513   106.6045   1520.742
    bppr |    1000           0          0          0          0
      gl |    1000    188.5806   33.53809   85.18973   314.3511
    glpr |    1000           0          0          0          0
      cw |    1000    241.1854   104.5385   52.36665   855.3104
    cwpr |    1000    5.59e-16   1.49e-14          0   4.61e-13
  seedis |    1000    1.10e+07          0   1.10e+07   1.10e+07
   niter |    1000        1000          0       1000       1000
dsnumber |    1000           1          0          1          1
 dslabel |    1000         103          0        103        103
  factor |    1000        .375          0       .375       .375
      R2 |    1000    .4045177          0   .4045177   .4045177
 sampleN |    1000        1000          0       1000       1000

** Results for:
*  Sample Size:     1000
*  Selection Seed:  11020760
*  # of Iterations: 1000
*  Sig Level:       05
*  Means of sample estimates of:
   b0 = .9017068092487752
   b1 = 1.091112285498617
   b2 = .9804230412244796
   b3 = 1.006662213146686
   b4 = -.0048252356905418
(Note: file 34cres10.dta not found)

** Description of 34c0025

Variable |     Obs        Mean   Std. Dev.       Min        Max
---------+-----------------------------------------------------
      s1 |    1000    1.087749   4.127169  -14.62882   16.43673
      s2 |    1000    .9259097   3.783783  -13.04902   14.39004
      s3 |    1000    1.006558   .8691188  -2.103115    3.71812
      s4 |    1000    1.049932   1.111936  -1.891732   7.222779
      s5 |    1000   -.0185819   .3852288  -1.389442   1.568988
    s1m1 |    1000    3.301752   1.251597   .9016786   9.259201
    s2m1 |    1000    2.943974   1.118038   .8698373    8.35119
    s3m1 |    1000     .709667   .2732826    .222623   2.503548
    s4m1 |    1000    .7081799    .374224   .1010841   3.001416
    s5m1 |    1000    .3025179   .1141235   .0997261   .9272631
    s1m2 |    1000    3.691471   1.399328   1.008107    10.3521
    s2m2 |    1000    3.291463   1.250005   .9725077   9.336913
    s3m2 |    1000    .7934319   .3055392      .2489   2.799052
    s4m2 |    1000    .7917692   .4183952   .1130155   3.355685
    s5m2 |    1000    .3382253    .127594   .1114972   1.036712
    s1m3 |    1000    3.881662   1.529745   1.065439   11.68766
    s2m3 |    1000    3.495915   1.376876   1.053845   10.12163
    s3m3 |    1000    .8296561   .3282153   .2507647   3.087074
    s4m3 |    1000    .8971341   .4927791   .1366953   3.989331
    s5m3 |    1000    .3516639   .1379024   .1161534   1.212708
    s1m4 |    1000    4.687442   1.978556    1.30925   17.22112
    s2m4 |    1000    4.295047   1.831553   1.328777   14.24041
    s3m4 |    1000    .9867489   .4087941   .2847882   3.865996
    s4m4 |    1000    1.207884   .7265221   .1680884   5.462909
    s5m4 |    1000     .415449   .1725143   .1324828   1.628815
    s1m5 |    1000    3.884852   1.222338    1.37184   12.11099
    s2m5 |    1000    3.383611   1.068124   1.165204   10.43136
    s3m5 |    1000    .8480202   .2751705   .3186427    2.44897
    s4m5 |    1000    .7659638   .3023487   .1898094   2.306181
    s5m5 |    1000    .3616178   .1141257   .1398472   .9930421
      wh |    1000    16.00958   4.555676   2.794595   24.83499
    whpr |    1000    .3649014   .2608037   .0362318   .9993846
      bp |    1000    8.272354   6.954584   .0320829   49.19854
    bppr |    1000    .2775566   .2844433   5.31e-10   .9998727
      gl |    1000    6.868103   3.646738   .2100726   20.67969
    glpr |    1000    .2562738   .2493783   .0003665   .9948552
      cw |    1000    4.126189   4.874752   3.03e-06   42.93528
    cwpr |    1000    .2403528   .2828584   5.66e-11   .9986121
  seedis |    1000    1.10e+07          0   1.10e+07   1.10e+07
   niter |    1000        1000          0       1000       1000
dsnumber |    1000           1          0          1          1
 dslabel |    1000         103          0        103        103
  factor |    1000        .375          0       .375       .375
      R2 |    1000    .4045177          0   .4045177   .4045177
 sampleN |    1000          25          0         25         25

** Results for:
*  Sample Size:     25
*  Selection Seed:  11020760
*  # of Iterations: 1000
*  Sig Level:       10
*  Means of sample estimates of:
   b0 = 1.087749259767821
   b1 = .9259096952951514
   b2 = 1.006557663726213
   b3 = 1.049932027263101
   b4 = -.0185818968857348

** Description of 34c0050

Variable |     Obs        Mean   Std. Dev.       Min        Max
---------+-----------------------------------------------------
      s1 |    1000     .839339   2.781532   -7.03014   10.82806
      s2 |    1000    1.090236    2.60301  -8.671562   8.810798
      s3 |    1000    .9773009   .6163676  -.8417709   3.468927
      s4 |    1000    1.049204   .7381396  -.6197367   4.420814
      s5 |    1000    .0032925   .2451278  -.8633077   .8857864
    s1m1 |    1000    2.496337   .6825639   1.143034   5.487389
    s2m1 |    1000    2.259945     .63056   1.001166   6.077926
    s3m1 |    1000    .5370011   .1464307   .2191241   1.166153
    s4m1 |    1000    .5641287    .233776   .1394497   2.332402
    s5m1 |    1000    .2320224   .0644396   .1044255    .931468
    s1m2 |    1000     2.63137   .7194856   1.204863   5.784215
    s2m2 |    1000    2.382191   .6646686   1.055322   6.406696
    s3m2 |    1000    .5660488   .1543515    .230977   1.229234
    s4m2 |    1000    .5946438   .2464215   .1469929   2.458568
    s5m2 |    1000    .2445731   .0679253   .1100741   .9818535
    s1m3 |    1000    2.717033   .7687039   1.211371   6.386838
    s2m3 |    1000    2.487122   .7275926   1.065479   6.877329
    s3m3 |    1000    .5815043   .1635841   .2358674   1.300285
    s4m3 |    1000      .65436   .2900603   .1486119   2.727988
    s5m3 |    1000     .250307   .0723527   .1108739   1.074087
    s1m4 |    1000    2.990408   .8996613    1.28809   7.453053
    s2m4 |    1000    2.779524   .8921154    1.14007   7.853196
    s3m4 |    1000    .6333697   .1860168   .2548328   1.475091
    s4m4 |    1000     .779108   .3909592   .1616633   3.195759
    s5m4 |    1000    .2715796   .0828425   .1179312   1.240116
    s1m5 |    1000    2.736403   .5894971   1.381083   5.400083
    s2m5 |    1000    2.365088   .5052664   1.206586   4.802468
    s3m5 |    1000    .5950826   .1296238   .3184795   1.226326
    s4m5 |    1000    .5041312   .1289568    .195398     1.1832
    s5m5 |    1000    .2551024    .054372   .1276281   .4706711
      wh |    1000    20.75732     8.8591   4.039618   47.12861
    whpr |    1000    .2667263   .2845697   .0000183   .9952232
      bp |    1000    18.45113   16.66976   .3677995   154.0197
    bppr |    1000    .0941446   .1787142          0   .9850273
      gl |    1000    11.50632   5.965291   .5855646   34.92053
    glpr |    1000    .1130684   .1876109   4.82e-07   .9646542
      cw |    1000     10.6968   11.87255   .0000382   123.2482
    cwpr |    1000    .0826643   .1735049          0   .9950708
  seedis |    1000    1.10e+07          0   1.10e+07   1.10e+07
   niter |    1000        1000          0       1000       1000
dsnumber |    1000           1          0          1          1
 dslabel |    1000         103          0        103        103
  factor |    1000        .375          0       .375       .375
      R2 |    1000    .4045177          0   .4045177   .4045177
 sampleN |    1000          50          0         50         50

** Results for:
*  Sample Size:     50
*  Selection Seed:  11020760
*  # of Iterations: 1000
*  Sig Level:       10
*  Means of sample estimates of:
   b0 = .839338994335616
   b1 = 1.09023614696892
   b2 = .9773009367341874
   b3 = 1.049203750230372
   b4 = .0032925020855328

** Description of 34c0100

Variable |     Obs        Mean   Std. Dev.       Min        Max
---------+-----------------------------------------------------
      s1 |    1000    .9036014   2.018325   -6.34731   6.939953
      s2 |    1000    1.036471   1.887931  -5.481347   7.426178
      s3 |    1000    .9874195   .4351634  -.4785399   2.313992
      s4 |    1000    1.016149   .5332946    -.37226   2.916377
      s5 |    1000    .0101043    .173774  -.5200384   .6217348
    s1m1 |    1000    1.818175    .390766   1.058269   3.832678
    s2m1 |    1000    1.654316   .3737972   .9150978   3.561592
    s3m1 |    1000    .3919144   .0860044   .2218897   .8118829
    s4m1 |    1000    .4361265   .1529267   .1641746   1.200577
    s5m1 |    1000    .1673102   .0360021   .0929118   .4296671
    s1m2 |    1000    1.865409   .4009175   1.085761   3.932245
    s2m2 |    1000    1.697292   .3835079   .9388706   3.654117
    s3m2 |    1000    .4020957   .0882386   .2276541   .8329743
    s4m2 |    1000    .4474564   .1568995   .1684396   1.231766
    s5m2 |    1000    .1716566   .0369373   .0953254   .4408291
    s1m3 |    1000    1.906466    .431525   1.108179   4.228187
    s2m3 |    1000    1.749374   .4296668   .9513279   4.682342
    s3m3 |    1000    .4086865   .0918153   .2313886   .8597391
    s4m3 |    1000    .4782343   .1827808   .1715231   1.614311
    s5m3 |    1000    .1741167   .0386253   .0959691   .4525081
    s1m4 |    1000    2.009384   .4983476   1.149081   5.681951
    s2m4 |    1000    1.863162   .5229986   .9872342   6.364912
    s3m4 |    1000    .4272371   .0990266   .2380197   .9338933
    s4m4 |    1000    .5302168   .2291313   .1793478   2.198016
    s5m4 |    1000    .1815928   .0418836   .0993964   .5130365
    s1m5 |    1000    1.893255   .3017493   1.168333   3.046248
    s2m5 |    1000    1.631308   .2604246   1.045118   2.565105
    s3m5 |    1000    .4144156   .0680714   .2575282    .708488
    s4m5 |    1000    .3390546   .0650385   .1673129   .6503965
    s5m5 |    1000    .1770493   .0275478   .1133867   .2819327
      wh |    1000    29.39414   14.98016   6.116039   89.40945
    whpr |    1000     .131353   .2087556   4.91e-13   .9634814
      bp |    1000     40.7107   40.07871   2.115269   496.9422
    bppr |    1000    .0123435   .0531923          0   .7145677
      gl |    1000    20.88571   9.192013   2.022965   58.73097
    glpr |    1000    .0189339   .0650462   5.36e-12   .7315348
      cw |    1000    24.31187   27.59226   .0070551   336.4201
    cwpr |    1000    .0185037   .0823399          0   .9330605
  seedis |    1000    1.10e+07          0   1.10e+07   1.10e+07
   niter |    1000        1000          0       1000       1000
dsnumber |    1000           1          0          1          1
 dslabel |    1000         103          0        103        103
  factor |    1000        .375          0       .375       .375
      R2 |    1000    .4045177          0   .4045177   .4045177
 sampleN |    1000         100          0        100        100

** Results for:
*  Sample Size:     100
*  Selection Seed:  11020760
*  # of Iterations: 1000
*  Sig Level:       10
*  Means of sample estimates of:
   b0 = .903601421224128
   b1 = 1.036471488286275
   b2 = .9874194857776166
   b3 = 1.016149361843418
   b4 = .0101042931641423

** Description of 34c0250

Variable |     Obs        Mean   Std. Dev.       Min        Max
---------+-----------------------------------------------------
      s1 |    1000    .9005176   1.183298   -3.55408   4.472526
      s2 |    1000     1.07678   1.110986  -2.164657   5.652781
      s3 |    1000    .9926369   .2509351  -.0046258   1.816461
      s4 |    1000    .9990552   .3372552   .2196531   2.043616
      s5 |    1000   -.0006991   .1120055  -.4315404   .4104719
    s1m1 |    1000    1.176903   .1658995   .7878198   2.099662
    s2m1 |    1000    1.086599   .1651672   .7117577   2.065888
    s3m1 |    1000    .2527844   .0364158   .1707375   .4643891
    s4m1 |    1000    .3057253    .084935    .145311   .7030577
    s5m1 |    1000    .1072178    .014522   .0724794   .1886296
    s1m2 |    1000    1.188852   .1675838   .7958182   2.120979
    s2m2 |    1000    1.097631    .166844   .7189838   2.086862
    s3m2 |    1000    .2553508   .0367856   .1724709   .4691038
    s4m2 |    1000    .3088292   .0857973   .1467863   .7101955
    s5m2 |    1000    .1083064   .0146695   .0732152   .1905447
    s1m3 |    1000     1.20153   .1745324   .7981004   2.237837
    s2m3 |    1000      1.1147   .1779233   .7222942    2.20921
    s3m3 |    1000    .2572751   .0375115   .1727006   .4784348
    s4m3 |    1000    .3195545   .0934907   .1479586   .8179258
    s5m3 |    1000    .1089844   .0149669   .0734608   .1922106
    s1m4 |    1000    1.228237   .1863053   .8087783   2.389378
    s2m4 |    1000    1.145637   .1954991   .7332842    2.36612
    s3m4 |    1000    .2619659   .0387131    .174695   .4930887
    s4m4 |    1000    .3349487   .1045321   .1506864   .9922078
    s5m4 |    1000    .1108283   .0154581   .0744723   .1958705
    s1m5 |    1000    1.181866   .1136336   .8810744   1.584293
    s2m5 |    1000    1.015776   .0968462   .7659642   1.346841
    s3m5 |    1000    .2584758   .0258259   .1892909   .3431087
    s4m5 |    1000    .2103179   .0251037   .1419181    .291422
    s5m5 |    1000    .1102314   .0106701   .0817609   .1517341
      wh |    1000    50.97593   26.85944   9.281657   184.8441
    whpr |    1000    .0192085   .0699988          0   .8125954
      bp |    1000    102.0786   74.31675    8.33045   716.9843
    bppr |    1000    .0001293   .0028353          0   .0801964
      gl |    1000    49.27951   15.97808   10.79705   124.4712
    glpr |    1000    .0000736    .001063          0   .0289421
      cw |    1000    59.85723   45.27156   2.590419   415.7126
    cwpr |    1000    .0002081   .0035391          0   .1075119
  seedis |    1000    1.10e+07          0   1.10e+07   1.10e+07
   niter |    1000        1000          0       1000       1000
dsnumber |    1000           1          0          1          1
 dslabel |    1000         103          0        103        103
  factor |    1000        .375          0       .375       .375
      R2 |    1000    .4045177          0   .4045177   .4045177
 sampleN |    1000         250          0        250        250

** Results for:
*  Sample Size:     250
*  Selection Seed:  11020760
*  # of Iterations: 1000
*  Sig Level:       10
*  Means of sample estimates of:
   b0 = .9005176327721783
   b1 = 1.076779941567569
   b2 = .99263689918397
   b3 = .9990551560670138
   b4 = -.0006990918824486

** Description of 34c0500

Variable |     Obs        Mean   Std. Dev.       Min        Max
---------+-----------------------------------------------------
      s1 |    1000    .9430044   .8688822  -2.042353   3.715074
      s2 |    1000    1.042984   .8101046  -1.649462   3.524274
      s3 |    1000    .9920599   .1785989   .4786504   1.500892
      s4 |    1000     1.00748   .2355896   .3845655   1.956638
      s5 |    1000   -.0026246   .0767206  -.2347683   .2382556
    s1m1 |    1000    .8475394   .0936849    .595692   1.249724
    s2m1 |    1000    .7894151   .1004481   .5756098   1.256865
    s3m1 |    1000    .1807324   .0194383   .1330786   .2745007
    s4m1 |    1000    .2303691   .0561724   .1254632   .5090182
    s5m1 |    1000     .076931   .0079617   .0588377   .1131524
    s1m2 |    1000    .8518091   .0941569    .598693   1.256019
    s2m2 |    1000     .793392   .1009541   .5785096   1.263197
    s3m2 |    1000    .1816429   .0195362    .133749   .2758836
    s4m2 |    1000    .2315297   .0564554   .1260953   .5115826
    s5m2 |    1000    .0773186   .0080018   .0591341   .1137224
    s1m3 |    1000    .8570257   .0965586   .6009696   1.297658
    s2m3 |    1000    .8008132   .1053946   .5817224   1.313233
    s3m3 |    1000    .1823904   .0198212    .133982   .2783772
    s4m3 |    1000     .236336   .0597541   .1275886   .5385166
    s5m3 |    1000    .0775882   .0081024   .0591912   .1145146
    s1m4 |    1000    .8669578    .099821   .6063934   1.349441
    s2m4 |    1000    .8128747   .1111168   .5880169   1.373947
    s3m4 |    1000    .1840902   .0202288   .1348982   .2823893
    s4m4 |    1000    .2426869   .0638072   .1298006   .5701396
    s5m4 |    1000    .0782621   .0082532   .0595481   .1159108
    s1m5 |    1000    .8390882    .057803   .6790649   1.068198
    s2m5 |    1000    .7205619   .0491182   .5909931   .9225101
    s3m5 |    1000    .1837161   .0129588   .1481553   .2327122
    s4m5 |    1000    .1481417   .0121108   .1152585     .19406
    s5m5 |    1000    .0785693   .0056448    .063045   .0968498
      wh |    1000    81.03232    43.9508   12.16896   340.3236
    whpr |    1000    .0017507   .0213294          0    .592736
      bp |    1000      214.11   137.0098   39.72799   1071.032
    bppr |    1000    5.11e-11   1.56e-09          0   4.93e-08
      gl |    1000    95.56406   23.25495   36.85894   182.5272
    glpr |    1000    3.05e-10   6.49e-09          0   1.93e-07
      cw |    1000    125.6168    78.9761   18.29003   564.3838
    cwpr |    1000    2.64e-08   6.12e-07          0    .000019
  seedis |    1000    1.10e+07          0   1.10e+07   1.10e+07
   niter |    1000        1000          0       1000       1000
dsnumber |    1000           1          0          1          1
 dslabel |    1000         103          0        103        103
  factor |    1000        .375          0       .375       .375
      R2 |    1000    .4045177          0   .4045177   .4045177
 sampleN |    1000         500          0        500        500

** Results for:
*  Sample Size:     500
*  Selection Seed:  11020760
*  # of Iterations: 1000
*  Sig Level:       10
*  Means of sample estimates of:
   b0 = .9430044309069054
   b1 = 1.04298382581136
   b2 = .9920598716139794
   b3 = 1.007479603230953
   b4 = -.0026245838357745

** Description of 34c1000

Variable |     Obs        Mean   Std. Dev.       Min        Max
---------+-----------------------------------------------------
      s1 |    1000    .9017068   .5966181  -1.209223   2.988576
      s2 |    1000    1.091112   .5674141  -.8927458   3.072853
      s3 |    1000     .980423   .1273065   .5314167   1.364405
      s4 |    1000    1.006662   .1741522   .4360881   1.565559
      s5 |    1000   -.0048252   .0551544  -.1760951   .2152572
    s1m1 |    1000    .6046853   .0508238   .4820858   .8303099
    s2m1 |    1000    .5656968   .0563022   .4380387   .8248285
    s3m1 |    1000      .12852   .0098515   .1028719   .1637755
    s4m1 |    1000    .1661276   .0304292   .0973645   .2965011
    s5m1 |    1000    .0547651   .0041994   .0440517   .0730565
    s1m2 |    1000    .6062027   .0509513   .4832956   .8323935
    s2m2 |    1000    .5671163   .0564435    .439138   .8268983
    s3m2 |    1000    .1288425   .0098762   .1031301   .1641865
    s4m2 |    1000    .1665445   .0305055   .0976088   .2972452
    s5m2 |    1000    .0549025   .0042099   .0441623   .0732398
    s1m3 |    1000    .6082145   .0517392   .4845042   .8410647
    s2m3 |    1000    .5699859   .0578689   .4397257   .8371602
    s3m3 |    1000    .1291112   .0099357   .1032266   .1645576
    s4m3 |    1000    .1683598    .031462    .098135   .3037462
    s5m3 |    1000    .0550001   .0042339   .0442142   .0734035
    s1m4 |    1000    .6118357   .0527273   .4869502   .8522718
    s2m4 |    1000    .5744117   .0595692   .4414274   .8498335
    s3m4 |    1000      .12971   .0100225   .1035835   .1653482
    s4m4 |    1000    .1706697   .0325689   .0989245   .3112535
    s5m4 |    1000    .0552381   .0042695    .044378   .0737549
    s1m5 |    1000     .591051    .029991   .5127335    .705983
    s2m5 |    1000    .5074936   .0256461   .4417642   .6042454
    s3m5 |    1000    .1296579    .006837   .1132708   .1555873
    s4m5 |    1000    .1041358   .0061097   .0857561   .1300083
    s5m5 |    1000    .0553258   .0028508   .0481723   .0646328
      wh |    1000    135.9882   55.09198   37.57005    464.405
    whpr |    1000    8.01e-07   .0000198          0   .0006044
      bp |    1000    411.9025    190.513   106.6045   1520.742
    bppr |    1000           0          0          0          0
      gl |    1000    188.5806   33.53809   85.18973   314.3511
    glpr |    1000           0          0          0          0
      cw |    1000    241.1854   104.5385   52.36665   855.3104
    cwpr |    1000    5.59e-16   1.49e-14          0   4.61e-13
  seedis |    1000    1.10e+07          0   1.10e+07   1.10e+07
   niter |    1000        1000          0       1000       1000
dsnumber |    1000           1          0          1          1
 dslabel |    1000         103          0        103        103
  factor |    1000        .375          0       .375       .375
      R2 |    1000    .4045177          0   .4045177   .4045177
 sampleN |    1000        1000          0       1000       1000

** Results for:
*  Sample Size:     1000
*  Selection Seed:  11020760
*  # of Iterations: 1000
*  Sig Level:       10
*  Means of sample estimates of:
   b0 = .9017068092487752
   b1 = 1.091112285498617
   b2 = .9804230412244796
   b3 = 1.006662213146686
   b4 = -.0048252356905418
(Note: file 34cres.dta not found)
file 34cres.dta saved

.
. log close
