
. set more off

. hcresult 1 34n
 
** Constructing data to analyze...
** 31 Mar 1998 - 10:04:42
** Population Data Used for Simulations
*    Structure:       34n.jslhc1.104
*    Simulation date: 13958
*    Seed:            11020760
*    Factor:          .375
*    R2:              .4
*    Sample N's:      25 50 100 250 500 1000

Variable |     Obs        Mean   Std. Dev.       Min        Max
---------+-----------------------------------------------------
       y |  100000    5.598498   3.187074  -8.950632   33.14255  
      x1 |  100000    1.499012   .2886124    1.00002   1.999999  
      x2 |  100000    1.498522   1.053486  -2.241696   5.101119  
      x3 |  100000    1.600192    1.03109   .0011668   12.12769  
      x4 |  100000     3.59375   1.692207  -2.283696   15.27936  

  Source |       SS       df       MS                  Number of obs =  100000
---------+------------------------------               F(  4, 99995) =16971.70
   Model |  410735.098     4  102683.774               Prob > F      =  0.0000
Residual |  604999.118 99995  6.05029369               R-squared     =  0.4044
---------+------------------------------               Adj R-squared =  0.4043
   Total |  1015734.22 99999  10.1574437               Root MSE      =  2.4597

------------------------------------------------------------------------------
       y |      Coef.   Std. Err.       t     P>|t|       [95% Conf. Interval]
---------+--------------------------------------------------------------------
      x1 |   1.111393    .050668     21.935   0.000       1.012084    1.210701
      x2 |   .9746788   .0129428     75.307   0.000       .9493111    1.000047
      x3 |   1.002688   .0103798     96.600   0.000       .9823433    1.023032
      x4 |  -.0037338   .0055299     -0.675   0.500      -.0145723    .0071047
   _cons |   .8808554   .0590373     14.920   0.000        .765143    .9965677
------------------------------------------------------------------------------
(Note: file 34nr105.dta not found)
 
** Description of Simulation Results in 34n0025
*  Sig Level/Sample N: 05/25

Variable |     Obs        Mean   Std. Dev.       Min        Max
---------+-----------------------------------------------------
      s1 |    1000    .8868897    4.16957  -22.13582   16.08453  
      s2 |    1000    1.062632   3.843414  -11.51295   19.72449  
      s3 |    1000    .9904989   .8899049  -3.232275   3.897401  
      s4 |    1000    1.020768   1.073406  -2.316979   5.579222  
      s5 |    1000    .0043047   .3717676   -1.33713   1.465737  
    s1m1 |    1000    3.393208   1.103317   .9766174   9.114985  
    s2m1 |    1000    3.039301   .9767969   1.034643    7.48051  
    s3m1 |    1000    .7338599   .2358764   .2145316   2.595851  
    s4m1 |    1000     .733664   .3166621   .1627609   2.171619  
    s5m1 |    1000    .3144861   .1011151    .098538   .9659494  
    s1m2 |    1000    3.793722   1.233546   1.091891   10.19086  
    s2m2 |    1000    3.398042   1.092092   1.156766   8.363464  
    s3m2 |    1000    .8204803   .2637178   .2398536   2.902249  
    s4m2 |    1000    .8202613    .354039   .1819723   2.427943  
    s5m2 |    1000    .3516062   .1130501   .1101689   1.079964  
    s1m3 |    1000    3.985423    1.34433   1.147337    10.7064  
    s2m3 |    1000    3.603678   1.201812   1.212097   8.835349  
    s3m3 |    1000    .8579077   .2864186   .2396835   3.218586  
    s4m3 |    1000    .9269081   .4049308   .2148879   2.624878  
    s5m3 |    1000    .3655318   .1225559   .1117225    1.19155  
    s1m4 |    1000    4.807847    1.73367    1.38163   14.21721  
    s2m4 |    1000    4.418597   1.598828   1.457898   13.76331  
    s3m4 |    1000    1.020319   .3624919   .2683143   4.007789  
    s4m4 |    1000    1.241493   .6016097   .2695748   4.161919  
    s5m4 |    1000    .4318444   .1536891   .1313523   1.476127  
    s1m5 |    1000    4.011408   1.071406   1.518928   11.51525  
    s2m5 |    1000    3.503832   .9290603   1.404279   9.720899  
    s3m5 |    1000    .8782898   .2388079   .2978108   2.340057  
    s4m5 |    1000    .7915992    .266919   .2843162   2.349042  
    s5m5 |    1000    .3713368   .0951509   .1274778   .8192778  
      wh |    1000    16.34598   4.098988   4.402217   24.81836  
    whpr |    1000    .3415037   .2346899   .0364035   .9925193  
      bp |    1000    7.289763    5.63995   .1300111   41.95335  
    bppr |    1000    .2918426   .2736474   1.71e-08   .9979765  
      gl |    1000    6.768579    3.59227   .4688654   19.80169  
    glpr |    1000    .2614455   .2478909   .0005465   .9764603  
      cw |    1000    2.859682   3.614174   2.98e-08   34.64195  
    cwpr |    1000    .2864748   .2777903   3.96e-09   .9998623  
  seedis |    1000    1.10e+07          0   1.10e+07   1.10e+07  
   niter |    1000        1000          0       1000       1000  
dsnumber |    1000           1          0          1          1  
 dslabel |    1000         104          0        104        104  
  factor |    1000        .375          0       .375       .375  
      R2 |    1000    .4043726          0   .4043726   .4043726  
 sampleN |    1000          25          0         25         25  
 datenum |    1000       13958          0      13958      13958  
 
** Description of Simulation Results in 34n0050
*  Sig Level/Sample N: 05/50

Variable |     Obs        Mean   Std. Dev.       Min        Max
---------+-----------------------------------------------------
      s1 |    1000    1.003973   2.908668  -8.479127   10.21828  
      s2 |    1000    1.009063   2.722674  -8.564438   10.71996  
      s3 |    1000    .9916728   .6124544  -1.183467   2.912614  
      s4 |    1000    1.030792   .7620125  -1.540868   4.130304  
      s5 |    1000   -.0085237   .2554787  -.8309928   .9202909  
    s1m1 |    1000    2.516203   .6092308   1.289313   5.345628  
    s2m1 |    1000    2.297731   .5744803   1.139019   5.088068  
    s3m1 |    1000    .5484479   .1314423   .2389484    1.09806  
    s4m1 |    1000    .5827801   .2076315   .1904171   1.420327  
    s5m1 |    1000    .2303879   .0524526   .1194413   .5079911  
    s1m2 |    1000    2.652311   .6421857   1.359055   5.634786  
    s2m2 |    1000    2.422021   .6055554   1.200631   5.363296  
    s3m2 |    1000    .5781148   .1385523   .2518737   1.157457  
    s4m2 |    1000    .6143042   .2188628   .2007172   1.497157  
    s5m2 |    1000    .2428502   .0552899   .1259022   .5354696  
    s1m3 |    1000    2.745372    .705324   1.373173   6.423441  
    s2m3 |    1000    2.532284    .679637   1.228158   5.956344  
    s3m3 |    1000    .5952971   .1498259   .2555075   1.228685  
    s4m3 |    1000    .6741714   .2578835    .203885   1.830969  
    s5m3 |    1000    .2486689   .0587643   .1255488    .556713  
    s1m4 |    1000    3.029083   .8526055   1.486587   8.195466  
    s2m4 |    1000    2.832284   .8542864   1.306542   8.229813  
    s3m4 |    1000    .6502029    .174471   .2741744    1.43838  
    s4m4 |    1000     .799035   .3517039   .2187743   3.152092  
    s5m4 |    1000    .2697759   .0669873   .1321789   .6106022  
    s1m5 |    1000    2.718391   .4731943    1.37308   5.049328  
    s2m5 |    1000    2.357497   .4074793   1.236809   4.268415  
    s3m5 |    1000    .5968237    .103349   .3438048   .9596885  
    s4m5 |    1000    .5129694   .1117036   .2469259   1.009896  
    s5m5 |    1000    .2539027   .0445973   .1346047   .4514286  
      wh |    1000    22.16278   8.083737   5.447416   46.07163  
    whpr |    1000    .1960152    .227628   .0000273   .9785607  
      bp |    1000    15.88222   13.17067   .0656403   116.7419  
    bppr |    1000    .1009664   .1832365          0    .999473  
      gl |    1000    11.32599   5.684672   .2524527   35.21906  
    glpr |    1000    .1083111   .1759728   4.19e-07   .9926732  
      cw |    1000    7.378836   7.942745   9.95e-06   79.53139  
    cwpr |    1000    .1192471   .2150206          0   .9974829  
  seedis |    1000    1.10e+07          0   1.10e+07   1.10e+07  
   niter |    1000        1000          0       1000       1000  
dsnumber |    1000           1          0          1          1  
 dslabel |    1000         104          0        104        104  
  factor |    1000        .375          0       .375       .375  
      R2 |    1000    .4043726          0   .4043726   .4043726  
 sampleN |    1000          50          0         50         50  
 datenum |    1000       13958          0      13958      13958  
 
** Description of Simulation Results in 34n0100
*  Sig Level/Sample N: 05/100

Variable |     Obs        Mean   Std. Dev.       Min        Max
---------+-----------------------------------------------------
      s1 |    1000    .8330312   1.949398  -4.912268   7.776571  
      s2 |    1000    1.148569   1.838966  -4.798041   6.317523  
      s3 |    1000    .9963106   .4301838  -.3942965   2.378385  
      s4 |    1000    .9644421   .5376384  -1.060008   2.714696  
      s5 |    1000    .0037554   .1753433  -.5359586   .7301798  
    s1m1 |    1000    1.842742   .3251492   1.097852   3.266015  
    s2m1 |    1000     1.68346   .3185874   1.015044   3.126169  
    s3m1 |    1000    .3943313   .0712053   .1918839   .6765693  
    s4m1 |    1000    .4446009   .1322768   .1758095   1.063433  
    s5m1 |    1000    .1677835   .0271108   .1037048   .2585979  
    s1m2 |    1000    1.890613    .333596   1.126372   3.350861  
    s2m2 |    1000    1.727193   .3268638   1.041413   3.207382  
    s3m2 |    1000    .4045754   .0730551   .1968687   .6941454  
    s4m2 |    1000    .4561509   .1357132   .1803767   1.091059  
    s5m2 |    1000    .1721423   .0278151   .1063989   .2653159  
    s1m3 |    1000    1.931353   .3587686   1.134799   3.804034  
    s2m3 |    1000    1.778557   .3615294   1.059328   3.787272  
    s3m3 |    1000    .4112078   .0764884   .1985446   .7227753  
    s4m3 |    1000    .4866292   .1566232   .1827566   1.271898  
    s5m3 |    1000    .1744904   .0289751   .1067411   .2873284  
    s1m4 |    1000    2.033185   .4061199    1.17381   4.582684  
    s2m4 |    1000    1.890751    .423957   1.102431   4.724827  
    s3m4 |    1000     .429776   .0831127   .2056087    .787925  
    s4m4 |    1000    .5380238   .1925368   .1900495   1.527548  
    s5m4 |    1000    .1818275   .0313265   .1099131   .3387521  
    s1m5 |    1000    1.901121   .2408428   1.180057   2.947468  
    s2m5 |    1000    1.634996   .2036832    1.00735   2.489893  
    s3m5 |    1000     .414678   .0528654     .26803   .6415702  
    s4m5 |    1000    .3433316   .0543214   .2207996   .5779937  
    s5m5 |    1000    .1767441   .0218841   .1145939   .2540003  
      wh |    1000    34.13429   13.63074   11.15997   89.91147  
    whpr |    1000    .0483211   .0976039   3.94e-13   .6734256  
      bp |    1000    34.52306   28.08242   3.894576   305.5883  
    bppr |    1000     .009413   .0355853          0   .4204614  
      gl |    1000    21.26275   8.787999   4.646036   66.39125  
    glpr |    1000    .0118464   .0358322   1.31e-13   .3255808  
      cw |    1000    17.66229   15.62638   .0074108   162.0078  
    cwpr |    1000    .0240948   .0929175          0   .9313979  
  seedis |    1000    1.10e+07          0   1.10e+07   1.10e+07  
   niter |    1000        1000          0       1000       1000  
dsnumber |    1000           1          0          1          1  
 dslabel |    1000         104          0        104        104  
  factor |    1000        .375          0       .375       .375  
      R2 |    1000    .4043726          0   .4043726   .4043726  
 sampleN |    1000         100          0        100        100  
 datenum |    1000       13958          0      13958      13958  
 
** Description of Simulation Results in 34n0250
*  Sig Level/Sample N: 05/250

Variable |     Obs        Mean   Std. Dev.       Min        Max
---------+-----------------------------------------------------
      s1 |    1000    .9531591   1.194806  -3.406368   5.195706  
      s2 |    1000    1.031482   1.137653  -2.567266    4.93514  
      s3 |    1000    .9897842   .2576007   .2234663   1.782837  
      s4 |    1000    1.021176   .3557911  -.3628859   2.142721  
      s5 |    1000   -.0033131   .1107695  -.3318543   .3475134  
    s1m1 |    1000    1.180879   .1435068    .833361   1.957608  
    s2m1 |    1000    1.092492   .1501001   .7667001   1.955547  
    s3m1 |    1000     .252868   .0293651   .1804491   .3849167  
    s4m1 |    1000    .3071434   .0704877    .143131   .6612671  
    s5m1 |    1000    .1079634   .0114697   .0782145   .1691427  
    s1m2 |    1000    1.192868   .1449638   .8418217   1.977483  
    s2m2 |    1000    1.103584    .151624    .774484   1.975401  
    s3m2 |    1000    .2554353   .0296632   .1822811   .3888245  
    s4m2 |    1000    .3102617   .0712033   .1445841   .6679807  
    s5m2 |    1000    .1090595   .0115862   .0790086   .1708599  
    s1m3 |    1000    1.205187   .1517741   .8468589   2.034048  
    s2m3 |    1000    1.120075   .1621454    .778724   2.038458  
    s3m3 |    1000    .2572845   .0304136   .1831537    .394414  
    s4m3 |    1000    .3205739   .0781319   .1456051   .7059183  
    s5m3 |    1000     .109744   .0118536   .0793164   .1729275  
    s1m4 |    1000     1.23128    .161865   .8612927   2.115256  
    s2m4 |    1000    1.150136   .1772103   .7912325   2.146715  
    s3m4 |    1000     .261896   .0315935    .186004   .4047227  
    s4m4 |    1000    .3354194   .0876455   .1481472   .7547142  
    s5m4 |    1000     .111601   .0122874   .0804948   .1768713  
    s1m5 |    1000    1.182957   .0929699   .9513614   1.502137  
    s2m5 |    1000     1.01804   .0795329   .8142454   1.279275  
    s3m5 |    1000     .259749    .021077   .2037582   .3334674  
    s4m5 |    1000    .2109804   .0207524   .1487413   .2949911  
    s5m5 |    1000    .1108696   .0085449   .0837106   .1546811  
      wh |    1000    66.83656   25.09206   22.38242   197.4563  
    whpr |    1000    .0004494   .0033078          0   .0710906  
      bp |    1000    91.34893   51.01865   12.98855   474.7426  
    bppr |    1000    .0000165   .0003792          0   .0113319  
      gl |    1000    52.91548   14.66476   15.54835   131.0007  
    glpr |    1000    .0000109    .000141          0   .0036891  
      cw |    1000    52.26697   30.60604   2.067193   348.8774  
    cwpr |    1000    .0001732   .0047623          0   .1504983  
  seedis |    1000    1.10e+07          0   1.10e+07   1.10e+07  
   niter |    1000        1000          0       1000       1000  
dsnumber |    1000           1          0          1          1  
 dslabel |    1000         104          0        104        104  
  factor |    1000        .375          0       .375       .375  
      R2 |    1000    .4043726          0   .4043726   .4043726  
 sampleN |    1000         250          0        250        250  
 datenum |    1000       13958          0      13958      13958  
 
** Description of Simulation Results in 34n0500
*  Sig Level/Sample N: 05/500

Variable |     Obs        Mean   Std. Dev.       Min        Max
---------+-----------------------------------------------------
      s1 |    1000    .9195046   .8529375  -1.788246   3.389526  
      s2 |    1000    1.068068   .7985347  -1.645508   3.420479  
      s3 |    1000    .9817401   .1821126   .4200582    1.58141  
      s4 |    1000    1.006913   .2403665   .2397686   1.897707  
      s5 |    1000   -.0020663   .0795299  -.2652148   .2605224  
    s1m1 |    1000    .8478985   .0736242   .6481291   1.183765  
    s2m1 |    1000     .792577   .0829354   .5846705   1.204113  
    s3m1 |    1000     .181084   .0148809   .1389895    .239205  
    s4m1 |    1000    .2301311   .0410748     .13319   .3949886  
    s5m1 |    1000     .076774   .0057761    .061902   .1015573  
    s1m2 |    1000    .8521701   .0739951   .6513942   1.189728  
    s2m2 |    1000    .7965698   .0833532    .587616   1.210179  
    s3m2 |    1000    .1819962   .0149559   .1396897   .2404101  
    s4m2 |    1000    .2312905   .0412818    .133861   .3969785  
    s5m2 |    1000    .0771607   .0058052   .0622139   .1020689  
    s1m3 |    1000     .857536   .0763951    .653478   1.220745  
    s2m3 |    1000    .8040974   .0874586   .5905016   1.260672  
    s3m3 |    1000    .1827377   .0151723   .1401288   .2412607  
    s4m3 |    1000    .2360256   .0439158   .1355637   .4118083  
    s5m3 |    1000    .0774329   .0058812   .0623555   .1032186  
    s1m4 |    1000    .8676251   .0795734    .659067   1.260745  
    s2m4 |    1000    .8162822   .0926776   .5966858   1.321728  
    s3m4 |    1000    .1844334   .0154863   .1412844    .243341  
    s4m4 |    1000    .2422997   .0471981   .1382463   .4345244  
    s5m4 |    1000    .0781083   .0059945   .0628159   .1049532  
    s1m5 |    1000    .8362327    .046885   .6923165   .9860464  
    s2m5 |    1000    .7182987   .0400981   .5940148   .8512006  
    s3m5 |    1000    .1833474   .0107205    .148642   .2219357  
    s4m5 |    1000    .1472221   .0101126   .1150422    .182454  
    s5m5 |    1000    .0783305   .0041668   .0673458   .0935877  
      wh |    1000    122.2505   37.50422   54.58228   303.8353  
    whpr |    1000    2.91e-09   3.97e-08          0   1.02e-06  
      bp |    1000    200.4035   86.36449   60.85537   779.0197  
    bppr |    1000    4.26e-15   7.72e-14          0   1.92e-12  
      gl |    1000    108.7213   20.72404   57.10268   195.5222  
    glpr |    1000    2.76e-14   4.12e-13          0   1.18e-11  
      cw |    1000    115.3934    47.7679   23.67198   347.5927  
    cwpr |    1000    1.22e-09   3.62e-08          0   1.14e-06  
  seedis |    1000    1.10e+07          0   1.10e+07   1.10e+07  
   niter |    1000        1000          0       1000       1000  
dsnumber |    1000           1          0          1          1  
 dslabel |    1000         104          0        104        104  
  factor |    1000        .375          0       .375       .375  
      R2 |    1000    .4043726          0   .4043726   .4043726  
 sampleN |    1000         500          0        500        500  
 datenum |    1000       13958          0      13958      13958  
 
** Description of Simulation Results in 34n1000
*  Sig Level/Sample N: 05/1000

Variable |     Obs        Mean   Std. Dev.       Min        Max
---------+-----------------------------------------------------
      s1 |    1000    .8940755   .5924664  -.9966409   2.710407  
      s2 |    1000    1.114638   .5523454  -.5734171   2.718414  
      s3 |    1000    .9733118   .1244566   .5743212   1.345328  
      s4 |    1000     .997391   .1774475   .4906231   1.555901  
      s5 |    1000   -.0063545   .0551099  -.1931071   .1630384  
    s1m1 |    1000    .6066478   .0392757   .5154405   .7920273  
    s2m1 |    1000    .5704602   .0455549   .4751332   .7878761  
    s3m1 |    1000    .1289598   .0076029   .1087885   .1535583  
    s4m1 |    1000     .168852   .0240717   .1107777   .2665069  
    s5m1 |    1000     .054532   .0029532   .0448254   .0651982  
    s1m2 |    1000    .6081701   .0393743   .5167339   .7940148  
    s2m2 |    1000    .5718917   .0456692   .4763255   .7898532  
    s3m2 |    1000    .1292834    .007622   .1090615   .1539436  
    s4m2 |    1000    .1692758   .0241321   .1110557   .2671757  
    s5m2 |    1000    .0546688   .0029606   .0449379   .0653618  
    s1m3 |    1000    .6103098   .0402873   .5184495   .8036328  
    s2m3 |    1000    .5749538   .0472332   .4772623   .8031998  
    s3m3 |    1000    .1295669    .007694   .1091674   .1546545  
    s4m3 |    1000     .171199   .0250943   .1116884   .2734706  
    s5m3 |    1000    .0547691   .0029824   .0449784   .0655001  
    s1m4 |    1000    .6140693   .0413881   .5203913   .8157451  
    s2m4 |    1000    .5795929   .0490615   .4794171   .8191797  
    s3m4 |    1000    .1301823   .0077892   .1095503   .1557764  
    s4m4 |    1000     .173629   .0262042   .1126256   .2808498  
    s5m4 |    1000    .0550093   .0030128   .0451323   .0658048  
    s1m5 |    1000    .5910053   .0224948   .5222791   .6717345  
    s2m5 |    1000    .5072803   .0190328   .4442167   .5758153  
    s3m5 |    1000    .1295503   .0050238   .1137243   .1475469  
    s4m5 |    1000    .1043206   .0050076    .087493   .1204663  
    s5m5 |    1000    .0553502   .0020504   .0486098    .062043  
      wh |    1000    222.8553   57.86031   117.9546   462.0376  
    whpr |    1000           0          0          0          0  
      bp |    1000    402.6743   129.8139   166.4069   1297.058  
    bppr |    1000           0          0          0          0  
      gl |    1000    215.1016    30.0041   138.0396   338.1376  
    glpr |    1000           0          0          0          0  
      cw |    1000    229.8233    66.8614   89.07948   532.0989  
    cwpr |    1000           0          0          0          0  
  seedis |    1000    1.10e+07          0   1.10e+07   1.10e+07  
   niter |    1000        1000          0       1000       1000  
dsnumber |    1000           1          0          1          1  
 dslabel |    1000         104          0        104        104  
  factor |    1000        .375          0       .375       .375  
      R2 |    1000    .4043726          0   .4043726   .4043726  
 sampleN |    1000        1000          0       1000       1000  
 datenum |    1000       13958          0      13958      13958  
(Note: file 34nr110.dta not found)
 
** Description of Simulation Results in 34n0025

Variable |     Obs        Mean   Std. Dev.       Min        Max
---------+-----------------------------------------------------
      s1 |    1000    .8868897    4.16957  -22.13582   16.08453  
      s2 |    1000    1.062632   3.843414  -11.51295   19.72449  
      s3 |    1000    .9904989   .8899049  -3.232275   3.897401  
      s4 |    1000    1.020768   1.073406  -2.316979   5.579222  
      s5 |    1000    .0043047   .3717676   -1.33713   1.465737  
    s1m1 |    1000    3.393208   1.103317   .9766174   9.114985  
    s2m1 |    1000    3.039301   .9767969   1.034643    7.48051  
    s3m1 |    1000    .7338599   .2358764   .2145316   2.595851  
    s4m1 |    1000     .733664   .3166621   .1627609   2.171619  
    s5m1 |    1000    .3144861   .1011151    .098538   .9659494  
    s1m2 |    1000    3.793722   1.233546   1.091891   10.19086  
    s2m2 |    1000    3.398042   1.092092   1.156766   8.363464  
    s3m2 |    1000    .8204803   .2637178   .2398536   2.902249  
    s4m2 |    1000    .8202613    .354039   .1819723   2.427943  
    s5m2 |    1000    .3516062   .1130501   .1101689   1.079964  
    s1m3 |    1000    3.985423    1.34433   1.147337    10.7064  
    s2m3 |    1000    3.603678   1.201812   1.212097   8.835349  
    s3m3 |    1000    .8579077   .2864186   .2396835   3.218586  
    s4m3 |    1000    .9269081   .4049308   .2148879   2.624878  
    s5m3 |    1000    .3655318   .1225559   .1117225    1.19155  
    s1m4 |    1000    4.807847    1.73367    1.38163   14.21721  
    s2m4 |    1000    4.418597   1.598828   1.457898   13.76331  
    s3m4 |    1000    1.020319   .3624919   .2683143   4.007789  
    s4m4 |    1000    1.241493   .6016097   .2695748   4.161919  
    s5m4 |    1000    .4318444   .1536891   .1313523   1.476127  
    s1m5 |    1000    4.011408   1.071406   1.518928   11.51525  
    s2m5 |    1000    3.503832   .9290603   1.404279   9.720899  
    s3m5 |    1000    .8782898   .2388079   .2978108   2.340057  
    s4m5 |    1000    .7915992    .266919   .2843162   2.349042  
    s5m5 |    1000    .3713368   .0951509   .1274778   .8192778  
      wh |    1000    16.34598   4.098988   4.402217   24.81836  
    whpr |    1000    .3415037   .2346899   .0364035   .9925193  
      bp |    1000    7.289763    5.63995   .1300111   41.95335  
    bppr |    1000    .2918426   .2736474   1.71e-08   .9979765  
      gl |    1000    6.768579    3.59227   .4688654   19.80169  
    glpr |    1000    .2614455   .2478909   .0005465   .9764603  
      cw |    1000    2.859682   3.614174   2.98e-08   34.64195  
    cwpr |    1000    .2864748   .2777903   3.96e-09   .9998623  
  seedis |    1000    1.10e+07          0   1.10e+07   1.10e+07  
   niter |    1000        1000          0       1000       1000  
dsnumber |    1000           1          0          1          1  
 dslabel |    1000         104          0        104        104  
  factor |    1000        .375          0       .375       .375  
      R2 |    1000    .4043726          0   .4043726   .4043726  
 sampleN |    1000          25          0         25         25  
 datenum |    1000       13958          0      13958      13958  
 
** Description of Simulation Results in 34n0050

Variable |     Obs        Mean   Std. Dev.       Min        Max
---------+-----------------------------------------------------
      s1 |    1000    1.003973   2.908668  -8.479127   10.21828  
      s2 |    1000    1.009063   2.722674  -8.564438   10.71996  
      s3 |    1000    .9916728   .6124544  -1.183467   2.912614  
      s4 |    1000    1.030792   .7620125  -1.540868   4.130304  
      s5 |    1000   -.0085237   .2554787  -.8309928   .9202909  
    s1m1 |    1000    2.516203   .6092308   1.289313   5.345628  
    s2m1 |    1000    2.297731   .5744803   1.139019   5.088068  
    s3m1 |    1000    .5484479   .1314423   .2389484    1.09806  
    s4m1 |    1000    .5827801   .2076315   .1904171   1.420327  
    s5m1 |    1000    .2303879   .0524526   .1194413   .5079911  
    s1m2 |    1000    2.652311   .6421857   1.359055   5.634786  
    s2m2 |    1000    2.422021   .6055554   1.200631   5.363296  
    s3m2 |    1000    .5781148   .1385523   .2518737   1.157457  
    s4m2 |    1000    .6143042   .2188628   .2007172   1.497157  
    s5m2 |    1000    .2428502   .0552899   .1259022   .5354696  
    s1m3 |    1000    2.745372    .705324   1.373173   6.423441  
    s2m3 |    1000    2.532284    .679637   1.228158   5.956344  
    s3m3 |    1000    .5952971   .1498259   .2555075   1.228685  
    s4m3 |    1000    .6741714   .2578835    .203885   1.830969  
    s5m3 |    1000    .2486689   .0587643   .1255488    .556713  
    s1m4 |    1000    3.029083   .8526055   1.486587   8.195466  
    s2m4 |    1000    2.832284   .8542864   1.306542   8.229813  
    s3m4 |    1000    .6502029    .174471   .2741744    1.43838  
    s4m4 |    1000     .799035   .3517039   .2187743   3.152092  
    s5m4 |    1000    .2697759   .0669873   .1321789   .6106022  
    s1m5 |    1000    2.718391   .4731943    1.37308   5.049328  
    s2m5 |    1000    2.357497   .4074793   1.236809   4.268415  
    s3m5 |    1000    .5968237    .103349   .3438048   .9596885  
    s4m5 |    1000    .5129694   .1117036   .2469259   1.009896  
    s5m5 |    1000    .2539027   .0445973   .1346047   .4514286  
      wh |    1000    22.16278   8.083737   5.447416   46.07163  
    whpr |    1000    .1960152    .227628   .0000273   .9785607  
      bp |    1000    15.88222   13.17067   .0656403   116.7419  
    bppr |    1000    .1009664   .1832365          0    .999473  
      gl |    1000    11.32599   5.684672   .2524527   35.21906  
    glpr |    1000    .1083111   .1759728   4.19e-07   .9926732  
      cw |    1000    7.378836   7.942745   9.95e-06   79.53139  
    cwpr |    1000    .1192471   .2150206          0   .9974829  
  seedis |    1000    1.10e+07          0   1.10e+07   1.10e+07  
   niter |    1000        1000          0       1000       1000  
dsnumber |    1000           1          0          1          1  
 dslabel |    1000         104          0        104        104  
  factor |    1000        .375          0       .375       .375  
      R2 |    1000    .4043726          0   .4043726   .4043726  
 sampleN |    1000          50          0         50         50  
 datenum |    1000       13958          0      13958      13958  
 
** Description of Simulation Results in 34n0100

Variable |     Obs        Mean   Std. Dev.       Min        Max
---------+-----------------------------------------------------
      s1 |    1000    .8330312   1.949398  -4.912268   7.776571  
      s2 |    1000    1.148569   1.838966  -4.798041   6.317523  
      s3 |    1000    .9963106   .4301838  -.3942965   2.378385  
      s4 |    1000    .9644421   .5376384  -1.060008   2.714696  
      s5 |    1000    .0037554   .1753433  -.5359586   .7301798  
    s1m1 |    1000    1.842742   .3251492   1.097852   3.266015  
    s2m1 |    1000     1.68346   .3185874   1.015044   3.126169  
    s3m1 |    1000    .3943313   .0712053   .1918839   .6765693  
    s4m1 |    1000    .4446009   .1322768   .1758095   1.063433  
    s5m1 |    1000    .1677835   .0271108   .1037048   .2585979  
    s1m2 |    1000    1.890613    .333596   1.126372   3.350861  
    s2m2 |    1000    1.727193   .3268638   1.041413   3.207382  
    s3m2 |    1000    .4045754   .0730551   .1968687   .6941454  
    s4m2 |    1000    .4561509   .1357132   .1803767   1.091059  
    s5m2 |    1000    .1721423   .0278151   .1063989   .2653159  
    s1m3 |    1000    1.931353   .3587686   1.134799   3.804034  
    s2m3 |    1000    1.778557   .3615294   1.059328   3.787272  
    s3m3 |    1000    .4112078   .0764884   .1985446   .7227753  
    s4m3 |    1000    .4866292   .1566232   .1827566   1.271898  
    s5m3 |    1000    .1744904   .0289751   .1067411   .2873284  
    s1m4 |    1000    2.033185   .4061199    1.17381   4.582684  
    s2m4 |    1000    1.890751    .423957   1.102431   4.724827  
    s3m4 |    1000     .429776   .0831127   .2056087    .787925  
    s4m4 |    1000    .5380238   .1925368   .1900495   1.527548  
    s5m4 |    1000    .1818275   .0313265   .1099131   .3387521  
    s1m5 |    1000    1.901121   .2408428   1.180057   2.947468  
    s2m5 |    1000    1.634996   .2036832    1.00735   2.489893  
    s3m5 |    1000     .414678   .0528654     .26803   .6415702  
    s4m5 |    1000    .3433316   .0543214   .2207996   .5779937  
    s5m5 |    1000    .1767441   .0218841   .1145939   .2540003  
      wh |    1000    34.13429   13.63074   11.15997   89.91147  
    whpr |    1000    .0483211   .0976039   3.94e-13   .6734256  
      bp |    1000    34.52306   28.08242   3.894576   305.5883  
    bppr |    1000     .009413   .0355853          0   .4204614  
      gl |    1000    21.26275   8.787999   4.646036   66.39125  
    glpr |    1000    .0118464   .0358322   1.31e-13   .3255808  
      cw |    1000    17.66229   15.62638   .0074108   162.0078  
    cwpr |    1000    .0240948   .0929175          0   .9313979  
  seedis |    1000    1.10e+07          0   1.10e+07   1.10e+07  
   niter |    1000        1000          0       1000       1000  
dsnumber |    1000           1          0          1          1  
 dslabel |    1000         104          0        104        104  
  factor |    1000        .375          0       .375       .375  
      R2 |    1000    .4043726          0   .4043726   .4043726  
 sampleN |    1000         100          0        100        100  
 datenum |    1000       13958          0      13958      13958  
 
** Description of Simulation Results in 34n0250

Variable |     Obs        Mean   Std. Dev.       Min        Max
---------+-----------------------------------------------------
      s1 |    1000    .9531591   1.194806  -3.406368   5.195706  
      s2 |    1000    1.031482   1.137653  -2.567266    4.93514  
      s3 |    1000    .9897842   .2576007   .2234663   1.782837  
      s4 |    1000    1.021176   .3557911  -.3628859   2.142721  
      s5 |    1000   -.0033131   .1107695  -.3318543   .3475134  
    s1m1 |    1000    1.180879   .1435068    .833361   1.957608  
    s2m1 |    1000    1.092492   .1501001   .7667001   1.955547  
    s3m1 |    1000     .252868   .0293651   .1804491   .3849167  
    s4m1 |    1000    .3071434   .0704877    .143131   .6612671  
    s5m1 |    1000    .1079634   .0114697   .0782145   .1691427  
    s1m2 |    1000    1.192868   .1449638   .8418217   1.977483  
    s2m2 |    1000    1.103584    .151624    .774484   1.975401  
    s3m2 |    1000    .2554353   .0296632   .1822811   .3888245  
    s4m2 |    1000    .3102617   .0712033   .1445841   .6679807  
    s5m2 |    1000    .1090595   .0115862   .0790086   .1708599  
    s1m3 |    1000    1.205187   .1517741   .8468589   2.034048  
    s2m3 |    1000    1.120075   .1621454    .778724   2.038458  
    s3m3 |    1000    .2572845   .0304136   .1831537    .394414  
    s4m3 |    1000    .3205739   .0781319   .1456051   .7059183  
    s5m3 |    1000     .109744   .0118536   .0793164   .1729275  
    s1m4 |    1000     1.23128    .161865   .8612927   2.115256  
    s2m4 |    1000    1.150136   .1772103   .7912325   2.146715  
    s3m4 |    1000     .261896   .0315935    .186004   .4047227  
    s4m4 |    1000    .3354194   .0876455   .1481472   .7547142  
    s5m4 |    1000     .111601   .0122874   .0804948   .1768713  
    s1m5 |    1000    1.182957   .0929699   .9513614   1.502137  
    s2m5 |    1000     1.01804   .0795329   .8142454   1.279275  
    s3m5 |    1000     .259749    .021077   .2037582   .3334674  
    s4m5 |    1000    .2109804   .0207524   .1487413   .2949911  
    s5m5 |    1000    .1108696   .0085449   .0837106   .1546811  
      wh |    1000    66.83656   25.09206   22.38242   197.4563  
    whpr |    1000    .0004494   .0033078          0   .0710906  
      bp |    1000    91.34893   51.01865   12.98855   474.7426  
    bppr |    1000    .0000165   .0003792          0   .0113319  
      gl |    1000    52.91548   14.66476   15.54835   131.0007  
    glpr |    1000    .0000109    .000141          0   .0036891  
      cw |    1000    52.26697   30.60604   2.067193   348.8774  
    cwpr |    1000    .0001732   .0047623          0   .1504983  
  seedis |    1000    1.10e+07          0   1.10e+07   1.10e+07  
   niter |    1000        1000          0       1000       1000  
dsnumber |    1000           1          0          1          1  
 dslabel |    1000         104          0        104        104  
  factor |    1000        .375          0       .375       .375  
      R2 |    1000    .4043726          0   .4043726   .4043726  
 sampleN |    1000         250          0        250        250  
 datenum |    1000       13958          0      13958      13958  
 
** Description of Simulation Results in 34n0500

Variable |     Obs        Mean   Std. Dev.       Min        Max
---------+-----------------------------------------------------
      s1 |    1000    .9195046   .8529375  -1.788246   3.389526  
      s2 |    1000    1.068068   .7985347  -1.645508   3.420479  
      s3 |    1000    .9817401   .1821126   .4200582    1.58141  
      s4 |    1000    1.006913   .2403665   .2397686   1.897707  
      s5 |    1000   -.0020663   .0795299  -.2652148   .2605224  
    s1m1 |    1000    .8478985   .0736242   .6481291   1.183765  
    s2m1 |    1000     .792577   .0829354   .5846705   1.204113  
    s3m1 |    1000     .181084   .0148809   .1389895    .239205  
    s4m1 |    1000    .2301311   .0410748     .13319   .3949886  
    s5m1 |    1000     .076774   .0057761    .061902   .1015573  
    s1m2 |    1000    .8521701   .0739951   .6513942   1.189728  
    s2m2 |    1000    .7965698   .0833532    .587616   1.210179  
    s3m2 |    1000    .1819962   .0149559   .1396897   .2404101  
    s4m2 |    1000    .2312905   .0412818    .133861   .3969785  
    s5m2 |    1000    .0771607   .0058052   .0622139   .1020689  
    s1m3 |    1000     .857536   .0763951    .653478   1.220745  
    s2m3 |    1000    .8040974   .0874586   .5905016   1.260672  
    s3m3 |    1000    .1827377   .0151723   .1401288   .2412607  
    s4m3 |    1000    .2360256   .0439158   .1355637   .4118083  
    s5m3 |    1000    .0774329   .0058812   .0623555   .1032186  
    s1m4 |    1000    .8676251   .0795734    .659067   1.260745  
    s2m4 |    1000    .8162822   .0926776   .5966858   1.321728  
    s3m4 |    1000    .1844334   .0154863   .1412844    .243341  
    s4m4 |    1000    .2422997   .0471981   .1382463   .4345244  
    s5m4 |    1000    .0781083   .0059945   .0628159   .1049532  
    s1m5 |    1000    .8362327    .046885   .6923165   .9860464  
    s2m5 |    1000    .7182987   .0400981   .5940148   .8512006  
    s3m5 |    1000    .1833474   .0107205    .148642   .2219357  
    s4m5 |    1000    .1472221   .0101126   .1150422    .182454  
    s5m5 |    1000    .0783305   .0041668   .0673458   .0935877  
      wh |    1000    122.2505   37.50422   54.58228   303.8353  
    whpr |    1000    2.91e-09   3.97e-08          0   1.02e-06  
      bp |    1000    200.4035   86.36449   60.85537   779.0197  
    bppr |    1000    4.26e-15   7.72e-14          0   1.92e-12  
      gl |    1000    108.7213   20.72404   57.10268   195.5222  
    glpr |    1000    2.76e-14   4.12e-13          0   1.18e-11  
      cw |    1000    115.3934    47.7679   23.67198   347.5927  
    cwpr |    1000    1.22e-09   3.62e-08          0   1.14e-06  
  seedis |    1000    1.10e+07          0   1.10e+07   1.10e+07  
   niter |    1000        1000          0       1000       1000  
dsnumber |    1000           1          0          1          1  
 dslabel |    1000         104          0        104        104  
  factor |    1000        .375          0       .375       .375  
      R2 |    1000    .4043726          0   .4043726   .4043726  
 sampleN |    1000         500          0        500        500  
 datenum |    1000       13958          0      13958      13958  
 
** Description of Simulation Results in 34n1000

Variable |     Obs        Mean   Std. Dev.       Min        Max
---------+-----------------------------------------------------
      s1 |    1000    .8940755   .5924664  -.9966409   2.710407  
      s2 |    1000    1.114638   .5523454  -.5734171   2.718414  
      s3 |    1000    .9733118   .1244566   .5743212   1.345328  
      s4 |    1000     .997391   .1774475   .4906231   1.555901  
      s5 |    1000   -.0063545   .0551099  -.1931071   .1630384  
    s1m1 |    1000    .6066478   .0392757   .5154405   .7920273  
    s2m1 |    1000    .5704602   .0455549   .4751332   .7878761  
    s3m1 |    1000    .1289598   .0076029   .1087885   .1535583  
    s4m1 |    1000     .168852   .0240717   .1107777   .2665069  
    s5m1 |    1000     .054532   .0029532   .0448254   .0651982  
    s1m2 |    1000    .6081701   .0393743   .5167339   .7940148  
    s2m2 |    1000    .5718917   .0456692   .4763255   .7898532  
    s3m2 |    1000    .1292834    .007622   .1090615   .1539436  
    s4m2 |    1000    .1692758   .0241321   .1110557   .2671757  
    s5m2 |    1000    .0546688   .0029606   .0449379   .0653618  
    s1m3 |    1000    .6103098   .0402873   .5184495   .8036328  
    s2m3 |    1000    .5749538   .0472332   .4772623   .8031998  
    s3m3 |    1000    .1295669    .007694   .1091674   .1546545  
    s4m3 |    1000     .171199   .0250943   .1116884   .2734706  
    s5m3 |    1000    .0547691   .0029824   .0449784   .0655001  
    s1m4 |    1000    .6140693   .0413881   .5203913   .8157451  
    s2m4 |    1000    .5795929   .0490615   .4794171   .8191797  
    s3m4 |    1000    .1301823   .0077892   .1095503   .1557764  
    s4m4 |    1000     .173629   .0262042   .1126256   .2808498  
    s5m4 |    1000    .0550093   .0030128   .0451323   .0658048  
    s1m5 |    1000    .5910053   .0224948   .5222791   .6717345  
    s2m5 |    1000    .5072803   .0190328   .4442167   .5758153  
    s3m5 |    1000    .1295503   .0050238   .1137243   .1475469  
    s4m5 |    1000    .1043206   .0050076    .087493   .1204663  
    s5m5 |    1000    .0553502   .0020504   .0486098    .062043  
      wh |    1000    222.8553   57.86031   117.9546   462.0376  
    whpr |    1000           0          0          0          0  
      bp |    1000    402.6743   129.8139   166.4069   1297.058  
    bppr |    1000           0          0          0          0  
      gl |    1000    215.1016    30.0041   138.0396   338.1376  
    glpr |    1000           0          0          0          0  
      cw |    1000    229.8233    66.8614   89.07948   532.0989  
    cwpr |    1000           0          0          0          0  
  seedis |    1000    1.10e+07          0   1.10e+07   1.10e+07  
   niter |    1000        1000          0       1000       1000  
dsnumber |    1000           1          0          1          1  
 dslabel |    1000         104          0        104        104  
  factor |    1000        .375          0       .375       .375  
      R2 |    1000    .4043726          0   .4043726   .4043726  
 sampleN |    1000        1000          0       1000       1000  
 datenum |    1000       13958          0      13958      13958  
(Note: file 34nr1.dta not found)
file 34nr1.dta saved
(Note: file 34nGW.dta not found)
** Glejser and White pass for N=25
** Glejser and White pass for N=50
** Glejser and White pass for N=100
** Glejser and White pass for N=250
** Glejser and White pass for N=500
** Glejser and White pass for N=1000
(Note: file 34nBC.dta not found)
 
** BP and CW pass for N=25
** BP and CW pass for N=50
** BP and CW pass for N=100
** BP and CW pass for N=250
** BP and CW pass for N=500
** BP and CW pass for N=1000
(Note: file 34nres.dta not found)
file 34nres.dta saved

. set more on

. log close
