
. ts
** 31 Mar 1998 - 10:05:43

. set more off

. hcsum 34n B
** HCSUM for 34nres: B.
 * Table of mean absolute deviation from nominal size.
 * Negative marks smallest value.

            All  Through       b1       b2       b3       b4
sOLS05    0.035   50.000    0.028    0.006    0.106   -0.001
s0HC05    0.060   50.000    0.053    0.030    0.125    0.031
s1HC05    0.036   50.000    0.033    0.008    0.098    0.006
s2HC05    0.022   50.000    0.019   -0.001    0.067    0.003
s3HC05   -0.017   50.000    0.009    0.023   -0.019    0.019
s3B005    0.023   50.000    0.008    0.011    0.065    0.008
s3B105    0.022   50.000    0.006    0.012    0.059    0.010
s3B205    0.018   50.000   -0.002    0.012    0.047    0.012
s3B305    0.018   50.000    0.002    0.016    0.041    0.013
s3B305    0.018   50.000    0.002    0.017    0.038    0.014
s3B305    0.018   50.000    0.005    0.018    0.034    0.015

            All  Through       b1       b2       b3       b4
sOLS05    0.076  100.000    0.032    0.005    0.124    0.004
s0HC05    0.111  100.000    0.043    0.027    0.113    0.024
s1HC05    0.069  100.000    0.027    0.009    0.091    0.005
s2HC05    0.044  100.000    0.016   -0.002    0.066   -0.003
s3HC05    0.002  100.000    0.007    0.016   -0.025    0.015
s3B005    0.042  100.000    0.006    0.009    0.056    0.007
s3B105    0.041  100.000    0.005    0.009    0.052    0.009
s3B205    0.034  100.000   -0.002    0.009    0.043    0.010
s3B305    0.034  100.000    0.002    0.012    0.040    0.011
s3B305    0.034  100.000    0.003    0.012    0.038    0.012
s3B305    0.034  100.000    0.004    0.013    0.035    0.012

            All  Through       b1       b2       b3       b4
sOLS05    0.123  250.000    0.031    0.007    0.144    0.004
s0HC05    0.156  250.000    0.038    0.021    0.100    0.019
s1HC05    0.099  250.000    0.026    0.007    0.082    0.004
s2HC05    0.065  250.000    0.017   -0.003    0.062   -0.003
s3HC05   -0.018  250.000    0.009    0.015   -0.029    0.013
s3B005    0.062  250.000    0.008    0.009    0.052    0.007
s3B105    0.060  250.000    0.008    0.010    0.049    0.008
s3B205    0.051  250.000   -0.005    0.010    0.043    0.009
s3B305    0.051  250.000    0.005    0.012    0.040    0.010
s3B305    0.051  250.000    0.006    0.012    0.039    0.010
s3B305    0.051  250.000    0.007    0.013    0.037    0.011

             All   Through        b1        b2        b3        b4
sOLS05     0.173  1000.000     0.029     0.007     0.158     0.004
s0HC05     0.188  1000.000     0.026     0.016     0.074     0.014
s1HC05     0.122  1000.000     0.018     0.007     0.062     0.005
s2HC05     0.082  1000.000     0.012    -0.005     0.047    -0.004
s3HC05     0.005  1000.000     0.007     0.012    -0.024     0.010
s3B005     0.077  1000.000     0.007     0.009     0.039     0.007
s3B105     0.075  1000.000     0.007     0.009     0.037     0.007
s3B205     0.065  1000.000    -0.005     0.009     0.033     0.008
s3B305     0.065  1000.000     0.005     0.010     0.031     0.008
s3B305     0.065  1000.000     0.005     0.010     0.030     0.009
s3B305     0.064  1000.000     0.006     0.011     0.029     0.009

. hcsum 34n C
** HCSUM for 34nres: C.
 * Table of mean absolute deviation from nominal size.
 * Negative marks smallest value.

            All  Through       b1       b2       b3       b4
sOLS05    0.035   50.000    0.028    0.006    0.106   -0.001
s0HC05    0.060   50.000    0.053    0.030    0.125    0.031
s1HC05    0.036   50.000    0.033    0.008    0.098    0.006
s2HC05    0.022   50.000    0.019   -0.001    0.067    0.003
s3HC05   -0.017   50.000    0.009    0.023   -0.019    0.019
s3C005    0.026   50.000    0.010    0.012    0.075    0.007
s3C105    0.023   50.000    0.007    0.012    0.064    0.008
s3C205    0.021   50.000    0.004    0.014    0.055    0.009
s3C305    0.021   50.000    0.003    0.017    0.052    0.014
s3C305    0.019   50.000    0.002    0.018    0.043    0.015
s3C305    0.018   50.000   -0.001    0.020    0.036    0.015

            All  Through       b1       b2       b3       b4
sOLS05    0.076  100.000    0.032    0.005    0.124    0.004
s0HC05    0.111  100.000    0.043    0.027    0.113    0.024
s1HC05    0.069  100.000    0.027    0.009    0.091    0.005
s2HC05    0.044  100.000    0.016   -0.002    0.066   -0.003
s3HC05    0.002  100.000    0.007    0.016   -0.025    0.015
s3C005    0.049  100.000    0.008    0.009    0.068    0.007
s3C105    0.042  100.000    0.005    0.009    0.057    0.008
s3C205    0.039  100.000    0.003    0.010    0.052    0.009
s3C305    0.040  100.000    0.002    0.012    0.049    0.011
s3C305    0.037  100.000    0.001    0.013    0.042    0.012
s3C305    0.034  100.000   -0.001    0.014    0.037    0.012

            All  Through       b1       b2       b3       b4
sOLS05    0.123  250.000    0.031    0.007    0.144    0.004
s0HC05    0.156  250.000    0.038    0.021    0.100    0.019
s1HC05    0.099  250.000    0.026    0.007    0.082    0.004
s2HC05    0.065  250.000    0.017   -0.003    0.062   -0.003
s3HC05   -0.018  250.000    0.009    0.015   -0.029    0.013
s3C005    0.071  250.000    0.010    0.009    0.061    0.007
s3C105    0.062  250.000    0.007    0.009    0.053    0.007
s3C205    0.058  250.000    0.006    0.011    0.049    0.008
s3C305    0.058  250.000    0.005    0.012    0.047    0.010
s3C305    0.054  250.000    0.005    0.013    0.042    0.011
s3C305    0.051  250.000   -0.004    0.014    0.038    0.011

             All   Through        b1        b2        b3        b4
sOLS05     0.173  1000.000     0.029     0.007     0.158     0.004
s0HC05     0.188  1000.000     0.026     0.016     0.074     0.014
s1HC05     0.122  1000.000     0.018     0.007     0.062     0.005
s2HC05     0.082  1000.000     0.012    -0.005     0.047    -0.004
s3HC05     0.005  1000.000     0.007     0.012    -0.024     0.010
s3C005     0.088  1000.000     0.008     0.009     0.045     0.006
s3C105     0.077  1000.000     0.006     0.009     0.040     0.007
s3C205     0.072  1000.000     0.005     0.009     0.037     0.007
s3C305     0.073  1000.000     0.005     0.010     0.036     0.009
s3C305     0.068  1000.000     0.005     0.011     0.032     0.009
s3C305     0.064  1000.000    -0.004     0.012     0.030     0.009

. hcsum 34n G
** HCSUM for 34nres: G.
 * Table of mean absolute deviation from nominal size.
 * Negative marks smallest value.

            All  Through       b1       b2       b3       b4
sOLS05    0.035   50.000    0.028    0.006    0.106   -0.001
s0HC05    0.060   50.000    0.053    0.030    0.125    0.031
s1HC05    0.036   50.000    0.033    0.008    0.098    0.006
s2HC05    0.022   50.000    0.019   -0.001    0.067    0.003
s3HC05    0.017   50.000    0.009    0.023   -0.019    0.019
s3G005    0.024   50.000    0.010    0.010    0.067    0.009
s3G105    0.021   50.000    0.005    0.014    0.055    0.009
s3G205    0.019   50.000    0.005    0.015    0.043    0.013
s3G305   -0.016   50.000   -0.003    0.015    0.034    0.013
s3G305    0.018   50.000    0.005    0.018    0.032    0.017
s3G305    0.018   50.000    0.005    0.020    0.027    0.019

            All  Through       b1       b2       b3       b4
sOLS05    0.076  100.000    0.032    0.005    0.124    0.004
s0HC05    0.111  100.000    0.043    0.027    0.113    0.024
s1HC05    0.069  100.000    0.027    0.009    0.091    0.005
s2HC05    0.044  100.000    0.016   -0.002    0.066   -0.003
s3HC05    0.033  100.000    0.007    0.016   -0.025    0.015
s3G005    0.045  100.000    0.008    0.009    0.058    0.008
s3G105    0.039  100.000    0.005    0.010    0.049    0.009
s3G205    0.036  100.000    0.004    0.012    0.041    0.011
s3G305    0.001  100.000   -0.003    0.011    0.035    0.011
s3G305    0.034  100.000    0.004    0.013    0.034    0.014
s3G305    0.034  100.000    0.005    0.014    0.031    0.015

            All  Through       b1       b2       b3       b4
sOLS05    0.123  250.000    0.031    0.007    0.144    0.004
s0HC05    0.156  250.000    0.038    0.021    0.100    0.019
s1HC05    0.099  250.000    0.026    0.007    0.082    0.004
s2HC05    0.065  250.000    0.017   -0.003    0.062   -0.003
s3HC05    0.050  250.000    0.009    0.015   -0.029    0.013
s3G005    0.065  250.000    0.009    0.009    0.054    0.008
s3G105    0.057  250.000    0.007    0.010    0.047    0.008
s3G205    0.053  250.000    0.007    0.011    0.041    0.010
s3G305   -0.017  250.000   -0.006    0.011    0.037    0.010
s3G305    0.050  250.000    0.007    0.012    0.035    0.012
s3G305    0.051  250.000    0.007    0.014    0.033    0.013

             All   Through        b1        b2        b3        b4
sOLS05     0.173  1000.000     0.029     0.007     0.158     0.004
s0HC05     0.188  1000.000     0.026     0.016     0.074     0.014
s1HC05     0.122  1000.000     0.018     0.007     0.062     0.005
s2HC05     0.082  1000.000     0.012    -0.005     0.047    -0.004
s3HC05     0.063  1000.000     0.007     0.012    -0.024     0.010
s3G005     0.081  1000.000     0.008     0.009     0.041     0.007
s3G105     0.072  1000.000     0.006     0.009     0.036     0.007
s3G205     0.067  1000.000     0.006     0.010     0.032     0.008
s3G305     0.004  1000.000    -0.005     0.010     0.029     0.008
s3G305     0.064  1000.000     0.006     0.011     0.028     0.010
s3G305     0.064  1000.000     0.006     0.012     0.027     0.010

. hcsum 34n W
** HCSUM for 34nres: W.
 * Table of mean absolute deviation from nominal size.
 * Negative marks smallest value.

            All  Through       b1       b2       b3       b4
sOLS05    0.035   50.000    0.028    0.006    0.106   -0.001
s0HC05    0.060   50.000    0.053    0.030    0.125    0.031
s1HC05    0.036   50.000    0.033    0.008    0.098    0.006
s2HC05    0.022   50.000    0.019   -0.001    0.067    0.003
s3HC05    0.017   50.000    0.009    0.023   -0.019    0.019
s3W005    0.030   50.000    0.021    0.008    0.084    0.006
s3W105    0.026   50.000    0.016    0.008    0.070    0.008
s3W205    0.020   50.000    0.006    0.013    0.050    0.012
s3W305    0.017   50.000   -0.001    0.014    0.038    0.014
s3W305    0.017   50.000    0.003    0.016    0.033    0.015
s3W305   -0.016   50.000    0.003    0.017    0.028    0.016

            All  Through       b1       b2       b3       b4
sOLS05    0.076  100.000    0.032    0.005    0.124    0.004
s0HC05    0.111  100.000    0.043    0.027    0.113    0.024
s1HC05    0.069  100.000    0.027    0.009    0.091    0.005
s2HC05    0.044  100.000    0.016   -0.002    0.066   -0.003
s3HC05    0.033  100.000    0.007    0.016   -0.025    0.015
s3W005    0.055  100.000    0.014    0.006    0.075    0.007
s3W105    0.048  100.000    0.011    0.007    0.064    0.008
s3W205    0.038  100.000    0.004    0.010    0.047    0.010
s3W305    0.033  100.000   -0.002    0.011    0.039    0.011
s3W305    0.032  100.000    0.003    0.011    0.035    0.012
s3W305    0.001  100.000    0.003    0.012    0.031    0.013

            All  Through       b1       b2       b3       b4
sOLS05    0.123  250.000    0.031    0.007    0.144    0.004
s0HC05    0.156  250.000    0.038    0.021    0.100    0.019
s1HC05    0.099  250.000    0.026    0.007    0.082    0.004
s2HC05    0.065  250.000    0.017   -0.003    0.062   -0.003
s3HC05    0.050  250.000    0.009    0.015   -0.029    0.013
s3W005    0.079  250.000    0.014    0.007    0.066    0.007
s3W105    0.069  250.000    0.012    0.008    0.058    0.008
s3W205    0.056  250.000    0.007    0.010    0.046    0.009
s3W305    0.049  250.000   -0.005    0.011    0.040    0.010
s3W305    0.048  250.000    0.006    0.011    0.036    0.011
s3W305   -0.017  250.000    0.006    0.012    0.034    0.012

             All   Through        b1        b2        b3        b4
sOLS05     0.173  1000.000     0.029     0.007     0.158     0.004
s0HC05     0.188  1000.000     0.026     0.016     0.074     0.014
s1HC05     0.122  1000.000     0.018     0.007     0.062     0.005
s2HC05     0.082  1000.000     0.012    -0.005     0.047    -0.004
s3HC05     0.063  1000.000     0.007     0.012    -0.024     0.010
s3W005     0.098  1000.000     0.011     0.007     0.049     0.006
s3W105     0.086  1000.000     0.009     0.008     0.043     0.007
s3W205     0.071  1000.000     0.006     0.009     0.035     0.008
s3W305     0.063  1000.000    -0.005     0.010     0.031     0.009
s3W305     0.061  1000.000     0.005     0.010     0.029     0.009
s3W305     0.004  1000.000     0.005     0.010     0.027     0.010

. hcsum 34n all
** HCSUM for 34nres: all.
 * Table of mean absolute deviation from nominal size.
 * Negative marks smallest value.

            All  Through       b1       b2       b3       b4
sOLS05    0.035   50.000    0.028    0.006    0.106   -0.001
s0HC05    0.060   50.000    0.053    0.030    0.125    0.031
s1HC05    0.036   50.000    0.033    0.008    0.098    0.006
s2HC05    0.022   50.000    0.019   -0.001    0.067    0.003
s3HC05    0.017   50.000    0.009    0.023   -0.019    0.019
s3B005    0.023   50.000    0.008    0.011    0.065    0.008
s3B105    0.022   50.000    0.006    0.012    0.059    0.010
s3B205    0.018   50.000    0.002    0.012    0.047    0.012
s3B305    0.018   50.000    0.002    0.016    0.041    0.013
s3B405    0.018   50.000    0.002    0.017    0.038    0.014
s3B505    0.018   50.000    0.005    0.018    0.034    0.015
s3C005    0.026   50.000    0.010    0.012    0.075    0.007
s3C105    0.023   50.000    0.007    0.012    0.064    0.008
s3C205    0.021   50.000    0.004    0.014    0.055    0.009
s3C305    0.021   50.000    0.003    0.017    0.052    0.014
s3C405    0.019   50.000    0.002    0.018    0.043    0.015
s3C505    0.018   50.000   -0.001    0.020    0.036    0.015
s3G005    0.024   50.000    0.010    0.010    0.067    0.009
s3G105    0.021   50.000    0.005    0.014    0.055    0.009
s3G205    0.019   50.000    0.005    0.015    0.043    0.013
s3G305    0.016   50.000    0.003    0.015    0.034    0.013
s3G405    0.018   50.000    0.005    0.018    0.032    0.017
s3G505    0.018   50.000    0.005    0.020    0.027    0.019
s3W005    0.030   50.000    0.021    0.008    0.084    0.006
s3W105    0.026   50.000    0.016    0.008    0.070    0.008
s3W205    0.020   50.000    0.006    0.013    0.050    0.012
s3W305    0.017   50.000    0.001    0.014    0.038    0.014
s3W405    0.017   50.000    0.003    0.016    0.033    0.015
s3W505   -0.016   50.000    0.003    0.017    0.028    0.016

            All  Through       b1       b2       b3       b4
sOLS05    0.076  100.000    0.032    0.005    0.124    0.004
s0HC05    0.111  100.000    0.043    0.027    0.113    0.024
s1HC05    0.069  100.000    0.027    0.009    0.091    0.005
s2HC05    0.044  100.000    0.016   -0.002    0.066   -0.003
s3HC05    0.033  100.000    0.007    0.016   -0.025    0.015
s3B005    0.042  100.000    0.006    0.009    0.056    0.007
s3B105    0.041  100.000    0.005    0.009    0.052    0.009
s3B205    0.034  100.000    0.002    0.009    0.043    0.010
s3B305    0.034  100.000    0.002    0.012    0.040    0.011
s3B405    0.034  100.000    0.003    0.012    0.038    0.012
s3B505    0.034  100.000    0.004    0.013    0.035    0.012
s3C005    0.049  100.000    0.008    0.009    0.068    0.007
s3C105    0.042  100.000    0.005    0.009    0.057    0.008
s3C205    0.039  100.000    0.003    0.010    0.052    0.009
s3C305    0.040  100.000    0.002    0.012    0.049    0.011
s3C405    0.037  100.000    0.001    0.013    0.042    0.012
s3C505    0.034  100.000   -0.001    0.014    0.037    0.012
s3G005    0.045  100.000    0.008    0.009    0.058    0.008
s3G105    0.039  100.000    0.005    0.010    0.049    0.009
s3G205    0.036  100.000    0.004    0.012    0.041    0.011
s3G305    0.032  100.000    0.003    0.011    0.035    0.011
s3G405    0.034  100.000    0.004    0.013    0.034    0.014
s3G505    0.034  100.000    0.005    0.014    0.031    0.015
s3W005    0.055  100.000    0.014    0.006    0.075    0.007
s3W105    0.048  100.000    0.011    0.007    0.064    0.008
s3W205    0.038  100.000    0.004    0.010    0.047    0.010
s3W305    0.033  100.000    0.002    0.011    0.039    0.011
s3W405    0.032  100.000    0.003    0.011    0.035    0.012
s3W505    0.001  100.000    0.003    0.012    0.031    0.013

            All  Through       b1       b2       b3       b4
sOLS05    0.123  250.000    0.031    0.007    0.144    0.004
s0HC05    0.156  250.000    0.038    0.021    0.100    0.019
s1HC05    0.099  250.000    0.026    0.007    0.082    0.004
s2HC05    0.065  250.000    0.017   -0.003    0.062   -0.003
s3HC05    0.050  250.000    0.009    0.015   -0.029    0.013
s3B005    0.062  250.000    0.008    0.009    0.052    0.007
s3B105    0.060  250.000    0.008    0.010    0.049    0.008
s3B205    0.051  250.000    0.005    0.010    0.043    0.009
s3B305    0.051  250.000    0.005    0.012    0.040    0.010
s3B405    0.051  250.000    0.006    0.012    0.039    0.010
s3B505    0.051  250.000    0.007    0.013    0.037    0.011
s3C005    0.071  250.000    0.010    0.009    0.061    0.007
s3C105    0.062  250.000    0.007    0.009    0.053    0.007
s3C205    0.058  250.000    0.006    0.011    0.049    0.008
s3C305    0.058  250.000    0.005    0.012    0.047    0.010
s3C405    0.054  250.000    0.005    0.013    0.042    0.011
s3C505    0.051  250.000   -0.004    0.014    0.038    0.011
s3G005    0.065  250.000    0.009    0.009    0.054    0.008
s3G105    0.057  250.000    0.007    0.010    0.047    0.008
s3G205    0.053  250.000    0.007    0.011    0.041    0.010
s3G305    0.047  250.000    0.006    0.011    0.037    0.010
s3G405    0.050  250.000    0.007    0.012    0.035    0.012
s3G505    0.051  250.000    0.007    0.014    0.033    0.013
s3W005    0.079  250.000    0.014    0.007    0.066    0.007
s3W105    0.069  250.000    0.012    0.008    0.058    0.008
s3W205    0.056  250.000    0.007    0.010    0.046    0.009
s3W305    0.049  250.000    0.005    0.011    0.040    0.010
s3W405    0.048  250.000    0.006    0.011    0.036    0.011
s3W505   -0.017  250.000    0.006    0.012    0.034    0.012

             All   Through        b1        b2        b3        b4
sOLS05     0.173  1000.000     0.029     0.007     0.158     0.004
s0HC05     0.188  1000.000     0.026     0.016     0.074     0.014
s1HC05     0.122  1000.000     0.018     0.007     0.062     0.005
s2HC05     0.082  1000.000     0.012    -0.005     0.047    -0.004
s3HC05     0.063  1000.000     0.007     0.012    -0.024     0.010
s3B005     0.077  1000.000     0.007     0.009     0.039     0.007
s3B105     0.075  1000.000     0.007     0.009     0.037     0.007
s3B205     0.065  1000.000     0.005     0.009     0.033     0.008
s3B305     0.065  1000.000     0.005     0.010     0.031     0.008
s3B405     0.065  1000.000     0.005     0.010     0.030     0.009
s3B505     0.064  1000.000     0.006     0.011     0.029     0.009
s3C005     0.088  1000.000     0.008     0.009     0.045     0.006
s3C105     0.077  1000.000     0.006     0.009     0.040     0.007
s3C205     0.072  1000.000     0.005     0.009     0.037     0.007
s3C305     0.073  1000.000     0.005     0.010     0.036     0.009
s3C405     0.068  1000.000     0.005     0.011     0.032     0.009
s3C505     0.064  1000.000    -0.004     0.012     0.030     0.009
s3G005     0.081  1000.000     0.008     0.009     0.041     0.007
s3G105     0.072  1000.000     0.006     0.009     0.036     0.007
s3G205     0.067  1000.000     0.006     0.010     0.032     0.008
s3G305     0.061  1000.000     0.005     0.010     0.029     0.008
s3G405     0.064  1000.000     0.006     0.011     0.028     0.010
s3G505     0.064  1000.000     0.006     0.012     0.027     0.010
s3W005     0.098  1000.000     0.011     0.007     0.049     0.006
s3W105     0.086  1000.000     0.009     0.008     0.043     0.007
s3W205     0.071  1000.000     0.006     0.009     0.035     0.008
s3W305     0.063  1000.000     0.005     0.010     0.031     0.009
s3W405     0.061  1000.000     0.005     0.010     0.029     0.009
s3W505     0.004  1000.000     0.005     0.010     0.027     0.010

. set more on

. log close
