
. set more off

. hcresult 1 3c4
 
** Constructing data to analyze...
**  1 Apr 1998 - 21:12:13
** Population Data Used for Simulations
*    Structure:       3c4.jslhc1.114
*    Simulation date: 13970
*    Seed:            11020760
*    Factor:          .7
*    R2:              .4
*    Sample N's:      25 50 100 250 500 1000

Variable |     Obs        Mean   Std. Dev.       Min        Max
---------+-----------------------------------------------------
       y |  100000    5.598586   3.212732   -2.20881   31.60356  
      x1 |  100000    1.499012   .2886124    1.00002   1.999999  
      x2 |  100000    1.498522   1.053486  -2.241696   5.101119  
      x3 |  100000    1.600192    1.03109   .0011668   12.12769  
      x4 |  100000     3.59375   1.692207  -2.283696   15.27936  

  Source |       SS       df       MS                  Number of obs =  100000
---------+------------------------------               F(  4, 99995) =16582.53
   Model |  411621.049     4  102905.262               Prob > F      =  0.0000
Residual |  620533.414 99995  6.20564442               R-squared     =  0.3988
---------+------------------------------               Adj R-squared =  0.3988
   Total |  1032154.46 99999  10.3216478               Root MSE      =  2.4911

------------------------------------------------------------------------------
       y |      Coef.   Std. Err.       t     P>|t|       [95% Conf. Interval]
---------+--------------------------------------------------------------------
      x1 |   1.089646   .0513144     21.235   0.000       .9890701    1.190221
      x2 |   .9818726   .0131079     74.907   0.000       .9561812    1.007564
      x3 |   1.003464   .0105122     95.457   0.000       .9828604    1.024068
      x4 |  -.0033405   .0056004     -0.596   0.551      -.0143172    .0076362
   _cons |   .9001062   .0597904     15.054   0.000       .7829177    1.017295
------------------------------------------------------------------------------
(Note: file 3c4r105.dta not found)
 
** Description of Simulation Results in 3c40025
*  Sig Level/Sample N: 05/25

Variable |     Obs        Mean   Std. Dev.       Min        Max
---------+-----------------------------------------------------
      s1 |    1000    1.036796   4.259716   -15.8117    14.7745  
      s2 |    1000    .9085086   3.829005  -11.76738   16.13007  
      s3 |    1000    1.019011    .904126  -1.911912   4.517947  
      s4 |    1000    1.085362   .9869288  -3.496745   6.145649  
      s5 |    1000   -.0137562   .3906227  -1.480725   1.201499  
    s1m1 |    1000    3.495135   1.185896   1.293161   9.607196  
    s2m1 |    1000    3.088279    1.05301   1.145196   8.354736  
    s3m1 |    1000     .758989   .2618205   .2182204   2.315711  
    s4m1 |    1000    .6950784   .3245367   .1744374   2.418679  
    s5m1 |    1000    .3275528   .1038872   .0914415    .760799  
    s1m2 |    1000    3.907679   1.325872   1.445798   10.74117  
    s2m2 |    1000      3.4528   1.177301   1.280368   9.340879  
    s3m2 |    1000    .8485755   .2927242   .2439778   2.589043  
    s4m2 |    1000    .7771212    .362843    .195027   2.704165  
    s5m2 |    1000    .3662151   .1161494   .1022348   .8505991  
    s1m3 |    1000    4.077524   1.412421   1.438131   11.33391  
    s2m3 |    1000    3.635623   1.273649   1.269134   10.41669  
    s3m3 |    1000    .8824277   .3123146   .2628955   2.721844  
    s4m3 |    1000    .8643096   .4137908   .1956094   3.117608  
    s5m3 |    1000    .3784431   .1231978   .1047184   .9446611  
    s1m4 |    1000    4.875262   1.792081    1.60206   14.30834  
    s2m4 |    1000    4.409589   1.666439   1.412034    13.0489  
    s3m4 |    1000    1.040955   .3841286   .3233905   3.204845  
    s4m4 |    1000    1.138595   .6068636   .2211672    4.03439  
    s5m4 |    1000    .4434886   .1511299   .1206262   1.197797  
    s1m5 |    1000    4.139063   1.158696   1.626809   9.028365  
    s2m5 |    1000    3.621019   1.018263   1.597709   8.411693  
    s3m5 |    1000    .9012381   .2599508   .3912075   2.024205  
    s4m5 |    1000    .8136388   .3124231   .2464617   2.247661  
    s5m5 |    1000    .3805185   .1060527   .1294278   1.054615  
      wh |    1000    5.447523   3.281804   .0664993   18.13574  
    whpr |    1000    .9270096   .1321418   .2006682          1  
      bp |    1000    5.197866   5.088088   .0688992   39.76243  
    bppr |    1000    .4608773   .3210324   4.85e-08     .99942  
      gl |    1000    5.447523   3.281804   .0664993   18.13574  
    glpr |    1000    .3597067   .2762999   .0011609   .9994593  
      cw |    1000    5.197866   5.088088   .0688992   39.76243  
    cwpr |    1000    .1149801     .14666   2.87e-10   .7929463  
  seedis |    1000    1.10e+07          0   1.10e+07   1.10e+07  
   niter |    1000        1000          0       1000       1000  
dsnumber |    1000           1          0          1          1  
 dslabel |    1000         114          0        114        114  
  factor |    1000          .7          0         .7         .7  
      R2 |    1000    .3987979          0   .3987979   .3987979  
 sampleN |    1000          25          0         25         25  
 datenum |    1000       13970          0      13970      13970  
 
** Description of Simulation Results in 3c40050
*  Sig Level/Sample N: 05/50

Variable |     Obs        Mean   Std. Dev.       Min        Max
---------+-----------------------------------------------------
      s1 |    1000    .9211182   2.882809  -8.475647   10.36589  
      s2 |    1000    1.064128   2.579029  -7.358804   9.012751  
      s3 |    1000    .9965725   .6273036  -.9079588   3.582446  
      s4 |    1000    1.006015   .6038029      -1.05     3.2669  
      s5 |    1000   -.0013548   .2686122  -.7587243   1.092074  
    s1m1 |    1000    2.585495   .6214125   1.314781   7.081877  
    s2m1 |    1000    2.274732   .5644421   1.090609   6.584569  
    s3m1 |    1000    .5606414   .1414799   .2511079    1.46919  
    s4m1 |    1000    .5077541   .1794822    .173675   1.347598  
    s5m1 |    1000    .2405181    .059176   .1153875   .5395699  
    s1m2 |    1000    2.725351   .6550263   1.385901   7.464953  
    s2m2 |    1000    2.397778   .5949742   1.149603   6.940745  
    s3m2 |    1000    .5909679   .1491329   .2646909   1.548662  
    s4m2 |    1000    .5352198   .1891909   .1830695   1.420493  
    s5m2 |    1000    .2535283   .0623769   .1216291   .5687566  
    s1m3 |    1000    2.785336   .6859718   1.374828   7.752968  
    s2m3 |    1000      2.4668   .6286224   1.137975   7.194166  
    s3m3 |    1000    .6032757    .154885   .2647338   1.623821  
    s4m3 |    1000    .5746202    .209803   .1887511   1.525261  
    s5m3 |    1000    .2580801   .0647942   .1212157   .5977984  
    s1m4 |    1000    3.022137   .7788175   1.430848   8.501093  
    s2m4 |    1000    2.701423   .7262248   1.188505   7.874493  
    s3m4 |    1000    .6517038   .1712749   .2807209   1.797171  
    s4m4 |    1000    .6647519   .2642839   .2019617   2.937706  
    s5m4 |    1000    .2780677   .0719137   .1274349   .6629433  
    s1m5 |    1000    2.796402   .5183189   1.585045   4.739808  
    s2m5 |    1000    2.425087   .4548057   1.332243   4.283262  
    s3m5 |    1000    .6140049   .1177293   .2913972   1.004777  
    s4m5 |    1000    .5288098   .1329653    .248494   1.203587  
    s5m5 |    1000    .2595889   .0477581   .1358045    .429904  
      wh |    1000    6.278933   4.039651   .1203473   28.44664  
    whpr |    1000     .889998   .1828274   .0124052          1  
      bp |    1000    7.517475   6.671118   .1509868   59.81173  
    bppr |    1000    .3188375    .304508   3.18e-12   .9972898  
      gl |    1000    6.278933   4.039651   .1203473   28.44664  
    glpr |    1000    .3170988   .2755436   .0000101   .9982606  
      cw |    1000    7.517475   6.671118   .1509868   59.81173  
    cwpr |    1000    .0661679   .1075466   1.04e-14   .6975942  
  seedis |    1000    1.10e+07          0   1.10e+07   1.10e+07  
   niter |    1000        1000          0       1000       1000  
dsnumber |    1000           1          0          1          1  
 dslabel |    1000         114          0        114        114  
  factor |    1000          .7          0         .7         .7  
      R2 |    1000    .3987979          0   .3987979   .3987979  
 sampleN |    1000          50          0         50         50  
 datenum |    1000       13970          0      13970      13970  
 
** Description of Simulation Results in 3c40100
*  Sig Level/Sample N: 05/100

Variable |     Obs        Mean   Std. Dev.       Min        Max
---------+-----------------------------------------------------
      s1 |    1000    .8359009   2.001455  -5.478269   6.553051  
      s2 |    1000    1.108061   1.766869  -5.172022   6.321143  
      s3 |    1000    .9729929   .4190751  -.3497956   2.317726  
      s4 |    1000    1.001372   .4209177  -.3403006   3.002158  
      s5 |    1000    .0094256   .1791773  -.5874586   .5803615  
    s1m1 |    1000    1.857448   .3492827   1.087973   3.601869  
    s2m1 |    1000    1.640696   .3214538   .9143652    3.62118  
    s3m1 |    1000    .4055773   .0752938   .2229907    .758288  
    s4m1 |    1000     .374462   .1090781   .1533821   .9457624  
    s5m1 |    1000    .1718797   .0294316   .1013146   .3215297  
    s1m2 |    1000    1.905701   .3583565   1.116237    3.69544  
    s2m2 |    1000    1.683319   .3298046   .9381188   3.715252  
    s3m2 |    1000    .4161136   .0772498   .2287837   .7779871  
    s4m2 |    1000    .3841899   .1119118   .1573667   .9703317  
    s5m2 |    1000    .1763448   .0301961   .1039465   .3298825  
    s1m3 |    1000    1.930373   .3718182   1.122435   3.960608  
    s2m3 |    1000    1.713979   .3487383    .945801   4.063055  
    s3m3 |    1000    .4210894   .0795573   .2301281   .8008664  
    s4m3 |    1000    .4033302   .1247647   .1600942   1.140442  
    s5m3 |    1000    .1778576   .0307044   .1041814   .3314213  
    s1m4 |    1000    2.011283   .4006855   1.158455   4.391975  
    s2m4 |    1000    1.797451   .3863091   .9787846    4.60106  
    s3m4 |    1000    .4378081   .0845155   .2375482   .8461593  
    s4m4 |    1000    .4383785   .1483128   .1666969   1.530445  
    s5m4 |    1000    .1842501   .0321414   .1071548   .3416505  
    s1m5 |    1000    1.926509   .2564456   1.205282   3.021791  
    s2m5 |    1000     1.66291    .224206   1.026227    2.54236  
    s3m5 |    1000    .4212834   .0561948   .2583697   .6338162  
    s4m5 |    1000     .350419   .0601016    .202274   .6349632  
    s5m5 |    1000      .17937   .0221147     .11958   .2630221  
      wh |    1000    7.935476   5.294286   .2043206   39.00331  
    whpr |    1000    .8070626   .2580633   .0003643          1  
      bp |    1000    9.728099   7.924255   .1930263   63.38644  
    bppr |    1000    .2320257   .2762997   5.63e-13   .9956317  
      gl |    1000    7.935476   5.294286   .2043206   39.00331  
    glpr |    1000    .2542473   .2753639   6.96e-08   .9951238  
      cw |    1000    9.728099   7.924255   .1930263   63.38644  
    cwpr |    1000    .0428921   .0849801   1.67e-15   .6604097  
  seedis |    1000    1.10e+07          0   1.10e+07   1.10e+07  
   niter |    1000        1000          0       1000       1000  
dsnumber |    1000           1          0          1          1  
 dslabel |    1000         114          0        114        114  
  factor |    1000          .7          0         .7         .7  
      R2 |    1000    .3987979          0   .3987979   .3987979  
 sampleN |    1000         100          0        100        100  
 datenum |    1000       13970          0      13970      13970  
 
** Description of Simulation Results in 3c40250
*  Sig Level/Sample N: 05/250

Variable |     Obs        Mean   Std. Dev.       Min        Max
---------+-----------------------------------------------------
      s1 |    1000     .944157   1.224293  -3.871401   4.657869  
      s2 |    1000    1.033961   1.095335  -2.600959   5.216652  
      s3 |    1000    .9892223    .262998   .2304644    1.93354  
      s4 |    1000    1.014416   .2803272   .2004785    1.95012  
      s5 |    1000    .0002232   .1144674  -.3210166   .3770601  
    s1m1 |    1000    1.186857   .1383163   .8918083   1.680009  
    s2m1 |    1000    1.053096   .1303785   .7447186   1.646637  
    s3m1 |    1000    .2579143   .0314458   .1859407   .3889053  
    s4m1 |    1000    .2510345   .0563521   .1394266   .5109624  
    s5m1 |    1000    .1099022   .0125414   .0796818   .1660734  
    s1m2 |    1000    1.198906   .1397205   .9008624   1.697066  
    s2m2 |    1000    1.063787   .1317021   .7522794   1.663354  
    s3m2 |    1000    .2605328   .0317651   .1878284   .3928536  
    s4m2 |    1000    .2535831   .0569242   .1408422     .51615  
    s5m2 |    1000     .111018   .0126687   .0804908   .1677595  
    s1m3 |    1000    1.206157    .141828   .9055396   1.732552  
    s2m3 |    1000    1.073385   .1354717   .7573556   1.704479  
    s3m3 |    1000    .2618462   .0320728   .1882007   .3959985  
    s4m3 |    1000    .2600598   .0606052    .142477   .5478608  
    s5m3 |    1000    .1114591   .0127644   .0809607   .1682797  
    s1m4 |    1000    1.226474   .1458951   .9189485   1.787909  
    s2m4 |    1000    1.095102   .1417748   .7707639   1.765415  
    s3m4 |    1000    .2659099   .0327387   .1905012   .4032466  
    s4m4 |    1000    .2700096   .0658233   .1458777   .5895129  
    s5m4 |    1000    .1130662   .0130021   .0822857   .1705909  
    s1m5 |    1000     1.20477   .0999658   .9087504   1.521528  
    s2m5 |    1000    1.037765   .0864666    .783819   1.307785  
    s3m5 |    1000    .2643488    .022208   .2031731   .3416392  
    s4m5 |    1000    .2146518    .024838   .1470641   .3120511  
    s5m5 |    1000    .1123505   .0090449   .0873103   .1412247  
      wh |    1000    13.68384   8.129729   .4350532   50.78518  
    whpr |    1000    .5481956   .3536555   4.51e-06          1  
      bp |    1000    17.59833   11.79278   .4086644   80.36277  
    bppr |    1000    .0762856    .162048   1.11e-16   .9817614  
      gl |    1000    13.68384   8.129729   .4350532   50.78518  
    glpr |    1000    .0988461    .179126   2.48e-10   .9795077  
      cw |    1000    17.59833   11.79278   .4086644   80.36277  
    cwpr |    1000    .0102598     .03723          0   .5226482  
  seedis |    1000    1.10e+07          0   1.10e+07   1.10e+07  
   niter |    1000        1000          0       1000       1000  
dsnumber |    1000           1          0          1          1  
 dslabel |    1000         114          0        114        114  
  factor |    1000          .7          0         .7         .7  
      R2 |    1000    .3987979          0   .3987979   .3987979  
 sampleN |    1000         250          0        250        250  
 datenum |    1000       13970          0      13970      13970  
 
** Description of Simulation Results in 3c40500
*  Sig Level/Sample N: 05/500

Variable |     Obs        Mean   Std. Dev.       Min        Max
---------+-----------------------------------------------------
      s1 |    1000    .8754684   .8534837  -1.617442   3.871109  
      s2 |    1000    1.100977   .7629549  -1.591982   3.394788  
      s3 |    1000    .9843465   .1862994   .3242548   1.496549  
      s4 |    1000     1.00503   .1848244   .2812708   1.496632  
      s5 |    1000   -.0026398   .0808862  -.2800663   .2623706  
    s1m1 |    1000    .8471385   .0720958   .6324676   1.089975  
    s2m1 |    1000    .7522047   .0689454   .5725443    1.02427  
    s3m1 |    1000    .1838131   .0158478   .1422001   .2420136  
    s4m1 |    1000    .1797989   .0318247   .1213746   .3617401  
    s5m1 |    1000    .0780493   .0062356    .059626   .1041263  
    s1m2 |    1000    .8514062    .072459   .6356538   1.095466  
    s2m2 |    1000    .7559941   .0692928   .5754287    1.02943  
    s3m2 |    1000    .1847391   .0159276   .1429165   .2432328  
    s4m2 |    1000    .1807047    .031985   .1219861   .3635624  
    s5m2 |    1000    .0784425    .006267   .0599263   .1046509  
    s1m3 |    1000    .8541841   .0732421   .6365365   1.100698  
    s2m3 |    1000    .7597408   .0707376   .5769595   1.062848  
    s3m3 |    1000    .1852096   .0160209   .1432307   .2439424  
    s4m3 |    1000    .1833136   .0333902   .1230773   .3805657  
    s5m3 |    1000    .0786016    .006304   .0600559   .1050293  
    s1m4 |    1000    .8614418   .0745133   .6406525   1.111595  
    s2m4 |    1000    .7675829   .0727934   .5814446   1.104594  
    s3m4 |    1000    .1866288    .016199   .1442769   .2458958  
    s4m4 |    1000    .1870317    .035166   .1248451   .4007797  
    s5m4 |    1000     .079163   .0063753   .0604922   .1059435  
    s1m5 |    1000    .8486929   .0489356   .6902107   1.017433  
    s2m5 |    1000    .7295001   .0427909   .5939991   .8524891  
    s3m5 |    1000    .1860903   .0110257   .1558843   .2216202  
    s4m5 |    1000    .1500508   .0120084   .1198714   .1945851  
    s5m5 |    1000    .0793363   .0044655   .0656445   .0992115  
      wh |    1000    22.37591   11.44011   1.434115   71.42896  
    whpr |    1000    .2576548   .3069776   1.06e-09   .9999896  
      bp |    1000    29.15741   16.19213   1.771461   109.7637  
    bppr |    1000    .0149628   .0648883          0   .7776994  
      gl |    1000    22.37591   11.44011   1.434115   71.42896  
    glpr |    1000    .0229818   .0783774   1.13e-14   .8382446  
      cw |    1000    29.15741   16.19213   1.771461   109.7637  
    cwpr |    1000    .0014056   .0094298          0   .1832014  
  seedis |    1000    1.10e+07          0   1.10e+07   1.10e+07  
   niter |    1000        1000          0       1000       1000  
dsnumber |    1000           1          0          1          1  
 dslabel |    1000         114          0        114        114  
  factor |    1000          .7          0         .7         .7  
      R2 |    1000    .3987979          0   .3987979   .3987979  
 sampleN |    1000         500          0        500        500  
 datenum |    1000       13970          0      13970      13970  
 
** Description of Simulation Results in 3c41000
*  Sig Level/Sample N: 05/1000

Variable |     Obs        Mean   Std. Dev.       Min        Max
---------+-----------------------------------------------------
      s1 |    1000     .893086   .6048924  -1.121097   2.631921  
      s2 |    1000    1.098539   .5366921  -.5599935    2.81428  
      s3 |    1000      .98142   .1285726   .6305841   1.417825  
      s4 |    1000    1.003207   .1322924   .6060617   1.410065  
      s5 |    1000   -.0051161   .0546499   -.178145   .1511351  
    s1m1 |    1000    .5999132   .0354513   .5053491   .7442218  
    s2m1 |    1000    .5327543   .0343618   .4356243   .6606916  
    s3m1 |    1000    .1300315   .0077976   .1085218   .1602034  
    s4m1 |    1000    .1298222   .0172174   .0878442   .2006747  
    s5m1 |    1000    .0554487      .0031   .0472746   .0687349  
    s1m2 |    1000    .6014186   .0355403   .5066172   .7460894  
    s2m2 |    1000    .5340912    .034448   .4367175   .6623495  
    s3m2 |    1000    .1303578   .0078171   .1087941   .1606055  
    s4m2 |    1000     .130148   .0172606   .0880646   .2011783  
    s5m2 |    1000    .0555879   .0031078   .0473932   .0689074  
    s1m3 |    1000     .602462   .0357637   .5072803   .7478453  
    s2m3 |    1000    .5355067    .034857   .4377481   .6704159  
    s3m3 |    1000    .1305283    .007842    .108937   .1608018  
    s4m3 |    1000    .1311609   .0177048   .0883491   .2043767  
    s5m3 |    1000    .0556448   .0031158   .0474209   .0690062  
    s1m4 |    1000    .6050528   .0360964   .5092344   .7515178  
    s2m4 |    1000    .5383207   .0353976   .4399098   .6851978  
    s3m4 |    1000    .1310293   .0078873   .1093598   .1614034  
    s4m4 |    1000    .1325415   .0182314   .0888639   .2081978  
    s5m4 |    1000    .0558424   .0031319   .0475683   .0692792  
    s1m5 |    1000    .5985387   .0240573    .524327   .6885604  
    s2m5 |    1000    .5139967   .0207725   .4519392   .5878065  
    s3m5 |    1000    .1312448   .0053988   .1168642   .1535712  
    s4m5 |    1000    .1053684   .0057581   .0876336   .1294788  
    s5m5 |    1000    .0560102   .0022936   .0484657   .0639873  
      wh |    1000    39.71945    15.9061   4.420695    99.6111  
    whpr |    1000     .035753   .1064604   5.66e-15   .9923565  
      bp |    1000    51.57324   22.15361   5.871345   141.9718  
    bppr |    1000    .0005655   .0092071          0   .2089646  
      gl |    1000    39.71945    15.9061   4.420695    99.6111  
    glpr |    1000    .0011573   .0147218          0   .3520548  
      cw |    1000    51.57324   22.15361   5.871345   141.9718  
    cwpr |    1000    .0000338   .0006635          0   .0153893  
  seedis |    1000    1.10e+07          0   1.10e+07   1.10e+07  
   niter |    1000        1000          0       1000       1000  
dsnumber |    1000           1          0          1          1  
 dslabel |    1000         114          0        114        114  
  factor |    1000          .7          0         .7         .7  
      R2 |    1000    .3987979          0   .3987979   .3987979  
 sampleN |    1000        1000          0       1000       1000  
 datenum |    1000       13970          0      13970      13970  
(Note: file 3c4r110.dta not found)
 
** Description of Simulation Results in 3c40025

Variable |     Obs        Mean   Std. Dev.       Min        Max
---------+-----------------------------------------------------
      s1 |    1000    1.036796   4.259716   -15.8117    14.7745  
      s2 |    1000    .9085086   3.829005  -11.76738   16.13007  
      s3 |    1000    1.019011    .904126  -1.911912   4.517947  
      s4 |    1000    1.085362   .9869288  -3.496745   6.145649  
      s5 |    1000   -.0137562   .3906227  -1.480725   1.201499  
    s1m1 |    1000    3.495135   1.185896   1.293161   9.607196  
    s2m1 |    1000    3.088279    1.05301   1.145196   8.354736  
    s3m1 |    1000     .758989   .2618205   .2182204   2.315711  
    s4m1 |    1000    .6950784   .3245367   .1744374   2.418679  
    s5m1 |    1000    .3275528   .1038872   .0914415    .760799  
    s1m2 |    1000    3.907679   1.325872   1.445798   10.74117  
    s2m2 |    1000      3.4528   1.177301   1.280368   9.340879  
    s3m2 |    1000    .8485755   .2927242   .2439778   2.589043  
    s4m2 |    1000    .7771212    .362843    .195027   2.704165  
    s5m2 |    1000    .3662151   .1161494   .1022348   .8505991  
    s1m3 |    1000    4.077524   1.412421   1.438131   11.33391  
    s2m3 |    1000    3.635623   1.273649   1.269134   10.41669  
    s3m3 |    1000    .8824277   .3123146   .2628955   2.721844  
    s4m3 |    1000    .8643096   .4137908   .1956094   3.117608  
    s5m3 |    1000    .3784431   .1231978   .1047184   .9446611  
    s1m4 |    1000    4.875262   1.792081    1.60206   14.30834  
    s2m4 |    1000    4.409589   1.666439   1.412034    13.0489  
    s3m4 |    1000    1.040955   .3841286   .3233905   3.204845  
    s4m4 |    1000    1.138595   .6068636   .2211672    4.03439  
    s5m4 |    1000    .4434886   .1511299   .1206262   1.197797  
    s1m5 |    1000    4.139063   1.158696   1.626809   9.028365  
    s2m5 |    1000    3.621019   1.018263   1.597709   8.411693  
    s3m5 |    1000    .9012381   .2599508   .3912075   2.024205  
    s4m5 |    1000    .8136388   .3124231   .2464617   2.247661  
    s5m5 |    1000    .3805185   .1060527   .1294278   1.054615  
      wh |    1000    5.447523   3.281804   .0664993   18.13574  
    whpr |    1000    .9270096   .1321418   .2006682          1  
      bp |    1000    5.197866   5.088088   .0688992   39.76243  
    bppr |    1000    .4608773   .3210324   4.85e-08     .99942  
      gl |    1000    5.447523   3.281804   .0664993   18.13574  
    glpr |    1000    .3597067   .2762999   .0011609   .9994593  
      cw |    1000    5.197866   5.088088   .0688992   39.76243  
    cwpr |    1000    .1149801     .14666   2.87e-10   .7929463  
  seedis |    1000    1.10e+07          0   1.10e+07   1.10e+07  
   niter |    1000        1000          0       1000       1000  
dsnumber |    1000           1          0          1          1  
 dslabel |    1000         114          0        114        114  
  factor |    1000          .7          0         .7         .7  
      R2 |    1000    .3987979          0   .3987979   .3987979  
 sampleN |    1000          25          0         25         25  
 datenum |    1000       13970          0      13970      13970  
 
** Description of Simulation Results in 3c40050

Variable |     Obs        Mean   Std. Dev.       Min        Max
---------+-----------------------------------------------------
      s1 |    1000    .9211182   2.882809  -8.475647   10.36589  
      s2 |    1000    1.064128   2.579029  -7.358804   9.012751  
      s3 |    1000    .9965725   .6273036  -.9079588   3.582446  
      s4 |    1000    1.006015   .6038029      -1.05     3.2669  
      s5 |    1000   -.0013548   .2686122  -.7587243   1.092074  
    s1m1 |    1000    2.585495   .6214125   1.314781   7.081877  
    s2m1 |    1000    2.274732   .5644421   1.090609   6.584569  
    s3m1 |    1000    .5606414   .1414799   .2511079    1.46919  
    s4m1 |    1000    .5077541   .1794822    .173675   1.347598  
    s5m1 |    1000    .2405181    .059176   .1153875   .5395699  
    s1m2 |    1000    2.725351   .6550263   1.385901   7.464953  
    s2m2 |    1000    2.397778   .5949742   1.149603   6.940745  
    s3m2 |    1000    .5909679   .1491329   .2646909   1.548662  
    s4m2 |    1000    .5352198   .1891909   .1830695   1.420493  
    s5m2 |    1000    .2535283   .0623769   .1216291   .5687566  
    s1m3 |    1000    2.785336   .6859718   1.374828   7.752968  
    s2m3 |    1000      2.4668   .6286224   1.137975   7.194166  
    s3m3 |    1000    .6032757    .154885   .2647338   1.623821  
    s4m3 |    1000    .5746202    .209803   .1887511   1.525261  
    s5m3 |    1000    .2580801   .0647942   .1212157   .5977984  
    s1m4 |    1000    3.022137   .7788175   1.430848   8.501093  
    s2m4 |    1000    2.701423   .7262248   1.188505   7.874493  
    s3m4 |    1000    .6517038   .1712749   .2807209   1.797171  
    s4m4 |    1000    .6647519   .2642839   .2019617   2.937706  
    s5m4 |    1000    .2780677   .0719137   .1274349   .6629433  
    s1m5 |    1000    2.796402   .5183189   1.585045   4.739808  
    s2m5 |    1000    2.425087   .4548057   1.332243   4.283262  
    s3m5 |    1000    .6140049   .1177293   .2913972   1.004777  
    s4m5 |    1000    .5288098   .1329653    .248494   1.203587  
    s5m5 |    1000    .2595889   .0477581   .1358045    .429904  
      wh |    1000    6.278933   4.039651   .1203473   28.44664  
    whpr |    1000     .889998   .1828274   .0124052          1  
      bp |    1000    7.517475   6.671118   .1509868   59.81173  
    bppr |    1000    .3188375    .304508   3.18e-12   .9972898  
      gl |    1000    6.278933   4.039651   .1203473   28.44664  
    glpr |    1000    .3170988   .2755436   .0000101   .9982606  
      cw |    1000    7.517475   6.671118   .1509868   59.81173  
    cwpr |    1000    .0661679   .1075466   1.04e-14   .6975942  
  seedis |    1000    1.10e+07          0   1.10e+07   1.10e+07  
   niter |    1000        1000          0       1000       1000  
dsnumber |    1000           1          0          1          1  
 dslabel |    1000         114          0        114        114  
  factor |    1000          .7          0         .7         .7  
      R2 |    1000    .3987979          0   .3987979   .3987979  
 sampleN |    1000          50          0         50         50  
 datenum |    1000       13970          0      13970      13970  
 
** Description of Simulation Results in 3c40100

Variable |     Obs        Mean   Std. Dev.       Min        Max
---------+-----------------------------------------------------
      s1 |    1000    .8359009   2.001455  -5.478269   6.553051  
      s2 |    1000    1.108061   1.766869  -5.172022   6.321143  
      s3 |    1000    .9729929   .4190751  -.3497956   2.317726  
      s4 |    1000    1.001372   .4209177  -.3403006   3.002158  
      s5 |    1000    .0094256   .1791773  -.5874586   .5803615  
    s1m1 |    1000    1.857448   .3492827   1.087973   3.601869  
    s2m1 |    1000    1.640696   .3214538   .9143652    3.62118  
    s3m1 |    1000    .4055773   .0752938   .2229907    .758288  
    s4m1 |    1000     .374462   .1090781   .1533821   .9457624  
    s5m1 |    1000    .1718797   .0294316   .1013146   .3215297  
    s1m2 |    1000    1.905701   .3583565   1.116237    3.69544  
    s2m2 |    1000    1.683319   .3298046   .9381188   3.715252  
    s3m2 |    1000    .4161136   .0772498   .2287837   .7779871  
    s4m2 |    1000    .3841899   .1119118   .1573667   .9703317  
    s5m2 |    1000    .1763448   .0301961   .1039465   .3298825  
    s1m3 |    1000    1.930373   .3718182   1.122435   3.960608  
    s2m3 |    1000    1.713979   .3487383    .945801   4.063055  
    s3m3 |    1000    .4210894   .0795573   .2301281   .8008664  
    s4m3 |    1000    .4033302   .1247647   .1600942   1.140442  
    s5m3 |    1000    .1778576   .0307044   .1041814   .3314213  
    s1m4 |    1000    2.011283   .4006855   1.158455   4.391975  
    s2m4 |    1000    1.797451   .3863091   .9787846    4.60106  
    s3m4 |    1000    .4378081   .0845155   .2375482   .8461593  
    s4m4 |    1000    .4383785   .1483128   .1666969   1.530445  
    s5m4 |    1000    .1842501   .0321414   .1071548   .3416505  
    s1m5 |    1000    1.926509   .2564456   1.205282   3.021791  
    s2m5 |    1000     1.66291    .224206   1.026227    2.54236  
    s3m5 |    1000    .4212834   .0561948   .2583697   .6338162  
    s4m5 |    1000     .350419   .0601016    .202274   .6349632  
    s5m5 |    1000      .17937   .0221147     .11958   .2630221  
      wh |    1000    7.935476   5.294286   .2043206   39.00331  
    whpr |    1000    .8070626   .2580633   .0003643          1  
      bp |    1000    9.728099   7.924255   .1930263   63.38644  
    bppr |    1000    .2320257   .2762997   5.63e-13   .9956317  
      gl |    1000    7.935476   5.294286   .2043206   39.00331  
    glpr |    1000    .2542473   .2753639   6.96e-08   .9951238  
      cw |    1000    9.728099   7.924255   .1930263   63.38644  
    cwpr |    1000    .0428921   .0849801   1.67e-15   .6604097  
  seedis |    1000    1.10e+07          0   1.10e+07   1.10e+07  
   niter |    1000        1000          0       1000       1000  
dsnumber |    1000           1          0          1          1  
 dslabel |    1000         114          0        114        114  
  factor |    1000          .7          0         .7         .7  
      R2 |    1000    .3987979          0   .3987979   .3987979  
 sampleN |    1000         100          0        100        100  
 datenum |    1000       13970          0      13970      13970  
 
** Description of Simulation Results in 3c40250

Variable |     Obs        Mean   Std. Dev.       Min        Max
---------+-----------------------------------------------------
      s1 |    1000     .944157   1.224293  -3.871401   4.657869  
      s2 |    1000    1.033961   1.095335  -2.600959   5.216652  
      s3 |    1000    .9892223    .262998   .2304644    1.93354  
      s4 |    1000    1.014416   .2803272   .2004785    1.95012  
      s5 |    1000    .0002232   .1144674  -.3210166   .3770601  
    s1m1 |    1000    1.186857   .1383163   .8918083   1.680009  
    s2m1 |    1000    1.053096   .1303785   .7447186   1.646637  
    s3m1 |    1000    .2579143   .0314458   .1859407   .3889053  
    s4m1 |    1000    .2510345   .0563521   .1394266   .5109624  
    s5m1 |    1000    .1099022   .0125414   .0796818   .1660734  
    s1m2 |    1000    1.198906   .1397205   .9008624   1.697066  
    s2m2 |    1000    1.063787   .1317021   .7522794   1.663354  
    s3m2 |    1000    .2605328   .0317651   .1878284   .3928536  
    s4m2 |    1000    .2535831   .0569242   .1408422     .51615  
    s5m2 |    1000     .111018   .0126687   .0804908   .1677595  
    s1m3 |    1000    1.206157    .141828   .9055396   1.732552  
    s2m3 |    1000    1.073385   .1354717   .7573556   1.704479  
    s3m3 |    1000    .2618462   .0320728   .1882007   .3959985  
    s4m3 |    1000    .2600598   .0606052    .142477   .5478608  
    s5m3 |    1000    .1114591   .0127644   .0809607   .1682797  
    s1m4 |    1000    1.226474   .1458951   .9189485   1.787909  
    s2m4 |    1000    1.095102   .1417748   .7707639   1.765415  
    s3m4 |    1000    .2659099   .0327387   .1905012   .4032466  
    s4m4 |    1000    .2700096   .0658233   .1458777   .5895129  
    s5m4 |    1000    .1130662   .0130021   .0822857   .1705909  
    s1m5 |    1000     1.20477   .0999658   .9087504   1.521528  
    s2m5 |    1000    1.037765   .0864666    .783819   1.307785  
    s3m5 |    1000    .2643488    .022208   .2031731   .3416392  
    s4m5 |    1000    .2146518    .024838   .1470641   .3120511  
    s5m5 |    1000    .1123505   .0090449   .0873103   .1412247  
      wh |    1000    13.68384   8.129729   .4350532   50.78518  
    whpr |    1000    .5481956   .3536555   4.51e-06          1  
      bp |    1000    17.59833   11.79278   .4086644   80.36277  
    bppr |    1000    .0762856    .162048   1.11e-16   .9817614  
      gl |    1000    13.68384   8.129729   .4350532   50.78518  
    glpr |    1000    .0988461    .179126   2.48e-10   .9795077  
      cw |    1000    17.59833   11.79278   .4086644   80.36277  
    cwpr |    1000    .0102598     .03723          0   .5226482  
  seedis |    1000    1.10e+07          0   1.10e+07   1.10e+07  
   niter |    1000        1000          0       1000       1000  
dsnumber |    1000           1          0          1          1  
 dslabel |    1000         114          0        114        114  
  factor |    1000          .7          0         .7         .7  
      R2 |    1000    .3987979          0   .3987979   .3987979  
 sampleN |    1000         250          0        250        250  
 datenum |    1000       13970          0      13970      13970  
 
** Description of Simulation Results in 3c40500

Variable |     Obs        Mean   Std. Dev.       Min        Max
---------+-----------------------------------------------------
      s1 |    1000    .8754684   .8534837  -1.617442   3.871109  
      s2 |    1000    1.100977   .7629549  -1.591982   3.394788  
      s3 |    1000    .9843465   .1862994   .3242548   1.496549  
      s4 |    1000     1.00503   .1848244   .2812708   1.496632  
      s5 |    1000   -.0026398   .0808862  -.2800663   .2623706  
    s1m1 |    1000    .8471385   .0720958   .6324676   1.089975  
    s2m1 |    1000    .7522047   .0689454   .5725443    1.02427  
    s3m1 |    1000    .1838131   .0158478   .1422001   .2420136  
    s4m1 |    1000    .1797989   .0318247   .1213746   .3617401  
    s5m1 |    1000    .0780493   .0062356    .059626   .1041263  
    s1m2 |    1000    .8514062    .072459   .6356538   1.095466  
    s2m2 |    1000    .7559941   .0692928   .5754287    1.02943  
    s3m2 |    1000    .1847391   .0159276   .1429165   .2432328  
    s4m2 |    1000    .1807047    .031985   .1219861   .3635624  
    s5m2 |    1000    .0784425    .006267   .0599263   .1046509  
    s1m3 |    1000    .8541841   .0732421   .6365365   1.100698  
    s2m3 |    1000    .7597408   .0707376   .5769595   1.062848  
    s3m3 |    1000    .1852096   .0160209   .1432307   .2439424  
    s4m3 |    1000    .1833136   .0333902   .1230773   .3805657  
    s5m3 |    1000    .0786016    .006304   .0600559   .1050293  
    s1m4 |    1000    .8614418   .0745133   .6406525   1.111595  
    s2m4 |    1000    .7675829   .0727934   .5814446   1.104594  
    s3m4 |    1000    .1866288    .016199   .1442769   .2458958  
    s4m4 |    1000    .1870317    .035166   .1248451   .4007797  
    s5m4 |    1000     .079163   .0063753   .0604922   .1059435  
    s1m5 |    1000    .8486929   .0489356   .6902107   1.017433  
    s2m5 |    1000    .7295001   .0427909   .5939991   .8524891  
    s3m5 |    1000    .1860903   .0110257   .1558843   .2216202  
    s4m5 |    1000    .1500508   .0120084   .1198714   .1945851  
    s5m5 |    1000    .0793363   .0044655   .0656445   .0992115  
      wh |    1000    22.37591   11.44011   1.434115   71.42896  
    whpr |    1000    .2576548   .3069776   1.06e-09   .9999896  
      bp |    1000    29.15741   16.19213   1.771461   109.7637  
    bppr |    1000    .0149628   .0648883          0   .7776994  
      gl |    1000    22.37591   11.44011   1.434115   71.42896  
    glpr |    1000    .0229818   .0783774   1.13e-14   .8382446  
      cw |    1000    29.15741   16.19213   1.771461   109.7637  
    cwpr |    1000    .0014056   .0094298          0   .1832014  
  seedis |    1000    1.10e+07          0   1.10e+07   1.10e+07  
   niter |    1000        1000          0       1000       1000  
dsnumber |    1000           1          0          1          1  
 dslabel |    1000         114          0        114        114  
  factor |    1000          .7          0         .7         .7  
      R2 |    1000    .3987979          0   .3987979   .3987979  
 sampleN |    1000         500          0        500        500  
 datenum |    1000       13970          0      13970      13970  
 
** Description of Simulation Results in 3c41000

Variable |     Obs        Mean   Std. Dev.       Min        Max
---------+-----------------------------------------------------
      s1 |    1000     .893086   .6048924  -1.121097   2.631921  
      s2 |    1000    1.098539   .5366921  -.5599935    2.81428  
      s3 |    1000      .98142   .1285726   .6305841   1.417825  
      s4 |    1000    1.003207   .1322924   .6060617   1.410065  
      s5 |    1000   -.0051161   .0546499   -.178145   .1511351  
    s1m1 |    1000    .5999132   .0354513   .5053491   .7442218  
    s2m1 |    1000    .5327543   .0343618   .4356243   .6606916  
    s3m1 |    1000    .1300315   .0077976   .1085218   .1602034  
    s4m1 |    1000    .1298222   .0172174   .0878442   .2006747  
    s5m1 |    1000    .0554487      .0031   .0472746   .0687349  
    s1m2 |    1000    .6014186   .0355403   .5066172   .7460894  
    s2m2 |    1000    .5340912    .034448   .4367175   .6623495  
    s3m2 |    1000    .1303578   .0078171   .1087941   .1606055  
    s4m2 |    1000     .130148   .0172606   .0880646   .2011783  
    s5m2 |    1000    .0555879   .0031078   .0473932   .0689074  
    s1m3 |    1000     .602462   .0357637   .5072803   .7478453  
    s2m3 |    1000    .5355067    .034857   .4377481   .6704159  
    s3m3 |    1000    .1305283    .007842    .108937   .1608018  
    s4m3 |    1000    .1311609   .0177048   .0883491   .2043767  
    s5m3 |    1000    .0556448   .0031158   .0474209   .0690062  
    s1m4 |    1000    .6050528   .0360964   .5092344   .7515178  
    s2m4 |    1000    .5383207   .0353976   .4399098   .6851978  
    s3m4 |    1000    .1310293   .0078873   .1093598   .1614034  
    s4m4 |    1000    .1325415   .0182314   .0888639   .2081978  
    s5m4 |    1000    .0558424   .0031319   .0475683   .0692792  
    s1m5 |    1000    .5985387   .0240573    .524327   .6885604  
    s2m5 |    1000    .5139967   .0207725   .4519392   .5878065  
    s3m5 |    1000    .1312448   .0053988   .1168642   .1535712  
    s4m5 |    1000    .1053684   .0057581   .0876336   .1294788  
    s5m5 |    1000    .0560102   .0022936   .0484657   .0639873  
      wh |    1000    39.71945    15.9061   4.420695    99.6111  
    whpr |    1000     .035753   .1064604   5.66e-15   .9923565  
      bp |    1000    51.57324   22.15361   5.871345   141.9718  
    bppr |    1000    .0005655   .0092071          0   .2089646  
      gl |    1000    39.71945    15.9061   4.420695    99.6111  
    glpr |    1000    .0011573   .0147218          0   .3520548  
      cw |    1000    51.57324   22.15361   5.871345   141.9718  
    cwpr |    1000    .0000338   .0006635          0   .0153893  
  seedis |    1000    1.10e+07          0   1.10e+07   1.10e+07  
   niter |    1000        1000          0       1000       1000  
dsnumber |    1000           1          0          1          1  
 dslabel |    1000         114          0        114        114  
  factor |    1000          .7          0         .7         .7  
      R2 |    1000    .3987979          0   .3987979   .3987979  
 sampleN |    1000        1000          0       1000       1000  
 datenum |    1000       13970          0      13970      13970  
(Note: file 3c4r1.dta not found)
file 3c4r1.dta saved
(Note: file 3c4GW.dta not found)
** Glejser and White pass for N=25
** Glejser and White pass for N=50
** Glejser and White pass for N=100
** Glejser and White pass for N=250
** Glejser and White pass for N=500
** Glejser and White pass for N=1000
(Note: file 3c4BC.dta not found)
 
** BP and CW pass for N=25
** BP and CW pass for N=50
** BP and CW pass for N=100
** BP and CW pass for N=250
** BP and CW pass for N=500
** BP and CW pass for N=1000
(Note: file 3c4res.dta not found)
file 3c4res.dta saved

. set more on

. log close
