
. ts
**  1 Apr 1998 - 21:13:33

. set more off

. hcsum 3c4 B
** HCSUM for 3c4res: B.
 * Table of mean absolute deviation from nominal size.
 * Negative marks smallest value.

            All  Through       b1       b2       b3       b4
sOLS05    0.014   50.000    0.007   -0.004    0.039    0.004
s0HC05    0.044   50.000    0.035    0.027    0.089    0.023
s1HC05    0.022   50.000    0.017    0.009    0.060   -0.001
s2HC05    0.013   50.000    0.008    0.004    0.036    0.004
s3HC05    0.017   50.000    0.015    0.022   -0.009    0.021
s3B005    0.012   50.000    0.003    0.008    0.026    0.010
s3B105   -0.012   50.000   -0.001    0.010    0.023    0.012
s3B205    0.013   50.000    0.003    0.014    0.021    0.015
s3B305    0.013   50.000    0.005    0.015    0.019    0.016
s3B305    0.014   50.000    0.005    0.015    0.017    0.019
s3B305    0.014   50.000    0.007    0.018    0.014    0.019

            All  Through       b1       b2       b3       b4
sOLS05    0.029  100.000    0.011   -0.003    0.042    0.003
s0HC05    0.080  100.000    0.033    0.020    0.072    0.019
s1HC05    0.040  100.000    0.018    0.006    0.049   -0.001
s2HC05    0.024  100.000    0.010    0.003    0.029    0.003
s3HC05    0.029  100.000    0.012    0.016   -0.006    0.016
s3B005    0.023  100.000    0.004    0.007    0.023    0.009
s3B105    0.001  100.000   -0.002    0.008    0.020    0.010
s3B205    0.024  100.000    0.003    0.011    0.018    0.012
s3B305    0.024  100.000    0.004    0.012    0.015    0.013
s3B305    0.025  100.000    0.005    0.012    0.014    0.015
s3B305    0.025  100.000    0.006    0.014    0.010    0.015

            All  Through       b1       b2       b3       b4
sOLS05    0.046  250.000    0.011    0.003    0.053    0.003
s0HC05    0.110  250.000    0.025    0.016    0.064    0.016
s1HC05    0.057  250.000    0.014    0.005    0.046   -0.003
s2HC05    0.035  250.000    0.008   -0.003    0.030    0.004
s3HC05    0.040  250.000    0.009    0.013   -0.010    0.013
s3B005    0.033  250.000    0.004    0.006    0.024    0.007
s3B105   -0.011  250.000   -0.002    0.007    0.021    0.008
s3B205    0.034  250.000    0.003    0.009    0.019    0.010
s3B305    0.034  250.000    0.003    0.009    0.017    0.010
s3B305    0.036  250.000    0.004    0.009    0.016    0.011
s3B305    0.035  250.000    0.005    0.011    0.013    0.011

             All   Through        b1        b2        b3        b4
sOLS05     0.065  1000.000     0.011     0.003     0.057     0.005
s0HC05     0.133  1000.000     0.019     0.012     0.049     0.014
s1HC05     0.071  1000.000     0.011     0.004     0.036    -0.004
s2HC05     0.045  1000.000     0.007    -0.003     0.024     0.005
s3HC05     0.050  1000.000     0.008     0.010    -0.010     0.011
s3B005     0.042  1000.000     0.004     0.005     0.020     0.007
s3B105     0.002  1000.000    -0.003     0.005     0.017     0.008
s3B205     0.043  1000.000     0.004     0.007     0.016     0.009
s3B305     0.043  1000.000     0.004     0.007     0.015     0.009
s3B305     0.044  1000.000     0.004     0.007     0.014     0.010
s3B305     0.044  1000.000     0.005     0.008     0.012     0.010

. hcsum 3c4 C
** HCSUM for 3c4res: C.
 * Table of mean absolute deviation from nominal size.
 * Negative marks smallest value.

            All  Through       b1       b2       b3       b4
sOLS05    0.014   50.000    0.007   -0.004    0.039    0.004
s0HC05    0.044   50.000    0.035    0.027    0.089    0.023
s1HC05    0.022   50.000    0.017    0.009    0.060   -0.001
s2HC05   -0.013   50.000    0.008    0.004    0.036    0.004
s3HC05    0.017   50.000    0.015    0.022    0.009    0.021
s3C005    0.014   50.000   -0.005    0.016    0.015    0.019
s3C105    0.015   50.000    0.008    0.019    0.013    0.021
s3C205    0.015   50.000    0.010    0.021    0.008    0.019
s3C305    0.015   50.000    0.013    0.021    0.006    0.020
s3C305    0.016   50.000    0.014    0.022   -0.006    0.021
s3C305    0.016   50.000    0.015    0.022    0.008    0.020

            All  Through       b1       b2       b3       b4
sOLS05    0.029  100.000    0.011   -0.003    0.042    0.003
s0HC05    0.080  100.000    0.033    0.020    0.072    0.019
s1HC05    0.040  100.000    0.018    0.006    0.049   -0.001
s2HC05    0.002  100.000    0.010    0.003    0.029    0.003
s3HC05    0.029  100.000    0.012    0.016    0.006    0.016
s3C005    0.024  100.000   -0.004    0.013    0.011    0.015
s3C105    0.027  100.000    0.007    0.014    0.010    0.016
s3C205    0.026  100.000    0.008    0.016    0.006    0.016
s3C305    0.027  100.000    0.010    0.016    0.004    0.016
s3C305    0.027  100.000    0.011    0.016   -0.004    0.016
s3C305    0.029  100.000    0.012    0.016    0.006    0.016

            All  Through       b1       b2       b3       b4
sOLS05    0.046  250.000    0.011    0.003    0.053    0.003
s0HC05    0.110  250.000    0.025    0.016    0.064    0.016
s1HC05    0.057  250.000    0.014    0.005    0.046   -0.003
s2HC05   -0.012  250.000    0.008   -0.003    0.030    0.004
s3HC05    0.040  250.000    0.009    0.013    0.010    0.013
s3C005    0.034  250.000   -0.004    0.010    0.013    0.011
s3C105    0.038  250.000    0.005    0.011    0.012    0.013
s3C205    0.036  250.000    0.006    0.012    0.009    0.012
s3C305    0.037  250.000    0.008    0.012    0.009    0.013
s3C305    0.038  250.000    0.009    0.013   -0.009    0.013
s3C305    0.040  250.000    0.009    0.013    0.009    0.013

             All   Through        b1        b2        b3        b4
sOLS05     0.065  1000.000     0.011     0.003     0.057     0.005
s0HC05     0.133  1000.000     0.019     0.012     0.049     0.014
s1HC05     0.071  1000.000     0.011     0.004     0.036    -0.004
s2HC05     0.003  1000.000     0.007    -0.003     0.024     0.005
s3HC05     0.050  1000.000     0.008     0.010     0.010     0.011
s3C005     0.043  1000.000    -0.004     0.008     0.012     0.010
s3C105     0.047  1000.000     0.005     0.009     0.011     0.011
s3C205     0.045  1000.000     0.006     0.009     0.010     0.011
s3C305     0.046  1000.000     0.007     0.009     0.009     0.011
s3C305     0.047  1000.000     0.008     0.010    -0.009     0.011
s3C305     0.049  1000.000     0.008     0.010     0.010     0.011

. hcsum 3c4 G
** HCSUM for 3c4res: G.
 * Table of mean absolute deviation from nominal size.
 * Negative marks smallest value.

            All  Through       b1       b2       b3       b4
sOLS05    0.014   50.000    0.007   -0.004    0.039    0.004
s0HC05    0.044   50.000    0.035    0.027    0.089    0.023
s1HC05    0.022   50.000    0.017    0.009    0.060   -0.001
s2HC05    0.013   50.000    0.008    0.004    0.036    0.004
s3HC05    0.017   50.000    0.015    0.022    0.009    0.021
s3G005   -0.011   50.000   -0.003    0.009    0.023    0.009
s3G105    0.013   50.000    0.004    0.014    0.019    0.013
s3G205    0.015   50.000    0.008    0.019    0.016    0.018
s3G305    0.015   50.000    0.009    0.020    0.013    0.018
s3G305    0.015   50.000    0.012    0.020    0.008    0.019
s3G305    0.015   50.000    0.013    0.022   -0.006    0.020

            All  Through       b1       b2       b3       b4
sOLS05    0.029  100.000    0.011   -0.003    0.042    0.003
s0HC05    0.080  100.000    0.033    0.020    0.072    0.019
s1HC05    0.040  100.000    0.018    0.006    0.049   -0.001
s2HC05    0.024  100.000    0.010    0.003    0.029    0.003
s3HC05    0.029  100.000    0.012    0.016    0.006    0.016
s3G005    0.000  100.000    0.004    0.008    0.022    0.009
s3G105    0.023  100.000   -0.003    0.011    0.018    0.012
s3G205    0.027  100.000    0.005    0.014    0.014    0.014
s3G305    0.027  100.000    0.007    0.015    0.010    0.014
s3G305    0.026  100.000    0.009    0.015    0.007    0.015
s3G305    0.027  100.000    0.010    0.016   -0.005    0.017

            All  Through       b1       b2       b3       b4
sOLS05    0.046  250.000    0.011    0.003    0.053    0.003
s0HC05    0.110  250.000    0.025    0.016    0.064    0.016
s1HC05    0.057  250.000    0.014    0.005    0.046   -0.003
s2HC05    0.035  250.000    0.008   -0.003    0.030    0.004
s3HC05    0.040  250.000    0.009    0.013    0.010    0.013
s3G005   -0.011  250.000    0.003    0.007    0.024    0.007
s3G105    0.033  250.000   -0.002    0.008    0.020    0.009
s3G205    0.037  250.000    0.005    0.011    0.016    0.011
s3G305    0.037  250.000    0.006    0.012    0.013    0.011
s3G305    0.036  250.000    0.007    0.012    0.010    0.012
s3G305    0.038  250.000    0.008    0.013   -0.009    0.013

             All   Through        b1        b2        b3        b4
sOLS05     0.065  1000.000     0.011     0.003     0.057     0.005
s0HC05     0.133  1000.000     0.019     0.012     0.049     0.014
s1HC05     0.071  1000.000     0.011     0.004     0.036    -0.004
s2HC05     0.045  1000.000     0.007    -0.003     0.024     0.005
s3HC05     0.050  1000.000     0.008     0.010     0.010     0.011
s3G005     0.002  1000.000     0.004     0.005     0.019     0.007
s3G105     0.042  1000.000    -0.003     0.006     0.016     0.008
s3G205     0.046  1000.000     0.005     0.008     0.014     0.010
s3G305     0.046  1000.000     0.006     0.009     0.012     0.010
s3G305     0.045  1000.000     0.006     0.009     0.010     0.011
s3G305     0.047  1000.000     0.007     0.010    -0.009     0.011

. hcsum 3c4 W
** HCSUM for 3c4res: W.
 * Table of mean absolute deviation from nominal size.
 * Negative marks smallest value.

            All  Through       b1       b2       b3       b4
sOLS05    0.014   50.000    0.007   -0.004    0.039    0.004
s0HC05    0.044   50.000    0.035    0.027    0.089    0.023
s1HC05    0.022   50.000    0.017    0.009    0.060   -0.001
s2HC05    0.013   50.000    0.008    0.004    0.036    0.004
s3HC05    0.017   50.000    0.015    0.022   -0.009    0.021
s3W005    0.014   50.000    0.007    0.004    0.039    0.005
s3W105    0.014   50.000    0.007    0.004    0.038    0.005
s3W205    0.014   50.000    0.007    0.004    0.038    0.005
s3W305    0.014   50.000    0.007    0.004    0.037    0.006
s3W305    0.012   50.000   -0.005    0.004    0.034    0.007
s3W305   -0.012   50.000    0.005    0.004    0.032    0.007

            All  Through       b1       b2       b3       b4
sOLS05    0.029  100.000    0.011   -0.003    0.042    0.003
s0HC05    0.080  100.000    0.033    0.020    0.072    0.019
s1HC05    0.040  100.000    0.018    0.006    0.049   -0.001
s2HC05    0.024  100.000    0.010    0.003    0.029    0.003
s3HC05    0.029  100.000    0.012    0.016   -0.006    0.016
s3W005    0.028  100.000    0.010    0.003    0.041    0.004
s3W105    0.028  100.000    0.010    0.003    0.039    0.004
s3W205    0.028  100.000    0.010    0.003    0.038    0.005
s3W305    0.027  100.000    0.009    0.003    0.036    0.005
s3W305    0.025  100.000    0.008    0.003    0.033    0.006
s3W305    0.000  100.000   -0.007    0.004    0.031    0.006

            All  Through       b1       b2       b3       b4
sOLS05    0.046  250.000    0.011    0.003    0.053    0.003
s0HC05    0.110  250.000    0.025    0.016    0.064    0.016
s1HC05    0.057  250.000    0.014    0.005    0.046   -0.003
s2HC05    0.035  250.000    0.008   -0.003    0.030    0.004
s3HC05    0.040  250.000    0.009    0.013   -0.010    0.013
s3W005    0.043  250.000    0.009    0.003    0.045    0.003
s3W105    0.043  250.000    0.009    0.003    0.043    0.004
s3W205    0.042  250.000    0.009    0.003    0.039    0.004
s3W305    0.040  250.000    0.009    0.003    0.036    0.004
s3W305    0.037  250.000    0.008    0.003    0.033    0.005
s3W305   -0.012  250.000   -0.007    0.004    0.032    0.005

             All   Through        b1        b2        b3        b4
sOLS05     0.065  1000.000     0.011     0.003     0.057     0.005
s0HC05     0.133  1000.000     0.019     0.012     0.049     0.014
s1HC05     0.071  1000.000     0.011     0.004     0.036    -0.004
s2HC05     0.045  1000.000    -0.007     0.003     0.024     0.005
s3HC05     0.050  1000.000     0.008     0.010    -0.010     0.011
s3W005     0.057  1000.000     0.009     0.003     0.037     0.005
s3W105     0.056  1000.000     0.009     0.003     0.035     0.005
s3W205     0.054  1000.000     0.009     0.003     0.031     0.005
s3W305     0.051  1000.000     0.009    -0.003     0.029     0.005
s3W305     0.047  1000.000     0.008     0.003     0.027     0.006
s3W305     0.002  1000.000     0.007     0.003     0.025     0.006

. hcsum 3c4 all
** HCSUM for 3c4res: all.
 * Table of mean absolute deviation from nominal size.
 * Negative marks smallest value.

            All  Through       b1       b2       b3       b4
sOLS05    0.014   50.000    0.007   -0.004    0.039    0.004
s0HC05    0.044   50.000    0.035    0.027    0.089    0.023
s1HC05    0.022   50.000    0.017    0.009    0.060   -0.001
s2HC05    0.013   50.000    0.008    0.004    0.036    0.004
s3HC05    0.017   50.000    0.015    0.022    0.009    0.021
s3B005    0.012   50.000    0.003    0.008    0.026    0.010
s3B105    0.012   50.000   -0.001    0.010    0.023    0.012
s3B205    0.013   50.000    0.003    0.014    0.021    0.015
s3B305    0.013   50.000    0.005    0.015    0.019    0.016
s3B405    0.014   50.000    0.005    0.015    0.017    0.019
s3B505    0.014   50.000    0.007    0.018    0.014    0.019
s3C005    0.014   50.000    0.005    0.016    0.015    0.019
s3C105    0.015   50.000    0.008    0.019    0.013    0.021
s3C205    0.015   50.000    0.010    0.021    0.008    0.019
s3C305    0.015   50.000    0.013    0.021    0.006    0.020
s3C405    0.016   50.000    0.014    0.022   -0.006    0.021
s3C505    0.016   50.000    0.015    0.022    0.008    0.020
s3G005   -0.011   50.000    0.003    0.009    0.023    0.009
s3G105    0.013   50.000    0.004    0.014    0.019    0.013
s3G205    0.015   50.000    0.008    0.019    0.016    0.018
s3G305    0.015   50.000    0.009    0.020    0.013    0.018
s3G405    0.015   50.000    0.012    0.020    0.008    0.019
s3G505    0.015   50.000    0.013    0.022    0.006    0.020
s3W005    0.014   50.000    0.007    0.004    0.039    0.005
s3W105    0.014   50.000    0.007    0.004    0.038    0.005
s3W205    0.014   50.000    0.007    0.004    0.038    0.005
s3W305    0.014   50.000    0.007    0.004    0.037    0.006
s3W405    0.012   50.000    0.005    0.004    0.034    0.007
s3W505    0.012   50.000    0.005    0.004    0.032    0.007

            All  Through       b1       b2       b3       b4
sOLS05    0.029  100.000    0.011   -0.003    0.042    0.003
s0HC05    0.080  100.000    0.033    0.020    0.072    0.019
s1HC05    0.040  100.000    0.018    0.006    0.049   -0.001
s2HC05    0.024  100.000    0.010    0.003    0.029    0.003
s3HC05    0.029  100.000    0.012    0.016    0.006    0.016
s3B005    0.023  100.000    0.004    0.007    0.023    0.009
s3B105    0.022  100.000   -0.002    0.008    0.020    0.010
s3B205    0.024  100.000    0.003    0.011    0.018    0.012
s3B305    0.024  100.000    0.004    0.012    0.015    0.013
s3B405    0.025  100.000    0.005    0.012    0.014    0.015
s3B505    0.025  100.000    0.006    0.014    0.010    0.015
s3C005    0.024  100.000    0.004    0.013    0.011    0.015
s3C105    0.027  100.000    0.007    0.014    0.010    0.016
s3C205    0.026  100.000    0.008    0.016    0.006    0.016
s3C305    0.027  100.000    0.010    0.016    0.004    0.016
s3C405    0.027  100.000    0.011    0.016   -0.004    0.016
s3C505    0.029  100.000    0.012    0.016    0.006    0.016
s3G005    0.000  100.000    0.004    0.008    0.022    0.009
s3G105    0.023  100.000    0.003    0.011    0.018    0.012
s3G205    0.027  100.000    0.005    0.014    0.014    0.014
s3G305    0.027  100.000    0.007    0.015    0.010    0.014
s3G405    0.026  100.000    0.009    0.015    0.007    0.015
s3G505    0.027  100.000    0.010    0.016    0.005    0.017
s3W005    0.028  100.000    0.010    0.003    0.041    0.004
s3W105    0.028  100.000    0.010    0.003    0.039    0.004
s3W205    0.028  100.000    0.010    0.003    0.038    0.005
s3W305    0.027  100.000    0.009    0.003    0.036    0.005
s3W405    0.025  100.000    0.008    0.003    0.033    0.006
s3W505    0.024  100.000    0.007    0.004    0.031    0.006

            All  Through       b1       b2       b3       b4
sOLS05    0.046  250.000    0.011    0.003    0.053    0.003
s0HC05    0.110  250.000    0.025    0.016    0.064    0.016
s1HC05    0.057  250.000    0.014    0.005    0.046   -0.003
s2HC05    0.035  250.000    0.008   -0.003    0.030    0.004
s3HC05    0.040  250.000    0.009    0.013    0.010    0.013
s3B005    0.033  250.000    0.004    0.006    0.024    0.007
s3B105    0.031  250.000   -0.002    0.007    0.021    0.008
s3B205    0.034  250.000    0.003    0.009    0.019    0.010
s3B305    0.034  250.000    0.003    0.009    0.017    0.010
s3B405    0.036  250.000    0.004    0.009    0.016    0.011
s3B505    0.035  250.000    0.005    0.011    0.013    0.011
s3C005    0.034  250.000    0.004    0.010    0.013    0.011
s3C105    0.038  250.000    0.005    0.011    0.012    0.013
s3C205    0.036  250.000    0.006    0.012    0.009    0.012
s3C305    0.037  250.000    0.008    0.012    0.009    0.013
s3C405    0.038  250.000    0.009    0.013   -0.009    0.013
s3C505    0.040  250.000    0.009    0.013    0.009    0.013
s3G005   -0.011  250.000    0.003    0.007    0.024    0.007
s3G105    0.033  250.000    0.002    0.008    0.020    0.009
s3G205    0.037  250.000    0.005    0.011    0.016    0.011
s3G305    0.037  250.000    0.006    0.012    0.013    0.011
s3G405    0.036  250.000    0.007    0.012    0.010    0.012
s3G505    0.038  250.000    0.008    0.013    0.009    0.013
s3W005    0.043  250.000    0.009    0.003    0.045    0.003
s3W105    0.043  250.000    0.009    0.003    0.043    0.004
s3W205    0.042  250.000    0.009    0.003    0.039    0.004
s3W305    0.040  250.000    0.009    0.003    0.036    0.004
s3W405    0.037  250.000    0.008    0.003    0.033    0.005
s3W505    0.036  250.000    0.007    0.004    0.032    0.005

             All   Through        b1        b2        b3        b4
sOLS05     0.065  1000.000     0.011     0.003     0.057     0.005
s0HC05     0.133  1000.000     0.019     0.012     0.049     0.014
s1HC05     0.071  1000.000     0.011     0.004     0.036    -0.004
s2HC05     0.045  1000.000     0.007     0.003     0.024     0.005
s3HC05     0.050  1000.000     0.008     0.010     0.010     0.011
s3B005     0.042  1000.000     0.004     0.005     0.020     0.007
s3B105     0.040  1000.000    -0.003     0.005     0.017     0.008
s3B205     0.043  1000.000     0.004     0.007     0.016     0.009
s3B305     0.043  1000.000     0.004     0.007     0.015     0.009
s3B405     0.044  1000.000     0.004     0.007     0.014     0.010
s3B505     0.044  1000.000     0.005     0.008     0.012     0.010
s3C005     0.043  1000.000     0.004     0.008     0.012     0.010
s3C105     0.047  1000.000     0.005     0.009     0.011     0.011
s3C205     0.045  1000.000     0.006     0.009     0.010     0.011
s3C305     0.046  1000.000     0.007     0.009     0.009     0.011
s3C405     0.047  1000.000     0.008     0.010    -0.009     0.011
s3C505     0.049  1000.000     0.008     0.010     0.010     0.011
s3G005     0.002  1000.000     0.004     0.005     0.019     0.007
s3G105     0.042  1000.000     0.003     0.006     0.016     0.008
s3G205     0.046  1000.000     0.005     0.008     0.014     0.010
s3G305     0.046  1000.000     0.006     0.009     0.012     0.010
s3G405     0.045  1000.000     0.006     0.009     0.010     0.011
s3G505     0.047  1000.000     0.007     0.010     0.009     0.011
s3W005     0.057  1000.000     0.009     0.003     0.037     0.005
s3W105     0.056  1000.000     0.009     0.003     0.035     0.005
s3W205     0.054  1000.000     0.009     0.003     0.031     0.005
s3W305     0.051  1000.000     0.009    -0.003     0.029     0.005
s3W405     0.047  1000.000     0.008     0.003     0.027     0.006
s3W505     0.047  1000.000     0.007     0.003     0.025     0.006

. set more on

. log close
