
. 
. *  3c4.do
. *  data structure: het on x3 with chi-sq errors,
. *  errors normal, R2=.40.
. *  base data: jslHC1
. 
. ts
**  1 Apr 1998 - 08:07:26

. version 5.0

. clear

. set more off

. 
.     global factor = 1.00

.     global simnum_ = 1000

.     global plevel = .05

.     global seedmc = 11020760

.     use jslhc1

.     set seed $seedmc

.     di "Iterations beginning."
Iterations beginning.

.     ts
**  1 Apr 1998 - 08:07:27

.     hcmonte 1 114 3c4 25 50 100 250 500 1000
** Constructing data to analyze...
*  Simulation date: 13970
*  Population:      hc1
*  Data Label:      hc114
*  Factor:          .7
*  Structure:       hc3c4
*  Sample N's:      25 50 100 250 500 1000
*  Selection seed:  11020760
*  Iterations:      1000

*  Population regression:

  Source |       SS       df       MS                  Number of obs =  100000
---------+------------------------------               F(  4, 99995) =16582.53
   Model |  411621.049     4  102905.262               Prob > F      =  0.0000
Residual |  620533.414 99995  6.20564442               R-squared     =  0.3988
---------+------------------------------               Adj R-squared =  0.3988
   Total |  1032154.46 99999  10.3216478               Root MSE      =  2.4911

------------------------------------------------------------------------------
       y |      Coef.   Std. Err.       t     P>|t|       [95% Conf. Interval]
---------+--------------------------------------------------------------------
      x1 |   1.089646   .0513144     21.235   0.000       .9890701    1.190221
      x2 |   .9818726   .0131079     74.907   0.000       .9561812    1.007564
      x3 |   1.003464   .0105122     95.457   0.000       .9828604    1.024068
      x4 |  -.0033405   .0056004     -0.596   0.551      -.0143172    .0076362
   _cons |   .9001062   .0597904     15.054   0.000       .7829177    1.017295
------------------------------------------------------------------------------
** Simulations follow:
 
Sample size:  25
Results file: 3c40025
(Note: file 3c40025.dta not found)
08:07:52. Working...
08:08:03. 1 completed. Next notice is 10.
08:08:40. 10 completed. Next notice is 25.
08:09:42. 25 completed. Next notice is 50.
08:11:28. 50 completed. Next notice is 100.
08:14:55. 100 completed. Next notice is 200.
08:22:02. 200 completed. Next notice is 300.
08:29:04. 300 completed. Next notice is 400.
08:35:53. 400 completed. Next notice is 500.
08:42:47. 500 completed. Next notice is 600.
08:49:45. 600 completed. Next notice is 700.
08:56:51. 700 completed. Next notice is 800.
09:05:14. 800 completed. Next notice is 900.
09:14:16. 900 completed. Next notice is 950.
09:17:56. 950 completed. Next notice is 975.
09:20:00. 975 completed. Next notice is 990.
09:21:19. 990 completed. Next notice is completion.
09:22:06. Iterations complete.
 
Sample size:  50
Results file: 3c40050
(Note: file 3c40050.dta not found)
09:22:06. Working...
09:22:16. 1 completed. Next notice is 10.
09:22:57. 10 completed. Next notice is 25.
09:24:12. 25 completed. Next notice is 50.
09:26:08. 50 completed. Next notice is 100.
09:30:29. 100 completed. Next notice is 200.
09:37:54. 200 completed. Next notice is 300.
09:44:45. 300 completed. Next notice is 400.
09:51:50. 400 completed. Next notice is 500.
09:58:51. 500 completed. Next notice is 600.
10:05:44. 600 completed. Next notice is 700.
10:13:45. 700 completed. Next notice is 800.
10:21:24. 800 completed. Next notice is 900.
10:28:42. 900 completed. Next notice is 950.
10:32:18. 950 completed. Next notice is 975.
10:34:02. 975 completed. Next notice is 990.
10:35:06. 990 completed. Next notice is completion.
10:35:46. Iterations complete.
 
Sample size:  100
Results file: 3c40100
(Note: file 3c40100.dta not found)
10:35:46. Working...
10:35:56. 1 completed. Next notice is 10.
10:36:26. 10 completed. Next notice is 25.
10:37:23. 25 completed. Next notice is 50.
10:39:11. 50 completed. Next notice is 100.
10:43:04. 100 completed. Next notice is 200.
10:50:35. 200 completed. Next notice is 300.
10:57:37. 300 completed. Next notice is 400.
11:05:27. 400 completed. Next notice is 500.
11:12:59. 500 completed. Next notice is 600.
11:20:38. 600 completed. Next notice is 700.
11:28:30. 700 completed. Next notice is 800.
11:36:01. 800 completed. Next notice is 900.
11:43:39. 900 completed. Next notice is 950.
11:47:26. 950 completed. Next notice is 975.
11:49:09. 975 completed. Next notice is 990.
11:50:08. 990 completed. Next notice is completion.
11:50:50. Iterations complete.
 
Sample size:  250
Results file: 3c40250
(Note: file 3c40250.dta not found)
11:50:50. Working...
11:50:58. 1 completed. Next notice is 10.
11:51:31. 10 completed. Next notice is 25.
11:52:30. 25 completed. Next notice is 50.
11:54:29. 50 completed. Next notice is 100.
11:58:09. 100 completed. Next notice is 200.
12:05:45. 200 completed. Next notice is 300.
12:13:27. 300 completed. Next notice is 400.
12:20:47. 400 completed. Next notice is 500.
12:28:01. 500 completed. Next notice is 600.
12:35:19. 600 completed. Next notice is 700.
12:42:35. 700 completed. Next notice is 800.
12:50:02. 800 completed. Next notice is 900.
12:57:54. 900 completed. Next notice is 950.
13:02:05. 950 completed. Next notice is 975.
13:03:58. 975 completed. Next notice is 990.
13:05:08. 990 completed. Next notice is completion.
13:05:49. Iterations complete.
 
Sample size:  500
Results file: 3c40500
(Note: file 3c40500.dta not found)
13:05:49. Working...
13:06:01. 1 completed. Next notice is 10.
13:06:34. 10 completed. Next notice is 25.
13:07:47. 25 completed. Next notice is 50.
13:09:42. 50 completed. Next notice is 100.
13:13:26. 100 completed. Next notice is 200.
13:21:20. 200 completed. Next notice is 300.
13:29:16. 300 completed. Next notice is 400.
13:37:11. 400 completed. Next notice is 500.
13:44:52. 500 completed. Next notice is 600.
13:52:44. 600 completed. Next notice is 700.
14:00:24. 700 completed. Next notice is 800.
14:08:32. 800 completed. Next notice is 900.
14:17:05. 900 completed. Next notice is 950.
14:21:05. 950 completed. Next notice is 975.
14:23:03. 975 completed. Next notice is 990.
14:24:12. 990 completed. Next notice is completion.
14:24:52. Iterations complete.
 
Sample size:  1000
Results file: 3c41000
(Note: file 3c41000.dta not found)
14:24:53. Working...
14:25:03. 1 completed. Next notice is 10.
14:25:43. 10 completed. Next notice is 25.
14:26:49. 25 completed. Next notice is 50.
14:28:50. 50 completed. Next notice is 100.
14:32:39. 100 completed. Next notice is 200.
14:40:24. 200 completed. Next notice is 300.
14:48:37. 300 completed. Next notice is 400.
14:57:05. 400 completed. Next notice is 500.
15:05:20. 500 completed. Next notice is 600.
15:13:11. 600 completed. Next notice is 700.
15:21:24. 700 completed. Next notice is 800.
15:29:39. 800 completed. Next notice is 900.
15:37:30. 900 completed. Next notice is 950.
15:41:37. 950 completed. Next notice is 975.
15:43:47. 975 completed. Next notice is 990.
15:44:56. 990 completed. Next notice is completion.
15:45:54. Iterations complete.

.     di "Iterations complete.
Iterations complete.

.     ts
**  1 Apr 1998 - 15:45:55

. 
. log close
