
. ts
** 31 Mar 1998 - 12:22:19

. set more off

. hcsum 3eqc B
** HCSUM for 3eqcres: B.
 * Table of mean absolute deviation from nominal size.
 * Negative marks smallest value.

            All  Through       b1       b2       b3       b4
sOLS05    0.029   50.000    0.012    0.011    0.087   -0.003
s0HC05    0.058   50.000    0.042    0.033    0.123    0.034
s1HC05    0.035   50.000    0.018    0.016    0.095    0.013
s2HC05    0.025   50.000    0.008   -0.010    0.073    0.008
s3HC05   -0.016   50.000    0.013    0.014   -0.025    0.013
s3B005    0.020   50.000    0.004    0.012    0.055    0.006
s3B105    0.019   50.000   -0.004    0.013    0.054    0.006
s3B205    0.017   50.000    0.004    0.012    0.045    0.006
s3B305    0.017   50.000    0.006    0.014    0.041    0.006
s3B305    0.018   50.000    0.009    0.014    0.041    0.007
s3B305    0.017   50.000    0.011    0.013    0.037    0.007

            All  Through       b1       b2       b3       b4
sOLS05    0.060  100.000    0.018    0.008    0.096   -0.003
s0HC05    0.107  100.000    0.037    0.027    0.107    0.027
s1HC05    0.067  100.000    0.018    0.012    0.086    0.010
s2HC05    0.048  100.000    0.009   -0.008    0.069    0.006
s3HC05    0.001  100.000    0.010    0.011   -0.031    0.011
s3B005    0.038  100.000    0.003    0.010    0.053    0.007
s3B105    0.037  100.000   -0.003    0.010    0.051    0.007
s3B205    0.033  100.000    0.003    0.009    0.045    0.006
s3B305    0.033  100.000    0.005    0.011    0.042    0.006
s3B305    0.035  100.000    0.007    0.011    0.041    0.007
s3B305    0.033  100.000    0.008    0.010    0.039    0.007

            All  Through       b1       b2       b3       b4
sOLS05    0.095  250.000    0.023    0.009    0.105   -0.003
s0HC05    0.149  250.000    0.033    0.022    0.090    0.021
s1HC05    0.095  250.000    0.018    0.011    0.074    0.008
s2HC05    0.069  250.000    0.011   -0.008    0.059    0.005
s3HC05   -0.015  250.000    0.010    0.009   -0.028    0.009
s3B005    0.054  250.000    0.005    0.009    0.045    0.006
s3B105    0.053  250.000   -0.005    0.009    0.044    0.006
s3B205    0.047  250.000    0.005    0.008    0.039    0.006
s3B305    0.047  250.000    0.006    0.009    0.036    0.006
s3B305    0.050  250.000    0.008    0.010    0.036    0.007
s3B305    0.048  250.000    0.009    0.009    0.034    0.007

             All   Through        b1        b2        b3        b4
sOLS05     0.133  1000.000     0.025     0.008     0.117    -0.005
s0HC05     0.181  1000.000     0.025     0.017     0.069     0.017
s1HC05     0.118  1000.000     0.015     0.010     0.058     0.008
s2HC05     0.087  1000.000     0.009    -0.008     0.047     0.006
s3HC05     0.002  1000.000     0.008     0.009    -0.025     0.009
s3B005     0.068  1000.000     0.005     0.009     0.036     0.007
s3B105     0.067  1000.000    -0.004     0.009     0.035     0.007
s3B205     0.060  1000.000     0.005     0.008     0.032     0.006
s3B305     0.060  1000.000     0.005     0.009     0.030     0.006
s3B305     0.063  1000.000     0.007     0.009     0.030     0.007
s3B305     0.061  1000.000     0.007     0.009     0.029     0.007

. hcsum 3eqc C
** HCSUM for 3eqcres: C.
 * Table of mean absolute deviation from nominal size.
 * Negative marks smallest value.

            All  Through       b1       b2       b3       b4
sOLS05    0.029   50.000    0.012    0.011    0.087   -0.003
s0HC05    0.058   50.000    0.042    0.033    0.123    0.034
s1HC05    0.035   50.000    0.018    0.016    0.095    0.013
s2HC05    0.025   50.000    0.008   -0.010    0.073    0.008
s3HC05   -0.016   50.000    0.013    0.014   -0.025    0.013
s3C005    0.018   50.000   -0.002    0.011    0.055    0.005
s3C105    0.017   50.000    0.003    0.012    0.049    0.006
s3C205    0.017   50.000    0.007    0.012    0.041    0.008
s3C305    0.016   50.000    0.007    0.012    0.037    0.009
s3C305    0.016   50.000    0.008    0.013    0.034    0.010
s3C305    0.017   50.000    0.010    0.013    0.033    0.012

            All  Through       b1       b2       b3       b4
sOLS05    0.060  100.000    0.018    0.008    0.096   -0.003
s0HC05    0.107  100.000    0.037    0.027    0.107    0.027
s1HC05    0.067  100.000    0.018    0.012    0.086    0.010
s2HC05    0.048  100.000    0.009   -0.008    0.069    0.006
s3HC05    0.001  100.000    0.010    0.011   -0.031    0.011
s3C005    0.035  100.000   -0.002    0.009    0.051    0.006
s3C105    0.034  100.000    0.002    0.010    0.046    0.007
s3C205    0.032  100.000    0.005    0.009    0.040    0.008
s3C305    0.032  100.000    0.006    0.010    0.039    0.009
s3C305    0.032  100.000    0.007    0.010    0.037    0.010
s3C305    0.033  100.000    0.008    0.010    0.036    0.010

            All  Through       b1       b2       b3       b4
sOLS05    0.095  250.000    0.023    0.009    0.105   -0.003
s0HC05    0.149  250.000    0.033    0.022    0.090    0.021
s1HC05    0.095  250.000    0.018    0.011    0.074    0.008
s2HC05    0.069  250.000    0.011    0.008    0.059    0.005
s3HC05   -0.015  250.000    0.010    0.009   -0.028    0.009
s3C005    0.050  250.000   -0.004   -0.008    0.043    0.006
s3C105    0.048  250.000    0.005    0.008    0.040    0.006
s3C205    0.047  250.000    0.007    0.008    0.036    0.007
s3C305    0.047  250.000    0.007    0.008    0.034    0.008
s3C305    0.047  250.000    0.008    0.009    0.033    0.008
s3C305    0.048  250.000    0.009    0.009    0.032    0.009

             All   Through        b1        b2        b3        b4
sOLS05     0.133  1000.000     0.025     0.008     0.117    -0.005
s0HC05     0.181  1000.000     0.025     0.017     0.069     0.017
s1HC05     0.118  1000.000     0.015     0.010     0.058     0.008
s2HC05     0.087  1000.000     0.009    -0.008     0.047     0.006
s3HC05     0.002  1000.000     0.008     0.009    -0.025     0.009
s3C005     0.064  1000.000    -0.004     0.008     0.035     0.006
s3C105     0.061  1000.000     0.004     0.008     0.033     0.006
s3C205     0.059  1000.000     0.006     0.008     0.030     0.007
s3C305     0.059  1000.000     0.006     0.009     0.029     0.008
s3C305     0.060  1000.000     0.006     0.009     0.028     0.008
s3C305     0.061  1000.000     0.007     0.009     0.028     0.008

. hcsum 3eqc G
** HCSUM for 3eqcres: G.
 * Table of mean absolute deviation from nominal size.
 * Negative marks smallest value.

            All  Through       b1       b2       b3       b4
sOLS05    0.029   50.000    0.012    0.011    0.087   -0.003
s0HC05    0.058   50.000    0.042    0.033    0.123    0.034
s1HC05    0.035   50.000    0.018    0.016    0.095    0.013
s2HC05    0.025   50.000    0.008   -0.010    0.073    0.008
s3HC05   -0.016   50.000    0.013    0.014   -0.025    0.013
s3G005    0.018   50.000   -0.002    0.011    0.055    0.005
s3G105    0.019   50.000    0.003    0.014    0.053    0.007
s3G205    0.019   50.000    0.008    0.016    0.045    0.008
s3G305    0.019   50.000    0.009    0.015    0.039    0.010
s3G305    0.018   50.000    0.012    0.015    0.035    0.012
s3G305    0.017   50.000    0.012    0.013    0.028    0.014

            All  Through       b1       b2       b3       b4
sOLS05    0.060  100.000    0.018    0.008    0.096   -0.003
s0HC05    0.107  100.000    0.037    0.027    0.107    0.027
s1HC05    0.067  100.000    0.018    0.012    0.086    0.010
s2HC05    0.048  100.000    0.009   -0.008    0.069    0.006
s3HC05    0.001  100.000    0.010    0.011   -0.031    0.011
s3G005    0.035  100.000   -0.002    0.009    0.051    0.006
s3G105    0.037  100.000    0.003    0.011    0.050    0.007
s3G205    0.037  100.000    0.006    0.013    0.043    0.008
s3G305    0.036  100.000    0.007    0.012    0.040    0.009
s3G305    0.035  100.000    0.008    0.012    0.038    0.010
s3G305    0.033  100.000    0.009    0.010    0.033    0.011

            All  Through       b1       b2       b3       b4
sOLS05    0.095  250.000    0.023    0.009    0.105   -0.003
s0HC05    0.149  250.000    0.033    0.022    0.090    0.021
s1HC05    0.095  250.000    0.018    0.011    0.074    0.008
s2HC05    0.069  250.000    0.011    0.008    0.059    0.005
s3HC05   -0.015  250.000    0.010    0.009   -0.028    0.009
s3G005    0.051  250.000   -0.005   -0.008    0.044    0.006
s3G105    0.053  250.000    0.005    0.009    0.043    0.007
s3G205    0.052  250.000    0.007    0.011    0.038    0.007
s3G305    0.051  250.000    0.008    0.010    0.035    0.008
s3G305    0.051  250.000    0.009    0.010    0.033    0.009
s3G305    0.047  250.000    0.009    0.009    0.030    0.010

             All   Through        b1        b2        b3        b4
sOLS05     0.133  1000.000     0.025     0.008     0.117    -0.005
s0HC05     0.181  1000.000     0.025     0.017     0.069     0.017
s1HC05     0.118  1000.000     0.015     0.010     0.058     0.008
s2HC05     0.087  1000.000     0.009    -0.008     0.047     0.006
s3HC05     0.002  1000.000     0.008     0.009    -0.025     0.009
s3G005     0.064  1000.000    -0.004     0.008     0.035     0.006
s3G105     0.067  1000.000     0.004     0.009     0.035     0.007
s3G205     0.066  1000.000     0.006     0.010     0.031     0.007
s3G305     0.064  1000.000     0.007     0.010     0.030     0.008
s3G305     0.064  1000.000     0.007     0.010     0.028     0.008
s3G305     0.060  1000.000     0.008     0.009     0.026     0.009

. hcsum 3eqc W
** HCSUM for 3eqcres: W.
 * Table of mean absolute deviation from nominal size.
 * Negative marks smallest value.

            All  Through       b1       b2       b3       b4
sOLS05    0.029   50.000    0.012    0.011    0.087   -0.003
s0HC05    0.058   50.000    0.042    0.033    0.123    0.034
s1HC05    0.035   50.000    0.018    0.016    0.095    0.013
s2HC05    0.025   50.000    0.008    0.010    0.073    0.008
s3HC05   -0.016   50.000    0.013    0.014   -0.025    0.013
s3W005    0.022   50.000    0.006   -0.010    0.067    0.005
s3W105    0.020   50.000   -0.004    0.011    0.059    0.008
s3W205    0.018   50.000    0.004    0.012    0.049    0.008
s3W305    0.017   50.000    0.005    0.012    0.040    0.009
s3W305    0.017   50.000    0.009    0.013    0.036    0.010
s3W305    0.017   50.000    0.011    0.014    0.032    0.010

            All  Through       b1       b2       b3       b4
sOLS05    0.060  100.000    0.018    0.008    0.096   -0.003
s0HC05    0.107  100.000    0.037    0.027    0.107    0.027
s1HC05    0.067  100.000    0.018    0.012    0.086    0.010
s2HC05    0.048  100.000    0.009    0.008    0.069    0.006
s3HC05    0.001  100.000    0.010    0.011   -0.031    0.011
s3W005    0.043  100.000    0.006   -0.008    0.066    0.006
s3W105    0.041  100.000   -0.004    0.009    0.060    0.008
s3W205    0.037  100.000    0.004    0.010    0.050    0.009
s3W305    0.034  100.000    0.005    0.010    0.043    0.009
s3W305    0.034  100.000    0.008    0.012    0.040    0.009
s3W305    0.034  100.000    0.009    0.012    0.036    0.010

            All  Through       b1       b2       b3       b4
sOLS05    0.095  250.000    0.023    0.009    0.105   -0.003
s0HC05    0.149  250.000    0.033    0.022    0.090    0.021
s1HC05    0.095  250.000    0.018    0.011    0.074    0.008
s2HC05    0.069  250.000    0.011    0.008    0.059    0.005
s3HC05   -0.015  250.000    0.010    0.009   -0.028    0.009
s3W005    0.063  250.000    0.008   -0.007    0.059    0.006
s3W105    0.060  250.000    0.006    0.008    0.053    0.007
s3W205    0.053  250.000   -0.006    0.009    0.044    0.008
s3W305    0.049  250.000    0.007    0.009    0.038    0.008
s3W305    0.050  250.000    0.009    0.009    0.035    0.008
s3W305    0.049  250.000    0.010    0.010    0.032    0.008

             All   Through        b1        b2        b3        b4
sOLS05     0.133  1000.000     0.025     0.008     0.117    -0.005
s0HC05     0.181  1000.000     0.025     0.017     0.069     0.017
s1HC05     0.118  1000.000     0.015     0.010     0.058     0.008
s2HC05     0.087  1000.000     0.009    -0.008     0.047     0.006
s3HC05     0.002  1000.000     0.008     0.009    -0.025     0.009
s3W005     0.080  1000.000     0.007     0.008     0.045     0.006
s3W105     0.075  1000.000     0.005     0.009     0.041     0.007
s3W205     0.068  1000.000    -0.005     0.009     0.036     0.007
s3W305     0.062  1000.000     0.006     0.009     0.031     0.008
s3W305     0.063  1000.000     0.007     0.009     0.030     0.008
s3W305     0.062  1000.000     0.008     0.009     0.028     0.008

. hcsum 3eqc all
** HCSUM for 3eqcres: all.
 * Table of mean absolute deviation from nominal size.
 * Negative marks smallest value.

            All  Through       b1       b2       b3       b4
sOLS05    0.029   50.000    0.012    0.011    0.087   -0.003
s0HC05    0.058   50.000    0.042    0.033    0.123    0.034
s1HC05    0.035   50.000    0.018    0.016    0.095    0.013
s2HC05    0.025   50.000    0.008    0.010    0.073    0.008
s3HC05   -0.016   50.000    0.013    0.014   -0.025    0.013
s3B005    0.020   50.000    0.004    0.012    0.055    0.006
s3B105    0.019   50.000    0.004    0.013    0.054    0.006
s3B205    0.017   50.000    0.004    0.012    0.045    0.006
s3B305    0.017   50.000    0.006    0.014    0.041    0.006
s3B405    0.018   50.000    0.009    0.014    0.041    0.007
s3B505    0.017   50.000    0.011    0.013    0.037    0.007
s3C005    0.018   50.000    0.002    0.011    0.055    0.005
s3C105    0.017   50.000    0.003    0.012    0.049    0.006
s3C205    0.017   50.000    0.007    0.012    0.041    0.008
s3C305    0.016   50.000    0.007    0.012    0.037    0.009
s3C405    0.016   50.000    0.008    0.013    0.034    0.010
s3C505    0.017   50.000    0.010    0.013    0.033    0.012
s3G005    0.018   50.000   -0.002    0.011    0.055    0.005
s3G105    0.019   50.000    0.003    0.014    0.053    0.007
s3G205    0.019   50.000    0.008    0.016    0.045    0.008
s3G305    0.019   50.000    0.009    0.015    0.039    0.010
s3G405    0.018   50.000    0.012    0.015    0.035    0.012
s3G505    0.017   50.000    0.012    0.013    0.028    0.014
s3W005    0.022   50.000    0.006   -0.010    0.067    0.005
s3W105    0.020   50.000    0.004    0.011    0.059    0.008
s3W205    0.018   50.000    0.004    0.012    0.049    0.008
s3W305    0.017   50.000    0.005    0.012    0.040    0.009
s3W405    0.017   50.000    0.009    0.013    0.036    0.010
s3W505    0.017   50.000    0.011    0.014    0.032    0.010

            All  Through       b1       b2       b3       b4
sOLS05    0.060  100.000    0.018    0.008    0.096   -0.003
s0HC05    0.107  100.000    0.037    0.027    0.107    0.027
s1HC05    0.067  100.000    0.018    0.012    0.086    0.010
s2HC05    0.048  100.000    0.009    0.008    0.069    0.006
s3HC05    0.001  100.000    0.010    0.011   -0.031    0.011
s3B005    0.038  100.000    0.003    0.010    0.053    0.007
s3B105    0.037  100.000    0.003    0.010    0.051    0.007
s3B205    0.033  100.000    0.003    0.009    0.045    0.006
s3B305    0.033  100.000    0.005    0.011    0.042    0.006
s3B405    0.035  100.000    0.007    0.011    0.041    0.007
s3B505    0.033  100.000    0.008    0.010    0.039    0.007
s3C005    0.035  100.000   -0.002    0.009    0.051    0.006
s3C105    0.034  100.000    0.002    0.010    0.046    0.007
s3C205    0.032  100.000    0.005    0.009    0.040    0.008
s3C305    0.032  100.000    0.006    0.010    0.039    0.009
s3C405    0.032  100.000    0.007    0.010    0.037    0.010
s3C505    0.033  100.000    0.008    0.010    0.036    0.010
s3G005    0.035  100.000    0.002    0.009    0.051    0.006
s3G105    0.037  100.000    0.003    0.011    0.050    0.007
s3G205    0.037  100.000    0.006    0.013    0.043    0.008
s3G305    0.036  100.000    0.007    0.012    0.040    0.009
s3G405    0.035  100.000    0.008    0.012    0.038    0.010
s3G505    0.033  100.000    0.009    0.010    0.033    0.011
s3W005    0.043  100.000    0.006   -0.008    0.066    0.006
s3W105    0.041  100.000    0.004    0.009    0.060    0.008
s3W205    0.037  100.000    0.004    0.010    0.050    0.009
s3W305    0.034  100.000    0.005    0.010    0.043    0.009
s3W405    0.034  100.000    0.008    0.012    0.040    0.009
s3W505    0.034  100.000    0.009    0.012    0.036    0.010

            All  Through       b1       b2       b3       b4
sOLS05    0.095  250.000    0.023    0.009    0.105   -0.003
s0HC05    0.149  250.000    0.033    0.022    0.090    0.021
s1HC05    0.095  250.000    0.018    0.011    0.074    0.008
s2HC05    0.069  250.000    0.011    0.008    0.059    0.005
s3HC05   -0.015  250.000    0.010    0.009   -0.028    0.009
s3B005    0.054  250.000    0.005    0.009    0.045    0.006
s3B105    0.053  250.000    0.005    0.009    0.044    0.006
s3B205    0.047  250.000    0.005    0.008    0.039    0.006
s3B305    0.047  250.000    0.006    0.009    0.036    0.006
s3B405    0.050  250.000    0.008    0.010    0.036    0.007
s3B505    0.048  250.000    0.009    0.009    0.034    0.007
s3C005    0.050  250.000   -0.004    0.008    0.043    0.006
s3C105    0.048  250.000    0.005    0.008    0.040    0.006
s3C205    0.047  250.000    0.007    0.008    0.036    0.007
s3C305    0.047  250.000    0.007    0.008    0.034    0.008
s3C405    0.047  250.000    0.008    0.009    0.033    0.008
s3C505    0.048  250.000    0.009    0.009    0.032    0.009
s3G005    0.051  250.000    0.005    0.008    0.044    0.006
s3G105    0.053  250.000    0.005    0.009    0.043    0.007
s3G205    0.052  250.000    0.007    0.011    0.038    0.007
s3G305    0.051  250.000    0.008    0.010    0.035    0.008
s3G405    0.051  250.000    0.009    0.010    0.033    0.009
s3G505    0.047  250.000    0.009    0.009    0.030    0.010
s3W005    0.063  250.000    0.008   -0.007    0.059    0.006
s3W105    0.060  250.000    0.006    0.008    0.053    0.007
s3W205    0.053  250.000    0.006    0.009    0.044    0.008
s3W305    0.049  250.000    0.007    0.009    0.038    0.008
s3W405    0.050  250.000    0.009    0.009    0.035    0.008
s3W505    0.049  250.000    0.010    0.010    0.032    0.008

             All   Through        b1        b2        b3        b4
sOLS05     0.133  1000.000     0.025     0.008     0.117    -0.005
s0HC05     0.181  1000.000     0.025     0.017     0.069     0.017
s1HC05     0.118  1000.000     0.015     0.010     0.058     0.008
s2HC05     0.087  1000.000     0.009    -0.008     0.047     0.006
s3HC05     0.002  1000.000     0.008     0.009    -0.025     0.009
s3B005     0.068  1000.000     0.005     0.009     0.036     0.007
s3B105     0.067  1000.000     0.004     0.009     0.035     0.007
s3B205     0.060  1000.000     0.005     0.008     0.032     0.006
s3B305     0.060  1000.000     0.005     0.009     0.030     0.006
s3B405     0.063  1000.000     0.007     0.009     0.030     0.007
s3B505     0.061  1000.000     0.007     0.009     0.029     0.007
s3C005     0.064  1000.000    -0.004     0.008     0.035     0.006
s3C105     0.061  1000.000     0.004     0.008     0.033     0.006
s3C205     0.059  1000.000     0.006     0.008     0.030     0.007
s3C305     0.059  1000.000     0.006     0.009     0.029     0.008
s3C405     0.060  1000.000     0.006     0.009     0.028     0.008
s3C505     0.061  1000.000     0.007     0.009     0.028     0.008
s3G005     0.064  1000.000     0.004     0.008     0.035     0.006
s3G105     0.067  1000.000     0.004     0.009     0.035     0.007
s3G205     0.066  1000.000     0.006     0.010     0.031     0.007
s3G305     0.064  1000.000     0.007     0.010     0.030     0.008
s3G405     0.064  1000.000     0.007     0.010     0.028     0.008
s3G505     0.060  1000.000     0.008     0.009     0.026     0.009
s3W005     0.080  1000.000     0.007     0.008     0.045     0.006
s3W105     0.075  1000.000     0.005     0.009     0.041     0.007
s3W205     0.068  1000.000     0.005     0.009     0.036     0.007
s3W305     0.062  1000.000     0.006     0.009     0.031     0.008
s3W405     0.063  1000.000     0.007     0.009     0.030     0.008
s3W505     0.062  1000.000     0.008     0.009     0.028     0.008

. set more on

. log close
