
. set more off

. hcresult 3 3eqc
 
** Constructing data to analyze...
** 31 Mar 1998 - 12:18:53
** Population Data Used for Simulations
*    Structure:       3eqc.jslhc3.113
*    Simulation date: 13961
*    Seed:            11020760
*    Factor:          1.25
*    R2:              .41
*    Sample N's:      25 50 100 250 500 1000

Variable |     Obs        Mean   Std. Dev.       Min        Max
---------+-----------------------------------------------------
       y |  100000    1.002335   4.065123  -7.802876   38.57909  
      x1 |  100000   -2.65e-11          1  -1.728935   1.735845  
      x2 |  100000   -3.34e-11          1  -3.550326   3.419692  
      x3 |  100000    6.75e-11          1   -1.55081   10.21006  
      x4 |  100000   -4.78e-11          1  -3.473243   6.905541  

  Source |       SS       df       MS                  Number of obs =  100000
---------+------------------------------               F(  4, 99995) =17217.16
   Model |  673951.028     4  168487.757               Prob > F      =  0.0000
Residual |  978554.876 99995  9.78603806               R-squared     =  0.4078
---------+------------------------------               Adj R-squared =  0.4078
   Total |  1652505.90 99999  16.5252243               Root MSE      =  3.1283

------------------------------------------------------------------------------
       y |      Coef.   Std. Err.       t     P>|t|       [95% Conf. Interval]
---------+--------------------------------------------------------------------
      x1 |   1.035193   .0185979     55.662   0.000       .9987418    1.071645
      x2 |   .9745271   .0173409     56.198   0.000       .9405391    1.008515
      x3 |   1.003278   .0136113     73.709   0.000       .9766001    1.029956
      x4 |  -.0063904    .011901     -0.537   0.591      -.0297161    .0169354
   _cons |   1.002335   .0098924    101.323   0.000       .9829458    1.021724
------------------------------------------------------------------------------
(Note: file 3eqcr105.dta not found)
 
** Description of Simulation Results in 3eqc0025
*  Sig Level/Sample N: 05/25

Variable |     Obs        Mean   Std. Dev.       Min        Max
---------+-----------------------------------------------------
      s1 |    1000    1.031475   .7450719  -1.254781   3.685749  
      s2 |    1000    .9835702   1.376514  -5.279154   6.723795  
      s3 |    1000    .9893308   1.182103  -3.743784   5.692823  
      s4 |    1000    1.065864   1.398074  -4.241462   10.18702  
      s5 |    1000    .0125256   .8314885  -2.921016   3.124628  
    s1m1 |    1000    .5871529   .1844528   .2318535   1.616119  
    s2m1 |    1000    1.114522   .4200869   .2646021   3.497501  
    s3m1 |    1000    .9842816   .3507022   .3083194   2.590644  
    s4m1 |    1000     .926254   .4719366   .1679285   4.646438  
    s5m1 |    1000    .6761246   .2337346   .2165324   2.179393  
    s1m2 |    1000    .6564569   .2062245   .2592201   1.806876  
    s2m2 |    1000    1.246073   .4696714   .2958342   3.910325  
    s3m2 |    1000     1.10046   .3920969   .3447116   2.896428  
    s4m2 |    1000    1.035583   .5276411   .1877498   5.194876  
    s5m2 |    1000    .7559303   .2613232   .2420906   2.436635  
    s1m3 |    1000    .6728958   .2233314   .2643835   2.198188  
    s2m3 |    1000    1.313601   .5082379   .3040466   4.056871  
    s3m3 |    1000    1.147585   .4178966   .3433354   3.062202  
    s4m3 |    1000    1.155923   .6111401   .2590623    5.77523  
    s5m3 |    1000    .7835679   .2785388   .2427362   2.480726  
    s1m4 |    1000    .7918521   .2902873   .3045121   3.040906  
    s2m4 |    1000    1.595386   .6633704   .3574843   5.968516  
    s3m4 |    1000    1.359856   .5184262   .3829974   3.932032  
    s4m4 |    1000    1.524711   .8903993   .3189574   7.208999  
    s5m4 |    1000    .9218058   .3433001   .2729053   2.832561  
    s1m5 |    1000    .6638875   .1819807   .2741096   1.614851  
    s2m5 |    1000    1.294995    .407059   .4042677   3.556564  
    s3m5 |    1000    1.181347   .3651277   .4250032   3.085151  
    s4m5 |    1000    1.053792   .4168729   .3207393   3.843215  
    s5m5 |    1000    .8051825    .233638   .3114441   2.514443  
      wh |    1000    15.52581    4.51982    3.23822   24.23899  
    whpr |    1000    .3922919   .2676589   .0428669   .9985719  
      bp |    1000    6.756362   5.616784   .0317788     47.745  
    bppr |    1000    .3395347   .2994978   1.07e-09   .9998751  
      gl |    1000    5.985245   3.513724   .0338962   19.08987  
    glpr |    1000    .3232524   .2746423   .0007546    .999858  
      cw |    1000    3.238991   3.952561   1.22e-06   33.60875  
    cwpr |    1000    .2794936   .2881527   6.74e-09   .9991174  
  seedis |    1000    1.10e+07          0   1.10e+07   1.10e+07  
   niter |    1000        1000          0       1000       1000  
dsnumber |    1000           3          0          3          3  
 dslabel |    1000         113          0        113        113  
  factor |    1000        1.25          0       1.25       1.25  
      R2 |    1000    .4078358          0   .4078358   .4078358  
 sampleN |    1000          25          0         25         25  
 datenum |    1000       13961          0      13961      13961  
 
** Description of Simulation Results in 3eqc0050
*  Sig Level/Sample N: 05/50

Variable |     Obs        Mean   Std. Dev.       Min        Max
---------+-----------------------------------------------------
      s1 |    1000    1.027315   .4673683  -.2521681   2.735092  
      s2 |    1000    1.039403   .9690198  -2.447058   4.613019  
      s3 |    1000    1.003554   .8268122  -1.887919   3.874135  
      s4 |    1000    .9881803   .9404758  -1.436758   4.866714  
      s5 |    1000   -.0160471   .5450785  -1.906179   1.562771  
    s1m1 |    1000    .4292845   .0882097   .2395818   1.117381  
    s2m1 |    1000    .8249915    .227151   .3625998   2.139333  
    s3m1 |    1000     .721213   .1892662   .3402507   1.541979  
    s4m1 |    1000    .6951556   .2842868   .2049507   2.634334  
    s5m1 |    1000    .4958105   .1235626   .1986422   1.127873  
    s1m2 |    1000    .4525055   .0929812   .2525414   1.177823  
    s2m2 |    1000    .8696174   .2394382   .3822138   2.255055  
    s3m2 |    1000    .7602253   .1995041   .3586558   1.625389  
    s4m2 |    1000    .7327584   .2996646    .216037   2.776832  
    s5m2 |    1000    .5226302   .1302464   .2093873   1.188883  
    s1m3 |    1000    .4578668    .098369   .2513739   1.232754  
    s2m3 |    1000    .9006122   .2599787   .3879204   2.633033  
    s3m3 |    1000    .7779916   .2087927   .3649866   1.733696  
    s4m3 |    1000    .7943665   .3437261   .2241247   2.925599  
    s5m3 |    1000    .5322445   .1349514   .2117902    1.20688  
    s1m4 |    1000    .4921035   .1143125   .2640231   1.361849  
    s2m4 |    1000    .9954017   .3137801   .4161085   3.264889  
    s3m4 |    1000    .8434329   .2339729   .3876182   1.954643  
    s4m4 |    1000     .928758   .4449319   .2462003   3.465578  
    s5m4 |    1000    .5738075   .1492174   .2261245   1.291968  
    s1m5 |    1000    .4498957   .0782322    .247604   .7454512  
    s2m5 |    1000    .8651337   .1730161   .4072188   1.631709  
    s3m5 |    1000    .7987919   .1584354   .3904776   1.506231  
    s4m5 |    1000    .6670965   .1778817   .3148656   1.496847  
    s5m5 |    1000    .5473324   .1074896   .2786844   1.031125  
      wh |    1000    18.41599   8.127279   2.725276   46.24804  
    whpr |    1000     .338038   .3057757   .0000255   .9994683  
      bp |    1000    13.23216   12.13657   .2352766   110.7586  
    bppr |    1000    .1622925   .2390962          0   .9936001  
      gl |    1000    9.118744   5.342664   .1548944    34.0421  
    glpr |    1000    .1917759   .2450534   7.31e-07   .9971514  
      cw |    1000    7.500297   8.344266   8.83e-07   76.95378  
    cwpr |    1000    .1275218   .2166338          0   .9992504  
  seedis |    1000    1.10e+07          0   1.10e+07   1.10e+07  
   niter |    1000        1000          0       1000       1000  
dsnumber |    1000           3          0          3          3  
 dslabel |    1000         113          0        113        113  
  factor |    1000        1.25          0       1.25       1.25  
      R2 |    1000    .4078358          0   .4078358   .4078358  
 sampleN |    1000          50          0         50         50  
 datenum |    1000       13961          0      13961      13961  
 
** Description of Simulation Results in 3eqc0100
*  Sig Level/Sample N: 05/100

Variable |     Obs        Mean   Std. Dev.       Min        Max
---------+-----------------------------------------------------
      s1 |    1000    1.004108   .3202631   .0648741    2.76212  
      s2 |    1000    1.012534   .6692073  -2.523831    3.40216  
      s3 |    1000    .9757525   .5624154  -1.056368    2.93927  
      s4 |    1000    1.019806   .6388719  -1.062636   5.002932  
      s5 |    1000   -.0054256    .377092  -1.378534   1.319791  
    s1m1 |    1000    .3085916   .0454349   .2096473    .601062  
    s2m1 |    1000    .6083098   .1313502     .34654   1.315192  
    s3m1 |    1000    .5285527   .1059789   .2891105   1.029399  
    s4m1 |    1000    .5421466   .1925875   .2140575   1.812718  
    s5m1 |    1000    .3609795   .0675115   .2120883   .7023703  
    s1m2 |    1000    .3166083   .0466152   .2150936   .6166766  
    s2m2 |    1000    .6241127   .1347624   .3555425   1.349358  
    s3m2 |    1000    .5422836    .108732   .2966212   1.056141  
    s4m2 |    1000    .5562306   .1975906   .2196184   1.859809  
    s5m2 |    1000    .3703571   .0692653    .217598   .7206167  
    s1m3 |    1000    .3188648   .0487666   .2181008   .6276808  
    s2m3 |    1000    .6392963   .1440456   .3590626   1.484228  
    s3m3 |    1000    .5497221   .1119837   .2991064   1.081683  
    s4m3 |    1000    .5886093   .2207905   .2369515   2.104639  
    s5m3 |    1000    .3745411   .0709583   .2198666   .7461164  
    s1m4 |    1000    .3301896   .0530629   .2277923   .6789025  
    s2m4 |    1000    .6751969   .1622226   .3726605   1.689674  
    s3m4 |    1000    .5726689   .1189065   .3096929   1.137176  
    s4m4 |    1000    .6444854   .2592057   .2603535   2.447691  
    s5m4 |    1000     .389214   .0749368   .2295125   .7929342  
    s1m5 |    1000    .3149917   .0406292   .2176722    .452342  
    s2m5 |    1000    .6000949   .0913004   .3758599   1.013142  
    s3m5 |    1000    .5566053   .0855749   .3503844   .9193838  
    s4m5 |    1000    .4483367    .086739     .24835   .8723513  
    s5m5 |    1000    .3808357   .0542724   .2431549   .6563776  
      wh |    1000    24.64525    13.0698   5.798747   86.02587  
    whpr |    1000    .2159995   .2708707   2.13e-12   .9713117  
      bp |    1000    26.22298   26.49879   .8980362   355.1463  
    bppr |    1000    .0425744   .1150982          0   .9248424  
      gl |    1000    15.64403   8.021618    1.57292   55.17415  
    glpr |    1000    .0512368   .1100188   2.99e-11   .8136508  
      cw |    1000    14.94206   14.68627   .0001081   177.4097  
    cwpr |    1000    .0421974   .1249797          0   .9917058  
  seedis |    1000    1.10e+07          0   1.10e+07   1.10e+07  
   niter |    1000        1000          0       1000       1000  
dsnumber |    1000           3          0          3          3  
 dslabel |    1000         113          0        113        113  
  factor |    1000        1.25          0       1.25       1.25  
      R2 |    1000    .4078358          0   .4078358   .4078358  
 sampleN |    1000         100          0        100        100  
 datenum |    1000       13961          0      13961      13961  
 
** Description of Simulation Results in 3eqc0250
*  Sig Level/Sample N: 05/250

Variable |     Obs        Mean   Std. Dev.       Min        Max
---------+-----------------------------------------------------
      s1 |    1000    1.006121   .1974498   .5028056   1.676658  
      s2 |    1000    1.023399   .4211757  -.3727118   2.324703  
      s3 |    1000     .983188   .3553279  -.1498061   2.112619  
      s4 |    1000    1.010091   .4056802  -.0143421   2.381051  
      s5 |    1000    .0046824   .2358524  -.8637873   .7151007  
    s1m1 |    1000    .1972978   .0163826   .1559676    .268238  
    s2m1 |    1000    .3925947   .0572118   .2610326   .8205265  
    s3m1 |    1000    .3383627   .0451911   .2270303   .6050668  
    s4m1 |    1000    .3714117   .0985835   .1835244   .9089916  
    s5m1 |    1000    .2334923   .0283526   .1597486   .3578453  
    s1m2 |    1000    .1993009    .016549    .157551   .2709613  
    s2m2 |    1000    .3965805   .0577927   .2636828   .8288569  
    s3m2 |    1000    .3417979   .0456499   .2293352   .6112098  
    s4m2 |    1000    .3751825   .0995844   .1853876   .9182202  
    s5m2 |    1000    .2358629   .0286404   .1613705   .3614783  
    s1m3 |    1000    .1999257   .0168596   .1583333   .2729141  
    s2m3 |    1000    .4015309   .0612407   .2668664   .8983715  
    s3m3 |    1000    .3438621   .0464047   .2296025   .6188644  
    s4m3 |    1000    .3864726   .1070798    .187027   1.003092  
    s5m3 |    1000    .2370759    .028981   .1618622   .3648468  
    s1m4 |    1000    .2026764   .0174253    .160902   .2778799  
    s2m4 |    1000    .4112005   .0661943   .2732371    .985998  
    s3m4 |    1000     .349571   .0477202   .2322147    .633242  
    s4m4 |    1000     .403043   .1172326   .1908459   1.108268  
    s5m4 |    1000     .240797   .0296698    .164028   .3720503  
    s1m5 |    1000    .1981492   .0160965     .15118   .2933818  
    s2m5 |    1000    .3748689   .0342828   .2728303   .5261346  
    s3m5 |    1000    .3494036   .0330844   .2608278   .5301921  
    s4m5 |    1000    .2778852   .0329299   .1906047   .4071228  
    s5m5 |    1000    .2391888   .0216521   .1827108   .3575619  
      wh |    1000    38.72518   22.02761   7.984409      184.5  
    whpr |    1000    .0573355    .129244          0   .8901367  
      bp |    1000    60.87363   47.11885   7.128057   439.8809  
    bppr |    1000    .0008933   .0079671          0   .1292738  
      gl |    1000    34.74232   12.95915   8.095678   82.32195  
    glpr |    1000    .0009328   .0054119   1.11e-16   .0881356  
      cw |    1000    35.63527   24.68966   1.149406   234.0612  
    cwpr |    1000    .0020647   .0153957          0   .2836736  
  seedis |    1000    1.10e+07          0   1.10e+07   1.10e+07  
   niter |    1000        1000          0       1000       1000  
dsnumber |    1000           3          0          3          3  
 dslabel |    1000         113          0        113        113  
  factor |    1000        1.25          0       1.25       1.25  
      R2 |    1000    .4078358          0   .4078358   .4078358  
 sampleN |    1000         250          0        250        250  
 datenum |    1000       13961          0      13961      13961  
 
** Description of Simulation Results in 3eqc0500
*  Sig Level/Sample N: 05/500

Variable |     Obs        Mean   Std. Dev.       Min        Max
---------+-----------------------------------------------------
      s1 |    1000    1.001386    .140629   .6258711    1.50591  
      s2 |    1000    1.018112   .2924288   .1711105   2.037414  
      s3 |    1000     .990638   .2490935   .1939074   1.809636  
      s4 |    1000    1.011971   .2829697  -.0074538   1.993982  
      s5 |    1000   -.0135161   .1675652  -.4382621   .5428527  
    s1m1 |    1000    .1392782   .0078923   .1193888   .1670107  
    s2m1 |    1000    .2809514   .0307478   .1995619   .4242347  
    s3m1 |    1000    .2410107   .0230895   .1868869   .3457671  
    s4m1 |    1000    .2698517   .0528963   .1620198   .5027919  
    s5m1 |    1000    .1658647    .014508   .1277713   .2201363  
    s1m2 |    1000    .1399799   .0079321   .1199902   .1678521  
    s2m2 |    1000    .2823667   .0309027   .2005672   .4263719  
    s3m2 |    1000    .2422249   .0232058   .1878285    .347509  
    s4m2 |    1000    .2712112   .0531628    .162836   .5053249  
    s5m2 |    1000    .1667003    .014581    .128415   .2212453  
    s1m3 |    1000    .1401859    .008004   .1201842   .1685804  
    s2m3 |    1000    .2842948   .0317222   .2013541   .4386771  
    s3m3 |    1000    .2430012   .0233975   .1882801   .3498158  
    s4m3 |    1000    .2758766   .0555839   .1674826   .5261316  
    s5m3 |    1000    .1671438   .0147051   .1286118   .2216962  
    s1m4 |    1000    .1411155   .0081267   .1208312   .1702149  
    s2m4 |    1000    .2878006   .0328284   .2031934   .4540865  
    s3m4 |    1000    .2450319   .0237181   .1896977   .3539846  
    s4m4 |    1000    .2822653   .0586459   .1740018   .5508622  
    s5m4 |    1000    .1684493   .0149134   .1294615   .2234902  
    s1m5 |    1000    .1399832   .0078908   .1178869   .1700508  
    s2m5 |    1000    .2637596   .0170167   .2151283   .3289368  
    s3m5 |    1000    .2455989   .0156686   .2045607   .2984341  
    s4m5 |    1000    .1941238   .0156283   .1477424   .2554492  
    s5m5 |    1000    .1686877   .0108722   .1409141   .2069732  
      wh |    1000    58.64786   29.57346   11.10015   241.0488  
    whpr |    1000    .0042607   .0346721          0   .6781512  
      bp |    1000    116.3206   65.67762   22.33469    610.599  
    bppr |    1000    1.81e-07   5.44e-06          0   .0001719  
      gl |    1000     66.1594   18.82337   28.43129   160.6685  
    glpr |    1000    5.61e-08   4.68e-07          0   .0000102  
      cw |    1000    69.96729   36.11148   11.41836    403.577  
    cwpr |    1000    3.25e-06   .0000343          0   .0007272  
  seedis |    1000    1.10e+07          0   1.10e+07   1.10e+07  
   niter |    1000        1000          0       1000       1000  
dsnumber |    1000           3          0          3          3  
 dslabel |    1000         113          0        113        113  
  factor |    1000        1.25          0       1.25       1.25  
      R2 |    1000    .4078358          0   .4078358   .4078358  
 sampleN |    1000         500          0        500        500  
 datenum |    1000       13961          0      13961      13961  
 
** Description of Simulation Results in 3eqc1000
*  Sig Level/Sample N: 05/1000

Variable |     Obs        Mean   Std. Dev.       Min        Max
---------+-----------------------------------------------------
      s1 |    1000    1.000514   .0989671   .6950564   1.301658  
      s2 |    1000    1.033243   .2132806   .1374392   1.658179  
      s3 |    1000    .9799103   .1798134    .504337    1.53501  
      s4 |    1000    .9966947   .2042916   .3730491   1.663459  
      s5 |    1000   -.0069678   .1141226  -.3861425   .3731049  
    s1m1 |    1000    .0985657   .0038864   .0881818    .113324  
    s2m1 |    1000    .1996501    .015761   .1557576   .2884487  
    s3m1 |    1000     .171585   .0117198   .1409172   .2147173  
    s4m1 |    1000    .1932621   .0302664   .1239989   .3448046  
    s5m1 |    1000     .117311   .0073047   .0944497   .1404272  
    s1m2 |    1000     .098813   .0038961   .0884031   .1136083  
    s2m2 |    1000    .2001511   .0158006   .1561485   .2891726  
    s3m2 |    1000    .1720156   .0117492   .1412708   .2152561  
    s4m2 |    1000    .1937471   .0303423   .1243101   .3456699  
    s5m2 |    1000    .1176054    .007323   .0946867   .1407796  
    s1m3 |    1000    .0988861   .0039134    .088452   .1137268  
    s2m3 |    1000    .2008847    .016085    .156421   .2931082  
    s3m3 |    1000    .1723006   .0118013   .1413591   .2157137  
    s4m3 |    1000    .1955305   .0311443    .125126   .3529923  
    s5m3 |    1000    .1177675   .0073517   .0947796   .1410021  
    s1m4 |    1000    .0992104   .0039418   .0887245   .1141345  
    s2m4 |    1000    .2021519   .0164321   .1570953   .2979462  
    s3m4 |    1000    .1730237   .0118849   .1418034   .2167253  
    s4m4 |    1000    .1978723   .0320782   .1263183   .3614692  
    s5m4 |    1000    .1182288   .0074002   .0951115   .1415811  
    s1m5 |    1000    .0987944   .0039806   .0876008    .111852  
    s2m5 |    1000    .1858472   .0083557   .1630326   .2188509  
    s3m5 |    1000    .1732092   .0078099    .151852   .2009643  
    s4m5 |    1000    .1361384   .0075249   .1108324   .1626283  
    s5m5 |    1000    .1187748   .0052825   .1033967   .1360202  
      wh |    1000    93.02803   37.57137   29.14769    351.616  
    whpr |    1000    .0000167   .0003232          0   .0099799  
      bp |    1000    220.5405   92.94545   66.66525   669.2194  
    bppr |    1000    1.53e-16   3.67e-15          0   1.15e-13  
      gl |    1000    126.1882    27.1157   62.04758   225.4435  
    glpr |    1000    1.59e-15   3.46e-14          0   1.08e-12  
      cw |    1000    133.3119   47.39808   32.01976    365.473  
    cwpr |    1000    2.06e-11   4.94e-10          0   1.53e-08  
  seedis |    1000    1.10e+07          0   1.10e+07   1.10e+07  
   niter |    1000        1000          0       1000       1000  
dsnumber |    1000           3          0          3          3  
 dslabel |    1000         113          0        113        113  
  factor |    1000        1.25          0       1.25       1.25  
      R2 |    1000    .4078358          0   .4078358   .4078358  
 sampleN |    1000        1000          0       1000       1000  
 datenum |    1000       13961          0      13961      13961  
(Note: file 3eqcr110.dta not found)
 
** Description of Simulation Results in 3eqc0025

Variable |     Obs        Mean   Std. Dev.       Min        Max
---------+-----------------------------------------------------
      s1 |    1000    1.031475   .7450719  -1.254781   3.685749  
      s2 |    1000    .9835702   1.376514  -5.279154   6.723795  
      s3 |    1000    .9893308   1.182103  -3.743784   5.692823  
      s4 |    1000    1.065864   1.398074  -4.241462   10.18702  
      s5 |    1000    .0125256   .8314885  -2.921016   3.124628  
    s1m1 |    1000    .5871529   .1844528   .2318535   1.616119  
    s2m1 |    1000    1.114522   .4200869   .2646021   3.497501  
    s3m1 |    1000    .9842816   .3507022   .3083194   2.590644  
    s4m1 |    1000     .926254   .4719366   .1679285   4.646438  
    s5m1 |    1000    .6761246   .2337346   .2165324   2.179393  
    s1m2 |    1000    .6564569   .2062245   .2592201   1.806876  
    s2m2 |    1000    1.246073   .4696714   .2958342   3.910325  
    s3m2 |    1000     1.10046   .3920969   .3447116   2.896428  
    s4m2 |    1000    1.035583   .5276411   .1877498   5.194876  
    s5m2 |    1000    .7559303   .2613232   .2420906   2.436635  
    s1m3 |    1000    .6728958   .2233314   .2643835   2.198188  
    s2m3 |    1000    1.313601   .5082379   .3040466   4.056871  
    s3m3 |    1000    1.147585   .4178966   .3433354   3.062202  
    s4m3 |    1000    1.155923   .6111401   .2590623    5.77523  
    s5m3 |    1000    .7835679   .2785388   .2427362   2.480726  
    s1m4 |    1000    .7918521   .2902873   .3045121   3.040906  
    s2m4 |    1000    1.595386   .6633704   .3574843   5.968516  
    s3m4 |    1000    1.359856   .5184262   .3829974   3.932032  
    s4m4 |    1000    1.524711   .8903993   .3189574   7.208999  
    s5m4 |    1000    .9218058   .3433001   .2729053   2.832561  
    s1m5 |    1000    .6638875   .1819807   .2741096   1.614851  
    s2m5 |    1000    1.294995    .407059   .4042677   3.556564  
    s3m5 |    1000    1.181347   .3651277   .4250032   3.085151  
    s4m5 |    1000    1.053792   .4168729   .3207393   3.843215  
    s5m5 |    1000    .8051825    .233638   .3114441   2.514443  
      wh |    1000    15.52581    4.51982    3.23822   24.23899  
    whpr |    1000    .3922919   .2676589   .0428669   .9985719  
      bp |    1000    6.756362   5.616784   .0317788     47.745  
    bppr |    1000    .3395347   .2994978   1.07e-09   .9998751  
      gl |    1000    5.985245   3.513724   .0338962   19.08987  
    glpr |    1000    .3232524   .2746423   .0007546    .999858  
      cw |    1000    3.238991   3.952561   1.22e-06   33.60875  
    cwpr |    1000    .2794936   .2881527   6.74e-09   .9991174  
  seedis |    1000    1.10e+07          0   1.10e+07   1.10e+07  
   niter |    1000        1000          0       1000       1000  
dsnumber |    1000           3          0          3          3  
 dslabel |    1000         113          0        113        113  
  factor |    1000        1.25          0       1.25       1.25  
      R2 |    1000    .4078358          0   .4078358   .4078358  
 sampleN |    1000          25          0         25         25  
 datenum |    1000       13961          0      13961      13961  
 
** Description of Simulation Results in 3eqc0050

Variable |     Obs        Mean   Std. Dev.       Min        Max
---------+-----------------------------------------------------
      s1 |    1000    1.027315   .4673683  -.2521681   2.735092  
      s2 |    1000    1.039403   .9690198  -2.447058   4.613019  
      s3 |    1000    1.003554   .8268122  -1.887919   3.874135  
      s4 |    1000    .9881803   .9404758  -1.436758   4.866714  
      s5 |    1000   -.0160471   .5450785  -1.906179   1.562771  
    s1m1 |    1000    .4292845   .0882097   .2395818   1.117381  
    s2m1 |    1000    .8249915    .227151   .3625998   2.139333  
    s3m1 |    1000     .721213   .1892662   .3402507   1.541979  
    s4m1 |    1000    .6951556   .2842868   .2049507   2.634334  
    s5m1 |    1000    .4958105   .1235626   .1986422   1.127873  
    s1m2 |    1000    .4525055   .0929812   .2525414   1.177823  
    s2m2 |    1000    .8696174   .2394382   .3822138   2.255055  
    s3m2 |    1000    .7602253   .1995041   .3586558   1.625389  
    s4m2 |    1000    .7327584   .2996646    .216037   2.776832  
    s5m2 |    1000    .5226302   .1302464   .2093873   1.188883  
    s1m3 |    1000    .4578668    .098369   .2513739   1.232754  
    s2m3 |    1000    .9006122   .2599787   .3879204   2.633033  
    s3m3 |    1000    .7779916   .2087927   .3649866   1.733696  
    s4m3 |    1000    .7943665   .3437261   .2241247   2.925599  
    s5m3 |    1000    .5322445   .1349514   .2117902    1.20688  
    s1m4 |    1000    .4921035   .1143125   .2640231   1.361849  
    s2m4 |    1000    .9954017   .3137801   .4161085   3.264889  
    s3m4 |    1000    .8434329   .2339729   .3876182   1.954643  
    s4m4 |    1000     .928758   .4449319   .2462003   3.465578  
    s5m4 |    1000    .5738075   .1492174   .2261245   1.291968  
    s1m5 |    1000    .4498957   .0782322    .247604   .7454512  
    s2m5 |    1000    .8651337   .1730161   .4072188   1.631709  
    s3m5 |    1000    .7987919   .1584354   .3904776   1.506231  
    s4m5 |    1000    .6670965   .1778817   .3148656   1.496847  
    s5m5 |    1000    .5473324   .1074896   .2786844   1.031125  
      wh |    1000    18.41599   8.127279   2.725276   46.24804  
    whpr |    1000     .338038   .3057757   .0000255   .9994683  
      bp |    1000    13.23216   12.13657   .2352766   110.7586  
    bppr |    1000    .1622925   .2390962          0   .9936001  
      gl |    1000    9.118744   5.342664   .1548944    34.0421  
    glpr |    1000    .1917759   .2450534   7.31e-07   .9971514  
      cw |    1000    7.500297   8.344266   8.83e-07   76.95378  
    cwpr |    1000    .1275218   .2166338          0   .9992504  
  seedis |    1000    1.10e+07          0   1.10e+07   1.10e+07  
   niter |    1000        1000          0       1000       1000  
dsnumber |    1000           3          0          3          3  
 dslabel |    1000         113          0        113        113  
  factor |    1000        1.25          0       1.25       1.25  
      R2 |    1000    .4078358          0   .4078358   .4078358  
 sampleN |    1000          50          0         50         50  
 datenum |    1000       13961          0      13961      13961  
 
** Description of Simulation Results in 3eqc0100

Variable |     Obs        Mean   Std. Dev.       Min        Max
---------+-----------------------------------------------------
      s1 |    1000    1.004108   .3202631   .0648741    2.76212  
      s2 |    1000    1.012534   .6692073  -2.523831    3.40216  
      s3 |    1000    .9757525   .5624154  -1.056368    2.93927  
      s4 |    1000    1.019806   .6388719  -1.062636   5.002932  
      s5 |    1000   -.0054256    .377092  -1.378534   1.319791  
    s1m1 |    1000    .3085916   .0454349   .2096473    .601062  
    s2m1 |    1000    .6083098   .1313502     .34654   1.315192  
    s3m1 |    1000    .5285527   .1059789   .2891105   1.029399  
    s4m1 |    1000    .5421466   .1925875   .2140575   1.812718  
    s5m1 |    1000    .3609795   .0675115   .2120883   .7023703  
    s1m2 |    1000    .3166083   .0466152   .2150936   .6166766  
    s2m2 |    1000    .6241127   .1347624   .3555425   1.349358  
    s3m2 |    1000    .5422836    .108732   .2966212   1.056141  
    s4m2 |    1000    .5562306   .1975906   .2196184   1.859809  
    s5m2 |    1000    .3703571   .0692653    .217598   .7206167  
    s1m3 |    1000    .3188648   .0487666   .2181008   .6276808  
    s2m3 |    1000    .6392963   .1440456   .3590626   1.484228  
    s3m3 |    1000    .5497221   .1119837   .2991064   1.081683  
    s4m3 |    1000    .5886093   .2207905   .2369515   2.104639  
    s5m3 |    1000    .3745411   .0709583   .2198666   .7461164  
    s1m4 |    1000    .3301896   .0530629   .2277923   .6789025  
    s2m4 |    1000    .6751969   .1622226   .3726605   1.689674  
    s3m4 |    1000    .5726689   .1189065   .3096929   1.137176  
    s4m4 |    1000    .6444854   .2592057   .2603535   2.447691  
    s5m4 |    1000     .389214   .0749368   .2295125   .7929342  
    s1m5 |    1000    .3149917   .0406292   .2176722    .452342  
    s2m5 |    1000    .6000949   .0913004   .3758599   1.013142  
    s3m5 |    1000    .5566053   .0855749   .3503844   .9193838  
    s4m5 |    1000    .4483367    .086739     .24835   .8723513  
    s5m5 |    1000    .3808357   .0542724   .2431549   .6563776  
      wh |    1000    24.64525    13.0698   5.798747   86.02587  
    whpr |    1000    .2159995   .2708707   2.13e-12   .9713117  
      bp |    1000    26.22298   26.49879   .8980362   355.1463  
    bppr |    1000    .0425744   .1150982          0   .9248424  
      gl |    1000    15.64403   8.021618    1.57292   55.17415  
    glpr |    1000    .0512368   .1100188   2.99e-11   .8136508  
      cw |    1000    14.94206   14.68627   .0001081   177.4097  
    cwpr |    1000    .0421974   .1249797          0   .9917058  
  seedis |    1000    1.10e+07          0   1.10e+07   1.10e+07  
   niter |    1000        1000          0       1000       1000  
dsnumber |    1000           3          0          3          3  
 dslabel |    1000         113          0        113        113  
  factor |    1000        1.25          0       1.25       1.25  
      R2 |    1000    .4078358          0   .4078358   .4078358  
 sampleN |    1000         100          0        100        100  
 datenum |    1000       13961          0      13961      13961  
 
** Description of Simulation Results in 3eqc0250

Variable |     Obs        Mean   Std. Dev.       Min        Max
---------+-----------------------------------------------------
      s1 |    1000    1.006121   .1974498   .5028056   1.676658  
      s2 |    1000    1.023399   .4211757  -.3727118   2.324703  
      s3 |    1000     .983188   .3553279  -.1498061   2.112619  
      s4 |    1000    1.010091   .4056802  -.0143421   2.381051  
      s5 |    1000    .0046824   .2358524  -.8637873   .7151007  
    s1m1 |    1000    .1972978   .0163826   .1559676    .268238  
    s2m1 |    1000    .3925947   .0572118   .2610326   .8205265  
    s3m1 |    1000    .3383627   .0451911   .2270303   .6050668  
    s4m1 |    1000    .3714117   .0985835   .1835244   .9089916  
    s5m1 |    1000    .2334923   .0283526   .1597486   .3578453  
    s1m2 |    1000    .1993009    .016549    .157551   .2709613  
    s2m2 |    1000    .3965805   .0577927   .2636828   .8288569  
    s3m2 |    1000    .3417979   .0456499   .2293352   .6112098  
    s4m2 |    1000    .3751825   .0995844   .1853876   .9182202  
    s5m2 |    1000    .2358629   .0286404   .1613705   .3614783  
    s1m3 |    1000    .1999257   .0168596   .1583333   .2729141  
    s2m3 |    1000    .4015309   .0612407   .2668664   .8983715  
    s3m3 |    1000    .3438621   .0464047   .2296025   .6188644  
    s4m3 |    1000    .3864726   .1070798    .187027   1.003092  
    s5m3 |    1000    .2370759    .028981   .1618622   .3648468  
    s1m4 |    1000    .2026764   .0174253    .160902   .2778799  
    s2m4 |    1000    .4112005   .0661943   .2732371    .985998  
    s3m4 |    1000     .349571   .0477202   .2322147    .633242  
    s4m4 |    1000     .403043   .1172326   .1908459   1.108268  
    s5m4 |    1000     .240797   .0296698    .164028   .3720503  
    s1m5 |    1000    .1981492   .0160965     .15118   .2933818  
    s2m5 |    1000    .3748689   .0342828   .2728303   .5261346  
    s3m5 |    1000    .3494036   .0330844   .2608278   .5301921  
    s4m5 |    1000    .2778852   .0329299   .1906047   .4071228  
    s5m5 |    1000    .2391888   .0216521   .1827108   .3575619  
      wh |    1000    38.72518   22.02761   7.984409      184.5  
    whpr |    1000    .0573355    .129244          0   .8901367  
      bp |    1000    60.87363   47.11885   7.128057   439.8809  
    bppr |    1000    .0008933   .0079671          0   .1292738  
      gl |    1000    34.74232   12.95915   8.095678   82.32195  
    glpr |    1000    .0009328   .0054119   1.11e-16   .0881356  
      cw |    1000    35.63527   24.68966   1.149406   234.0612  
    cwpr |    1000    .0020647   .0153957          0   .2836736  
  seedis |    1000    1.10e+07          0   1.10e+07   1.10e+07  
   niter |    1000        1000          0       1000       1000  
dsnumber |    1000           3          0          3          3  
 dslabel |    1000         113          0        113        113  
  factor |    1000        1.25          0       1.25       1.25  
      R2 |    1000    .4078358          0   .4078358   .4078358  
 sampleN |    1000         250          0        250        250  
 datenum |    1000       13961          0      13961      13961  
 
** Description of Simulation Results in 3eqc0500

Variable |     Obs        Mean   Std. Dev.       Min        Max
---------+-----------------------------------------------------
      s1 |    1000    1.001386    .140629   .6258711    1.50591  
      s2 |    1000    1.018112   .2924288   .1711105   2.037414  
      s3 |    1000     .990638   .2490935   .1939074   1.809636  
      s4 |    1000    1.011971   .2829697  -.0074538   1.993982  
      s5 |    1000   -.0135161   .1675652  -.4382621   .5428527  
    s1m1 |    1000    .1392782   .0078923   .1193888   .1670107  
    s2m1 |    1000    .2809514   .0307478   .1995619   .4242347  
    s3m1 |    1000    .2410107   .0230895   .1868869   .3457671  
    s4m1 |    1000    .2698517   .0528963   .1620198   .5027919  
    s5m1 |    1000    .1658647    .014508   .1277713   .2201363  
    s1m2 |    1000    .1399799   .0079321   .1199902   .1678521  
    s2m2 |    1000    .2823667   .0309027   .2005672   .4263719  
    s3m2 |    1000    .2422249   .0232058   .1878285    .347509  
    s4m2 |    1000    .2712112   .0531628    .162836   .5053249  
    s5m2 |    1000    .1667003    .014581    .128415   .2212453  
    s1m3 |    1000    .1401859    .008004   .1201842   .1685804  
    s2m3 |    1000    .2842948   .0317222   .2013541   .4386771  
    s3m3 |    1000    .2430012   .0233975   .1882801   .3498158  
    s4m3 |    1000    .2758766   .0555839   .1674826   .5261316  
    s5m3 |    1000    .1671438   .0147051   .1286118   .2216962  
    s1m4 |    1000    .1411155   .0081267   .1208312   .1702149  
    s2m4 |    1000    .2878006   .0328284   .2031934   .4540865  
    s3m4 |    1000    .2450319   .0237181   .1896977   .3539846  
    s4m4 |    1000    .2822653   .0586459   .1740018   .5508622  
    s5m4 |    1000    .1684493   .0149134   .1294615   .2234902  
    s1m5 |    1000    .1399832   .0078908   .1178869   .1700508  
    s2m5 |    1000    .2637596   .0170167   .2151283   .3289368  
    s3m5 |    1000    .2455989   .0156686   .2045607   .2984341  
    s4m5 |    1000    .1941238   .0156283   .1477424   .2554492  
    s5m5 |    1000    .1686877   .0108722   .1409141   .2069732  
      wh |    1000    58.64786   29.57346   11.10015   241.0488  
    whpr |    1000    .0042607   .0346721          0   .6781512  
      bp |    1000    116.3206   65.67762   22.33469    610.599  
    bppr |    1000    1.81e-07   5.44e-06          0   .0001719  
      gl |    1000     66.1594   18.82337   28.43129   160.6685  
    glpr |    1000    5.61e-08   4.68e-07          0   .0000102  
      cw |    1000    69.96729   36.11148   11.41836    403.577  
    cwpr |    1000    3.25e-06   .0000343          0   .0007272  
  seedis |    1000    1.10e+07          0   1.10e+07   1.10e+07  
   niter |    1000        1000          0       1000       1000  
dsnumber |    1000           3          0          3          3  
 dslabel |    1000         113          0        113        113  
  factor |    1000        1.25          0       1.25       1.25  
      R2 |    1000    .4078358          0   .4078358   .4078358  
 sampleN |    1000         500          0        500        500  
 datenum |    1000       13961          0      13961      13961  
 
** Description of Simulation Results in 3eqc1000

Variable |     Obs        Mean   Std. Dev.       Min        Max
---------+-----------------------------------------------------
      s1 |    1000    1.000514   .0989671   .6950564   1.301658  
      s2 |    1000    1.033243   .2132806   .1374392   1.658179  
      s3 |    1000    .9799103   .1798134    .504337    1.53501  
      s4 |    1000    .9966947   .2042916   .3730491   1.663459  
      s5 |    1000   -.0069678   .1141226  -.3861425   .3731049  
    s1m1 |    1000    .0985657   .0038864   .0881818    .113324  
    s2m1 |    1000    .1996501    .015761   .1557576   .2884487  
    s3m1 |    1000     .171585   .0117198   .1409172   .2147173  
    s4m1 |    1000    .1932621   .0302664   .1239989   .3448046  
    s5m1 |    1000     .117311   .0073047   .0944497   .1404272  
    s1m2 |    1000     .098813   .0038961   .0884031   .1136083  
    s2m2 |    1000    .2001511   .0158006   .1561485   .2891726  
    s3m2 |    1000    .1720156   .0117492   .1412708   .2152561  
    s4m2 |    1000    .1937471   .0303423   .1243101   .3456699  
    s5m2 |    1000    .1176054    .007323   .0946867   .1407796  
    s1m3 |    1000    .0988861   .0039134    .088452   .1137268  
    s2m3 |    1000    .2008847    .016085    .156421   .2931082  
    s3m3 |    1000    .1723006   .0118013   .1413591   .2157137  
    s4m3 |    1000    .1955305   .0311443    .125126   .3529923  
    s5m3 |    1000    .1177675   .0073517   .0947796   .1410021  
    s1m4 |    1000    .0992104   .0039418   .0887245   .1141345  
    s2m4 |    1000    .2021519   .0164321   .1570953   .2979462  
    s3m4 |    1000    .1730237   .0118849   .1418034   .2167253  
    s4m4 |    1000    .1978723   .0320782   .1263183   .3614692  
    s5m4 |    1000    .1182288   .0074002   .0951115   .1415811  
    s1m5 |    1000    .0987944   .0039806   .0876008    .111852  
    s2m5 |    1000    .1858472   .0083557   .1630326   .2188509  
    s3m5 |    1000    .1732092   .0078099    .151852   .2009643  
    s4m5 |    1000    .1361384   .0075249   .1108324   .1626283  
    s5m5 |    1000    .1187748   .0052825   .1033967   .1360202  
      wh |    1000    93.02803   37.57137   29.14769    351.616  
    whpr |    1000    .0000167   .0003232          0   .0099799  
      bp |    1000    220.5405   92.94545   66.66525   669.2194  
    bppr |    1000    1.53e-16   3.67e-15          0   1.15e-13  
      gl |    1000    126.1882    27.1157   62.04758   225.4435  
    glpr |    1000    1.59e-15   3.46e-14          0   1.08e-12  
      cw |    1000    133.3119   47.39808   32.01976    365.473  
    cwpr |    1000    2.06e-11   4.94e-10          0   1.53e-08  
  seedis |    1000    1.10e+07          0   1.10e+07   1.10e+07  
   niter |    1000        1000          0       1000       1000  
dsnumber |    1000           3          0          3          3  
 dslabel |    1000         113          0        113        113  
  factor |    1000        1.25          0       1.25       1.25  
      R2 |    1000    .4078358          0   .4078358   .4078358  
 sampleN |    1000        1000          0       1000       1000  
 datenum |    1000       13961          0      13961      13961  
(Note: file 3eqcr1.dta not found)
file 3eqcr1.dta saved
(Note: file 3eqcGW.dta not found)
** Glejser and White pass for N=25
** Glejser and White pass for N=50
** Glejser and White pass for N=100
** Glejser and White pass for N=250
** Glejser and White pass for N=500
** Glejser and White pass for N=1000
(Note: file 3eqcBC.dta not found)
 
** BP and CW pass for N=25
** BP and CW pass for N=50
** BP and CW pass for N=100
** BP and CW pass for N=250
** BP and CW pass for N=500
** BP and CW pass for N=1000
(Note: file 3eqcres.dta not found)
file 3eqcres.dta saved

. set more on

. log close
