
. set more off

. hchet 1 3na
 
** Structure 3na.jslHC1: Constructing population data.
** Structure 3na.jslHC1: Base regression.

  Source |       SS       df       MS                  Number of obs =  100000
---------+------------------------------               F(  4, 99995) = 6349.01
   Model |  411210.503     4  102802.626               Prob > F      =  0.0000
Residual |  1619109.27 99995  16.1919023               R-squared     =  0.2025
---------+------------------------------               Adj R-squared =  0.2025
   Total |  2030319.77 99999  20.3034008               Root MSE      =  4.0239

------------------------------------------------------------------------------
       y |      Coef.   Std. Err.       t     P>|t|       [95% Conf. Interval]
---------+--------------------------------------------------------------------
      x1 |   1.171438   .0828886     14.133   0.000       1.008978    1.333899
      x2 |    .961877   .0211733     45.429   0.000       .9203775    1.003376
      x3 |   1.003884   .0169805     59.120   0.000       .9706021    1.037165
      x4 |  -.0075771   .0090464     -0.838   0.402      -.0253079    .0101537
   _cons |   .8220097     .09658      8.511   0.000       .6327142    1.011305
------------------------------------------------------------------------------
 
** Structure 3na.jslHC1: SD ratio 85-95/5-15 of residuals.
 
  X1: 1.29
  X2: 1.23
  X3: 1.49
  X4: 1.23

. set more on

. log close
