
. set more off

. hcresult 1 3nn
 
** Constructing data to analyze...
** 18 Apr 1998 - 10:10:14
** Population Data Used for Simulations
*    Structure:       3nn.jslhc1.109
*    Simulation date: 13986
*    Seed:            11020760
*    Factor:          .53
*    R2:              .41
*    Sample N's:      25 50 100 250 500 1000

Variable |     Obs        Mean   Std. Dev.       Min        Max
---------+-----------------------------------------------------
       y |  100000    5.598246   3.180117  -5.767211   25.38067  
      x1 |  100000    1.499012   .2886124    1.00002   1.999999  
      x2 |  100000    1.498522   1.053486  -2.241696   5.101119  
      x3 |  100000    1.600192    1.03109   .0011668   12.12769  
      x4 |  100000     3.59375   1.692207  -2.283696   15.27936  

  Source |       SS       df       MS                  Number of obs =  100000
---------+------------------------------               F(  4, 99995) =17074.95
   Model |  410422.011     4  102605.503               Prob > F      =  0.0000
Residual |  600882.274 99995   6.0091232               R-squared     =  0.4058
---------+------------------------------               Adj R-squared =  0.4058
   Total |  1011304.29 99999   10.113144               Root MSE      =  2.4514

------------------------------------------------------------------------------
       y |      Coef.   Std. Err.       t     P>|t|       [95% Conf. Interval]
---------+--------------------------------------------------------------------
      x1 |   1.104439   .0504953     21.872   0.000       1.005469     1.20341
      x2 |   .9767756   .0128987     75.727   0.000       .9514944    1.002057
      x3 |   1.002366   .0103444     96.899   0.000       .9820909    1.022641
      x4 |  -.0046159    .005511     -0.838   0.402      -.0154175    .0061856
   _cons |   .8915692   .0588361     15.153   0.000       .7762512    1.006887
------------------------------------------------------------------------------
(Note: file 3nnr105.dta not found)
 
** Description of Simulation Results in 3nn0025
*  Sig Level/Sample N: 05/25

Variable |     Obs        Mean   Std. Dev.       Min        Max
---------+-----------------------------------------------------
      s1 |    1000    1.201682   4.159491  -11.84387   16.13946  
      s2 |    1000    .8488493   3.736942  -11.63798   13.80572  
      s3 |    1000    .9994772   .9042853  -1.831826   4.314404  
      s4 |    1000    1.073158   1.015136  -2.732631   6.799839  
      s5 |    1000   -.0222644    .372659  -1.221491   1.415672  
    s1m1 |    1000    3.498351   1.009576    1.42443   8.226265  
    s2m1 |    1000    3.094284    .918522   1.070785   7.247375  
    s3m1 |    1000    .7627115   .2186966   .2693849    1.70109  
    s4m1 |    1000     .701863   .3157729   .1879604   2.988544  
    s5m1 |    1000    .3237362    .091151   .1225867   .7716847  
    s1m2 |    1000    3.911275    1.12874   1.592561   9.197244  
    s2m2 |    1000    3.459515   1.026939   1.197173   8.102812  
    s3m2 |    1000    .8527373   .2445102   .3011815   1.901876  
    s4m2 |    1000    .7847067   .3530448   .2101461   3.341294  
    s5m2 |    1000     .361948   .1019099    .137056   .8627697  
    s1m3 |    1000    4.070979   1.215293   1.607384   9.445415  
    s2m3 |    1000    3.632536   1.117244   1.197744   8.497718  
    s3m3 |    1000    .8857209    .260267   .2980138   1.986914  
    s4m3 |    1000    .8694485   .3926691   .2397181   3.634684  
    s5m3 |    1000    .3729772   .1076061   .1403067   .9226328  
    s1m4 |    1000    4.850504   1.585189   1.826435   13.55228  
    s2m4 |    1000    4.394207   1.509941   1.356667   14.28692  
    s3m4 |    1000    1.044514   .3238863   .3314355   2.628449  
    s4m4 |    1000    1.143907   .5804258   .2725761   6.292353  
    s5m4 |    1000    .4356704   .1313232   .1619541   1.165354  
    s1m5 |    1000    4.140273   .9281873   1.731749   8.152229  
    s2m5 |    1000    3.627021   .8378067   1.581301    7.19625  
    s3m5 |    1000    .9000231   .2041026   .3644344   1.684147  
    s4m5 |    1000    .8332104   .3133082   .3141769   3.066095  
    s5m5 |    1000    .3831061   .0853878   .1945051   .7237306  
      wh |    1000    4.554398   2.830755   .0861737   16.59755  
    whpr |    1000    .9562669   .0929299   .2782594          1  
      bp |    1000    3.905921   3.222818    .065412   22.39137  
    bppr |    1000    .5299191   .2993313   .0001675   .9994767  
      gl |    1000    4.554398   2.830755   .0861737   16.59755  
    glpr |    1000    .4334049   .2822184   .0023137    .999098  
      cw |    1000    3.905921   3.222818    .065412   22.39137  
    cwpr |    1000    .1326961   .1440048   2.22e-06   .7981379  
  seedis |    1000    1.10e+07          0   1.10e+07   1.10e+07  
   niter |    1000        1000          0       1000       1000  
dsnumber |    1000           1          0          1          1  
 dslabel |    1000         109          0        109        109  
  factor |    1000         .53          0        .53        .53  
      R2 |    1000    .4058343          0   .4058343   .4058343  
 sampleN |    1000          25          0         25         25  
 datenum |    1000       13986          0      13986      13986  
 
** Description of Simulation Results in 3nn0050
*  Sig Level/Sample N: 05/50

Variable |     Obs        Mean   Std. Dev.       Min        Max
---------+-----------------------------------------------------
      s1 |    1000     .798381   2.846289  -9.675409   10.58373  
      s2 |    1000     1.19598   2.516856  -6.538948   10.40812  
      s3 |    1000     .945865   .6120948  -.7754481   3.157864  
      s4 |    1000    1.007866   .6213902  -1.318066   3.497959  
      s5 |    1000   -.0022382   .2552821  -.8822331    1.11351  
    s1m1 |    1000    2.569094   .5153518   1.271877   4.819227  
    s2m1 |    1000    2.262787   .4739031   1.044314    4.20609  
    s3m1 |    1000    .5593614   .1115977   .2917635   1.016915  
    s4m1 |    1000    .5177192   .1654488   .1728563   1.314064  
    s5m1 |    1000    .2380495   .0441168   .1182674   .4189022  
    s1m2 |    1000    2.708063   .5432284   1.340676   5.079912  
    s2m2 |    1000    2.385187   .4995377   1.100803   4.433608  
    s3m2 |    1000    .5896187   .1176343   .3075458   1.071922  
    s4m2 |    1000    .5457239   .1743983   .1822065   1.385145  
    s5m2 |    1000    .2509262   .0465032   .1246648   .4415617  
    s1m3 |    1000    2.772009    .574988   1.356821   5.203119  
    s2m3 |    1000     2.45968   .5384404    1.10621   4.999835  
    s3m3 |    1000    .6023941   .1231355   .3138301   1.089571  
    s4m3 |    1000    .5872627   .1989374   .1994025   1.491228  
    s5m3 |    1000    .2553284   .0484603   .1265877   .4480237  
    s1m4 |    1000    3.012914   .6614522   1.449502    6.30876  
    s2m4 |    1000    2.701742   .6421923   1.174727   6.461372  
    s3m4 |    1000    .6514093   .1377642   .3380787   1.170673  
    s4m4 |    1000    .6813778    .262943   .2281337   2.154166  
    s5m4 |    1000    .2749129   .0540707   .1357784   .4794078  
    s1m5 |    1000    2.776761   .4186034   1.698156   4.176033  
    s2m5 |    1000    2.397191   .3697946   1.462957   3.685636  
    s3m5 |    1000    .6069514   .0921593   .3676991   .9286584  
    s4m5 |    1000    .5228681   .1210932   .2313694   1.008163  
    s5m5 |    1000    .2583796   .0383517   .1575302   .4007096  
      wh |    1000    5.386982   3.602213     .10576    19.1555  
    whpr |    1000    .9200585   .1502201   .1590923          1  
      bp |    1000    5.483645   4.368322    .080681   24.52374  
    bppr |    1000    .4105664   .3122394   .0000627   .9992079  
      gl |    1000    5.386982   3.602213     .10576    19.1555  
    glpr |    1000    .3843722   .2954512   .0007325   .9986502  
      cw |    1000    5.483645   4.368322    .080681   24.52374  
    cwpr |    1000    .0926513   .1259016   7.34e-07   .7763767  
  seedis |    1000    1.10e+07          0   1.10e+07   1.10e+07  
   niter |    1000        1000          0       1000       1000  
dsnumber |    1000           1          0          1          1  
 dslabel |    1000         109          0        109        109  
  factor |    1000         .53          0        .53        .53  
      R2 |    1000    .4058343          0   .4058343   .4058343  
 sampleN |    1000          50          0         50         50  
 datenum |    1000       13986          0      13986      13986  
 
** Description of Simulation Results in 3nn0100
*  Sig Level/Sample N: 05/100

Variable |     Obs        Mean   Std. Dev.       Min        Max
---------+-----------------------------------------------------
      s1 |    1000    .8305336   1.962451  -5.425752   7.203231  
      s2 |    1000    1.173205    1.73741  -4.308706   6.346366  
      s3 |    1000    .9669038   .4198435  -.5946082   2.367248  
      s4 |    1000    .9993951    .440853  -.4381165   2.304961  
      s5 |    1000   -.0101492   .1824632  -.5687051    .559921  
    s1m1 |    1000    1.828941   .2607872   1.136758   2.983515  
    s2m1 |    1000    1.615323    .240659    .932076   2.676614  
    s3m1 |    1000    .3989493   .0573483   .2460662   .6142766  
    s4m1 |    1000    .3740385   .0923083   .1500399   .7457876  
    s5m1 |    1000    .1702331   .0226422   .1031785   .2426874  
    s1m2 |    1000    1.876454    .267562   1.166289   3.061022  
    s2m2 |    1000    1.657287   .2469109   .9562898   2.746148  
    s3m2 |    1000    .4093133   .0588381   .2524586   .6302345  
    s4m2 |    1000    .3837554   .0947063   .1539377    .765162  
    s5m2 |    1000    .1746554   .0232304   .1058589    .248992  
    s1m3 |    1000    1.903617   .2787145   1.177214   3.157648  
    s2m3 |    1000    1.690119   .2610868   .9716612   2.837462  
    s3m3 |    1000     .414043   .0602935   .2526444   .6369371  
    s4m3 |    1000    .4039154   .1058111   .1590873   .8581324  
    s5m3 |    1000     .176297   .0237272   .1062795   .2518061  
    s1m4 |    1000     1.98752    .305361   1.221216   3.421058  
    s2m4 |    1000    1.776378    .293642   1.016292   3.333335  
    s3m4 |    1000    .4303293   .0637442    .259492    .664874  
    s4m4 |    1000    .4403054    .127038    .170175   1.072731  
    s5m4 |    1000    .1828134   .0249853   .1095198   .2638197  
    s1m5 |    1000     1.90326   .2024199   1.230314   2.767198  
    s2m5 |    1000    1.640057   .1778313   1.071506    2.34207  
    s3m5 |    1000    .4170378   .0437741    .287405   .5888036  
    s4m5 |    1000    .3458574   .0570892   .2197505   .5968799  
    s5m5 |    1000    .1781455   .0183576   .1258434   .2444284  
      wh |    1000    7.518304   4.860886   .2949823   27.42427  
    whpr |    1000    .8316997   .2410416   .0169476          1  
      bp |    1000    8.140992    5.99659   .3011961   45.02951  
    bppr |    1000    .2564119   .2755116   3.92e-09   .9897369  
      gl |    1000    7.518304   4.860886   .2949823   27.42427  
    glpr |    1000    .2592904    .264544   .0000163   .9901358  
      cw |    1000    8.140992    5.99659   .3011961   45.02951  
    cwpr |    1000    .0467961   .0864185   1.94e-11   .5831335  
  seedis |    1000    1.10e+07          0   1.10e+07   1.10e+07  
   niter |    1000        1000          0       1000       1000  
dsnumber |    1000           1          0          1          1  
 dslabel |    1000         109          0        109        109  
  factor |    1000         .53          0        .53        .53  
      R2 |    1000    .4058343          0   .4058343   .4058343  
 sampleN |    1000         100          0        100        100  
 datenum |    1000       13986          0      13986      13986  
 
** Description of Simulation Results in 3nn0250
*  Sig Level/Sample N: 05/250

Variable |     Obs        Mean   Std. Dev.       Min        Max
---------+-----------------------------------------------------
      s1 |    1000    .9735493   1.203074  -3.041284   4.825652  
      s2 |    1000    1.029806   1.089148  -2.632256   4.619637  
      s3 |    1000    .9956387   .2555351   .2933009   1.843077  
      s4 |    1000    1.004835    .271341   .1201823   2.002167  
      s5 |    1000    -.004938   .1096848  -.3194177   .4722507  
    s1m1 |    1000    1.170443   .1076213    .894459   1.598175  
    s2m1 |    1000    1.038798   .1036711   .7726699   1.525995  
    s3m1 |    1000    .2547053   .0223291   .1911744   .3317111  
    s4m1 |    1000    .2466226   .0439796   .1290459   .4157809  
    s5m1 |    1000     .108811   .0091028   .0843978   .1388349  
    s1m2 |    1000    1.182326   .1087139     .90354   1.614401  
    s2m2 |    1000    1.049344   .1047236   .7805145   1.541488  
    s3m2 |    1000    .2572912   .0225558   .1931153   .3350788  
    s4m2 |    1000    .2491264   .0444261   .1303561   .4200022  
    s5m2 |    1000    .1099157   .0091952   .0852546   .1402444  
    s1m3 |    1000    1.189518   .1109521   .9071796   1.646993  
    s2m3 |    1000    1.058699   .1082998   .7892659   1.608724  
    s3m3 |    1000    .2585918   .0228106   .1935144   .3369752  
    s4m3 |    1000     .255351   .0478224   .1320042    .484835  
    s5m3 |    1000    .1103583   .0092983   .0856189   .1407414  
    s1m4 |    1000    1.209608   .1149473   .9205303   1.726059  
    s2m4 |    1000    1.079995   .1142841   .8078567   1.702924  
    s3m4 |    1000    .2626074    .023333   .1959114   .3428325  
    s4m4 |    1000    .2649682   .0529496    .135399   .5902992  
    s5m4 |    1000    .1119548   .0095131   .0868701   .1426969  
    s1m5 |    1000    1.185273   .0785671   .9664732   1.460487  
    s2m5 |    1000    1.019002   .0694519   .7889277   1.264254  
    s3m5 |    1000    .2597239   .0172048   .2083916   .3253791  
    s4m5 |    1000    .2115704   .0215669   .1549066   .2955234  
    s5m5 |    1000    .1111288   .0068418    .092436   .1337283  
      wh |    1000    13.07695   7.345676   .4959599   47.49191  
    whpr |    1000    .5691014   .3420904   .0000159          1  
      bp |    1000    14.65794    8.92908    .362352   59.16261  
    bppr |    1000    .0871654   .1688906   4.35e-12   .9854416  
      gl |    1000    13.07695   7.345676   .4959599   47.49191  
    glpr |    1000    .0954166   .1710075   1.20e-09   .9738931  
      cw |    1000    14.65794    8.92908    .362352   59.16261  
    cwpr |    1000    .0122548   .0456086   1.45e-14   .5472029  
  seedis |    1000    1.10e+07          0   1.10e+07   1.10e+07  
   niter |    1000        1000          0       1000       1000  
dsnumber |    1000           1          0          1          1  
 dslabel |    1000         109          0        109        109  
  factor |    1000         .53          0        .53        .53  
      R2 |    1000    .4058343          0   .4058343   .4058343  
 sampleN |    1000         250          0        250        250  
 datenum |    1000       13986          0      13986      13986  
 
** Description of Simulation Results in 3nn0500
*  Sig Level/Sample N: 05/500

Variable |     Obs        Mean   Std. Dev.       Min        Max
---------+-----------------------------------------------------
      s1 |    1000    .9183391   .8184387   -2.08848   3.739107  
      s2 |    1000    1.089105   .7325414  -1.535884    3.39696  
      s3 |    1000    .9716487   .1815721   .3624977   1.513269  
      s4 |    1000    1.004581   .1851534   .3987514   1.634409  
      s5 |    1000   -.0051154   .0786646  -.2652205   .2276042  
    s1m1 |    1000    .8346075   .0561372   .6902223   1.017233  
    s2m1 |    1000    .7428554   .0551034   .6043245   .9615483  
    s3m1 |    1000    .1815809   .0119409   .1498903   .2264908  
    s4m1 |    1000    .1786639   .0257381   .1133378   .3235437  
    s5m1 |    1000    .0772008   .0046345   .0598532   .0923518  
    s1m2 |    1000    .8388121     .05642   .6936995   1.022357  
    s2m2 |    1000    .7465977    .055381   .6073689   .9663925  
    s3m2 |    1000    .1824957    .012001   .1506455   .2276319  
    s4m2 |    1000     .179564   .0258678   .1139088   .3251737  
    s5m2 |    1000    .0775897   .0046578   .0601547    .092817  
    s1m3 |    1000    .8416685   .0571705   .6964165   1.027547  
    s2m3 |    1000    .7504367   .0566773   .6087664   .9871857  
    s3m3 |    1000    .1829663   .0120706    .151115   .2282325  
    s4m3 |    1000    .1822006   .0270723   .1146089   .3426279  
    s5m3 |    1000    .0777498   .0046876   .0602531   .0930538  
    s1m4 |    1000    .8489525    .058333   .7029653   1.038072  
    s2m4 |    1000    .7583346   .0585046   .6132743   1.015308  
    s3m4 |    1000    .1843754   .0122054    .152364   .2299941  
    s4m4 |    1000    .1859444   .0286247   .1159212   .3634674  
    s5m4 |    1000    .0783076    .004743   .0606579   .0939342  
    s1m5 |    1000    .8368697    .038659   .7339857    .962931  
    s2m5 |    1000    .7198405   .0339911   .6204874   .8261963  
    s3m5 |    1000    .1834532   .0086864   .1584654   .2138652  
    s4m5 |    1000     .147951   .0109764   .1184177   .1801294  
    s5m5 |    1000    .0782488   .0034636   .0680635   .0906476  
      wh |    1000    22.81206   9.535966   2.026051   61.56131  
    whpr |    1000    .2115974   .2703805   6.23e-08   .9999099  
      bp |    1000    25.89133   11.78876   2.230349    79.2936  
    bppr |    1000    .0114912    .053405   2.22e-16   .6934771  
      gl |    1000    22.81206   9.535966   2.026051   61.56131  
    glpr |    1000    .0133301   .0543374   1.36e-12   .7309673  
      cw |    1000    25.89133   11.78876   2.230349    79.2936  
    cwpr |    1000    .0009852   .0076375          0   .1353233  
  seedis |    1000    1.10e+07          0   1.10e+07   1.10e+07  
   niter |    1000        1000          0       1000       1000  
dsnumber |    1000           1          0          1          1  
 dslabel |    1000         109          0        109        109  
  factor |    1000         .53          0        .53        .53  
      R2 |    1000    .4058343          0   .4058343   .4058343  
 sampleN |    1000         500          0        500        500  
 datenum |    1000       13986          0      13986      13986  
 
** Description of Simulation Results in 3nn1000
*  Sig Level/Sample N: 05/1000

Variable |     Obs        Mean   Std. Dev.       Min        Max
---------+-----------------------------------------------------
      s1 |    1000     .866497   .5853583  -1.160315   3.121036  
      s2 |    1000    1.126682   .5217167  -.9095343   2.692274  
      s3 |    1000    .9754755   .1277326   .5452152   1.551405  
      s4 |    1000    .9974777   .1232645   .6050963   1.441165  
      s5 |    1000   -.0046666   .0546575  -.2025767   .1554431  
    s1m1 |    1000    .5890379   .0264717   .5150967   .6750666  
    s2m1 |    1000    .5238812   .0262274   .4527144   .6118293  
    s3m1 |    1000     .128453   .0058764   .1038389   .1474853  
    s4m1 |    1000    .1272715   .0128073   .0968693   .1785967  
    s5m1 |    1000    .0545218   .0022329   .0474022   .0618227  
    s1m2 |    1000     .590516   .0265381   .5163893   .6767606  
    s2m2 |    1000    .5251958   .0262932   .4538504   .6133647  
    s3m2 |    1000    .1287754   .0058911   .1040995   .1478554  
    s4m2 |    1000    .1275909   .0128394   .0971124   .1790449  
    s5m2 |    1000    .0546587   .0022385   .0475211   .0619779  
    s1m3 |    1000    .5915301    .026736    .517028   .6779665  
    s2m3 |    1000    .5265923   .0266506   .4550743   .6165109  
    s3m3 |    1000    .1289466   .0059124   .1041599   .1482205  
    s4m3 |    1000    .1285888   .0131641   .0975225   .1804119  
    s5m3 |    1000    .0547153   .0022452   .0475527   .0620646  
    s1m4 |    1000    .5940629   .0270179    .518976   .6808953  
    s2m4 |    1000    .5293643   .0271118   .4574907   .6213151  
    s3m4 |    1000    .1294446   .0059492   .1044824    .148967  
    s4m4 |    1000    .1299486   .0135551   .0981867   .1824821  
    s5m4 |    1000    .0549104   .0022578   .0477039   .0623086  
    s1m5 |    1000    .5895036   .0185802   .5303503   .6509297  
    s2m5 |    1000    .5059924   .0161104   .4609467   .5591342  
    s3m5 |    1000    .1292094   .0040852   .1148579   .1408108  
    s4m5 |    1000    .1037516   .0050836   .0893425   .1190289  
    s5m5 |    1000    .0551774    .001672   .0497484   .0610794  
      wh |    1000    43.81935   14.38604   12.72136     114.42  
    whpr |    1000    .0130945   .0514575          0   .5485715  
      bp |    1000    49.70307   17.57961   13.81295    146.291  
    bppr |    1000    .0000551   .0004366          0   .0079166  
      gl |    1000    43.81935   14.38604   12.72136     114.42  
    glpr |    1000    .0000953   .0006909          0   .0127206  
      cw |    1000    49.70307   17.57961   13.81295    146.291  
    cwpr |    1000    1.13e-06   .0000101          0   .0002019  
  seedis |    1000    1.10e+07          0   1.10e+07   1.10e+07  
   niter |    1000        1000          0       1000       1000  
dsnumber |    1000           1          0          1          1  
 dslabel |    1000         109          0        109        109  
  factor |    1000         .53          0        .53        .53  
      R2 |    1000    .4058343          0   .4058343   .4058343  
 sampleN |    1000        1000          0       1000       1000  
 datenum |    1000       13986          0      13986      13986  
(Note: file 3nnr110.dta not found)
 
** Description of Simulation Results in 3nn0025

Variable |     Obs        Mean   Std. Dev.       Min        Max
---------+-----------------------------------------------------
      s1 |    1000    1.201682   4.159491  -11.84387   16.13946  
      s2 |    1000    .8488493   3.736942  -11.63798   13.80572  
      s3 |    1000    .9994772   .9042853  -1.831826   4.314404  
      s4 |    1000    1.073158   1.015136  -2.732631   6.799839  
      s5 |    1000   -.0222644    .372659  -1.221491   1.415672  
    s1m1 |    1000    3.498351   1.009576    1.42443   8.226265  
    s2m1 |    1000    3.094284    .918522   1.070785   7.247375  
    s3m1 |    1000    .7627115   .2186966   .2693849    1.70109  
    s4m1 |    1000     .701863   .3157729   .1879604   2.988544  
    s5m1 |    1000    .3237362    .091151   .1225867   .7716847  
    s1m2 |    1000    3.911275    1.12874   1.592561   9.197244  
    s2m2 |    1000    3.459515   1.026939   1.197173   8.102812  
    s3m2 |    1000    .8527373   .2445102   .3011815   1.901876  
    s4m2 |    1000    .7847067   .3530448   .2101461   3.341294  
    s5m2 |    1000     .361948   .1019099    .137056   .8627697  
    s1m3 |    1000    4.070979   1.215293   1.607384   9.445415  
    s2m3 |    1000    3.632536   1.117244   1.197744   8.497718  
    s3m3 |    1000    .8857209    .260267   .2980138   1.986914  
    s4m3 |    1000    .8694485   .3926691   .2397181   3.634684  
    s5m3 |    1000    .3729772   .1076061   .1403067   .9226328  
    s1m4 |    1000    4.850504   1.585189   1.826435   13.55228  
    s2m4 |    1000    4.394207   1.509941   1.356667   14.28692  
    s3m4 |    1000    1.044514   .3238863   .3314355   2.628449  
    s4m4 |    1000    1.143907   .5804258   .2725761   6.292353  
    s5m4 |    1000    .4356704   .1313232   .1619541   1.165354  
    s1m5 |    1000    4.140273   .9281873   1.731749   8.152229  
    s2m5 |    1000    3.627021   .8378067   1.581301    7.19625  
    s3m5 |    1000    .9000231   .2041026   .3644344   1.684147  
    s4m5 |    1000    .8332104   .3133082   .3141769   3.066095  
    s5m5 |    1000    .3831061   .0853878   .1945051   .7237306  
      wh |    1000    4.554398   2.830755   .0861737   16.59755  
    whpr |    1000    .9562669   .0929299   .2782594          1  
      bp |    1000    3.905921   3.222818    .065412   22.39137  
    bppr |    1000    .5299191   .2993313   .0001675   .9994767  
      gl |    1000    4.554398   2.830755   .0861737   16.59755  
    glpr |    1000    .4334049   .2822184   .0023137    .999098  
      cw |    1000    3.905921   3.222818    .065412   22.39137  
    cwpr |    1000    .1326961   .1440048   2.22e-06   .7981379  
  seedis |    1000    1.10e+07          0   1.10e+07   1.10e+07  
   niter |    1000        1000          0       1000       1000  
dsnumber |    1000           1          0          1          1  
 dslabel |    1000         109          0        109        109  
  factor |    1000         .53          0        .53        .53  
      R2 |    1000    .4058343          0   .4058343   .4058343  
 sampleN |    1000          25          0         25         25  
 datenum |    1000       13986          0      13986      13986  
 
** Description of Simulation Results in 3nn0050

Variable |     Obs        Mean   Std. Dev.       Min        Max
---------+-----------------------------------------------------
      s1 |    1000     .798381   2.846289  -9.675409   10.58373  
      s2 |    1000     1.19598   2.516856  -6.538948   10.40812  
      s3 |    1000     .945865   .6120948  -.7754481   3.157864  
      s4 |    1000    1.007866   .6213902  -1.318066   3.497959  
      s5 |    1000   -.0022382   .2552821  -.8822331    1.11351  
    s1m1 |    1000    2.569094   .5153518   1.271877   4.819227  
    s2m1 |    1000    2.262787   .4739031   1.044314    4.20609  
    s3m1 |    1000    .5593614   .1115977   .2917635   1.016915  
    s4m1 |    1000    .5177192   .1654488   .1728563   1.314064  
    s5m1 |    1000    .2380495   .0441168   .1182674   .4189022  
    s1m2 |    1000    2.708063   .5432284   1.340676   5.079912  
    s2m2 |    1000    2.385187   .4995377   1.100803   4.433608  
    s3m2 |    1000    .5896187   .1176343   .3075458   1.071922  
    s4m2 |    1000    .5457239   .1743983   .1822065   1.385145  
    s5m2 |    1000    .2509262   .0465032   .1246648   .4415617  
    s1m3 |    1000    2.772009    .574988   1.356821   5.203119  
    s2m3 |    1000     2.45968   .5384404    1.10621   4.999835  
    s3m3 |    1000    .6023941   .1231355   .3138301   1.089571  
    s4m3 |    1000    .5872627   .1989374   .1994025   1.491228  
    s5m3 |    1000    .2553284   .0484603   .1265877   .4480237  
    s1m4 |    1000    3.012914   .6614522   1.449502    6.30876  
    s2m4 |    1000    2.701742   .6421923   1.174727   6.461372  
    s3m4 |    1000    .6514093   .1377642   .3380787   1.170673  
    s4m4 |    1000    .6813778    .262943   .2281337   2.154166  
    s5m4 |    1000    .2749129   .0540707   .1357784   .4794078  
    s1m5 |    1000    2.776761   .4186034   1.698156   4.176033  
    s2m5 |    1000    2.397191   .3697946   1.462957   3.685636  
    s3m5 |    1000    .6069514   .0921593   .3676991   .9286584  
    s4m5 |    1000    .5228681   .1210932   .2313694   1.008163  
    s5m5 |    1000    .2583796   .0383517   .1575302   .4007096  
      wh |    1000    5.386982   3.602213     .10576    19.1555  
    whpr |    1000    .9200585   .1502201   .1590923          1  
      bp |    1000    5.483645   4.368322    .080681   24.52374  
    bppr |    1000    .4105664   .3122394   .0000627   .9992079  
      gl |    1000    5.386982   3.602213     .10576    19.1555  
    glpr |    1000    .3843722   .2954512   .0007325   .9986502  
      cw |    1000    5.483645   4.368322    .080681   24.52374  
    cwpr |    1000    .0926513   .1259016   7.34e-07   .7763767  
  seedis |    1000    1.10e+07          0   1.10e+07   1.10e+07  
   niter |    1000        1000          0       1000       1000  
dsnumber |    1000           1          0          1          1  
 dslabel |    1000         109          0        109        109  
  factor |    1000         .53          0        .53        .53  
      R2 |    1000    .4058343          0   .4058343   .4058343  
 sampleN |    1000          50          0         50         50  
 datenum |    1000       13986          0      13986      13986  
 
** Description of Simulation Results in 3nn0100

Variable |     Obs        Mean   Std. Dev.       Min        Max
---------+-----------------------------------------------------
      s1 |    1000    .8305336   1.962451  -5.425752   7.203231  
      s2 |    1000    1.173205    1.73741  -4.308706   6.346366  
      s3 |    1000    .9669038   .4198435  -.5946082   2.367248  
      s4 |    1000    .9993951    .440853  -.4381165   2.304961  
      s5 |    1000   -.0101492   .1824632  -.5687051    .559921  
    s1m1 |    1000    1.828941   .2607872   1.136758   2.983515  
    s2m1 |    1000    1.615323    .240659    .932076   2.676614  
    s3m1 |    1000    .3989493   .0573483   .2460662   .6142766  
    s4m1 |    1000    .3740385   .0923083   .1500399   .7457876  
    s5m1 |    1000    .1702331   .0226422   .1031785   .2426874  
    s1m2 |    1000    1.876454    .267562   1.166289   3.061022  
    s2m2 |    1000    1.657287   .2469109   .9562898   2.746148  
    s3m2 |    1000    .4093133   .0588381   .2524586   .6302345  
    s4m2 |    1000    .3837554   .0947063   .1539377    .765162  
    s5m2 |    1000    .1746554   .0232304   .1058589    .248992  
    s1m3 |    1000    1.903617   .2787145   1.177214   3.157648  
    s2m3 |    1000    1.690119   .2610868   .9716612   2.837462  
    s3m3 |    1000     .414043   .0602935   .2526444   .6369371  
    s4m3 |    1000    .4039154   .1058111   .1590873   .8581324  
    s5m3 |    1000     .176297   .0237272   .1062795   .2518061  
    s1m4 |    1000     1.98752    .305361   1.221216   3.421058  
    s2m4 |    1000    1.776378    .293642   1.016292   3.333335  
    s3m4 |    1000    .4303293   .0637442    .259492    .664874  
    s4m4 |    1000    .4403054    .127038    .170175   1.072731  
    s5m4 |    1000    .1828134   .0249853   .1095198   .2638197  
    s1m5 |    1000     1.90326   .2024199   1.230314   2.767198  
    s2m5 |    1000    1.640057   .1778313   1.071506    2.34207  
    s3m5 |    1000    .4170378   .0437741    .287405   .5888036  
    s4m5 |    1000    .3458574   .0570892   .2197505   .5968799  
    s5m5 |    1000    .1781455   .0183576   .1258434   .2444284  
      wh |    1000    7.518304   4.860886   .2949823   27.42427  
    whpr |    1000    .8316997   .2410416   .0169476          1  
      bp |    1000    8.140992    5.99659   .3011961   45.02951  
    bppr |    1000    .2564119   .2755116   3.92e-09   .9897369  
      gl |    1000    7.518304   4.860886   .2949823   27.42427  
    glpr |    1000    .2592904    .264544   .0000163   .9901358  
      cw |    1000    8.140992    5.99659   .3011961   45.02951  
    cwpr |    1000    .0467961   .0864185   1.94e-11   .5831335  
  seedis |    1000    1.10e+07          0   1.10e+07   1.10e+07  
   niter |    1000        1000          0       1000       1000  
dsnumber |    1000           1          0          1          1  
 dslabel |    1000         109          0        109        109  
  factor |    1000         .53          0        .53        .53  
      R2 |    1000    .4058343          0   .4058343   .4058343  
 sampleN |    1000         100          0        100        100  
 datenum |    1000       13986          0      13986      13986  
 
** Description of Simulation Results in 3nn0250

Variable |     Obs        Mean   Std. Dev.       Min        Max
---------+-----------------------------------------------------
      s1 |    1000    .9735493   1.203074  -3.041284   4.825652  
      s2 |    1000    1.029806   1.089148  -2.632256   4.619637  
      s3 |    1000    .9956387   .2555351   .2933009   1.843077  
      s4 |    1000    1.004835    .271341   .1201823   2.002167  
      s5 |    1000    -.004938   .1096848  -.3194177   .4722507  
    s1m1 |    1000    1.170443   .1076213    .894459   1.598175  
    s2m1 |    1000    1.038798   .1036711   .7726699   1.525995  
    s3m1 |    1000    .2547053   .0223291   .1911744   .3317111  
    s4m1 |    1000    .2466226   .0439796   .1290459   .4157809  
    s5m1 |    1000     .108811   .0091028   .0843978   .1388349  
    s1m2 |    1000    1.182326   .1087139     .90354   1.614401  
    s2m2 |    1000    1.049344   .1047236   .7805145   1.541488  
    s3m2 |    1000    .2572912   .0225558   .1931153   .3350788  
    s4m2 |    1000    .2491264   .0444261   .1303561   .4200022  
    s5m2 |    1000    .1099157   .0091952   .0852546   .1402444  
    s1m3 |    1000    1.189518   .1109521   .9071796   1.646993  
    s2m3 |    1000    1.058699   .1082998   .7892659   1.608724  
    s3m3 |    1000    .2585918   .0228106   .1935144   .3369752  
    s4m3 |    1000     .255351   .0478224   .1320042    .484835  
    s5m3 |    1000    .1103583   .0092983   .0856189   .1407414  
    s1m4 |    1000    1.209608   .1149473   .9205303   1.726059  
    s2m4 |    1000    1.079995   .1142841   .8078567   1.702924  
    s3m4 |    1000    .2626074    .023333   .1959114   .3428325  
    s4m4 |    1000    .2649682   .0529496    .135399   .5902992  
    s5m4 |    1000    .1119548   .0095131   .0868701   .1426969  
    s1m5 |    1000    1.185273   .0785671   .9664732   1.460487  
    s2m5 |    1000    1.019002   .0694519   .7889277   1.264254  
    s3m5 |    1000    .2597239   .0172048   .2083916   .3253791  
    s4m5 |    1000    .2115704   .0215669   .1549066   .2955234  
    s5m5 |    1000    .1111288   .0068418    .092436   .1337283  
      wh |    1000    13.07695   7.345676   .4959599   47.49191  
    whpr |    1000    .5691014   .3420904   .0000159          1  
      bp |    1000    14.65794    8.92908    .362352   59.16261  
    bppr |    1000    .0871654   .1688906   4.35e-12   .9854416  
      gl |    1000    13.07695   7.345676   .4959599   47.49191  
    glpr |    1000    .0954166   .1710075   1.20e-09   .9738931  
      cw |    1000    14.65794    8.92908    .362352   59.16261  
    cwpr |    1000    .0122548   .0456086   1.45e-14   .5472029  
  seedis |    1000    1.10e+07          0   1.10e+07   1.10e+07  
   niter |    1000        1000          0       1000       1000  
dsnumber |    1000           1          0          1          1  
 dslabel |    1000         109          0        109        109  
  factor |    1000         .53          0        .53        .53  
      R2 |    1000    .4058343          0   .4058343   .4058343  
 sampleN |    1000         250          0        250        250  
 datenum |    1000       13986          0      13986      13986  
 
** Description of Simulation Results in 3nn0500

Variable |     Obs        Mean   Std. Dev.       Min        Max
---------+-----------------------------------------------------
      s1 |    1000    .9183391   .8184387   -2.08848   3.739107  
      s2 |    1000    1.089105   .7325414  -1.535884    3.39696  
      s3 |    1000    .9716487   .1815721   .3624977   1.513269  
      s4 |    1000    1.004581   .1851534   .3987514   1.634409  
      s5 |    1000   -.0051154   .0786646  -.2652205   .2276042  
    s1m1 |    1000    .8346075   .0561372   .6902223   1.017233  
    s2m1 |    1000    .7428554   .0551034   .6043245   .9615483  
    s3m1 |    1000    .1815809   .0119409   .1498903   .2264908  
    s4m1 |    1000    .1786639   .0257381   .1133378   .3235437  
    s5m1 |    1000    .0772008   .0046345   .0598532   .0923518  
    s1m2 |    1000    .8388121     .05642   .6936995   1.022357  
    s2m2 |    1000    .7465977    .055381   .6073689   .9663925  
    s3m2 |    1000    .1824957    .012001   .1506455   .2276319  
    s4m2 |    1000     .179564   .0258678   .1139088   .3251737  
    s5m2 |    1000    .0775897   .0046578   .0601547    .092817  
    s1m3 |    1000    .8416685   .0571705   .6964165   1.027547  
    s2m3 |    1000    .7504367   .0566773   .6087664   .9871857  
    s3m3 |    1000    .1829663   .0120706    .151115   .2282325  
    s4m3 |    1000    .1822006   .0270723   .1146089   .3426279  
    s5m3 |    1000    .0777498   .0046876   .0602531   .0930538  
    s1m4 |    1000    .8489525    .058333   .7029653   1.038072  
    s2m4 |    1000    .7583346   .0585046   .6132743   1.015308  
    s3m4 |    1000    .1843754   .0122054    .152364   .2299941  
    s4m4 |    1000    .1859444   .0286247   .1159212   .3634674  
    s5m4 |    1000    .0783076    .004743   .0606579   .0939342  
    s1m5 |    1000    .8368697    .038659   .7339857    .962931  
    s2m5 |    1000    .7198405   .0339911   .6204874   .8261963  
    s3m5 |    1000    .1834532   .0086864   .1584654   .2138652  
    s4m5 |    1000     .147951   .0109764   .1184177   .1801294  
    s5m5 |    1000    .0782488   .0034636   .0680635   .0906476  
      wh |    1000    22.81206   9.535966   2.026051   61.56131  
    whpr |    1000    .2115974   .2703805   6.23e-08   .9999099  
      bp |    1000    25.89133   11.78876   2.230349    79.2936  
    bppr |    1000    .0114912    .053405   2.22e-16   .6934771  
      gl |    1000    22.81206   9.535966   2.026051   61.56131  
    glpr |    1000    .0133301   .0543374   1.36e-12   .7309673  
      cw |    1000    25.89133   11.78876   2.230349    79.2936  
    cwpr |    1000    .0009852   .0076375          0   .1353233  
  seedis |    1000    1.10e+07          0   1.10e+07   1.10e+07  
   niter |    1000        1000          0       1000       1000  
dsnumber |    1000           1          0          1          1  
 dslabel |    1000         109          0        109        109  
  factor |    1000         .53          0        .53        .53  
      R2 |    1000    .4058343          0   .4058343   .4058343  
 sampleN |    1000         500          0        500        500  
 datenum |    1000       13986          0      13986      13986  
 
** Description of Simulation Results in 3nn1000

Variable |     Obs        Mean   Std. Dev.       Min        Max
---------+-----------------------------------------------------
      s1 |    1000     .866497   .5853583  -1.160315   3.121036  
      s2 |    1000    1.126682   .5217167  -.9095343   2.692274  
      s3 |    1000    .9754755   .1277326   .5452152   1.551405  
      s4 |    1000    .9974777   .1232645   .6050963   1.441165  
      s5 |    1000   -.0046666   .0546575  -.2025767   .1554431  
    s1m1 |    1000    .5890379   .0264717   .5150967   .6750666  
    s2m1 |    1000    .5238812   .0262274   .4527144   .6118293  
    s3m1 |    1000     .128453   .0058764   .1038389   .1474853  
    s4m1 |    1000    .1272715   .0128073   .0968693   .1785967  
    s5m1 |    1000    .0545218   .0022329   .0474022   .0618227  
    s1m2 |    1000     .590516   .0265381   .5163893   .6767606  
    s2m2 |    1000    .5251958   .0262932   .4538504   .6133647  
    s3m2 |    1000    .1287754   .0058911   .1040995   .1478554  
    s4m2 |    1000    .1275909   .0128394   .0971124   .1790449  
    s5m2 |    1000    .0546587   .0022385   .0475211   .0619779  
    s1m3 |    1000    .5915301    .026736    .517028   .6779665  
    s2m3 |    1000    .5265923   .0266506   .4550743   .6165109  
    s3m3 |    1000    .1289466   .0059124   .1041599   .1482205  
    s4m3 |    1000    .1285888   .0131641   .0975225   .1804119  
    s5m3 |    1000    .0547153   .0022452   .0475527   .0620646  
    s1m4 |    1000    .5940629   .0270179    .518976   .6808953  
    s2m4 |    1000    .5293643   .0271118   .4574907   .6213151  
    s3m4 |    1000    .1294446   .0059492   .1044824    .148967  
    s4m4 |    1000    .1299486   .0135551   .0981867   .1824821  
    s5m4 |    1000    .0549104   .0022578   .0477039   .0623086  
    s1m5 |    1000    .5895036   .0185802   .5303503   .6509297  
    s2m5 |    1000    .5059924   .0161104   .4609467   .5591342  
    s3m5 |    1000    .1292094   .0040852   .1148579   .1408108  
    s4m5 |    1000    .1037516   .0050836   .0893425   .1190289  
    s5m5 |    1000    .0551774    .001672   .0497484   .0610794  
      wh |    1000    43.81935   14.38604   12.72136     114.42  
    whpr |    1000    .0130945   .0514575          0   .5485715  
      bp |    1000    49.70307   17.57961   13.81295    146.291  
    bppr |    1000    .0000551   .0004366          0   .0079166  
      gl |    1000    43.81935   14.38604   12.72136     114.42  
    glpr |    1000    .0000953   .0006909          0   .0127206  
      cw |    1000    49.70307   17.57961   13.81295    146.291  
    cwpr |    1000    1.13e-06   .0000101          0   .0002019  
  seedis |    1000    1.10e+07          0   1.10e+07   1.10e+07  
   niter |    1000        1000          0       1000       1000  
dsnumber |    1000           1          0          1          1  
 dslabel |    1000         109          0        109        109  
  factor |    1000         .53          0        .53        .53  
      R2 |    1000    .4058343          0   .4058343   .4058343  
 sampleN |    1000        1000          0       1000       1000  
 datenum |    1000       13986          0      13986      13986  
(Note: file 3nnr1.dta not found)
file 3nnr1.dta saved
(Note: file 3nnGW.dta not found)
** Glejser and White pass for N=25
** Glejser and White pass for N=50
** Glejser and White pass for N=100
** Glejser and White pass for N=250
** Glejser and White pass for N=500
** Glejser and White pass for N=1000
(Note: file 3nnBC.dta not found)
 
** BP and CW pass for N=25
** BP and CW pass for N=50
** BP and CW pass for N=100
** BP and CW pass for N=250
** BP and CW pass for N=500
** BP and CW pass for N=1000
(Note: file 3nnres.dta not found)
file 3nnres.dta saved

. set more on

. log close
