** 18 Apr 1998 - 10:11:25
. hcsum 3nn B
** HCSUM for 3nnres: B.
 * Table of mean absolute deviation from nominal size.
 * Negative marks smallest value.

            All  Through       b1       b2       b3       b4
sOLS05    0.015   50.000    0.004    0.005    0.047   -0.003
s0HC05    0.050   50.000    0.042    0.028    0.102    0.029
s1HC05    0.026   50.000    0.021    0.005    0.068    0.009
s2HC05    0.015   50.000    0.013   -0.002    0.041    0.004
s3HC05   -0.011   50.000    0.008    0.015   -0.004    0.016
s3B005    0.013   50.000    0.006    0.005    0.038    0.003
s3B105    0.013   50.000    0.004    0.006    0.037    0.003
s3B205    0.012   50.000   -0.004    0.007    0.032    0.005
s3B305    0.013   50.000    0.005    0.008    0.032    0.005
s3B305    0.013   50.000    0.005    0.009    0.030    0.006
s3B305    0.012   50.000    0.005    0.009    0.026    0.005

            All  Through       b1       b2       b3       b4
sOLS05    0.034  100.000    0.011    0.004    0.056   -0.005
s0HC05    0.095  100.000    0.036    0.025    0.089    0.030
s1HC05    0.052  100.000    0.019    0.006    0.064    0.015
s2HC05    0.032  100.000    0.013   -0.004    0.043    0.009
s3HC05    0.000  100.000    0.007    0.011   -0.011    0.014
s3B005    0.029  100.000    0.009    0.005    0.042    0.007
s3B105    0.028  100.000    0.009    0.005    0.040    0.007
s3B205    0.026  100.000    0.007    0.005    0.034    0.008
s3B305    0.026  100.000    0.007    0.006    0.032    0.008
s3B305    0.026  100.000   -0.006    0.007    0.030    0.008
s3B305    0.023  100.000    0.006    0.007    0.028    0.007

            All  Through       b1       b2       b3       b4
sOLS05    0.055  250.000    0.014    0.003    0.062   -0.006
s0HC05    0.132  250.000    0.032    0.019    0.075    0.022
s1HC05    0.074  250.000    0.019    0.004    0.055    0.012
s2HC05    0.048  250.000    0.013   -0.003    0.039    0.008
s3HC05   -0.011  250.000    0.008    0.009   -0.014    0.013
s3B005    0.044  250.000    0.011    0.004    0.041    0.007
s3B105    0.043  250.000    0.010    0.004    0.038    0.007
s3B205    0.039  250.000    0.009    0.004    0.032    0.008
s3B305    0.039  250.000    0.009    0.005    0.031    0.008
s3B305    0.038  250.000   -0.008    0.006    0.028    0.008
s3B305    0.035  250.000    0.008    0.006    0.026    0.007

             All   Through        b1        b2        b3        b4
sOLS05     0.075  1000.000     0.012     0.003     0.060    -0.006
s0HC05     0.158  1000.000     0.023     0.013     0.052     0.017
s1HC05     0.091  1000.000     0.014     0.003     0.038     0.010
s2HC05     0.060  1000.000     0.009    -0.002     0.027     0.008
s3HC05     0.002  1000.000     0.007     0.006    -0.010     0.010
s3B005     0.056  1000.000     0.009     0.003     0.029     0.006
s3B105     0.054  1000.000     0.008     0.003     0.027     0.007
s3B205     0.049  1000.000     0.007     0.004     0.022     0.007
s3B305     0.049  1000.000     0.007     0.004     0.022     0.007
s3B305     0.048  1000.000    -0.007     0.004     0.020     0.008
s3B305     0.044  1000.000     0.007     0.004     0.019     0.007

. hcsum 3nn C
** HCSUM for 3nnres: C.
 * Table of mean absolute deviation from nominal size.
 * Negative marks smallest value.

            All  Through       b1       b2       b3       b4
sOLS05    0.015   50.000    0.004    0.005    0.047   -0.003
s0HC05    0.050   50.000    0.042    0.028    0.102    0.029
s1HC05    0.026   50.000    0.021    0.005    0.068    0.009
s2HC05    0.015   50.000    0.013   -0.002    0.041    0.004
s3HC05    0.011   50.000    0.008    0.015   -0.004    0.016
s3C005    0.013   50.000    0.007    0.010    0.030    0.006
s3C105    0.010   50.000   -0.002    0.010    0.022    0.007
s3C205   -0.010   50.000    0.006    0.011    0.013    0.009
s3C305    0.011   50.000    0.006    0.013    0.009    0.014
s3C305    0.011   50.000    0.008    0.013    0.007    0.016
s3C305    0.011   50.000    0.008    0.015    0.005    0.016

            All  Through       b1       b2       b3       b4
sOLS05    0.034  100.000    0.011    0.004    0.056   -0.005
s0HC05    0.095  100.000    0.036    0.025    0.089    0.030
s1HC05    0.052  100.000    0.019    0.006    0.064    0.015
s2HC05    0.032  100.000    0.013   -0.004    0.043    0.009
s3HC05    0.022  100.000    0.007    0.011   -0.011    0.014
s3C005    0.026  100.000    0.007    0.007    0.030    0.009
s3C105    0.021  100.000   -0.003    0.007    0.024    0.008
s3C205    0.000  100.000    0.005    0.009    0.015    0.010
s3C305    0.021  100.000    0.006    0.010    0.014    0.012
s3C305    0.021  100.000    0.007    0.010    0.012    0.013
s3C305    0.022  100.000    0.007    0.011    0.011    0.013

            All  Through       b1       b2       b3       b4
sOLS05    0.055  250.000    0.014    0.003    0.062   -0.006
s0HC05    0.132  250.000    0.032    0.019    0.075    0.022
s1HC05    0.074  250.000    0.019    0.004    0.055    0.012
s2HC05    0.048  250.000    0.013   -0.003    0.039    0.008
s3HC05    0.033  250.000    0.008    0.009   -0.014    0.013
s3C005    0.039  250.000    0.008    0.006    0.028    0.009
s3C105    0.032  250.000   -0.006    0.006    0.023    0.008
s3C205   -0.010  250.000    0.007    0.007    0.017    0.009
s3C305    0.032  250.000    0.007    0.008    0.016    0.011
s3C305    0.032  250.000    0.008    0.008    0.015    0.012
s3C305    0.032  250.000    0.008    0.009    0.014    0.012

             All   Through        b1        b2        b3        b4
sOLS05     0.075  1000.000     0.012     0.003     0.060    -0.006
s0HC05     0.158  1000.000     0.023     0.013     0.052     0.017
s1HC05     0.091  1000.000     0.014     0.003     0.038     0.010
s2HC05     0.060  1000.000     0.009    -0.002     0.027     0.008
s3HC05     0.041  1000.000     0.007     0.006    -0.010     0.010
s3C005     0.049  1000.000     0.007     0.005     0.020     0.008
s3C105     0.041  1000.000    -0.005     0.004     0.017     0.007
s3C205     0.002  1000.000     0.006     0.005     0.012     0.008
s3C305     0.040  1000.000     0.006     0.006     0.012     0.009
s3C305     0.041  1000.000     0.007     0.006     0.011     0.010
s3C305     0.041  1000.000     0.007     0.006     0.010     0.010

. hcsum 3nn G
** HCSUM for 3nnres: G.
 * Table of mean absolute deviation from nominal size.
 * Negative marks smallest value.

            All  Through       b1       b2       b3       b4
sOLS05    0.015   50.000    0.004    0.005    0.047   -0.003
s0HC05    0.050   50.000    0.042    0.028    0.102    0.029
s1HC05    0.026   50.000    0.021    0.005    0.068    0.009
s2HC05    0.015   50.000    0.013   -0.002    0.041    0.004
s3HC05    0.011   50.000    0.008    0.015   -0.004    0.016
s3G005    0.013   50.000    0.006    0.006    0.036    0.004
s3G105    0.012   50.000    0.005    0.006    0.031    0.005
s3G205    0.012   50.000    0.005    0.009    0.028    0.005
s3G305   -0.011   50.000   -0.004    0.010    0.023    0.007
s3G305    0.012   50.000    0.004    0.012    0.022    0.009
s3G305    0.012   50.000    0.005    0.013    0.021    0.009

            All  Through       b1       b2       b3       b4
sOLS05    0.034  100.000    0.011    0.004    0.056   -0.005
s0HC05    0.095  100.000    0.036    0.025    0.089    0.030
s1HC05    0.052  100.000    0.019    0.006    0.064    0.015
s2HC05    0.032  100.000    0.013   -0.004    0.043    0.009
s3HC05    0.022  100.000    0.007    0.011   -0.011    0.014
s3G005    0.029  100.000    0.009    0.004    0.042    0.007
s3G105    0.027  100.000    0.009    0.005    0.037    0.008
s3G205    0.026  100.000    0.008    0.007    0.032    0.009
s3G305   -0.001  100.000    0.006    0.007    0.026    0.009
s3G305    0.024  100.000    0.005    0.009    0.025    0.010
s3G305    0.024  100.000   -0.005    0.009    0.024    0.010

            All  Through       b1       b2       b3       b4
sOLS05    0.055  250.000    0.014    0.003    0.062   -0.006
s0HC05    0.132  250.000    0.032    0.019    0.075    0.022
s1HC05    0.074  250.000    0.019    0.004    0.055    0.012
s2HC05    0.048  250.000    0.013   -0.003    0.039    0.008
s3HC05    0.033  250.000    0.008    0.009   -0.014    0.013
s3G005    0.045  250.000    0.011    0.003    0.042    0.007
s3G105    0.041  250.000    0.010    0.004    0.036    0.008
s3G205    0.040  250.000    0.010    0.005    0.032    0.009
s3G305   -0.011  250.000    0.007    0.006    0.026    0.009
s3G305    0.036  250.000    0.007    0.007    0.024    0.010
s3G305    0.036  250.000   -0.007    0.007    0.024    0.009

             All   Through        b1        b2        b3        b4
sOLS05     0.075  1000.000     0.012     0.003     0.060    -0.006
s0HC05     0.158  1000.000     0.023     0.013     0.052     0.017
s1HC05     0.091  1000.000     0.014     0.003     0.038     0.010
s2HC05     0.060  1000.000     0.009    -0.002     0.027     0.008
s3HC05     0.041  1000.000     0.007     0.006    -0.010     0.010
s3G005     0.056  1000.000     0.009     0.003     0.029     0.006
s3G105     0.052  1000.000     0.008     0.003     0.025     0.007
s3G205     0.050  1000.000     0.008     0.004     0.022     0.008
s3G305     0.002  1000.000     0.007     0.005     0.018     0.008
s3G305     0.046  1000.000     0.006     0.005     0.017     0.008
s3G305     0.045  1000.000    -0.006     0.006     0.017     0.008

. hcsum 3nn W
** HCSUM for 3nnres: W.
 * Table of mean absolute deviation from nominal size.
 * Negative marks smallest value.

            All  Through       b1       b2       b3       b4
sOLS05    0.015   50.000   -0.004    0.005    0.047   -0.003
s0HC05    0.050   50.000    0.042    0.028    0.102    0.029
s1HC05    0.026   50.000    0.021    0.005    0.068    0.009
s2HC05    0.015   50.000    0.013   -0.002    0.041    0.004
s3HC05   -0.011   50.000    0.008    0.015   -0.004    0.016
s3W005    0.015   50.000    0.004    0.005    0.047    0.003
s3W105    0.015   50.000    0.004    0.005    0.047    0.003
s3W205    0.015   50.000    0.004    0.005    0.047    0.003
s3W305    0.015   50.000    0.004    0.006    0.045    0.003
s3W305    0.014   50.000    0.004    0.006    0.044    0.003
s3W305    0.015   50.000    0.005    0.006    0.044    0.003

            All  Through       b1       b2       b3       b4
sOLS05    0.034  100.000    0.011    0.004    0.056   -0.005
s0HC05    0.095  100.000    0.036    0.025    0.089    0.030
s1HC05    0.052  100.000    0.019    0.006    0.064    0.015
s2HC05    0.032  100.000    0.013   -0.004    0.043    0.009
s3HC05    0.000  100.000   -0.007    0.011   -0.011    0.014
s3W005    0.034  100.000    0.011    0.004    0.056    0.005
s3W105    0.034  100.000    0.010    0.004    0.056    0.005
s3W205    0.034  100.000    0.010    0.004    0.055    0.005
s3W305    0.033  100.000    0.010    0.004    0.053    0.005
s3W305    0.032  100.000    0.009    0.005    0.051    0.005
s3W305    0.032  100.000    0.009    0.005    0.050    0.006

            All  Through       b1       b2       b3       b4
sOLS05    0.055  250.000    0.014    0.003    0.062    0.006
s0HC05    0.132  250.000    0.032    0.019    0.075    0.022
s1HC05    0.074  250.000    0.019    0.004    0.055    0.012
s2HC05    0.048  250.000    0.013   -0.003    0.039    0.008
s3HC05   -0.011  250.000   -0.008    0.009   -0.014    0.013
s3W005    0.054  250.000    0.013    0.003    0.060    0.006
s3W105    0.054  250.000    0.012    0.003    0.059    0.006
s3W205    0.053  250.000    0.012    0.003    0.058    0.006
s3W305    0.052  250.000    0.012    0.003    0.054    0.005
s3W305    0.050  250.000    0.012    0.004    0.051   -0.005
s3W305    0.050  250.000    0.012    0.003    0.049    0.006

             All   Through        b1        b2        b3        b4
sOLS05     0.075  1000.000     0.012     0.003     0.060     0.006
s0HC05     0.158  1000.000     0.023     0.013     0.052     0.017
s1HC05     0.091  1000.000     0.014     0.003     0.038     0.010
s2HC05     0.060  1000.000     0.009    -0.002     0.027     0.008
s3HC05     0.002  1000.000    -0.007     0.006    -0.010     0.010
s3W005     0.070  1000.000     0.010     0.002     0.046     0.006
s3W105     0.070  1000.000     0.009     0.002     0.045     0.006
s3W205     0.068  1000.000     0.009     0.003     0.043     0.005
s3W305     0.066  1000.000     0.009     0.003     0.040     0.005
s3W305     0.064  1000.000     0.009     0.003     0.037    -0.005
s3W305     0.063  1000.000     0.009     0.003     0.035     0.006

. hcsum 3nn all
** HCSUM for 3nnres: all.
 * Table of mean absolute deviation from nominal size.
 * Negative marks smallest value.

            All  Through       b1       b2       b3       b4
sOLS05    0.015   50.000    0.004    0.005    0.047   -0.003
s0HC05    0.050   50.000    0.042    0.028    0.102    0.029
s1HC05    0.026   50.000    0.021    0.005    0.068    0.009
s2HC05    0.015   50.000    0.013   -0.002    0.041    0.004
s3HC05    0.011   50.000    0.008    0.015   -0.004    0.016
s3B005    0.013   50.000    0.006    0.005    0.038    0.003
s3B105    0.013   50.000    0.004    0.006    0.037    0.003
s3B205    0.012   50.000    0.004    0.007    0.032    0.005
s3B305    0.013   50.000    0.005    0.008    0.032    0.005
s3B405    0.013   50.000    0.005    0.009    0.030    0.006
s3B505    0.012   50.000    0.005    0.009    0.026    0.005
s3C005    0.013   50.000    0.007    0.010    0.030    0.006
s3C105    0.010   50.000   -0.002    0.010    0.022    0.007
s3C205   -0.010   50.000    0.006    0.011    0.013    0.009
s3C305    0.011   50.000    0.006    0.013    0.009    0.014
s3C405    0.011   50.000    0.008    0.013    0.007    0.016
s3C505    0.011   50.000    0.008    0.015    0.005    0.016
s3G005    0.013   50.000    0.006    0.006    0.036    0.004
s3G105    0.012   50.000    0.005    0.006    0.031    0.005
s3G205    0.012   50.000    0.005    0.009    0.028    0.005
s3G305    0.011   50.000    0.004    0.010    0.023    0.007
s3G405    0.012   50.000    0.004    0.012    0.022    0.009
s3G505    0.012   50.000    0.005    0.013    0.021    0.009
s3W005    0.015   50.000    0.004    0.005    0.047    0.003
s3W105    0.015   50.000    0.004    0.005    0.047    0.003
s3W205    0.015   50.000    0.004    0.005    0.047    0.003
s3W305    0.015   50.000    0.004    0.006    0.045    0.003
s3W405    0.014   50.000    0.004    0.006    0.044    0.003
s3W505    0.015   50.000    0.005    0.006    0.044    0.003

            All  Through       b1       b2       b3       b4
sOLS05    0.034  100.000    0.011    0.004    0.056   -0.005
s0HC05    0.095  100.000    0.036    0.025    0.089    0.030
s1HC05    0.052  100.000    0.019    0.006    0.064    0.015
s2HC05    0.032  100.000    0.013   -0.004    0.043    0.009
s3HC05    0.022  100.000    0.007    0.011   -0.011    0.014
s3B005    0.029  100.000    0.009    0.005    0.042    0.007
s3B105    0.028  100.000    0.009    0.005    0.040    0.007
s3B205    0.026  100.000    0.007    0.005    0.034    0.008
s3B305    0.026  100.000    0.007    0.006    0.032    0.008
s3B405    0.026  100.000    0.006    0.007    0.030    0.008
s3B505    0.023  100.000    0.006    0.007    0.028    0.007
s3C005    0.026  100.000    0.007    0.007    0.030    0.009
s3C105    0.021  100.000   -0.003    0.007    0.024    0.008
s3C205    0.000  100.000    0.005    0.009    0.015    0.010
s3C305    0.021  100.000    0.006    0.010    0.014    0.012
s3C405    0.021  100.000    0.007    0.010    0.012    0.013
s3C505    0.022  100.000    0.007    0.011    0.011    0.013
s3G005    0.029  100.000    0.009    0.004    0.042    0.007
s3G105    0.027  100.000    0.009    0.005    0.037    0.008
s3G205    0.026  100.000    0.008    0.007    0.032    0.009
s3G305    0.023  100.000    0.006    0.007    0.026    0.009
s3G405    0.024  100.000    0.005    0.009    0.025    0.010
s3G505    0.024  100.000    0.005    0.009    0.024    0.010
s3W005    0.034  100.000    0.011    0.004    0.056    0.005
s3W105    0.034  100.000    0.010    0.004    0.056    0.005
s3W205    0.034  100.000    0.010    0.004    0.055    0.005
s3W305    0.033  100.000    0.010    0.004    0.053    0.005
s3W405    0.032  100.000    0.009    0.005    0.051    0.005
s3W505    0.032  100.000    0.009    0.005    0.050    0.006

            All  Through       b1       b2       b3       b4
sOLS05    0.055  250.000    0.014    0.003    0.062    0.006
s0HC05    0.132  250.000    0.032    0.019    0.075    0.022
s1HC05    0.074  250.000    0.019    0.004    0.055    0.012
s2HC05    0.048  250.000    0.013   -0.003    0.039    0.008
s3HC05    0.033  250.000    0.008    0.009   -0.014    0.013
s3B005    0.044  250.000    0.011    0.004    0.041    0.007
s3B105    0.043  250.000    0.010    0.004    0.038    0.007
s3B205    0.039  250.000    0.009    0.004    0.032    0.008
s3B305    0.039  250.000    0.009    0.005    0.031    0.008
s3B405    0.038  250.000    0.008    0.006    0.028    0.008
s3B505    0.035  250.000    0.008    0.006    0.026    0.007
s3C005    0.039  250.000    0.008    0.006    0.028    0.009
s3C105    0.032  250.000   -0.006    0.006    0.023    0.008
s3C205   -0.010  250.000    0.007    0.007    0.017    0.009
s3C305    0.032  250.000    0.007    0.008    0.016    0.011
s3C405    0.032  250.000    0.008    0.008    0.015    0.012
s3C505    0.032  250.000    0.008    0.009    0.014    0.012
s3G005    0.045  250.000    0.011    0.003    0.042    0.007
s3G105    0.041  250.000    0.010    0.004    0.036    0.008
s3G205    0.040  250.000    0.010    0.005    0.032    0.009
s3G305    0.035  250.000    0.007    0.006    0.026    0.009
s3G405    0.036  250.000    0.007    0.007    0.024    0.010
s3G505    0.036  250.000    0.007    0.007    0.024    0.009
s3W005    0.054  250.000    0.013    0.003    0.060    0.006
s3W105    0.054  250.000    0.012    0.003    0.059    0.006
s3W205    0.053  250.000    0.012    0.003    0.058    0.006
s3W305    0.052  250.000    0.012    0.003    0.054    0.005
s3W405    0.050  250.000    0.012    0.004    0.051   -0.005
s3W505    0.050  250.000    0.012    0.003    0.049    0.006

             All   Through        b1        b2        b3        b4
sOLS05     0.075  1000.000     0.012     0.003     0.060     0.006
s0HC05     0.158  1000.000     0.023     0.013     0.052     0.017
s1HC05     0.091  1000.000     0.014     0.003     0.038     0.010
s2HC05     0.060  1000.000     0.009    -0.002     0.027     0.008
s3HC05     0.041  1000.000     0.007     0.006    -0.010     0.010
s3B005     0.056  1000.000     0.009     0.003     0.029     0.006
s3B105     0.054  1000.000     0.008     0.003     0.027     0.007
s3B205     0.049  1000.000     0.007     0.004     0.022     0.007
s3B305     0.049  1000.000     0.007     0.004     0.022     0.007
s3B405     0.048  1000.000     0.007     0.004     0.020     0.008
s3B505     0.044  1000.000     0.007     0.004     0.019     0.007
s3C005     0.049  1000.000     0.007     0.005     0.020     0.008
s3C105     0.041  1000.000    -0.005     0.004     0.017     0.007
s3C205     0.002  1000.000     0.006     0.005     0.012     0.008
s3C305     0.040  1000.000     0.006     0.006     0.012     0.009
s3C405     0.041  1000.000     0.007     0.006     0.011     0.010
s3C505     0.041  1000.000     0.007     0.006     0.010     0.010
s3G005     0.056  1000.000     0.009     0.003     0.029     0.006
s3G105     0.052  1000.000     0.008     0.003     0.025     0.007
s3G205     0.050  1000.000     0.008     0.004     0.022     0.008
s3G305     0.045  1000.000     0.007     0.005     0.018     0.008
s3G405     0.046  1000.000     0.006     0.005     0.017     0.008
s3G505     0.045  1000.000     0.006     0.006     0.017     0.008
s3W005     0.070  1000.000     0.010     0.002     0.046     0.006
s3W105     0.070  1000.000     0.009     0.002     0.045     0.006
s3W205     0.068  1000.000     0.009     0.003     0.043     0.005
s3W305     0.066  1000.000     0.009     0.003     0.040     0.005
s3W405     0.064  1000.000     0.009     0.003     0.037    -0.005
s3W505     0.063  1000.000     0.009     0.003     0.035     0.006
