
. * c4.do - data structure: errors chi-sq, R2=.40.
. * Replication by jsl: 98.03.18
. ts
* 19 Mar 1998 - 13:57:36

. version 5.0

. clear

. set more off

.     global simnum_ = 1000

.     global factor = 1.62

.     global factor = 1.00

.     global plevel = .05

.     global seedmc = 11020760

.     use jslhc1

.     set seed $seedmc

.     di "Iterations beginning."
Iterations beginning.

.     ts
* 19 Mar 1998 - 13:57:42

.     hcmonte 1 4 c4 25 50 100 250 500 1000
** Constructing data to analyze...
*  Population:      hc1
*  Data Label:      hc4
*  Factor:          1
*  Structure:       hcc4
*  Sample N's:      25 50 100 250 500 1000
*  Selection seed:  11020760
*  Iterations:      1000

*  Population regression:

  Source |       SS       df       MS                  Number of obs =  100000
---------+------------------------------               F(  4, 99995) =15210.89
   Model |  411305.228     4  102826.307               Prob > F      =  0.0000
Residual |  675970.768 99995  6.76004568               R-squared     =  0.3783
---------+------------------------------               Adj R-squared =  0.3783
   Total |  1087276.00 99999  10.8728687               Root MSE      =    2.60

------------------------------------------------------------------------------
       y |      Coef.   Std. Err.       t     P>|t|       [95% Conf. Interval]
---------+--------------------------------------------------------------------
      x1 |   1.083522   .0535575     20.231   0.000       .9785503    1.188494
      x2 |   .9824681   .0136809     71.813   0.000       .9556537    1.009283
      x3 |   1.004071   .0109717     91.514   0.000       .9825666    1.025575
      x4 |  -.0037543   .0058452     -0.642   0.521      -.0152108    .0077023
   _cons |   .9080484   .0624041     14.551   0.000       .7857372     1.03036
------------------------------------------------------------------------------
** Simulations follow:
 
Sample size:  25
Results file: c40025
(Note: file c40025.dta not found)
13:58:09. Working...
13:58:20. 1 completed. Next notice is 10.
13:59:02. 10 completed. Next notice is 25.
14:00:15. 25 completed. Next notice is 50.
14:02:14. 50 completed. Next notice is 100.
14:05:55. 100 completed. Next notice is 200.
14:13:35. 200 completed. Next notice is 300.
14:21:45. 300 completed. Next notice is 400.
14:29:48. 400 completed. Next notice is 500.
14:37:39. 500 completed. Next notice is 600.
14:44:25. 600 completed. Next notice is 700.
14:51:34. 700 completed. Next notice is 800.
14:58:30. 800 completed. Next notice is 900.
15:06:23. 900 completed. Next notice is 950.
15:10:26. 950 completed. Next notice is 975.
15:12:20. 975 completed. Next notice is 990.
15:13:31. 990 completed. Next notice is completion.
15:14:18. Iterations complete.
 
Sample size:  50
Results file: c40050
(Note: file c40050.dta not found)
15:14:18. Working...
15:14:27. 1 completed. Next notice is 10.
15:15:07. 10 completed. Next notice is 25.
15:16:23. 25 completed. Next notice is 50.
15:18:20. 50 completed. Next notice is 100.
15:22:22. 100 completed. Next notice is 200.
15:30:06. 200 completed. Next notice is 300.
15:38:02. 300 completed. Next notice is 400.
15:45:59. 400 completed. Next notice is 500.
15:53:53. 500 completed. Next notice is 600.
16:01:38. 600 completed. Next notice is 700.
16:09:26. 700 completed. Next notice is 800.
16:17:18. 800 completed. Next notice is 900.
16:25:18. 900 completed. Next notice is 950.
16:29:17. 950 completed. Next notice is 975.
16:31:27. 975 completed. Next notice is 990.
16:32:38. 990 completed. Next notice is completion.
16:33:22. Iterations complete.
 
Sample size:  100
Results file: c40100
(Note: file c40100.dta not found)
16:33:22. Working...
16:33:33. 1 completed. Next notice is 10.
16:34:10. 10 completed. Next notice is 25.
16:35:19. 25 completed. Next notice is 50.
16:37:16. 50 completed. Next notice is 100.
16:41:11. 100 completed. Next notice is 200.
16:48:56. 200 completed. Next notice is 300.
16:56:29. 300 completed. Next notice is 400.
17:05:27. 400 completed. Next notice is 500.
17:13:29. 500 completed. Next notice is 600.
17:21:23. 600 completed. Next notice is 700.
17:29:34. 700 completed. Next notice is 800.
17:37:53. 800 completed. Next notice is 900.
17:46:02. 900 completed. Next notice is 950.
17:50:07. 950 completed. Next notice is 975.
17:51:59. 975 completed. Next notice is 990.
17:53:16. 990 completed. Next notice is completion.
17:54:02. Iterations complete.
 
Sample size:  250
Results file: c40250
(Note: file c40250.dta not found)
17:54:02. Working...
17:54:10. 1 completed. Next notice is 10.
17:54:53. 10 completed. Next notice is 25.
17:56:04. 25 completed. Next notice is 50.
17:58:10. 50 completed. Next notice is 100.
18:01:58. 100 completed. Next notice is 200.
18:09:55. 200 completed. Next notice is 300.
18:17:35. 300 completed. Next notice is 400.
18:25:23. 400 completed. Next notice is 500.
18:33:19. 500 completed. Next notice is 600.
18:40:56. 600 completed. Next notice is 700.
18:48:55. 700 completed. Next notice is 800.
18:56:41. 800 completed. Next notice is 900.
19:04:35. 900 completed. Next notice is 950.
19:08:28. 950 completed. Next notice is 975.
19:10:20. 975 completed. Next notice is 990.
19:11:28. 990 completed. Next notice is completion.
19:12:15. Iterations complete.
 
Sample size:  500
Results file: c40500
(Note: file c40500.dta not found)
19:12:15. Working...
19:12:27. 1 completed. Next notice is 10.
19:13:05. 10 completed. Next notice is 25.
19:14:12. 25 completed. Next notice is 50.
19:16:13. 50 completed. Next notice is 100.
19:20:03. 100 completed. Next notice is 200.
19:27:58. 200 completed. Next notice is 300.
19:35:30. 300 completed. Next notice is 400.
19:43:28. 400 completed. Next notice is 500.
19:51:25. 500 completed. Next notice is 600.
19:59:05. 600 completed. Next notice is 700.
20:06:52. 700 completed. Next notice is 800.
20:14:41. 800 completed. Next notice is 900.
20:22:39. 900 completed. Next notice is 950.
20:26:28. 950 completed. Next notice is 975.
20:28:18. 975 completed. Next notice is 990.
20:29:29. 990 completed. Next notice is completion.
20:30:21. Iterations complete.
 
Sample size:  1000
Results file: c41000
(Note: file c41000.dta not found)
20:30:21. Working...
20:30:31. 1 completed. Next notice is 10.
20:31:10. 10 completed. Next notice is 25.
20:32:23. 25 completed. Next notice is 50.
20:34:25. 50 completed. Next notice is 100.
20:38:36. 100 completed. Next notice is 200.
20:46:26. 200 completed. Next notice is 300.
20:54:44. 300 completed. Next notice is 400.
21:02:43. 400 completed. Next notice is 500.
21:10:39. 500 completed. Next notice is 600.
21:18:10. 600 completed. Next notice is 700.
21:26:11. 700 completed. Next notice is 800.
21:33:08. 800 completed. Next notice is 900.
21:40:41. 900 completed. Next notice is 950.
21:44:21. 950 completed. Next notice is 975.
21:46:02. 975 completed. Next notice is 990.
21:47:02. 990 completed. Next notice is completion.
21:47:43. Iterations complete.

.     di "Iterations complete.
Iterations complete.

.     ts
* 19 Mar 1998 - 21:47:44

.     hcresult 1 c4 25 50 100 250 500 1000
** Constructing data to analyze...
* 19 Mar 1998 - 21:47:45
*  Population:      hc1
*  Data Label:      hc4
*  Factor:          1
*  R2:              .38
*  Structure:       c4
*  Sample N's:      25 50 100 250 500 1000
*  Sig Level:       05
 
** Population data set hc1 with structure c4.

Variable |     Obs        Mean   Std. Dev.       Min        Max
---------+-----------------------------------------------------
       y |  100000    5.597726   3.297403  -2.860967   28.28201  
      x1 |  100000    1.499012   .2886124    1.00002   1.999999  
      x2 |  100000    1.498522   1.053486  -2.241696   5.101119  
      x3 |  100000    1.600192    1.03109   .0011668   12.12769  
      x4 |  100000     3.59375   1.692207  -2.283696   15.27936  

  Source |       SS       df       MS                  Number of obs =  100000
---------+------------------------------               F(  4, 99995) =15210.89
   Model |  411305.228     4  102826.307               Prob > F      =  0.0000
Residual |  675970.768 99995  6.76004568               R-squared     =  0.3783
---------+------------------------------               Adj R-squared =  0.3783
   Total |  1087276.00 99999  10.8728687               Root MSE      =    2.60

------------------------------------------------------------------------------
       y |      Coef.   Std. Err.       t     P>|t|       [95% Conf. Interval]
---------+--------------------------------------------------------------------
      x1 |   1.083522   .0535575     20.231   0.000       .9785503    1.188494
      x2 |   .9824681   .0136809     71.813   0.000       .9556537    1.009283
      x3 |   1.004071   .0109717     91.514   0.000       .9825666    1.025575
      x4 |  -.0037543   .0058452     -0.642   0.521      -.0152108    .0077023
   _cons |   .9080484   .0624041     14.551   0.000       .7857372     1.03036
------------------------------------------------------------------------------
 
* Results statistics have the format:
 c1:   [s|p] - size or power
 c2-4: [0HC|1HC|2HC|3HC|OLS] - method of computing covariance matrix.
 c2:   [0|1|2|3] - HC method after screening.
 c3:   [W|G|B|C] - type of screening
 c4:   [1|5] - screen at .05 or .10 level
 c5-6: [05|10] - sig level of test
 c7-8: [b1|b2|b3|b4] - test statistic
(Note: file c4res05.dta not found)
 
** Description of c40025

Variable |     Obs        Mean   Std. Dev.       Min        Max
---------+-----------------------------------------------------
      s1 |    1000    1.121174   4.459518   -11.3284   15.30678  
      s2 |    1000    .8676944   3.906671   -12.5489   12.35619  
      s3 |    1000    1.023139   .9914482  -2.843963   4.859538  
      s4 |    1000    1.047176   .9112333   -2.77599   4.439232  
      s5 |    1000    -.005637   .4221143  -1.357687   1.539118  
    s1m1 |    1000    3.691758   1.260727   1.272032   9.385615  
    s2m1 |    1000    3.194237   1.102156   1.028034   8.531018  
    s3m1 |    1000     .803087   .2686681     .20934   2.570397  
    s4m1 |    1000    .6970722   .3238608   .1442734    2.20357  
    s5m1 |    1000    .3482279   .1183475   .1281944   1.150983  
    s1m2 |    1000    4.127511   1.409535   1.422175   10.49344  
    s2m2 |    1000    3.571266   1.232248   1.149377   9.537969  
    s3m2 |    1000    .8978786   .3003801   .2340493   2.873791  
    s4m2 |    1000    .7793504   .3620874   .1613026   2.463667  
    s5m2 |    1000    .3893306   .1323165   .1433257   1.286839  
    s1m3 |    1000    4.270201   1.484633   1.419836   11.46227  
    s2m3 |    1000    3.724174   1.304012   1.193081   10.06933  
    s3m3 |    1000    .9286101   .3148646   .2390798   3.061541  
    s4m3 |    1000     .846526   .3954865   .1896839   2.534987  
    s5m3 |    1000    .3998262   .1386237   .1451644   1.399174  
    s1m4 |    1000    5.032536   1.809439   1.595529   14.37405  
    s2m4 |    1000    4.448069   1.620375   1.423393    12.3686  
    s3m4 |    1000    1.087002   .3773566   .2758541   3.659301  
    s4m4 |    1000    1.080684   .5375069   .2394863   4.218417  
    s5m4 |    1000    .4639741   .1654496   .1654935    1.70392  
    s1m5 |    1000    4.365583   1.212015   1.621895   9.707359  
    s2m5 |    1000    3.806177   1.082135   1.441238   8.217211  
    s3m5 |    1000    .9493607    .258934   .3376391   2.058131  
    s4m5 |    1000    .8788654   .3487203    .286556   2.657907  
    s5m5 |    1000    .4073165   .1078805   .1773035   .9674013  
      wh |    1000    14.37137   4.219586   3.873106   23.94061  
    whpr |    1000       .4563   .2625054   .0465847   .9961823  
      bp |    1000    4.974729   3.880967   .0707817   35.01875  
    bppr |    1000     .435035   .3060219   4.60e-07   .9993883  
      gl |    1000    4.930088   2.954025   .1708667   15.47204  
    glpr |    1000    .3983155   .2817682    .003816   .9965519  
      cw |    1000    1.382664   2.206404   6.84e-07   27.63314  
    cwpr |    1000    .4624241   .3035152   1.47e-07   .9993402  
  seedis |    1000    1.10e+07          0   1.10e+07   1.10e+07  
   niter |    1000        1000          0       1000       1000  
dsnumber |    1000           1          0          1          1  
 dslabel |    1000           4          0          4          4  
  factor |    1000           1          0          1          1  
      R2 |    1000    .3782896          0   .3782896   .3782896  
 sampleN |    1000          25          0         25         25  
 
** Results for:
*  Sample Size:     25
*  Selection Seed:  11020760
*  # of Iterations: 1000
*  Sig Level:       05
*  Means of sample estimates of:
   b0 = 1.121173881809693
   b1 = .8676944347878452
   b2 = 1.023139385268674
   b3 = 1.047176418887451
   b4 = -.0056370226607833
 
** Description of c40050

Variable |     Obs        Mean   Std. Dev.       Min        Max
---------+-----------------------------------------------------
      s1 |    1000    .7760766   2.972586  -8.642581   10.42907  
      s2 |    1000    1.210019   2.555553  -7.089017   10.04523  
      s3 |    1000    .9612482   .6550661  -1.589413   2.998975  
      s4 |    1000    1.014968    .558273  -.9306384   3.524967  
      s5 |    1000   -.0166729    .268455  -.9068981   1.089108  
    s1m1 |    1000    2.698432   .6584614   1.137406   5.963751  
    s2m1 |    1000     2.32088   .5812274    1.05458   5.304642  
    s3m1 |    1000     .594403   .1473051   .2966938   1.312408  
    s4m1 |    1000    .4802456   .1669162   .1333179   1.317373  
    s5m1 |    1000    .2518002   .0597529   .1243871   .6954532  
    s1m2 |    1000    2.844397   .6940792   1.198932   6.286345  
    s2m2 |    1000    2.446422   .6126675   1.111624   5.591584  
    s3m2 |    1000    .6265557   .1552732   .3127427   1.383399  
    s4m2 |    1000    .5062233   .1759451   .1405294   1.388633  
    s5m2 |    1000    .2654208    .062985   .1311155    .733072  
    s1m3 |    1000    2.890951   .7140929   1.195638   6.687032  
    s2m3 |    1000    2.500352   .6347603   1.107469   5.935394  
    s3m3 |    1000    .6376998   .1601384   .3135691   1.452058  
    s4m3 |    1000    .5361855   .1919397   .1395845   1.616469  
    s5m3 |    1000    .2690745   .0645146    .131675     .73914  
    s1m4 |    1000    3.113428   .7832389   1.258483   7.543147  
    s2m4 |    1000    2.714122   .7058728   1.164291   6.682504  
    s3m4 |    1000    .6865185   .1753499   .3320001   1.608609  
    s4m4 |    1000    .6106183   .2338757   .1465164   2.010685  
    s5m4 |    1000    .2883715   .0700287   .1395985   .7867854  
    s1m5 |    1000    2.931547   .5315137   1.627324   5.234878  
    s2m5 |    1000    2.542625   .4777645   1.307799   4.849044  
    s3m5 |    1000    .6465974   .1230304   .3633968   1.238416  
    s4m5 |    1000    .5484485   .1455442   .2093852   1.269292  
    s5m5 |    1000    .2735206   .0489166   .1584781   .4990555  
      wh |    1000    13.76659   6.308087    3.24266   39.68111  
    whpr |    1000    .5334312   .3207787    .000286   .9985609  
      bp |    1000    6.151275   5.079094   .1231875   44.61517  
    bppr |    1000    .3660141   .3010319   4.78e-09   .9981792  
      gl |    1000    5.051099   3.215588   .3448808    18.6417  
    glpr |    1000    .3967807   .2798538   .0009241   .9867358  
      cw |    1000    1.628978   2.228314   6.82e-07   18.93626  
    cwpr |    1000    .4173874   .3016909   .0000135    .999341  
  seedis |    1000    1.10e+07          0   1.10e+07   1.10e+07  
   niter |    1000        1000          0       1000       1000  
dsnumber |    1000           1          0          1          1  
 dslabel |    1000           4          0          4          4  
  factor |    1000           1          0          1          1  
      R2 |    1000    .3782896          0   .3782896   .3782896  
 sampleN |    1000          50          0         50         50  
 
** Results for:
*  Sample Size:     50
*  Selection Seed:  11020760
*  # of Iterations: 1000
*  Sig Level:       05
*  Means of sample estimates of:
   b0 = .7760766234152834
   b1 = 1.210018579641823
   b2 = .961248174624081
   b3 = 1.014967937304638
   b4 = -.0166728792384965
 
** Description of c40100

Variable |     Obs        Mean   Std. Dev.       Min        Max
---------+-----------------------------------------------------
      s1 |    1000    .9739689   2.001544  -4.655894   8.607448  
      s2 |    1000    1.076677    1.73667  -5.247463   6.541665  
      s3 |    1000    .9727708   .4473404  -.4603878   2.542867  
      s4 |    1000    1.010588   .3718842  -.2931325   2.291992  
      s5 |    1000   -.0109613   .1828691  -.6424416   .7079378  
    s1m1 |    1000    1.962038   .3452184   1.138817   3.754941  
    s2m1 |    1000    1.682655   .2933583   .9387993   3.487157  
    s3m1 |    1000     .427216   .0746344   .2410952   .8127156  
    s4m1 |    1000    .3442955   .0855081   .1281285   .7100767  
    s5m1 |    1000     .183055    .029881   .1038823    .389454  
    s1m2 |    1000    2.013008   .3541866   1.168402   3.852488  
    s2m2 |    1000    1.726368   .3009792   .9631878   3.577747  
    s3m2 |    1000    .4383144   .0765733   .2473585   .8338286  
    s4m2 |    1000    .3532397   .0877294   .1314571   .7285234  
    s5m2 |    1000    .1878105   .0306573    .106581   .3995714  
    s1m3 |    1000    2.030869    .359605   1.170134   3.881411  
    s2m3 |    1000    1.747807   .3078501   .9650801   3.601844  
    s3m3 |    1000    .4422913   .0780751   .2481305   .8410652  
    s4m3 |    1000    .3655946   .0933305   .1325923   .7640635  
    s5m3 |    1000    .1890468   .0310064   .1070041   .4014811  
    s1m4 |    1000    2.105317   .3760588   1.202637   4.013142  
    s2m4 |    1000    1.819757   .3258788   .9924386    3.72141  
    s3m4 |    1000    .4582908   .0818207   .2554673   .8771453  
    s4m4 |    1000    .3909741   .1048319   .1373779   .8842109  
    s5m4 |    1000    .1953787   .0322225    .110255   .4140193  
    s1m5 |    1000    2.045371   .2565619   1.274519   3.162391  
    s2m5 |    1000    1.765731   .2270032   1.176204   2.745271  
    s3m5 |    1000    .4478301   .0573074   .2790841   .6888462  
    s4m5 |    1000    .3726553   .0674254    .220838   .6294094  
    s5m5 |    1000    .1900198    .022828   .1229997   .2791264  
      wh |    1000    13.52169    6.71249   3.485141   58.31564  
    whpr |    1000    .5543858   .3104203   2.31e-07   .9978498  
      bp |    1000    7.335847   6.365758   .0674107    73.2416  
    bppr |    1000    .3219487   .3023924   4.66e-15   .9994446  
      gl |    1000    5.243504   3.727207   .2021948   26.19789  
    glpr |    1000     .401349   .2940967   .0000289   .9952214  
      cw |    1000    2.038915   3.025065   9.62e-06   23.16836  
    cwpr |    1000     .398861   .3077527   1.48e-06   .9975249  
  seedis |    1000    1.10e+07          0   1.10e+07   1.10e+07  
   niter |    1000        1000          0       1000       1000  
dsnumber |    1000           1          0          1          1  
 dslabel |    1000           4          0          4          4  
  factor |    1000           1          0          1          1  
      R2 |    1000    .3782896          0   .3782896   .3782896  
 sampleN |    1000         100          0        100        100  
 
** Results for:
*  Sample Size:     100
*  Selection Seed:  11020760
*  # of Iterations: 1000
*  Sig Level:       05
*  Means of sample estimates of:
   b0 = .9739689010181464
   b1 = 1.076676665854175
   b2 = .9727708339029924
   b3 = 1.010587765775621
   b4 = -.0109613456960942
 
** Description of c40250

Variable |     Obs        Mean   Std. Dev.       Min        Max
---------+-----------------------------------------------------
      s1 |    1000    .8711899   1.270052  -3.088969   4.948199  
      s2 |    1000    1.112835   1.094172  -2.566925    4.56104  
      s3 |    1000    .9684229   .2723671   .2007214   1.931799  
      s4 |    1000    1.014801   .2259976    .321141   1.742047  
      s5 |    1000   -.0027168    .115507  -.3777932   .4157097  
    s1m1 |    1000    1.240231   .1402323   .8740075   1.843972  
    s2m1 |    1000    1.064113   .1220001   .7151964    1.62615  
    s3m1 |    1000    .2717419   .0314438   .1923954   .4362443  
    s4m1 |    1000    .2184889   .0425312   .1217592   .4179773  
    s5m1 |    1000    .1161078   .0126644   .0843289   .1852565  
    s1m2 |    1000    1.252823    .141656   .8828808   1.862693  
    s2m2 |    1000    1.074916   .1232387   .7224575    1.64266  
    s3m2 |    1000    .2745008   .0317631   .1943487   .4406734  
    s4m2 |    1000    .2207071    .042963   .1229954   .4222208  
    s5m2 |    1000    .1172865   .0127929    .085185   .1871373  
    s1m3 |    1000    1.257707   .1428007   .8855026   1.866036  
    s2m3 |    1000     1.08102   .1247736   .7255794    1.67238  
    s3m3 |    1000    .2755445   .0319951   .1948608    .442651  
    s4m3 |    1000    .2246784   .0448679    .124128   .4317758  
    s5m3 |    1000    .1176181   .0128746   .0856536   .1890647  
    s1m4 |    1000    1.275867   .1455698   .8973312   1.888488  
    s2m4 |    1000    1.098818    .127937    .736286   1.720902  
    s3m4 |    1000    .2794437   .0325678   .1973782   .4491876  
    s4m4 |    1000    .2314599   .0477018   .1267113   .4521354  
    s5m4 |    1000    .1191649   .0130935   .0870233   .1929721  
    s1m5 |    1000    1.267213   .1018575   .9871854   1.682413  
    s2m5 |    1000    1.088573   .0892385   .8508098   1.449426  
    s3m5 |    1000    .2773492    .022832   .2170808   .3902105  
    s4m5 |    1000     .224591   .0259318   .1520438   .3317421  
    s5m5 |    1000    .1184371   .0093834   .0884143   .1570174  
      wh |    1000    13.52199   7.842217   2.780951   68.37823  
    whpr |    1000    .5739964   .3193362   3.79e-09   .9994019  
      bp |    1000    7.885777   6.306276   .1234334   45.88268  
    bppr |    1000    .2853029   .2893762   2.61e-09   .9981721  
      gl |    1000    5.143825   3.526359   .1348988   25.17772  
    glpr |    1000    .4006118   .2897495   .0000463    .997825  
      cw |    1000    2.156329    3.14955   1.63e-07   27.12041  
    cwpr |    1000    .3809151   .3030887   1.91e-07   .9996781  
  seedis |    1000    1.10e+07          0   1.10e+07   1.10e+07  
   niter |    1000        1000          0       1000       1000  
dsnumber |    1000           1          0          1          1  
 dslabel |    1000           4          0          4          4  
  factor |    1000           1          0          1          1  
      R2 |    1000    .3782896          0   .3782896   .3782896  
 sampleN |    1000         250          0        250        250  
 
** Results for:
*  Sample Size:     250
*  Selection Seed:  11020760
*  # of Iterations: 1000
*  Sig Level:       05
*  Means of sample estimates of:
   b0 = .8711899430220946
   b1 = 1.112834921592061
   b2 = .9684228730648756
   b3 = 1.014801411181688
   b4 = -.0027167813166161
 
** Description of c40500

Variable |     Obs        Mean   Std. Dev.       Min        Max
---------+-----------------------------------------------------
      s1 |    1000    .9166376    .936032  -2.237854   4.265412  
      s2 |    1000    1.077362   .8056806   -1.65287   4.035581  
      s3 |    1000    .9788424   .1965086   .2786694   1.597751  
      s4 |    1000    1.012333   .1623195   .5953733   1.570376  
      s5 |    1000   -.0050578   .0834049  -.2693069   .2821877  
    s1m1 |    1000    .8771253    .070502   .6940958   1.122394  
    s2m1 |    1000    .7512924   .0605575   .5885106   .9815111  
    s3m1 |    1000    .1912415   .0152437   .1476556   .2563149  
    s4m1 |    1000    .1544333   .0210697   .0996803   .2431371  
    s5m1 |    1000    .0817986   .0064935   .0658383   .1098105  
    s1m2 |    1000    .8815441   .0708572   .6975926   1.128049  
    s2m2 |    1000    .7550772   .0608626   .5914754   .9864557  
    s3m2 |    1000    .1922049   .0153205   .1483995   .2576062  
    s4m2 |    1000    .1552113   .0211759   .1001824    .244362  
    s5m2 |    1000    .0822107   .0065262     .06617   .1103637  
    s1m3 |    1000    .8832488   .0712793   .6982157   1.133888  
    s2m3 |    1000    .7572733   .0614236   .5928823   .9921911  
    s3m3 |    1000    .1925739   .0153864   .1486787    .258116  
    s4m3 |    1000    .1567153   .0218312   .1011563    .253929  
    s5m3 |    1000    .0823251   .0065454   .0662309   .1105342  
    s1m4 |    1000    .8894977   .0721023   .7023718   1.145615  
    s2m4 |    1000    .7634246   .0623785   .5973243   1.003138  
    s3m4 |    1000    .1939234   .0155319   .1497155   .2599366  
    s4m4 |    1000    .1591192   .0227093   .1027395   .2655545  
    s5m4 |    1000    .0828581   .0065984   .0666268   .1112645  
    s1m5 |    1000    .8859335   .0488252   .7427227   1.063768  
    s2m5 |    1000    .7613626   .0429552   .6302077   .9066717  
    s3m5 |    1000    .1942265   .0108945   .1657772   .2291818  
    s4m5 |    1000    .1570164   .0127608   .1164232   .2053549  
    s5m5 |    1000    .0829392   .0044643   .0691791   .0976254  
      wh |    1000    13.33702    6.42705   2.558159   43.71115  
    whpr |    1000     .561166   .3111224   .0000659   .9996333  
      bp |    1000    8.582819   6.561287   .1449168   65.24727  
    bppr |    1000    .2513119   .2783059   2.28e-13   .9974983  
      gl |    1000    5.535552   4.106695   .0682287   29.49475  
    glpr |    1000    .3854421   .2934157   6.20e-06   .9994312  
      cw |    1000    2.235606   3.092897   9.29e-08   24.25122  
    cwpr |    1000    .3765405   .3155114   8.46e-07   .9997568  
  seedis |    1000    1.10e+07          0   1.10e+07   1.10e+07  
   niter |    1000        1000          0       1000       1000  
dsnumber |    1000           1          0          1          1  
 dslabel |    1000           4          0          4          4  
  factor |    1000           1          0          1          1  
      R2 |    1000    .3782896          0   .3782896   .3782896  
 sampleN |    1000         500          0        500        500  
 
** Results for:
*  Sample Size:     500
*  Selection Seed:  11020760
*  # of Iterations: 1000
*  Sig Level:       05
*  Means of sample estimates of:
   b0 = .9166376034673304
   b1 = 1.077361737940897
   b2 = .9788424480259418
   b3 = 1.012332929611206
   b4 = -.0050577976381537
 
** Description of c41000

Variable |     Obs        Mean   Std. Dev.       Min        Max
---------+-----------------------------------------------------
      s1 |    1000    .9393027   .6480588  -1.539526   3.290086  
      s2 |    1000    1.057935   .5493079  -.8669251   3.031487  
      s3 |    1000    .9880373   .1402677   .5315397   1.479686  
      s4 |    1000    1.007494    .112115   .5847593   1.416009  
      s5 |    1000   -.0057682   .0582689  -.2306528   .1755328  
    s1m1 |    1000    .6219306   .0364207   .5236679   .7263203  
    s2m1 |    1000    .5324942   .0323909    .443899   .6382925  
    s3m1 |    1000     .135882   .0081016   .1161303   .1663354  
    s4m1 |    1000    .1093382   .0108471   .0822623    .163013  
    s5m1 |    1000    .0580891   .0032737   .0489636    .072844  
    s1m2 |    1000    .6234913   .0365121   .5249819   .7281429  
    s2m2 |    1000    .5338304   .0324722    .445013   .6398942  
    s3m2 |    1000     .136223   .0081219   .1164217   .1667528  
    s4m2 |    1000    .1096125   .0108743   .0824687    .163422  
    s5m2 |    1000    .0582349   .0032819   .0490865   .0730267  
    s1m3 |    1000    .6240932   .0365989   .5256381    .729161  
    s2m3 |    1000    .5346023   .0325891   .4454648   .6415055  
    s3m3 |    1000    .1363523   .0081396   .1165157   .1669129  
    s4m3 |    1000    .1101338   .0110225   .0829355   .1661806  
    s5m3 |    1000    .0582754   .0032868    .049133   .0731148  
    s1m4 |    1000    .6262761   .0367798   .5276349   .7320215  
    s2m4 |    1000    .5367379   .0327933   .4470525    .644763  
    s3m4 |    1000    .1368255   .0081779   .1169032   .1674939  
    s4m4 |    1000    .1109496   .0112081   .0836404   .1694844  
    s5m4 |    1000    .0584629      .0033   .0493033    .073389  
    s1m5 |    1000    .6248494   .0253271   .5546184   .7154992  
    s2m5 |    1000    .5364342   .0225358   .4697686   .6189541  
    s3m5 |    1000     .137067   .0056086   .1201846   .1601138  
    s4m5 |    1000    .1102593   .0065504   .0915074   .1318946  
    s5m5 |    1000    .0585691   .0022945   .0521154   .0663009  
      wh |    1000     13.1305   5.837246    2.49316   40.94485  
    whpr |    1000      .56075   .3023627   .0001815    .999685  
      bp |    1000    8.599964   6.347086   .2209167   53.65808  
    bppr |    1000    .2489704   .2783331   6.21e-11   .9943306  
      gl |    1000    5.350688   3.877862   .0839143   23.38951  
    glpr |    1000    .4009799   .3005489   .0001058    .999144  
      cw |    1000    2.531846   3.590627   6.81e-10   25.43996  
    cwpr |    1000    .3678656   .3152881   4.56e-07   .9999792  
  seedis |    1000    1.10e+07          0   1.10e+07   1.10e+07  
   niter |    1000        1000          0       1000       1000  
dsnumber |    1000           1          0          1          1  
 dslabel |    1000           4          0          4          4  
  factor |    1000           1          0          1          1  
      R2 |    1000    .3782896          0   .3782896   .3782896  
 sampleN |    1000        1000          0       1000       1000  
 
** Results for:
*  Sample Size:     1000
*  Selection Seed:  11020760
*  # of Iterations: 1000
*  Sig Level:       05
*  Means of sample estimates of:
   b0 = .9393026582457242
   b1 = 1.057934738602955
   b2 = .9880372881293296
   b3 = 1.007493725776672
   b4 = -.0057681955721346
(Note: file c4res10.dta not found)
 
** Description of c40025

Variable |     Obs        Mean   Std. Dev.       Min        Max
---------+-----------------------------------------------------
      s1 |    1000    1.121174   4.459518   -11.3284   15.30678  
      s2 |    1000    .8676944   3.906671   -12.5489   12.35619  
      s3 |    1000    1.023139   .9914482  -2.843963   4.859538  
      s4 |    1000    1.047176   .9112333   -2.77599   4.439232  
      s5 |    1000    -.005637   .4221143  -1.357687   1.539118  
    s1m1 |    1000    3.691758   1.260727   1.272032   9.385615  
    s2m1 |    1000    3.194237   1.102156   1.028034   8.531018  
    s3m1 |    1000     .803087   .2686681     .20934   2.570397  
    s4m1 |    1000    .6970722   .3238608   .1442734    2.20357  
    s5m1 |    1000    .3482279   .1183475   .1281944   1.150983  
    s1m2 |    1000    4.127511   1.409535   1.422175   10.49344  
    s2m2 |    1000    3.571266   1.232248   1.149377   9.537969  
    s3m2 |    1000    .8978786   .3003801   .2340493   2.873791  
    s4m2 |    1000    .7793504   .3620874   .1613026   2.463667  
    s5m2 |    1000    .3893306   .1323165   .1433257   1.286839  
    s1m3 |    1000    4.270201   1.484633   1.419836   11.46227  
    s2m3 |    1000    3.724174   1.304012   1.193081   10.06933  
    s3m3 |    1000    .9286101   .3148646   .2390798   3.061541  
    s4m3 |    1000     .846526   .3954865   .1896839   2.534987  
    s5m3 |    1000    .3998262   .1386237   .1451644   1.399174  
    s1m4 |    1000    5.032536   1.809439   1.595529   14.37405  
    s2m4 |    1000    4.448069   1.620375   1.423393    12.3686  
    s3m4 |    1000    1.087002   .3773566   .2758541   3.659301  
    s4m4 |    1000    1.080684   .5375069   .2394863   4.218417  
    s5m4 |    1000    .4639741   .1654496   .1654935    1.70392  
    s1m5 |    1000    4.365583   1.212015   1.621895   9.707359  
    s2m5 |    1000    3.806177   1.082135   1.441238   8.217211  
    s3m5 |    1000    .9493607    .258934   .3376391   2.058131  
    s4m5 |    1000    .8788654   .3487203    .286556   2.657907  
    s5m5 |    1000    .4073165   .1078805   .1773035   .9674013  
      wh |    1000    14.37137   4.219586   3.873106   23.94061  
    whpr |    1000       .4563   .2625054   .0465847   .9961823  
      bp |    1000    4.974729   3.880967   .0707817   35.01875  
    bppr |    1000     .435035   .3060219   4.60e-07   .9993883  
      gl |    1000    4.930088   2.954025   .1708667   15.47204  
    glpr |    1000    .3983155   .2817682    .003816   .9965519  
      cw |    1000    1.382664   2.206404   6.84e-07   27.63314  
    cwpr |    1000    .4624241   .3035152   1.47e-07   .9993402  
  seedis |    1000    1.10e+07          0   1.10e+07   1.10e+07  
   niter |    1000        1000          0       1000       1000  
dsnumber |    1000           1          0          1          1  
 dslabel |    1000           4          0          4          4  
  factor |    1000           1          0          1          1  
      R2 |    1000    .3782896          0   .3782896   .3782896  
 sampleN |    1000          25          0         25         25  
 
** Results for:
*  Sample Size:     25
*  Selection Seed:  11020760
*  # of Iterations: 1000
*  Sig Level:       10
*  Means of sample estimates of:
   b0 = 1.121173881809693
   b1 = .8676944347878452
   b2 = 1.023139385268674
   b3 = 1.047176418887451
   b4 = -.0056370226607833
 
** Description of c40050

Variable |     Obs        Mean   Std. Dev.       Min        Max
---------+-----------------------------------------------------
      s1 |    1000    .7760766   2.972586  -8.642581   10.42907  
      s2 |    1000    1.210019   2.555553  -7.089017   10.04523  
      s3 |    1000    .9612482   .6550661  -1.589413   2.998975  
      s4 |    1000    1.014968    .558273  -.9306384   3.524967  
      s5 |    1000   -.0166729    .268455  -.9068981   1.089108  
    s1m1 |    1000    2.698432   .6584614   1.137406   5.963751  
    s2m1 |    1000     2.32088   .5812274    1.05458   5.304642  
    s3m1 |    1000     .594403   .1473051   .2966938   1.312408  
    s4m1 |    1000    .4802456   .1669162   .1333179   1.317373  
    s5m1 |    1000    .2518002   .0597529   .1243871   .6954532  
    s1m2 |    1000    2.844397   .6940792   1.198932   6.286345  
    s2m2 |    1000    2.446422   .6126675   1.111624   5.591584  
    s3m2 |    1000    .6265557   .1552732   .3127427   1.383399  
    s4m2 |    1000    .5062233   .1759451   .1405294   1.388633  
    s5m2 |    1000    .2654208    .062985   .1311155    .733072  
    s1m3 |    1000    2.890951   .7140929   1.195638   6.687032  
    s2m3 |    1000    2.500352   .6347603   1.107469   5.935394  
    s3m3 |    1000    .6376998   .1601384   .3135691   1.452058  
    s4m3 |    1000    .5361855   .1919397   .1395845   1.616469  
    s5m3 |    1000    .2690745   .0645146    .131675     .73914  
    s1m4 |    1000    3.113428   .7832389   1.258483   7.543147  
    s2m4 |    1000    2.714122   .7058728   1.164291   6.682504  
    s3m4 |    1000    .6865185   .1753499   .3320001   1.608609  
    s4m4 |    1000    .6106183   .2338757   .1465164   2.010685  
    s5m4 |    1000    .2883715   .0700287   .1395985   .7867854  
    s1m5 |    1000    2.931547   .5315137   1.627324   5.234878  
    s2m5 |    1000    2.542625   .4777645   1.307799   4.849044  
    s3m5 |    1000    .6465974   .1230304   .3633968   1.238416  
    s4m5 |    1000    .5484485   .1455442   .2093852   1.269292  
    s5m5 |    1000    .2735206   .0489166   .1584781   .4990555  
      wh |    1000    13.76659   6.308087    3.24266   39.68111  
    whpr |    1000    .5334312   .3207787    .000286   .9985609  
      bp |    1000    6.151275   5.079094   .1231875   44.61517  
    bppr |    1000    .3660141   .3010319   4.78e-09   .9981792  
      gl |    1000    5.051099   3.215588   .3448808    18.6417  
    glpr |    1000    .3967807   .2798538   .0009241   .9867358  
      cw |    1000    1.628978   2.228314   6.82e-07   18.93626  
    cwpr |    1000    .4173874   .3016909   .0000135    .999341  
  seedis |    1000    1.10e+07          0   1.10e+07   1.10e+07  
   niter |    1000        1000          0       1000       1000  
dsnumber |    1000           1          0          1          1  
 dslabel |    1000           4          0          4          4  
  factor |    1000           1          0          1          1  
      R2 |    1000    .3782896          0   .3782896   .3782896  
 sampleN |    1000          50          0         50         50  
 
** Results for:
*  Sample Size:     50
*  Selection Seed:  11020760
*  # of Iterations: 1000
*  Sig Level:       10
*  Means of sample estimates of:
   b0 = .7760766234152834
   b1 = 1.210018579641823
   b2 = .961248174624081
   b3 = 1.014967937304638
   b4 = -.0166728792384965
 
** Description of c40100

Variable |     Obs        Mean   Std. Dev.       Min        Max
---------+-----------------------------------------------------
      s1 |    1000    .9739689   2.001544  -4.655894   8.607448  
      s2 |    1000    1.076677    1.73667  -5.247463   6.541665  
      s3 |    1000    .9727708   .4473404  -.4603878   2.542867  
      s4 |    1000    1.010588   .3718842  -.2931325   2.291992  
      s5 |    1000   -.0109613   .1828691  -.6424416   .7079378  
    s1m1 |    1000    1.962038   .3452184   1.138817   3.754941  
    s2m1 |    1000    1.682655   .2933583   .9387993   3.487157  
    s3m1 |    1000     .427216   .0746344   .2410952   .8127156  
    s4m1 |    1000    .3442955   .0855081   .1281285   .7100767  
    s5m1 |    1000     .183055    .029881   .1038823    .389454  
    s1m2 |    1000    2.013008   .3541866   1.168402   3.852488  
    s2m2 |    1000    1.726368   .3009792   .9631878   3.577747  
    s3m2 |    1000    .4383144   .0765733   .2473585   .8338286  
    s4m2 |    1000    .3532397   .0877294   .1314571   .7285234  
    s5m2 |    1000    .1878105   .0306573    .106581   .3995714  
    s1m3 |    1000    2.030869    .359605   1.170134   3.881411  
    s2m3 |    1000    1.747807   .3078501   .9650801   3.601844  
    s3m3 |    1000    .4422913   .0780751   .2481305   .8410652  
    s4m3 |    1000    .3655946   .0933305   .1325923   .7640635  
    s5m3 |    1000    .1890468   .0310064   .1070041   .4014811  
    s1m4 |    1000    2.105317   .3760588   1.202637   4.013142  
    s2m4 |    1000    1.819757   .3258788   .9924386    3.72141  
    s3m4 |    1000    .4582908   .0818207   .2554673   .8771453  
    s4m4 |    1000    .3909741   .1048319   .1373779   .8842109  
    s5m4 |    1000    .1953787   .0322225    .110255   .4140193  
    s1m5 |    1000    2.045371   .2565619   1.274519   3.162391  
    s2m5 |    1000    1.765731   .2270032   1.176204   2.745271  
    s3m5 |    1000    .4478301   .0573074   .2790841   .6888462  
    s4m5 |    1000    .3726553   .0674254    .220838   .6294094  
    s5m5 |    1000    .1900198    .022828   .1229997   .2791264  
      wh |    1000    13.52169    6.71249   3.485141   58.31564  
    whpr |    1000    .5543858   .3104203   2.31e-07   .9978498  
      bp |    1000    7.335847   6.365758   .0674107    73.2416  
    bppr |    1000    .3219487   .3023924   4.66e-15   .9994446  
      gl |    1000    5.243504   3.727207   .2021948   26.19789  
    glpr |    1000     .401349   .2940967   .0000289   .9952214  
      cw |    1000    2.038915   3.025065   9.62e-06   23.16836  
    cwpr |    1000     .398861   .3077527   1.48e-06   .9975249  
  seedis |    1000    1.10e+07          0   1.10e+07   1.10e+07  
   niter |    1000        1000          0       1000       1000  
dsnumber |    1000           1          0          1          1  
 dslabel |    1000           4          0          4          4  
  factor |    1000           1          0          1          1  
      R2 |    1000    .3782896          0   .3782896   .3782896  
 sampleN |    1000         100          0        100        100  
 
** Results for:
*  Sample Size:     100
*  Selection Seed:  11020760
*  # of Iterations: 1000
*  Sig Level:       10
*  Means of sample estimates of:
   b0 = .9739689010181464
   b1 = 1.076676665854175
   b2 = .9727708339029924
   b3 = 1.010587765775621
   b4 = -.0109613456960942
 
** Description of c40250

Variable |     Obs        Mean   Std. Dev.       Min        Max
---------+-----------------------------------------------------
      s1 |    1000    .8711899   1.270052  -3.088969   4.948199  
      s2 |    1000    1.112835   1.094172  -2.566925    4.56104  
      s3 |    1000    .9684229   .2723671   .2007214   1.931799  
      s4 |    1000    1.014801   .2259976    .321141   1.742047  
      s5 |    1000   -.0027168    .115507  -.3777932   .4157097  
    s1m1 |    1000    1.240231   .1402323   .8740075   1.843972  
    s2m1 |    1000    1.064113   .1220001   .7151964    1.62615  
    s3m1 |    1000    .2717419   .0314438   .1923954   .4362443  
    s4m1 |    1000    .2184889   .0425312   .1217592   .4179773  
    s5m1 |    1000    .1161078   .0126644   .0843289   .1852565  
    s1m2 |    1000    1.252823    .141656   .8828808   1.862693  
    s2m2 |    1000    1.074916   .1232387   .7224575    1.64266  
    s3m2 |    1000    .2745008   .0317631   .1943487   .4406734  
    s4m2 |    1000    .2207071    .042963   .1229954   .4222208  
    s5m2 |    1000    .1172865   .0127929    .085185   .1871373  
    s1m3 |    1000    1.257707   .1428007   .8855026   1.866036  
    s2m3 |    1000     1.08102   .1247736   .7255794    1.67238  
    s3m3 |    1000    .2755445   .0319951   .1948608    .442651  
    s4m3 |    1000    .2246784   .0448679    .124128   .4317758  
    s5m3 |    1000    .1176181   .0128746   .0856536   .1890647  
    s1m4 |    1000    1.275867   .1455698   .8973312   1.888488  
    s2m4 |    1000    1.098818    .127937    .736286   1.720902  
    s3m4 |    1000    .2794437   .0325678   .1973782   .4491876  
    s4m4 |    1000    .2314599   .0477018   .1267113   .4521354  
    s5m4 |    1000    .1191649   .0130935   .0870233   .1929721  
    s1m5 |    1000    1.267213   .1018575   .9871854   1.682413  
    s2m5 |    1000    1.088573   .0892385   .8508098   1.449426  
    s3m5 |    1000    .2773492    .022832   .2170808   .3902105  
    s4m5 |    1000     .224591   .0259318   .1520438   .3317421  
    s5m5 |    1000    .1184371   .0093834   .0884143   .1570174  
      wh |    1000    13.52199   7.842217   2.780951   68.37823  
    whpr |    1000    .5739964   .3193362   3.79e-09   .9994019  
      bp |    1000    7.885777   6.306276   .1234334   45.88268  
    bppr |    1000    .2853029   .2893762   2.61e-09   .9981721  
      gl |    1000    5.143825   3.526359   .1348988   25.17772  
    glpr |    1000    .4006118   .2897495   .0000463    .997825  
      cw |    1000    2.156329    3.14955   1.63e-07   27.12041  
    cwpr |    1000    .3809151   .3030887   1.91e-07   .9996781  
  seedis |    1000    1.10e+07          0   1.10e+07   1.10e+07  
   niter |    1000        1000          0       1000       1000  
dsnumber |    1000           1          0          1          1  
 dslabel |    1000           4          0          4          4  
  factor |    1000           1          0          1          1  
      R2 |    1000    .3782896          0   .3782896   .3782896  
 sampleN |    1000         250          0        250        250  
 
** Results for:
*  Sample Size:     250
*  Selection Seed:  11020760
*  # of Iterations: 1000
*  Sig Level:       10
*  Means of sample estimates of:
   b0 = .8711899430220946
   b1 = 1.112834921592061
   b2 = .9684228730648756
   b3 = 1.014801411181688
   b4 = -.0027167813166161
 
** Description of c40500

Variable |     Obs        Mean   Std. Dev.       Min        Max
---------+-----------------------------------------------------
      s1 |    1000    .9166376    .936032  -2.237854   4.265412  
      s2 |    1000    1.077362   .8056806   -1.65287   4.035581  
      s3 |    1000    .9788424   .1965086   .2786694   1.597751  
      s4 |    1000    1.012333   .1623195   .5953733   1.570376  
      s5 |    1000   -.0050578   .0834049  -.2693069   .2821877  
    s1m1 |    1000    .8771253    .070502   .6940958   1.122394  
    s2m1 |    1000    .7512924   .0605575   .5885106   .9815111  
    s3m1 |    1000    .1912415   .0152437   .1476556   .2563149  
    s4m1 |    1000    .1544333   .0210697   .0996803   .2431371  
    s5m1 |    1000    .0817986   .0064935   .0658383   .1098105  
    s1m2 |    1000    .8815441   .0708572   .6975926   1.128049  
    s2m2 |    1000    .7550772   .0608626   .5914754   .9864557  
    s3m2 |    1000    .1922049   .0153205   .1483995   .2576062  
    s4m2 |    1000    .1552113   .0211759   .1001824    .244362  
    s5m2 |    1000    .0822107   .0065262     .06617   .1103637  
    s1m3 |    1000    .8832488   .0712793   .6982157   1.133888  
    s2m3 |    1000    .7572733   .0614236   .5928823   .9921911  
    s3m3 |    1000    .1925739   .0153864   .1486787    .258116  
    s4m3 |    1000    .1567153   .0218312   .1011563    .253929  
    s5m3 |    1000    .0823251   .0065454   .0662309   .1105342  
    s1m4 |    1000    .8894977   .0721023   .7023718   1.145615  
    s2m4 |    1000    .7634246   .0623785   .5973243   1.003138  
    s3m4 |    1000    .1939234   .0155319   .1497155   .2599366  
    s4m4 |    1000    .1591192   .0227093   .1027395   .2655545  
    s5m4 |    1000    .0828581   .0065984   .0666268   .1112645  
    s1m5 |    1000    .8859335   .0488252   .7427227   1.063768  
    s2m5 |    1000    .7613626   .0429552   .6302077   .9066717  
    s3m5 |    1000    .1942265   .0108945   .1657772   .2291818  
    s4m5 |    1000    .1570164   .0127608   .1164232   .2053549  
    s5m5 |    1000    .0829392   .0044643   .0691791   .0976254  
      wh |    1000    13.33702    6.42705   2.558159   43.71115  
    whpr |    1000     .561166   .3111224   .0000659   .9996333  
      bp |    1000    8.582819   6.561287   .1449168   65.24727  
    bppr |    1000    .2513119   .2783059   2.28e-13   .9974983  
      gl |    1000    5.535552   4.106695   .0682287   29.49475  
    glpr |    1000    .3854421   .2934157   6.20e-06   .9994312  
      cw |    1000    2.235606   3.092897   9.29e-08   24.25122  
    cwpr |    1000    .3765405   .3155114   8.46e-07   .9997568  
  seedis |    1000    1.10e+07          0   1.10e+07   1.10e+07  
   niter |    1000        1000          0       1000       1000  
dsnumber |    1000           1          0          1          1  
 dslabel |    1000           4          0          4          4  
  factor |    1000           1          0          1          1  
      R2 |    1000    .3782896          0   .3782896   .3782896  
 sampleN |    1000         500          0        500        500  
 
** Results for:
*  Sample Size:     500
*  Selection Seed:  11020760
*  # of Iterations: 1000
*  Sig Level:       10
*  Means of sample estimates of:
   b0 = .9166376034673304
   b1 = 1.077361737940897
   b2 = .9788424480259418
   b3 = 1.012332929611206
   b4 = -.0050577976381537
 
** Description of c41000

Variable |     Obs        Mean   Std. Dev.       Min        Max
---------+-----------------------------------------------------
      s1 |    1000    .9393027   .6480588  -1.539526   3.290086  
      s2 |    1000    1.057935   .5493079  -.8669251   3.031487  
      s3 |    1000    .9880373   .1402677   .5315397   1.479686  
      s4 |    1000    1.007494    .112115   .5847593   1.416009  
      s5 |    1000   -.0057682   .0582689  -.2306528   .1755328  
    s1m1 |    1000    .6219306   .0364207   .5236679   .7263203  
    s2m1 |    1000    .5324942   .0323909    .443899   .6382925  
    s3m1 |    1000     .135882   .0081016   .1161303   .1663354  
    s4m1 |    1000    .1093382   .0108471   .0822623    .163013  
    s5m1 |    1000    .0580891   .0032737   .0489636    .072844  
    s1m2 |    1000    .6234913   .0365121   .5249819   .7281429  
    s2m2 |    1000    .5338304   .0324722    .445013   .6398942  
    s3m2 |    1000     .136223   .0081219   .1164217   .1667528  
    s4m2 |    1000    .1096125   .0108743   .0824687    .163422  
    s5m2 |    1000    .0582349   .0032819   .0490865   .0730267  
    s1m3 |    1000    .6240932   .0365989   .5256381    .729161  
    s2m3 |    1000    .5346023   .0325891   .4454648   .6415055  
    s3m3 |    1000    .1363523   .0081396   .1165157   .1669129  
    s4m3 |    1000    .1101338   .0110225   .0829355   .1661806  
    s5m3 |    1000    .0582754   .0032868    .049133   .0731148  
    s1m4 |    1000    .6262761   .0367798   .5276349   .7320215  
    s2m4 |    1000    .5367379   .0327933   .4470525    .644763  
    s3m4 |    1000    .1368255   .0081779   .1169032   .1674939  
    s4m4 |    1000    .1109496   .0112081   .0836404   .1694844  
    s5m4 |    1000    .0584629      .0033   .0493033    .073389  
    s1m5 |    1000    .6248494   .0253271   .5546184   .7154992  
    s2m5 |    1000    .5364342   .0225358   .4697686   .6189541  
    s3m5 |    1000     .137067   .0056086   .1201846   .1601138  
    s4m5 |    1000    .1102593   .0065504   .0915074   .1318946  
    s5m5 |    1000    .0585691   .0022945   .0521154   .0663009  
      wh |    1000     13.1305   5.837246    2.49316   40.94485  
    whpr |    1000      .56075   .3023627   .0001815    .999685  
      bp |    1000    8.599964   6.347086   .2209167   53.65808  
    bppr |    1000    .2489704   .2783331   6.21e-11   .9943306  
      gl |    1000    5.350688   3.877862   .0839143   23.38951  
    glpr |    1000    .4009799   .3005489   .0001058    .999144  
      cw |    1000    2.531846   3.590627   6.81e-10   25.43996  
    cwpr |    1000    .3678656   .3152881   4.56e-07   .9999792  
  seedis |    1000    1.10e+07          0   1.10e+07   1.10e+07  
   niter |    1000        1000          0       1000       1000  
dsnumber |    1000           1          0          1          1  
 dslabel |    1000           4          0          4          4  
  factor |    1000           1          0          1          1  
      R2 |    1000    .3782896          0   .3782896   .3782896  
 sampleN |    1000        1000          0       1000       1000  
 
** Results for:
*  Sample Size:     1000
*  Selection Seed:  11020760
*  # of Iterations: 1000
*  Sig Level:       10
*  Means of sample estimates of:
   b0 = .9393026582457242
   b1 = 1.057934738602955
   b2 = .9880372881293296
   b3 = 1.007493725776672
   b4 = -.0057681955721346
(Note: file c4res.dta not found)
file c4res.dta saved

. 
. log close
