
. ts
** 31 Mar 1998 - 12:45:47

. set more off

. hcsum c4 B
** HCSUM for c4res: B.
 * Table of mean absolute deviation from nominal size.
 * Negative marks smallest value.

            All  Through       b1       b2       b3       b4
sOLS05   -0.006   50.000    0.008   -0.001   -0.004    0.010
s0HC05    0.036   50.000    0.031    0.031    0.053    0.030
s1HC05    0.017   50.000    0.012    0.013    0.030    0.014
s2HC05    0.010   50.000   -0.007    0.009    0.016   -0.008
s3HC05    0.014   50.000    0.018    0.015    0.012    0.012
s3B005    0.009   50.000    0.010    0.002    0.010    0.012
s3B105    0.009   50.000    0.011    0.004    0.010    0.012
s3B205    0.011   50.000    0.014    0.007    0.011    0.012
s3B305    0.013   50.000    0.015    0.010    0.012    0.013
s3B305    0.013   50.000    0.017    0.013    0.010    0.012
s3B305    0.013   50.000    0.017    0.013    0.009    0.013

            All  Through       b1       b2       b3       b4
sOLS05    0.000  100.000    0.007   -0.003   -0.004    0.010
s0HC05    0.065  100.000    0.023    0.024    0.044    0.022
s1HC05    0.031  100.000    0.008    0.009    0.027    0.012
s2HC05    0.018  100.000   -0.006    0.006    0.013   -0.009
s3HC05    0.027  100.000    0.015    0.012    0.008    0.014
s3B005    0.017  100.000    0.010    0.004    0.007    0.012
s3B105    0.018  100.000    0.011    0.006    0.007    0.013
s3B205    0.021  100.000    0.012    0.008    0.008    0.013
s3B305    0.024  100.000    0.014    0.011    0.008    0.014
s3B305    0.025  100.000    0.015    0.012    0.007    0.014
s3B305    0.025  100.000    0.015    0.011    0.007    0.014

            All  Through       b1       b2       b3       b4
sOLS05   -0.005  250.000   -0.005   -0.003   -0.003    0.008
s0HC05    0.087  250.000    0.018    0.018    0.034    0.017
s1HC05    0.042  250.000    0.006    0.007    0.020    0.010
s2HC05    0.025  250.000    0.005    0.005    0.010   -0.007
s3HC05    0.037  250.000    0.013    0.010    0.007    0.011
s3B005    0.024  250.000    0.008    0.004    0.007    0.010
s3B105    0.026  250.000    0.010    0.005    0.007    0.011
s3B205    0.030  250.000    0.011    0.007    0.008    0.011
s3B305    0.034  250.000    0.012    0.009    0.008    0.011
s3B305    0.035  250.000    0.013    0.010    0.007    0.012
s3B305    0.035  250.000    0.013    0.009    0.006    0.012

             All   Through        b1        b2        b3        b4
sOLS05    -0.001  1000.000    -0.007    -0.003    -0.005     0.007
s0HC05     0.104  1000.000     0.017     0.015     0.025     0.013
s1HC05     0.052  1000.000     0.008     0.007     0.016     0.008
s2HC05     0.032  1000.000     0.007     0.005     0.009    -0.006
s3HC05     0.046  1000.000     0.012     0.009     0.007     0.008
s3B005     0.031  1000.000     0.009     0.003     0.007     0.008
s3B105     0.034  1000.000     0.010     0.005     0.007     0.008
s3B205     0.038  1000.000     0.011     0.006     0.008     0.008
s3B305     0.043  1000.000     0.012     0.007     0.007     0.008
s3B305     0.044  1000.000     0.012     0.008     0.007     0.008
s3B305     0.044  1000.000     0.012     0.007     0.006     0.008

. hcsum c4 C
** HCSUM for c4res: C.
 * Table of mean absolute deviation from nominal size.
 * Negative marks smallest value.

            All  Through       b1       b2       b3       b4
sOLS05   -0.006   50.000    0.008   -0.001   -0.004    0.010
s0HC05    0.036   50.000    0.031    0.031    0.053    0.030
s1HC05    0.017   50.000    0.012    0.013    0.030    0.014
s2HC05    0.010   50.000   -0.007    0.009    0.016   -0.008
s3HC05    0.014   50.000    0.018    0.015    0.012    0.012
s3C005    0.008   50.000    0.010    0.002    0.010    0.011
s3C105    0.009   50.000    0.011    0.004    0.011    0.012
s3C205    0.010   50.000    0.014    0.005    0.012    0.010
s3C305    0.012   50.000    0.016    0.007    0.014    0.011
s3C305    0.012   50.000    0.016    0.008    0.014    0.010
s3C305    0.013   50.000    0.019    0.009    0.014    0.012

            All  Through       b1       b2       b3       b4
sOLS05    0.000  100.000    0.007   -0.003   -0.004    0.010
s0HC05    0.065  100.000    0.023    0.024    0.044    0.022
s1HC05    0.031  100.000    0.008    0.009    0.027    0.012
s2HC05    0.018  100.000   -0.006    0.006    0.013   -0.009
s3HC05    0.027  100.000    0.015    0.012    0.008    0.014
s3C005    0.016  100.000    0.008    0.004    0.008    0.010
s3C105    0.018  100.000    0.009    0.005    0.008    0.010
s3C205    0.019  100.000    0.012    0.005    0.009    0.010
s3C305    0.022  100.000    0.013    0.007    0.010    0.011
s3C305    0.023  100.000    0.014    0.007    0.010    0.012
s3C305    0.024  100.000    0.016    0.008    0.009    0.013

            All  Through       b1       b2       b3       b4
sOLS05   -0.005  250.000   -0.005   -0.003   -0.003    0.008
s0HC05    0.087  250.000    0.018    0.018    0.034    0.017
s1HC05    0.042  250.000    0.006    0.007    0.020    0.010
s2HC05    0.025  250.000    0.005    0.005    0.010   -0.007
s3HC05    0.037  250.000    0.013    0.010    0.007    0.011
s3C005    0.023  250.000    0.007    0.004    0.007    0.009
s3C105    0.025  250.000    0.008    0.004    0.007    0.009
s3C205    0.026  250.000    0.010    0.004    0.008    0.009
s3C305    0.031  250.000    0.011    0.005    0.008    0.010
s3C305    0.032  250.000    0.011    0.006    0.009    0.010
s3C305    0.034  250.000    0.013    0.006    0.008    0.011

             All   Through        b1        b2        b3        b4
sOLS05    -0.001  1000.000    -0.007    -0.003    -0.005     0.007
s0HC05     0.104  1000.000     0.017     0.015     0.025     0.013
s1HC05     0.052  1000.000     0.008     0.007     0.016     0.008
s2HC05     0.032  1000.000     0.007     0.005     0.009    -0.006
s3HC05     0.046  1000.000     0.012     0.009     0.007     0.008
s3C005     0.029  1000.000     0.008     0.003     0.007     0.007
s3C105     0.031  1000.000     0.008     0.004     0.007     0.007
s3C205     0.033  1000.000     0.009     0.004     0.008     0.007
s3C305     0.039  1000.000     0.011     0.005     0.008     0.007
s3C305     0.040  1000.000     0.011     0.005     0.008     0.008
s3C305     0.042  1000.000     0.012     0.005     0.008     0.008

. hcsum c4 G
** HCSUM for c4res: G.
 * Table of mean absolute deviation from nominal size.
 * Negative marks smallest value.

            All  Through       b1       b2       b3       b4
sOLS05   -0.006   50.000    0.008   -0.001   -0.004    0.010
s0HC05    0.036   50.000    0.031    0.031    0.053    0.030
s1HC05    0.017   50.000    0.012    0.013    0.030    0.014
s2HC05    0.010   50.000   -0.007    0.009    0.016   -0.008
s3HC05    0.014   50.000    0.018    0.015    0.012    0.012
s3G005    0.009   50.000    0.012    0.003    0.010    0.012
s3G105    0.011   50.000    0.013    0.006    0.013    0.013
s3G205    0.013   50.000    0.015    0.008    0.015    0.015
s3G305    0.014   50.000    0.014    0.011    0.014    0.016
s3G305    0.014   50.000    0.016    0.012    0.014    0.014
s3G305    0.014   50.000    0.017    0.014    0.012    0.012

            All  Through       b1       b2       b3       b4
sOLS05    0.000  100.000    0.007   -0.003   -0.004    0.010
s0HC05    0.065  100.000    0.023    0.024    0.044    0.022
s1HC05    0.031  100.000    0.008    0.009    0.027    0.012
s2HC05    0.018  100.000   -0.006    0.006    0.013   -0.009
s3HC05    0.027  100.000    0.015    0.012    0.008    0.014
s3G005    0.018  100.000    0.009    0.006    0.008    0.012
s3G105    0.022  100.000    0.011    0.008    0.010    0.013
s3G205    0.025  100.000    0.013    0.009    0.011    0.014
s3G305    0.026  100.000    0.012    0.010    0.011    0.015
s3G305    0.026  100.000    0.014    0.011    0.010    0.015
s3G305    0.026  100.000    0.014    0.012    0.009    0.014

            All  Through       b1       b2       b3       b4
sOLS05   -0.005  250.000   -0.005   -0.003   -0.003    0.008
s0HC05    0.087  250.000    0.018    0.018    0.034    0.017
s1HC05    0.042  250.000    0.006    0.007    0.020    0.010
s2HC05    0.025  250.000    0.005    0.005    0.010   -0.007
s3HC05    0.037  250.000    0.013    0.010    0.007    0.011
s3G005    0.025  250.000    0.007    0.005    0.007    0.010
s3G105    0.031  250.000    0.009    0.006    0.009    0.011
s3G205    0.035  250.000    0.011    0.007    0.010    0.012
s3G305    0.036  250.000    0.011    0.008    0.009    0.013
s3G305    0.036  250.000    0.012    0.009    0.009    0.012
s3G305    0.036  250.000    0.012    0.010    0.008    0.011

             All   Through        b1        b2        b3        b4
sOLS05    -0.001  1000.000    -0.007    -0.003    -0.005     0.007
s0HC05     0.104  1000.000     0.017     0.015     0.025     0.013
s1HC05     0.052  1000.000     0.008     0.007     0.016     0.008
s2HC05     0.032  1000.000     0.007     0.005     0.009    -0.006
s3HC05     0.046  1000.000     0.012     0.009     0.007     0.008
s3G005     0.032  1000.000     0.008     0.004     0.007     0.008
s3G105     0.038  1000.000     0.009     0.005     0.009     0.008
s3G205     0.043  1000.000     0.011     0.005     0.008     0.009
s3G305     0.045  1000.000     0.011     0.006     0.008     0.010
s3G305     0.045  1000.000     0.011     0.007     0.008     0.009
s3G305     0.045  1000.000     0.011     0.008     0.008     0.008

. hcsum c4 W
** HCSUM for c4res: W.
 * Table of mean absolute deviation from nominal size.
 * Negative marks smallest value.

            All  Through       b1       b2       b3       b4
sOLS05   -0.006   50.000    0.008   -0.001   -0.004    0.010
s0HC05    0.036   50.000    0.031    0.031    0.053    0.030
s1HC05    0.017   50.000    0.012    0.013    0.030    0.014
s2HC05    0.010   50.000   -0.007    0.009    0.016   -0.008
s3HC05    0.014   50.000    0.018    0.015    0.012    0.012
s3W005    0.008   50.000    0.010    0.003    0.007    0.010
s3W105    0.009   50.000    0.010    0.004    0.008    0.013
s3W205    0.012   50.000    0.013    0.005    0.015    0.014
s3W305    0.013   50.000    0.015    0.008    0.015    0.015
s3W305    0.015   50.000    0.019    0.012    0.015    0.014
s3W305    0.018   50.000    0.022    0.014    0.020    0.015

            All  Through       b1       b2       b3       b4
sOLS05    0.000  100.000    0.007   -0.003   -0.004    0.010
s0HC05    0.065  100.000    0.023    0.024    0.044    0.022
s1HC05    0.031  100.000    0.008    0.009    0.027    0.012
s2HC05    0.018  100.000   -0.006    0.006    0.013   -0.009
s3HC05    0.027  100.000    0.015    0.012    0.008    0.014
s3W005    0.015  100.000    0.008    0.005    0.006    0.010
s3W105    0.017  100.000    0.008    0.006    0.007    0.012
s3W205    0.023  100.000    0.011    0.007    0.011    0.013
s3W305    0.025  100.000    0.012    0.010    0.011    0.014
s3W305    0.028  100.000    0.015    0.011    0.012    0.014
s3W305    0.032  100.000    0.016    0.013    0.015    0.015

            All  Through       b1       b2       b3       b4
sOLS05   -0.005  250.000   -0.005   -0.003   -0.003    0.008
s0HC05    0.087  250.000    0.018    0.018    0.034    0.017
s1HC05    0.042  250.000    0.006    0.007    0.020    0.010
s2HC05    0.025  250.000    0.005    0.005    0.010   -0.007
s3HC05    0.037  250.000    0.013    0.010    0.007    0.011
s3W005    0.021  250.000    0.006    0.004    0.006    0.009
s3W105    0.024  250.000    0.006    0.004    0.007    0.010
s3W205    0.032  250.000    0.009    0.006    0.010    0.012
s3W305    0.035  250.000    0.011    0.007    0.010    0.012
s3W305    0.039  250.000    0.013    0.008    0.011    0.012
s3W305    0.045  250.000    0.014    0.010    0.013    0.013

             All   Through        b1        b2        b3        b4
sOLS05    -0.001  1000.000    -0.007    -0.003    -0.005     0.007
s0HC05     0.104  1000.000     0.017     0.015     0.025     0.013
s1HC05     0.052  1000.000     0.008     0.007     0.016     0.008
s2HC05     0.032  1000.000     0.007     0.005     0.009    -0.006
s3HC05     0.046  1000.000     0.012     0.009     0.007     0.008
s3W005     0.028  1000.000     0.008     0.003     0.006     0.007
s3W105     0.030  1000.000     0.008     0.003     0.006     0.008
s3W205     0.040  1000.000     0.010     0.004     0.009     0.009
s3W305     0.043  1000.000     0.011     0.006     0.008     0.009
s3W305     0.048  1000.000     0.012     0.007     0.009     0.009
s3W305     0.055  1000.000     0.013     0.007     0.010     0.009

. hcsum c4 all
** HCSUM for c4res: all.
 * Table of mean absolute deviation from nominal size.
 * Negative marks smallest value.

            All  Through       b1       b2       b3       b4
sOLS05   -0.006   50.000    0.008   -0.001   -0.004    0.010
s0HC05    0.036   50.000    0.031    0.031    0.053    0.030
s1HC05    0.017   50.000    0.012    0.013    0.030    0.014
s2HC05    0.010   50.000   -0.007    0.009    0.016   -0.008
s3HC05    0.014   50.000    0.018    0.015    0.012    0.012
s3B005    0.009   50.000    0.010    0.002    0.010    0.012
s3B105    0.009   50.000    0.011    0.004    0.010    0.012
s3B205    0.011   50.000    0.014    0.007    0.011    0.012
s3B305    0.013   50.000    0.015    0.010    0.012    0.013
s3B405    0.013   50.000    0.017    0.013    0.010    0.012
s3B505    0.013   50.000    0.017    0.013    0.009    0.013
s3C005    0.008   50.000    0.010    0.002    0.010    0.011
s3C105    0.009   50.000    0.011    0.004    0.011    0.012
s3C205    0.010   50.000    0.014    0.005    0.012    0.010
s3C305    0.012   50.000    0.016    0.007    0.014    0.011
s3C405    0.012   50.000    0.016    0.008    0.014    0.010
s3C505    0.013   50.000    0.019    0.009    0.014    0.012
s3G005    0.009   50.000    0.012    0.003    0.010    0.012
s3G105    0.011   50.000    0.013    0.006    0.013    0.013
s3G205    0.013   50.000    0.015    0.008    0.015    0.015
s3G305    0.014   50.000    0.014    0.011    0.014    0.016
s3G405    0.014   50.000    0.016    0.012    0.014    0.014
s3G505    0.014   50.000    0.017    0.014    0.012    0.012
s3W005    0.008   50.000    0.010    0.003    0.007    0.010
s3W105    0.009   50.000    0.010    0.004    0.008    0.013
s3W205    0.012   50.000    0.013    0.005    0.015    0.014
s3W305    0.013   50.000    0.015    0.008    0.015    0.015
s3W405    0.015   50.000    0.019    0.012    0.015    0.014
s3W505    0.018   50.000    0.022    0.014    0.020    0.015

            All  Through       b1       b2       b3       b4
sOLS05    0.000  100.000    0.007   -0.003   -0.004    0.010
s0HC05    0.065  100.000    0.023    0.024    0.044    0.022
s1HC05    0.031  100.000    0.008    0.009    0.027    0.012
s2HC05    0.018  100.000   -0.006    0.006    0.013   -0.009
s3HC05    0.027  100.000    0.015    0.012    0.008    0.014
s3B005    0.017  100.000    0.010    0.004    0.007    0.012
s3B105    0.018  100.000    0.011    0.006    0.007    0.013
s3B205    0.021  100.000    0.012    0.008    0.008    0.013
s3B305    0.024  100.000    0.014    0.011    0.008    0.014
s3B405    0.025  100.000    0.015    0.012    0.007    0.014
s3B505    0.025  100.000    0.015    0.011    0.007    0.014
s3C005    0.016  100.000    0.008    0.004    0.008    0.010
s3C105    0.018  100.000    0.009    0.005    0.008    0.010
s3C205    0.019  100.000    0.012    0.005    0.009    0.010
s3C305    0.022  100.000    0.013    0.007    0.010    0.011
s3C405    0.023  100.000    0.014    0.007    0.010    0.012
s3C505    0.024  100.000    0.016    0.008    0.009    0.013
s3G005    0.018  100.000    0.009    0.006    0.008    0.012
s3G105    0.022  100.000    0.011    0.008    0.010    0.013
s3G205    0.025  100.000    0.013    0.009    0.011    0.014
s3G305    0.026  100.000    0.012    0.010    0.011    0.015
s3G405    0.026  100.000    0.014    0.011    0.010    0.015
s3G505    0.026  100.000    0.014    0.012    0.009    0.014
s3W005    0.015  100.000    0.008    0.005    0.006    0.010
s3W105    0.017  100.000    0.008    0.006    0.007    0.012
s3W205    0.023  100.000    0.011    0.007    0.011    0.013
s3W305    0.025  100.000    0.012    0.010    0.011    0.014
s3W405    0.028  100.000    0.015    0.011    0.012    0.014
s3W505    0.032  100.000    0.016    0.013    0.015    0.015

            All  Through       b1       b2       b3       b4
sOLS05   -0.005  250.000   -0.005   -0.003   -0.003    0.008
s0HC05    0.087  250.000    0.018    0.018    0.034    0.017
s1HC05    0.042  250.000    0.006    0.007    0.020    0.010
s2HC05    0.025  250.000    0.005    0.005    0.010   -0.007
s3HC05    0.037  250.000    0.013    0.010    0.007    0.011
s3B005    0.024  250.000    0.008    0.004    0.007    0.010
s3B105    0.026  250.000    0.010    0.005    0.007    0.011
s3B205    0.030  250.000    0.011    0.007    0.008    0.011
s3B305    0.034  250.000    0.012    0.009    0.008    0.011
s3B405    0.035  250.000    0.013    0.010    0.007    0.012
s3B505    0.035  250.000    0.013    0.009    0.006    0.012
s3C005    0.023  250.000    0.007    0.004    0.007    0.009
s3C105    0.025  250.000    0.008    0.004    0.007    0.009
s3C205    0.026  250.000    0.010    0.004    0.008    0.009
s3C305    0.031  250.000    0.011    0.005    0.008    0.010
s3C405    0.032  250.000    0.011    0.006    0.009    0.010
s3C505    0.034  250.000    0.013    0.006    0.008    0.011
s3G005    0.025  250.000    0.007    0.005    0.007    0.010
s3G105    0.031  250.000    0.009    0.006    0.009    0.011
s3G205    0.035  250.000    0.011    0.007    0.010    0.012
s3G305    0.036  250.000    0.011    0.008    0.009    0.013
s3G405    0.036  250.000    0.012    0.009    0.009    0.012
s3G505    0.036  250.000    0.012    0.010    0.008    0.011
s3W005    0.021  250.000    0.006    0.004    0.006    0.009
s3W105    0.024  250.000    0.006    0.004    0.007    0.010
s3W205    0.032  250.000    0.009    0.006    0.010    0.012
s3W305    0.035  250.000    0.011    0.007    0.010    0.012
s3W405    0.039  250.000    0.013    0.008    0.011    0.012
s3W505    0.045  250.000    0.014    0.010    0.013    0.013

             All   Through        b1        b2        b3        b4
sOLS05    -0.001  1000.000    -0.007    -0.003    -0.005     0.007
s0HC05     0.104  1000.000     0.017     0.015     0.025     0.013
s1HC05     0.052  1000.000     0.008     0.007     0.016     0.008
s2HC05     0.032  1000.000     0.007     0.005     0.009    -0.006
s3HC05     0.046  1000.000     0.012     0.009     0.007     0.008
s3B005     0.031  1000.000     0.009     0.003     0.007     0.008
s3B105     0.034  1000.000     0.010     0.005     0.007     0.008
s3B205     0.038  1000.000     0.011     0.006     0.008     0.008
s3B305     0.043  1000.000     0.012     0.007     0.007     0.008
s3B405     0.044  1000.000     0.012     0.008     0.007     0.008
s3B505     0.044  1000.000     0.012     0.007     0.006     0.008
s3C005     0.029  1000.000     0.008     0.003     0.007     0.007
s3C105     0.031  1000.000     0.008     0.004     0.007     0.007
s3C205     0.033  1000.000     0.009     0.004     0.008     0.007
s3C305     0.039  1000.000     0.011     0.005     0.008     0.007
s3C405     0.040  1000.000     0.011     0.005     0.008     0.008
s3C505     0.042  1000.000     0.012     0.005     0.008     0.008
s3G005     0.032  1000.000     0.008     0.004     0.007     0.008
s3G105     0.038  1000.000     0.009     0.005     0.009     0.008
s3G205     0.043  1000.000     0.011     0.005     0.008     0.009
s3G305     0.045  1000.000     0.011     0.006     0.008     0.010
s3G405     0.045  1000.000     0.011     0.007     0.008     0.009
s3G505     0.045  1000.000     0.011     0.008     0.008     0.008
s3W005     0.028  1000.000     0.008     0.003     0.006     0.007
s3W105     0.030  1000.000     0.008     0.003     0.006     0.008
s3W205     0.040  1000.000     0.010     0.004     0.009     0.009
s3W305     0.043  1000.000     0.011     0.006     0.008     0.009
s3W405     0.048  1000.000     0.012     0.007     0.009     0.009
s3W505     0.055  1000.000     0.013     0.007     0.010     0.009

. set more on

. log close
