
. * NoHetN4.do - data structure: errors normal, R2=.40.
. * Replication by jsl: 98.03.18
. ts
* 18 Mar 1998 - 13:07:56

. version 5.0

. clear

. set more off

.     global simnum_ = 1000

.     global factor = 1.62

.     global factor = 1.00

.     global plevel = .05

.     global seedmc = 11020760

.     use jslhc1

.     set seed $seedmc

.     di "Iterations beginning."
Iterations beginning.

.     ts
* 18 Mar 1998 - 13:07:59

. *   run the simulations
.     hcmonte 1 1 n4 25 50 100 250 500 1000
** Constructing data to analyze...
outnm n4
*  Population:      hc1
*  Data Label:      hc1
*  Factor:          1
*  Structure:       hcn4
*  Sample N's:      25 50 100 250 500 1000
*  Selection seed:  11020760
*  Iterations:      1000

*  Population regression:

  Source |       SS       df       MS                  Number of obs =  100000
---------+------------------------------               F(  4, 99995) =16384.81
   Model |  410231.638     4   102557.91               Prob > F      =  0.0000
Residual |  625901.565 99995  6.25932861               R-squared     =  0.3959
---------+------------------------------               Adj R-squared =  0.3959
   Total |  1036133.20 99999  10.3614356               Root MSE      =  2.5019

------------------------------------------------------------------------------
       y |      Coef.   Std. Err.       t     P>|t|       [95% Conf. Interval]
---------+--------------------------------------------------------------------
      x1 |   1.096575   .0515359     21.278   0.000       .9955657    1.197585
      x2 |   .9782743   .0131645     74.312   0.000        .952472    1.004077
      x3 |   1.003096   .0105576     95.012   0.000        .982403    1.023788
      x4 |  -.0052756   .0056246     -0.938   0.348      -.0162997    .0057485
   _cons |   .8946715   .0600485     14.899   0.000       .7769772    1.012366
------------------------------------------------------------------------------
** Simulations follow:

Sample size:  25
Results file: n40025
13:08:01. Working...
13:08:10. 1 completed. Next notice is 10.
13:08:45. 10 completed. Next notice is 25.
13:09:45. 25 completed. Next notice is 50.
13:11:24. 50 completed. Next notice is 100.
13:14:44. 100 completed. Next notice is 200.
13:21:42. 200 completed. Next notice is 300.
13:28:50. 300 completed. Next notice is 400.
13:35:28. 400 completed. Next notice is 500.
13:42:21. 500 completed. Next notice is 600.
13:48:57. 600 completed. Next notice is 700.
13:55:51. 700 completed. Next notice is 800.
14:02:57. 800 completed. Next notice is 900.
14:10:40. 900 completed. Next notice is 950.
14:14:18. 950 completed. Next notice is 975.
14:16:03. 975 completed. Next notice is 990.
14:17:10. 990 completed. Next notice is completion.
14:17:52. Iterations complete.

Sample size:  50
Results file: n40050
(Note: file n40050.dta not found)
14:17:52. Working...
14:18:00. 1 completed. Next notice is 10.
14:18:30. 10 completed. Next notice is 25.
14:19:38. 25 completed. Next notice is 50.
14:21:25. 50 completed. Next notice is 100.
14:25:05. 100 completed. Next notice is 200.
14:32:14. 200 completed. Next notice is 300.
14:39:31. 300 completed. Next notice is 400.
14:46:38. 400 completed. Next notice is 500.
14:53:45. 500 completed. Next notice is 600.
15:00:49. 600 completed. Next notice is 700.
15:07:59. 700 completed. Next notice is 800.
15:15:04. 800 completed. Next notice is 900.
15:22:14. 900 completed. Next notice is 950.
15:26:02. 950 completed. Next notice is 975.
15:27:55. 975 completed. Next notice is 990.
15:29:00. 990 completed. Next notice is completion.
15:29:43. Iterations complete.

Sample size:  100
Results file: n40100
(Note: file n40100.dta not found)
15:29:44. Working...
15:29:51. 1 completed. Next notice is 10.
15:30:28. 10 completed. Next notice is 25.
15:31:40. 25 completed. Next notice is 50.
15:33:22. 50 completed. Next notice is 100.
15:36:57. 100 completed. Next notice is 200.
15:44:09. 200 completed. Next notice is 300.
15:51:24. 300 completed. Next notice is 400.
15:58:44. 400 completed. Next notice is 500.
16:06:28. 500 completed. Next notice is 600.
16:13:39. 600 completed. Next notice is 700.
16:20:40. 700 completed. Next notice is 800.
16:28:46. 800 completed. Next notice is 900.
16:36:04. 900 completed. Next notice is 950.
16:39:33. 950 completed. Next notice is 975.
16:41:11. 975 completed. Next notice is 990.
16:42:15. 990 completed. Next notice is completion.
16:43:01. Iterations complete.

Sample size:  250
Results file: n40250
(Note: file n40250.dta not found)
16:43:02. Working...
16:43:09. 1 completed. Next notice is 10.
16:43:47. 10 completed. Next notice is 25.
16:44:50. 25 completed. Next notice is 50.
16:46:32. 50 completed. Next notice is 100.
16:50:05. 100 completed. Next notice is 200.
16:56:50. 200 completed. Next notice is 300.
17:03:38. 300 completed. Next notice is 400.
17:10:23. 400 completed. Next notice is 500.
17:17:04. 500 completed. Next notice is 600.
17:24:11. 600 completed. Next notice is 700.
17:31:01. 700 completed. Next notice is 800.
17:37:36. 800 completed. Next notice is 900.
17:44:19. 900 completed. Next notice is 950.
17:47:43. 950 completed. Next notice is 975.
17:49:24. 975 completed. Next notice is 990.
17:50:33. 990 completed. Next notice is completion.
17:51:14. Iterations complete.

Sample size:  500
Results file: n40500
(Note: file n40500.dta not found)
17:51:14. Working...
17:51:22. 1 completed. Next notice is 10.
17:51:57. 10 completed. Next notice is 25.
17:52:51. 25 completed. Next notice is 50.
17:54:37. 50 completed. Next notice is 100.
17:57:54. 100 completed. Next notice is 200.
18:04:47. 200 completed. Next notice is 300.
18:11:47. 300 completed. Next notice is 400.
18:18:51. 400 completed. Next notice is 500.
18:26:38. 500 completed. Next notice is 600.
18:33:32. 600 completed. Next notice is 700.
18:40:11. 700 completed. Next notice is 800.
18:46:47. 800 completed. Next notice is 900.
18:53:26. 900 completed. Next notice is 950.
18:56:50. 950 completed. Next notice is 975.
18:58:33. 975 completed. Next notice is 990.
18:59:31. 990 completed. Next notice is completion.
19:00:12. Iterations complete.

Sample size:  1000
Results file: n41000
(Note: file n41000.dta not found)
19:00:12. Working...
19:00:20. 1 completed. Next notice is 10.
19:00:54. 10 completed. Next notice is 25.
19:01:55. 25 completed. Next notice is 50.
19:03:33. 50 completed. Next notice is 100.
19:06:49. 100 completed. Next notice is 200.
19:13:30. 200 completed. Next notice is 300.
19:20:19. 300 completed. Next notice is 400.
19:27:02. 400 completed. Next notice is 500.
19:34:07. 500 completed. Next notice is 600.
19:41:03. 600 completed. Next notice is 700.
19:47:46. 700 completed. Next notice is 800.
19:54:40. 800 completed. Next notice is 900.
20:01:14. 900 completed. Next notice is 950.
20:04:33. 950 completed. Next notice is 975.
20:06:15. 975 completed. Next notice is 990.
20:07:15. 990 completed. Next notice is completion.
20:07:57. Iterations complete.

.     di "Iterations complete.
Iterations complete.

.     ts
* 18 Mar 1998 - 20:07:57

.     hcresult 1 n4 25 50 100 250 500 1000

.     hcresult 1 n4 25 50 100 250 500 1000
** Constructing data to analyze...
* 18 Mar 1998 - 20:15:00
*  Population:      hc1
*  Data Label:      hc1
*  Factor:          1
*  R2:              .4
*  Structure:       n4
*  Sample N's:      25 50 100 250 500 1000
*  Sig Level:       05

** Population data set hc1 with structure n4.

Variable |     Obs        Mean   Std. Dev.       Min        Max
---------+-----------------------------------------------------
       y |  100000    5.590603   3.218918  -7.025236   20.84053
      x1 |  100000    1.499012   .2886124    1.00002   1.999999
      x2 |  100000    1.498522   1.053486  -2.241696   5.101119
      x3 |  100000    1.600192    1.03109   .0011668   12.12769
      x4 |  100000     3.59375   1.692207  -2.283696   15.27936

  Source |       SS       df       MS                  Number of obs =  100000
---------+------------------------------               F(  4, 99995) =16384.81
   Model |  410231.638     4   102557.91               Prob > F      =  0.0000
Residual |  625901.565 99995  6.25932861               R-squared     =  0.3959
---------+------------------------------               Adj R-squared =  0.3959
   Total |  1036133.20 99999  10.3614356               Root MSE      =  2.5019

------------------------------------------------------------------------------
       y |      Coef.   Std. Err.       t     P>|t|       [95% Conf. Interval]
---------+--------------------------------------------------------------------
      x1 |   1.096575   .0515359     21.278   0.000       .9955657    1.197585
      x2 |   .9782743   .0131645     74.312   0.000        .952472    1.004077
      x3 |   1.003096   .0105576     95.012   0.000        .982403    1.023788
      x4 |  -.0052756   .0056246     -0.938   0.348      -.0162997    .0057485
   _cons |   .8946715   .0600485     14.899   0.000       .7769772    1.012366
------------------------------------------------------------------------------

* Results statistics have the format:
 c1:   [s|p] - size or power
 c2-4: [0HC|1HC|2HC|3HC|OLS] - method of computing covariance matrix.
 c2:   [0|1|2|3] - HC method after screening.
 c3:   [W|G|B|C] - type of screening
 c4:   [1|5] - screen at .05 or .10 level
 c5-6: [05|10] - sig level of test
 c7-8: [b1|b2|b3|b4] - test statistic
(Note: file n4res05.dta not found)

** Description of n40025

Variable |     Obs        Mean   Std. Dev.       Min        Max
---------+-----------------------------------------------------
      s1 |    1000    1.154846   4.164565  -13.78718   20.40875
      s2 |    1000    .8461242   3.646878  -12.71278   12.62488
      s3 |    1000    1.025583   .9544141   -2.37139   4.123811
      s4 |    1000    1.036641   .9163341  -3.276331   4.642292
      s5 |    1000   -.0097365   .3996457   -1.24051   1.371419
    s1m1 |    1000    3.594575   1.053327   1.418049   8.763785
    s2m1 |    1000    3.108591   .9562138   1.198258   8.405814
    s3m1 |    1000    .7875432   .2280579   .2711099   2.181884
    s4m1 |    1000    .6748752   .3230526   .1839061   2.437812
    s5m1 |    1000    .3369488   .0926823     .12082   .7003421
    s1m2 |    1000    4.018857   1.177655   1.585427    9.79821
    s2m2 |    1000     3.47551    1.06908   1.339693   9.397985
    s3m2 |    1000       .8805   .2549765   .3031101    2.43942
    s4m2 |    1000    .7545335   .3611838   .2056133   2.725557
    s5m2 |    1000    .3767202   .1036219   .1350808   .7830063
    s1m3 |    1000    4.156178   1.247741   1.605012   10.35992
    s2m3 |    1000    3.625021   1.142476   1.342666    10.6347
    s3m3 |    1000    .9127343   .2753895   .2976424   2.938599
    s4m3 |    1000    .8214286   .3935922    .218281   3.297681
    s5m3 |    1000    .3879585   .1102536   .1344008   .8597429
    s1m4 |    1000    4.899091   1.542628   1.867506   14.19968
    s2m4 |    1000    4.334326   1.446698   1.542069   14.57319
    s3m4 |    1000     1.07249   .3460345   .3286059    4.07656
    s4m4 |    1000    1.055469   .5327576   .2572469   4.704678
    s5m4 |    1000    .4520478   .1349281   .1500686   1.155903
    s1m5 |    1000    4.225148   .9903393   2.060908   8.762665
    s2m5 |    1000    3.683513   .9027142   1.811247   8.005199
    s3m5 |    1000    .9229037   .2129099     .38849   1.975374
    s4m5 |    1000     .841824   .3231425    .301895   2.896266
    s5m5 |    1000    .3914518   .0844543   .1812385   .7134139
      wh |    1000    13.90068    3.72499   4.040571   23.82592
    whpr |    1000    .4813439   .2397319   .0480891   .9952172
      bp |    1000     3.53482   2.618545   .0874354   18.16113
    bppr |    1000    .5504586    .275859   .0011477   .9990718
      gl |    1000    4.346853   2.545068   .1155671   16.16658
    glpr |    1000    .4428177   .2695318   .0028036   .9983935
      cw |    1000    .9436537   1.319746   3.45e-07   9.289305
    cwpr |    1000    .5128294   .2916686    .002305   .9995315
  seedis |    1000    1.10e+07          0   1.10e+07   1.10e+07
   niter |    1000        1000          0       1000       1000
dsnumber |    1000           1          0          1          1
 dslabel |    1000           1          0          1          1
  factor |    1000           1          0          1          1
      R2 |    1000    .3959256          0   .3959256   .3959256
 sampleN |    1000          25          0         25         25

** Results for:
*  Sample Size:     25
*  Selection Seed:  11020760
*  # of Iterations: 1000
*  Sig Level:       05
*  Means of sample estimates of:
   b0 = 1.154846032342874
   b1 = .8461242314875126
   b2 = 1.025583179778419
   b3 = 1.036640980072552
   b4 = -.0097364720502956

** Description of n40050

Variable |     Obs        Mean   Std. Dev.       Min        Max
---------+-----------------------------------------------------
      s1 |    1000    .7349808   2.919375  -9.809388   8.969695
      s2 |    1000     1.20271   2.545181  -6.253584   9.478361
      s3 |    1000    .9559294   .6347642  -1.298177   3.128152
      s4 |    1000    1.005382   .5268947  -.8340728   2.721088
      s5 |    1000    .0022708   .2659553  -.8472567    1.06453
    s1m1 |    1000    2.599332   .5093059   1.326543   5.103636
    s2m1 |    1000    2.247164   .4515949   1.133795   4.425613
    s3m1 |    1000    .5660902   .1114508   .3098241   1.051263
    s4m1 |    1000    .4672409    .151743   .1553069   1.111576
    s5m1 |    1000    .2451769   .0446895   .1272877   .4304377
    s1m2 |    1000    2.739936   .5368556   1.398299   5.379704
    s2m2 |    1000    2.368718   .4760228   1.195125   4.665006
    s3m2 |    1000    .5967114   .1174795   .3265833   1.108129
    s4m2 |    1000    .4925151   .1599512   .1637079   1.171704
    s5m2 |    1000    .2584392   .0471069    .134173   .4537212
    s1m3 |    1000    2.788529    .557284   1.413095   5.672067
    s2m3 |    1000    2.425359   .4976123   1.210144   4.929347
    s3m3 |    1000    .6078284   .1229006   .3285521   1.221544
    s4m3 |    1000    .5221224   .1760825   .1630412   1.325055
    s5m3 |    1000    .2620384   .0485975   .1351906   .4620233
    s1m4 |    1000    3.008667   .6199818   1.514618   6.381681
    s2m4 |    1000    2.639231   .5661205   1.300474   5.577085
    s3m4 |    1000    .6548459    .137103   .3494337   1.473521
    s4m4 |    1000    .5955615   .2226719   .1713904   2.123004
    s5m4 |    1000    .2809306   .0534069   .1450139   .5056771
    s1m5 |    1000    2.829869   .4171214   1.676564    4.65263
    s2m5 |    1000    2.454289    .378002   1.516539    3.74789
    s3m5 |    1000    .6179341   .0913235   .3933892   .9814878
    s4m5 |    1000    .5268859    .128515   .2603092   1.230681
    s5m5 |    1000    .2633391   .0371302   .1569508   .3998516
      wh |    1000    13.84077   5.112693   3.510051   34.58132
    whpr |    1000     .508338   .2894467   .0016948   .9977638
      bp |    1000    3.848714   2.885068    .062886   19.29546
    bppr |    1000    .5226265   .2932975   .0006875   .9995159
      gl |    1000    4.139623   2.774731   .0901948   19.86406
    glpr |    1000    .4805574   .2885965   .0005312   .9990132
      cw |    1000    .9775826   1.382459   1.11e-07   12.74263
    cwpr |    1000     .503973   .2914208   .0003574   .9997338
  seedis |    1000    1.10e+07          0   1.10e+07   1.10e+07
   niter |    1000        1000          0       1000       1000
dsnumber |    1000           1          0          1          1
 dslabel |    1000           1          0          1          1
  factor |    1000           1          0          1          1
      R2 |    1000    .3959256          0   .3959256   .3959256
 sampleN |    1000          50          0         50         50

** Results for:
*  Sample Size:     50
*  Selection Seed:  11020760
*  # of Iterations: 1000
*  Sig Level:       05
*  Means of sample estimates of:
   b0 = .7349808082939125
   b1 = 1.20270957086375
   b2 = .955929355063352
   b3 = 1.005381991370872
   b4 = .0022708144080825

** Description of n40100

Variable |     Obs        Mean   Std. Dev.       Min        Max
---------+-----------------------------------------------------
      s1 |    1000    .9563754   1.964806  -5.375292   7.799325
      s2 |    1000    1.057569   1.705117  -5.000413   7.520043
      s3 |    1000    .9772406   .4245171  -.5934932   2.317125
      s4 |    1000    1.006455    .345011  -.0177395   2.352277
      s5 |    1000    -.006269   .1846031  -.7621742   .5027451
    s1m1 |    1000    1.871934   .2503483   1.150618   2.872815
    s2m1 |    1000    1.608191   .2289227   1.001454    2.60783
    s3m1 |    1000    .4094705   .0577331   .2684237   .6330675
    s4m1 |    1000    .3311436   .0783457   .1712455   .6504554
    s5m1 |    1000    .1741657   .0220498   .1196375     .25344
    s1m2 |    1000    1.920564   .2568519   1.180509   2.947447
    s2m2 |    1000    1.649969   .2348697    1.02747   2.675577
    s3m2 |    1000    .4201079   .0592329   .2753969   .6495136
    s4m2 |    1000    .3397462    .080381   .1756941   .6673531
    s5m2 |    1000    .1786903   .0226226   .1227455    .260024
    s1m3 |    1000     1.93785   .2616681   1.188699   2.990816
    s2m3 |    1000    1.670812   .2411356   1.033576   2.716106
    s3m3 |    1000    .4240133   .0604387   .2771072   .6537372
    s4m3 |    1000    .3517898   .0867264   .1801319   .8359698
    s5m3 |    1000    .1799132   .0229366   .1235386   .2625654
    s1m4 |    1000    2.009324   .2752824   1.228822   3.115412
    s2m4 |    1000    1.740068   .2571873   1.067275   2.830467
    s3m4 |    1000    .4394355   .0634492   .2862297   .6755757
    s4m4 |    1000    .3762604   .0993214   .1900649   1.145606
    s5m4 |    1000    .1859956   .0239055   .1271431   .2740222
    s1m5 |    1000    1.951759   .2004128   1.380008   2.740221
    s2m5 |    1000    1.683936   .1803792   1.208933   2.381677
    s3m5 |    1000    .4285187   .0454009   .3234026   .6207288
    s4m5 |    1000    .3572541   .0603366   .2297554   .6693003
    s5m5 |    1000    .1820487   .0177333    .134943   .2394909
      wh |    1000    13.15712   5.230968   3.604343   42.01003
    whpr |    1000    .5518827   .2848672   .0001232   .9974136
      bp |    1000    3.567561   2.590023   .0380903   23.88177
    bppr |    1000    .5448171   .2785097   .0000844   .9998209
      gl |    1000    3.799419   2.515806   .0761546   14.85028
    glpr |    1000    .5122534   .2815107    .005022   .9992932
      cw |    1000     .964162   1.365537   .0000269   13.39601
    cwpr |    1000    .5007392   .2827638   .0002522   .9958605
  seedis |    1000    1.10e+07          0   1.10e+07   1.10e+07
   niter |    1000        1000          0       1000       1000
dsnumber |    1000           1          0          1          1
 dslabel |    1000           1          0          1          1
  factor |    1000           1          0          1          1
      R2 |    1000    .3959256          0   .3959256   .3959256
 sampleN |    1000         100          0        100        100

** Results for:
*  Sample Size:     100
*  Selection Seed:  11020760
*  # of Iterations: 1000
*  Sig Level:       05
*  Means of sample estimates of:
   b0 = .9563753631994186
   b1 = 1.057569315831817
   b2 = .9772406121985988
   b3 = 1.006455141339451
   b4 = -.0062690145554952

** Description of n40250

Variable |     Obs        Mean   Std. Dev.       Min        Max
---------+-----------------------------------------------------
      s1 |    1000    .8800607   1.256665  -3.040067   4.927952
      s2 |    1000    1.092104   1.081528  -2.703051   4.750391
      s3 |    1000    .9780363   .2633546   .1844861   1.755925
      s4 |    1000     1.00986   .2254465   .2444615   1.752149
      s5 |    1000   -.0040656   .1132516  -.3915268   .3757389
    s1m1 |    1000    1.193479   .1019861   .9155063    1.60048
    s2m1 |    1000    1.024939   .0910872   .7794746   1.397627
    s3m1 |    1000    .2611997   .0227562   .1908811   .3314588
    s4m1 |    1000    .2095588   .0318964    .130081   .3308602
    s5m1 |    1000    .1110021   .0089704   .0810233    .142333
    s1m2 |    1000    1.205596   .1030215    .924801   1.616729
    s2m2 |    1000    1.035345   .0920119   .7873882   1.411817
    s3m2 |    1000    .2638516   .0229873    .192819    .334824
    s4m2 |    1000    .2116864   .0322202   .1314017   .3342192
    s5m2 |    1000     .112129   .0090614   .0818459   .1437781
    s1m3 |    1000    1.210026   .1040478   .9290359   1.626489
    s2m3 |    1000    1.040904   .0933047   .7929551   1.420853
    s3m3 |    1000    .2648529    .023208   .1934703   .3366566
    s4m3 |    1000    .2152789   .0335388    .132756   .3383243
    s5m3 |    1000    .1124406   .0091231   .0820645   .1442435
    s1m4 |    1000    1.227177   .1063148     .94326   1.653125
    s2m4 |    1000    1.057658   .0958991   .8095108   1.444642
    s3m4 |    1000    .2685984    .023682    .196126   .3421925
    s4m4 |    1000    .2215387    .035732   .1355795   .4071733
    s5m4 |    1000    .1139132   .0092838   .0831287   .1461907
    s1m5 |    1000    1.215038     .07629   .9825453   1.488224
    s2m5 |    1000    1.045671   .0688201   .8327659   1.278338
    s3m5 |    1000    .2662348   .0170214   .2179323   .3214506
    s4m5 |    1000    .2167139   .0229455   .1567743   .3047169
    s5m5 |    1000    .1133188   .0069532   .0888593     .13585
      wh |    1000    13.78793   5.514364   3.460572   45.38033
    whpr |    1000    .5161791   .2933024   .0000354   .9979322
      bp |    1000    3.959559   2.833539   .0489385   18.48934
    bppr |    1000    .5064763   .2916509   .0009899   .9997055
      gl |    1000    4.136886   2.891722   .0967279   22.58131
    glpr |    1000    .4838828   .2900666   .0001535   .9988675
      cw |    1000    1.004432   1.476204   1.68e-06   11.84922
    cwpr |    1000    .5115462   .2943954   .0005769   .9989663
  seedis |    1000    1.10e+07          0   1.10e+07   1.10e+07
   niter |    1000        1000          0       1000       1000
dsnumber |    1000           1          0          1          1
 dslabel |    1000           1          0          1          1
  factor |    1000           1          0          1          1
      R2 |    1000    .3959256          0   .3959256   .3959256
 sampleN |    1000         250          0        250        250

** Results for:
*  Sample Size:     250
*  Selection Seed:  11020760
*  # of Iterations: 1000
*  Sig Level:       05
*  Means of sample estimates of:
   b0 = .8800606717169285
   b1 = 1.092104109097389
   b2 = .9780362782925366
   b3 = 1.009859873667359
   b4 = -.0040655714053864

** Description of n40500

Variable |     Obs        Mean   Std. Dev.       Min        Max
---------+-----------------------------------------------------
      s1 |    1000    .8499483   .8307605  -2.355636   3.372956
      s2 |    1000    1.135975   .7081026   -1.12727   3.987348
      s3 |    1000    .9732453   .1840421   .3213517   1.505402
      s4 |    1000     1.00156   .1571213   .4819634   1.487995
      s5 |    1000   -.0073831    .079902  -.2896809   .2586697
    s1m1 |    1000    .8471334   .0512909   .7009086   1.006026
    s2m1 |    1000    .7275376   .0463909   .5925113   .8790313
    s3m1 |    1000    .1858352   .0120181   .1473029   .2223061
    s4m1 |    1000    .1495062   .0163758   .1031165   .2194109
    s5m1 |    1000    .0790348   .0044049   .0657374     .09402
    s1m2 |    1000    .8514011   .0515493   .7044396   1.011094
    s2m2 |    1000    .7312028   .0466246   .5954963   .8834597
    s3m2 |    1000    .1867714   .0120786    .148045   .2234261
    s4m2 |    1000    .1502593   .0164583    .103636   .2205162
    s5m2 |    1000     .079433   .0044271   .0660686   .0944936
    s1m3 |    1000    .8530804   .0518245   .7053443   1.014605
    s2m3 |    1000    .7333413   .0470217   .5968542   .8921609
    s3m3 |    1000    .1871338   .0121233   .1481886   .2239227
    s4m3 |    1000    .1516743   .0168739   .1041655   .2220595
    s5m3 |    1000    .0795439   .0044403   .0661804   .0947799
    s1m4 |    1000     .859143   .0523914   .7098565   1.023553
    s2m4 |    1000    .7392981   .0477115   .6013003   .9060201
    s3m4 |    1000    .1884493   .0122307   .1490823    .225559
    s4m4 |    1000    .1539493   .0174422   .1052398    .224757
    s5m4 |    1000    .0800591   .0044763   .0666292   .0955526
    s1m5 |    1000    .8538139   .0364909   .7411868    .974941
    s2m5 |    1000    .7340244   .0328248   .6335952   .8435775
    s3m5 |    1000    .1875273   .0085846    .161344   .2226212
    s4m5 |    1000     .151675   .0111894   .1212567   .1846837
    s5m5 |    1000    .0801425   .0033006    .067225   .0911501
      wh |    1000    13.67831   5.349067   2.781856   36.89888
    whpr |    1000    .5181399   .2901767   .0007642   .9994007
      bp |    1000    3.922464   2.902869   .0941948    22.0365
    bppr |    1000    .5139963   .2893923   .0001971   .9989251
      gl |    1000    3.946862   2.772622   .0785313   19.26277
    glpr |    1000    .5046596    .284017   .0006978    .999249
      cw |    1000    .9452757   1.366123   .0000115   15.34467
    cwpr |    1000    .5092394   .2892188   .0000896   .9972958
  seedis |    1000    1.10e+07          0   1.10e+07   1.10e+07
   niter |    1000        1000          0       1000       1000
dsnumber |    1000           1          0          1          1
 dslabel |    1000           1          0          1          1
  factor |    1000           1          0          1          1
      R2 |    1000    .3959256          0   .3959256   .3959256
 sampleN |    1000         500          0        500        500

** Results for:
*  Sample Size:     500
*  Selection Seed:  11020760
*  # of Iterations: 1000
*  Sig Level:       05
*  Means of sample estimates of:
   b0 = .8499482806593842
   b1 = 1.135974725942127
   b2 = .9732453409135342
   b3 = 1.001559527546167
   b4 = -.0073830608430726

** Description of n41000

Variable |     Obs        Mean   Std. Dev.       Min        Max
---------+-----------------------------------------------------
      s1 |    1000    .8905412   .5919872  -.7257535   3.784806
      s2 |    1000    1.102146   .5088372  -1.379617    2.60882
      s3 |    1000    .9790823   .1276957   .5914704   1.402385
      s4 |    1000    1.008949   .1076953   .6272802   1.379792
      s5 |    1000   -.0096104   .0581338   -.183243     .17287
    s1m1 |    1000    .6019356   .0246222   .5363017   .6755735
    s2m1 |    1000    .5167741   .0226063   .4535496   .5816951
    s3m1 |    1000    .1317506   .0057406   .1162652   .1491313
    s4m1 |    1000     .105702    .008449   .0820022   .1428467
    s5m1 |    1000    .0559704   .0021927    .048943   .0664044
    s1m2 |    1000    .6034461    .024684   .5376475   .6772687
    s2m2 |    1000    .5180709    .022663   .4546877   .5831548
    s3m2 |    1000    .1320813    .005755    .116557   .1495055
    s4m2 |    1000    .1059672   .0084702    .082208   .1432052
    s5m2 |    1000    .0561108   .0021982   .0490658    .066571
    s1m3 |    1000    .6040621   .0247512   .5380573   .6779415
    s2m3 |    1000    .5188662   .0227672   .4550681   .5838056
    s3m3 |    1000    .1322119   .0057675   .1166881   .1496709
    s4m3 |    1000    .1064963   .0085797   .0828462   .1445619
    s5m3 |    1000    .0561511   .0022019   .0491157   .0666423
    s1m4 |    1000    .6062104   .0248841   .5398253    .680326
    s2m4 |    1000    .5209887   .0229359   .4565995   .5862328
    s3m4 |    1000    .1326761   .0057948   .1171134   .1502136
    s4m4 |    1000     .107313   .0087213   .0837422   .1463285
    s5m4 |    1000    .0563329   .0022112   .0492899   .0668815
    s1m5 |    1000    .6036631   .0179129   .5350667   .6687542
    s2m5 |    1000    .5182413   .0161003   .4562932   .5753444
    s3m5 |    1000    .1320698    .003906   .1171831   .1459677
    s4m5 |    1000    .1064062   .0055655   .0913487   .1294971
    s5m5 |    1000    .0564505   .0016328   .0506152   .0627091
      wh |    1000    13.62511   5.484713   2.540949   41.57446
    whpr |    1000    .5248503    .291245   .0001444   .9996476
      bp |    1000    3.872505   2.716462   .1461357   17.01969
    bppr |    1000    .5111766    .287576    .001916   .9974571
      gl |    1000    3.903856   2.623487   .0806469   15.02712
    glpr |    1000    .5042843   .2884546   .0046453   .9992085
      cw |    1000    .9607582   1.404727   3.08e-07   15.76937
    cwpr |    1000    .5062191   .2871582   .0000716   .9995571
  seedis |    1000    1.10e+07          0   1.10e+07   1.10e+07
   niter |    1000        1000          0       1000       1000
dsnumber |    1000           1          0          1          1
 dslabel |    1000           1          0          1          1
  factor |    1000           1          0          1          1
      R2 |    1000    .3959256          0   .3959256   .3959256
 sampleN |    1000        1000          0       1000       1000

** Results for:
*  Sample Size:     1000
*  Selection Seed:  11020760
*  # of Iterations: 1000
*  Sig Level:       05
*  Means of sample estimates of:
   b0 = .8905412192633375
   b1 = 1.102146066304675
   b2 = .9790822747945786
   b3 = 1.00894854414463
   b4 = -.0096104190538481
(Note: file n4res10.dta not found)

** Description of n40025

Variable |     Obs        Mean   Std. Dev.       Min        Max
---------+-----------------------------------------------------
      s1 |    1000    1.154846   4.164565  -13.78718   20.40875
      s2 |    1000    .8461242   3.646878  -12.71278   12.62488
      s3 |    1000    1.025583   .9544141   -2.37139   4.123811
      s4 |    1000    1.036641   .9163341  -3.276331   4.642292
      s5 |    1000   -.0097365   .3996457   -1.24051   1.371419
    s1m1 |    1000    3.594575   1.053327   1.418049   8.763785
    s2m1 |    1000    3.108591   .9562138   1.198258   8.405814
    s3m1 |    1000    .7875432   .2280579   .2711099   2.181884
    s4m1 |    1000    .6748752   .3230526   .1839061   2.437812
    s5m1 |    1000    .3369488   .0926823     .12082   .7003421
    s1m2 |    1000    4.018857   1.177655   1.585427    9.79821
    s2m2 |    1000     3.47551    1.06908   1.339693   9.397985
    s3m2 |    1000       .8805   .2549765   .3031101    2.43942
    s4m2 |    1000    .7545335   .3611838   .2056133   2.725557
    s5m2 |    1000    .3767202   .1036219   .1350808   .7830063
    s1m3 |    1000    4.156178   1.247741   1.605012   10.35992
    s2m3 |    1000    3.625021   1.142476   1.342666    10.6347
    s3m3 |    1000    .9127343   .2753895   .2976424   2.938599
    s4m3 |    1000    .8214286   .3935922    .218281   3.297681
    s5m3 |    1000    .3879585   .1102536   .1344008   .8597429
    s1m4 |    1000    4.899091   1.542628   1.867506   14.19968
    s2m4 |    1000    4.334326   1.446698   1.542069   14.57319
    s3m4 |    1000     1.07249   .3460345   .3286059    4.07656
    s4m4 |    1000    1.055469   .5327576   .2572469   4.704678
    s5m4 |    1000    .4520478   .1349281   .1500686   1.155903
    s1m5 |    1000    4.225148   .9903393   2.060908   8.762665
    s2m5 |    1000    3.683513   .9027142   1.811247   8.005199
    s3m5 |    1000    .9229037   .2129099     .38849   1.975374
    s4m5 |    1000     .841824   .3231425    .301895   2.896266
    s5m5 |    1000    .3914518   .0844543   .1812385   .7134139
      wh |    1000    13.90068    3.72499   4.040571   23.82592
    whpr |    1000    .4813439   .2397319   .0480891   .9952172
      bp |    1000     3.53482   2.618545   .0874354   18.16113
    bppr |    1000    .5504586    .275859   .0011477   .9990718
      gl |    1000    4.346853   2.545068   .1155671   16.16658
    glpr |    1000    .4428177   .2695318   .0028036   .9983935
      cw |    1000    .9436537   1.319746   3.45e-07   9.289305
    cwpr |    1000    .5128294   .2916686    .002305   .9995315
  seedis |    1000    1.10e+07          0   1.10e+07   1.10e+07
   niter |    1000        1000          0       1000       1000
dsnumber |    1000           1          0          1          1
 dslabel |    1000           1          0          1          1
  factor |    1000           1          0          1          1
      R2 |    1000    .3959256          0   .3959256   .3959256
 sampleN |    1000          25          0         25         25

** Results for:
*  Sample Size:     25
*  Selection Seed:  11020760
*  # of Iterations: 1000
*  Sig Level:       10
*  Means of sample estimates of:
   b0 = 1.154846032342874
   b1 = .8461242314875126
   b2 = 1.025583179778419
   b3 = 1.036640980072552
   b4 = -.0097364720502956

** Description of n40050

Variable |     Obs        Mean   Std. Dev.       Min        Max
---------+-----------------------------------------------------
      s1 |    1000    .7349808   2.919375  -9.809388   8.969695
      s2 |    1000     1.20271   2.545181  -6.253584   9.478361
      s3 |    1000    .9559294   .6347642  -1.298177   3.128152
      s4 |    1000    1.005382   .5268947  -.8340728   2.721088
      s5 |    1000    .0022708   .2659553  -.8472567    1.06453
    s1m1 |    1000    2.599332   .5093059   1.326543   5.103636
    s2m1 |    1000    2.247164   .4515949   1.133795   4.425613
    s3m1 |    1000    .5660902   .1114508   .3098241   1.051263
    s4m1 |    1000    .4672409    .151743   .1553069   1.111576
    s5m1 |    1000    .2451769   .0446895   .1272877   .4304377
    s1m2 |    1000    2.739936   .5368556   1.398299   5.379704
    s2m2 |    1000    2.368718   .4760228   1.195125   4.665006
    s3m2 |    1000    .5967114   .1174795   .3265833   1.108129
    s4m2 |    1000    .4925151   .1599512   .1637079   1.171704
    s5m2 |    1000    .2584392   .0471069    .134173   .4537212
    s1m3 |    1000    2.788529    .557284   1.413095   5.672067
    s2m3 |    1000    2.425359   .4976123   1.210144   4.929347
    s3m3 |    1000    .6078284   .1229006   .3285521   1.221544
    s4m3 |    1000    .5221224   .1760825   .1630412   1.325055
    s5m3 |    1000    .2620384   .0485975   .1351906   .4620233
    s1m4 |    1000    3.008667   .6199818   1.514618   6.381681
    s2m4 |    1000    2.639231   .5661205   1.300474   5.577085
    s3m4 |    1000    .6548459    .137103   .3494337   1.473521
    s4m4 |    1000    .5955615   .2226719   .1713904   2.123004
    s5m4 |    1000    .2809306   .0534069   .1450139   .5056771
    s1m5 |    1000    2.829869   .4171214   1.676564    4.65263
    s2m5 |    1000    2.454289    .378002   1.516539    3.74789
    s3m5 |    1000    .6179341   .0913235   .3933892   .9814878
    s4m5 |    1000    .5268859    .128515   .2603092   1.230681
    s5m5 |    1000    .2633391   .0371302   .1569508   .3998516
      wh |    1000    13.84077   5.112693   3.510051   34.58132
    whpr |    1000     .508338   .2894467   .0016948   .9977638
      bp |    1000    3.848714   2.885068    .062886   19.29546
    bppr |    1000    .5226265   .2932975   .0006875   .9995159
      gl |    1000    4.139623   2.774731   .0901948   19.86406
    glpr |    1000    .4805574   .2885965   .0005312   .9990132
      cw |    1000    .9775826   1.382459   1.11e-07   12.74263
    cwpr |    1000     .503973   .2914208   .0003574   .9997338
  seedis |    1000    1.10e+07          0   1.10e+07   1.10e+07
   niter |    1000        1000          0       1000       1000
dsnumber |    1000           1          0          1          1
 dslabel |    1000           1          0          1          1
  factor |    1000           1          0          1          1
      R2 |    1000    .3959256          0   .3959256   .3959256
 sampleN |    1000          50          0         50         50

** Results for:
*  Sample Size:     50
*  Selection Seed:  11020760
*  # of Iterations: 1000
*  Sig Level:       10
*  Means of sample estimates of:
   b0 = .7349808082939125
   b1 = 1.20270957086375
   b2 = .955929355063352
   b3 = 1.005381991370872
   b4 = .0022708144080825

** Description of n40100

Variable |     Obs        Mean   Std. Dev.       Min        Max
---------+-----------------------------------------------------
      s1 |    1000    .9563754   1.964806  -5.375292   7.799325
      s2 |    1000    1.057569   1.705117  -5.000413   7.520043
      s3 |    1000    .9772406   .4245171  -.5934932   2.317125
      s4 |    1000    1.006455    .345011  -.0177395   2.352277
      s5 |    1000    -.006269   .1846031  -.7621742   .5027451
    s1m1 |    1000    1.871934   .2503483   1.150618   2.872815
    s2m1 |    1000    1.608191   .2289227   1.001454    2.60783
    s3m1 |    1000    .4094705   .0577331   .2684237   .6330675
    s4m1 |    1000    .3311436   .0783457   .1712455   .6504554
    s5m1 |    1000    .1741657   .0220498   .1196375     .25344
    s1m2 |    1000    1.920564   .2568519   1.180509   2.947447
    s2m2 |    1000    1.649969   .2348697    1.02747   2.675577
    s3m2 |    1000    .4201079   .0592329   .2753969   .6495136
    s4m2 |    1000    .3397462    .080381   .1756941   .6673531
    s5m2 |    1000    .1786903   .0226226   .1227455    .260024
    s1m3 |    1000     1.93785   .2616681   1.188699   2.990816
    s2m3 |    1000    1.670812   .2411356   1.033576   2.716106
    s3m3 |    1000    .4240133   .0604387   .2771072   .6537372
    s4m3 |    1000    .3517898   .0867264   .1801319   .8359698
    s5m3 |    1000    .1799132   .0229366   .1235386   .2625654
    s1m4 |    1000    2.009324   .2752824   1.228822   3.115412
    s2m4 |    1000    1.740068   .2571873   1.067275   2.830467
    s3m4 |    1000    .4394355   .0634492   .2862297   .6755757
    s4m4 |    1000    .3762604   .0993214   .1900649   1.145606
    s5m4 |    1000    .1859956   .0239055   .1271431   .2740222
    s1m5 |    1000    1.951759   .2004128   1.380008   2.740221
    s2m5 |    1000    1.683936   .1803792   1.208933   2.381677
    s3m5 |    1000    .4285187   .0454009   .3234026   .6207288
    s4m5 |    1000    .3572541   .0603366   .2297554   .6693003
    s5m5 |    1000    .1820487   .0177333    .134943   .2394909
      wh |    1000    13.15712   5.230968   3.604343   42.01003
    whpr |    1000    .5518827   .2848672   .0001232   .9974136
      bp |    1000    3.567561   2.590023   .0380903   23.88177
    bppr |    1000    .5448171   .2785097   .0000844   .9998209
      gl |    1000    3.799419   2.515806   .0761546   14.85028
    glpr |    1000    .5122534   .2815107    .005022   .9992932
      cw |    1000     .964162   1.365537   .0000269   13.39601
    cwpr |    1000    .5007392   .2827638   .0002522   .9958605
  seedis |    1000    1.10e+07          0   1.10e+07   1.10e+07
   niter |    1000        1000          0       1000       1000
dsnumber |    1000           1          0          1          1
 dslabel |    1000           1          0          1          1
  factor |    1000           1          0          1          1
      R2 |    1000    .3959256          0   .3959256   .3959256
 sampleN |    1000         100          0        100        100

** Results for:
*  Sample Size:     100
*  Selection Seed:  11020760
*  # of Iterations: 1000
*  Sig Level:       10
*  Means of sample estimates of:
   b0 = .9563753631994186
   b1 = 1.057569315831817
   b2 = .9772406121985988
   b3 = 1.006455141339451
   b4 = -.0062690145554952

** Description of n40250

Variable |     Obs        Mean   Std. Dev.       Min        Max
---------+-----------------------------------------------------
      s1 |    1000    .8800607   1.256665  -3.040067   4.927952
      s2 |    1000    1.092104   1.081528  -2.703051   4.750391
      s3 |    1000    .9780363   .2633546   .1844861   1.755925
      s4 |    1000     1.00986   .2254465   .2444615   1.752149
      s5 |    1000   -.0040656   .1132516  -.3915268   .3757389
    s1m1 |    1000    1.193479   .1019861   .9155063    1.60048
    s2m1 |    1000    1.024939   .0910872   .7794746   1.397627
    s3m1 |    1000    .2611997   .0227562   .1908811   .3314588
    s4m1 |    1000    .2095588   .0318964    .130081   .3308602
    s5m1 |    1000    .1110021   .0089704   .0810233    .142333
    s1m2 |    1000    1.205596   .1030215    .924801   1.616729
    s2m2 |    1000    1.035345   .0920119   .7873882   1.411817
    s3m2 |    1000    .2638516   .0229873    .192819    .334824
    s4m2 |    1000    .2116864   .0322202   .1314017   .3342192
    s5m2 |    1000     .112129   .0090614   .0818459   .1437781
    s1m3 |    1000    1.210026   .1040478   .9290359   1.626489
    s2m3 |    1000    1.040904   .0933047   .7929551   1.420853
    s3m3 |    1000    .2648529    .023208   .1934703   .3366566
    s4m3 |    1000    .2152789   .0335388    .132756   .3383243
    s5m3 |    1000    .1124406   .0091231   .0820645   .1442435
    s1m4 |    1000    1.227177   .1063148     .94326   1.653125
    s2m4 |    1000    1.057658   .0958991   .8095108   1.444642
    s3m4 |    1000    .2685984    .023682    .196126   .3421925
    s4m4 |    1000    .2215387    .035732   .1355795   .4071733
    s5m4 |    1000    .1139132   .0092838   .0831287   .1461907
    s1m5 |    1000    1.215038     .07629   .9825453   1.488224
    s2m5 |    1000    1.045671   .0688201   .8327659   1.278338
    s3m5 |    1000    .2662348   .0170214   .2179323   .3214506
    s4m5 |    1000    .2167139   .0229455   .1567743   .3047169
    s5m5 |    1000    .1133188   .0069532   .0888593     .13585
      wh |    1000    13.78793   5.514364   3.460572   45.38033
    whpr |    1000    .5161791   .2933024   .0000354   .9979322
      bp |    1000    3.959559   2.833539   .0489385   18.48934
    bppr |    1000    .5064763   .2916509   .0009899   .9997055
      gl |    1000    4.136886   2.891722   .0967279   22.58131
    glpr |    1000    .4838828   .2900666   .0001535   .9988675
      cw |    1000    1.004432   1.476204   1.68e-06   11.84922
    cwpr |    1000    .5115462   .2943954   .0005769   .9989663
  seedis |    1000    1.10e+07          0   1.10e+07   1.10e+07
   niter |    1000        1000          0       1000       1000
dsnumber |    1000           1          0          1          1
 dslabel |    1000           1          0          1          1
  factor |    1000           1          0          1          1
      R2 |    1000    .3959256          0   .3959256   .3959256
 sampleN |    1000         250          0        250        250

** Results for:
*  Sample Size:     250
*  Selection Seed:  11020760
*  # of Iterations: 1000
*  Sig Level:       10
*  Means of sample estimates of:
   b0 = .8800606717169285
   b1 = 1.092104109097389
   b2 = .9780362782925366
   b3 = 1.009859873667359
   b4 = -.0040655714053864

** Description of n40500

Variable |     Obs        Mean   Std. Dev.       Min        Max
---------+-----------------------------------------------------
      s1 |    1000    .8499483   .8307605  -2.355636   3.372956
      s2 |    1000    1.135975   .7081026   -1.12727   3.987348
      s3 |    1000    .9732453   .1840421   .3213517   1.505402
      s4 |    1000     1.00156   .1571213   .4819634   1.487995
      s5 |    1000   -.0073831    .079902  -.2896809   .2586697
    s1m1 |    1000    .8471334   .0512909   .7009086   1.006026
    s2m1 |    1000    .7275376   .0463909   .5925113   .8790313
    s3m1 |    1000    .1858352   .0120181   .1473029   .2223061
    s4m1 |    1000    .1495062   .0163758   .1031165   .2194109
    s5m1 |    1000    .0790348   .0044049   .0657374     .09402
    s1m2 |    1000    .8514011   .0515493   .7044396   1.011094
    s2m2 |    1000    .7312028   .0466246   .5954963   .8834597
    s3m2 |    1000    .1867714   .0120786    .148045   .2234261
    s4m2 |    1000    .1502593   .0164583    .103636   .2205162
    s5m2 |    1000     .079433   .0044271   .0660686   .0944936
    s1m3 |    1000    .8530804   .0518245   .7053443   1.014605
    s2m3 |    1000    .7333413   .0470217   .5968542   .8921609
    s3m3 |    1000    .1871338   .0121233   .1481886   .2239227
    s4m3 |    1000    .1516743   .0168739   .1041655   .2220595
    s5m3 |    1000    .0795439   .0044403   .0661804   .0947799
    s1m4 |    1000     .859143   .0523914   .7098565   1.023553
    s2m4 |    1000    .7392981   .0477115   .6013003   .9060201
    s3m4 |    1000    .1884493   .0122307   .1490823    .225559
    s4m4 |    1000    .1539493   .0174422   .1052398    .224757
    s5m4 |    1000    .0800591   .0044763   .0666292   .0955526
    s1m5 |    1000    .8538139   .0364909   .7411868    .974941
    s2m5 |    1000    .7340244   .0328248   .6335952   .8435775
    s3m5 |    1000    .1875273   .0085846    .161344   .2226212
    s4m5 |    1000     .151675   .0111894   .1212567   .1846837
    s5m5 |    1000    .0801425   .0033006    .067225   .0911501
      wh |    1000    13.67831   5.349067   2.781856   36.89888
    whpr |    1000    .5181399   .2901767   .0007642   .9994007
      bp |    1000    3.922464   2.902869   .0941948    22.0365
    bppr |    1000    .5139963   .2893923   .0001971   .9989251
      gl |    1000    3.946862   2.772622   .0785313   19.26277
    glpr |    1000    .5046596    .284017   .0006978    .999249
      cw |    1000    .9452757   1.366123   .0000115   15.34467
    cwpr |    1000    .5092394   .2892188   .0000896   .9972958
  seedis |    1000    1.10e+07          0   1.10e+07   1.10e+07
   niter |    1000        1000          0       1000       1000
dsnumber |    1000           1          0          1          1
 dslabel |    1000           1          0          1          1
  factor |    1000           1          0          1          1
      R2 |    1000    .3959256          0   .3959256   .3959256
 sampleN |    1000         500          0        500        500

** Results for:
*  Sample Size:     500
*  Selection Seed:  11020760
*  # of Iterations: 1000
*  Sig Level:       10
*  Means of sample estimates of:
   b0 = .8499482806593842
   b1 = 1.135974725942127
   b2 = .9732453409135342
   b3 = 1.001559527546167
   b4 = -.0073830608430726

** Description of n41000

Variable |     Obs        Mean   Std. Dev.       Min        Max
---------+-----------------------------------------------------
      s1 |    1000    .8905412   .5919872  -.7257535   3.784806
      s2 |    1000    1.102146   .5088372  -1.379617    2.60882
      s3 |    1000    .9790823   .1276957   .5914704   1.402385
      s4 |    1000    1.008949   .1076953   .6272802   1.379792
      s5 |    1000   -.0096104   .0581338   -.183243     .17287
    s1m1 |    1000    .6019356   .0246222   .5363017   .6755735
    s2m1 |    1000    .5167741   .0226063   .4535496   .5816951
    s3m1 |    1000    .1317506   .0057406   .1162652   .1491313
    s4m1 |    1000     .105702    .008449   .0820022   .1428467
    s5m1 |    1000    .0559704   .0021927    .048943   .0664044
    s1m2 |    1000    .6034461    .024684   .5376475   .6772687
    s2m2 |    1000    .5180709    .022663   .4546877   .5831548
    s3m2 |    1000    .1320813    .005755    .116557   .1495055
    s4m2 |    1000    .1059672   .0084702    .082208   .1432052
    s5m2 |    1000    .0561108   .0021982   .0490658    .066571
    s1m3 |    1000    .6040621   .0247512   .5380573   .6779415
    s2m3 |    1000    .5188662   .0227672   .4550681   .5838056
    s3m3 |    1000    .1322119   .0057675   .1166881   .1496709
    s4m3 |    1000    .1064963   .0085797   .0828462   .1445619
    s5m3 |    1000    .0561511   .0022019   .0491157   .0666423
    s1m4 |    1000    .6062104   .0248841   .5398253    .680326
    s2m4 |    1000    .5209887   .0229359   .4565995   .5862328
    s3m4 |    1000    .1326761   .0057948   .1171134   .1502136
    s4m4 |    1000     .107313   .0087213   .0837422   .1463285
    s5m4 |    1000    .0563329   .0022112   .0492899   .0668815
    s1m5 |    1000    .6036631   .0179129   .5350667   .6687542
    s2m5 |    1000    .5182413   .0161003   .4562932   .5753444
    s3m5 |    1000    .1320698    .003906   .1171831   .1459677
    s4m5 |    1000    .1064062   .0055655   .0913487   .1294971
    s5m5 |    1000    .0564505   .0016328   .0506152   .0627091
      wh |    1000    13.62511   5.484713   2.540949   41.57446
    whpr |    1000    .5248503    .291245   .0001444   .9996476
      bp |    1000    3.872505   2.716462   .1461357   17.01969
    bppr |    1000    .5111766    .287576    .001916   .9974571
      gl |    1000    3.903856   2.623487   .0806469   15.02712
    glpr |    1000    .5042843   .2884546   .0046453   .9992085
      cw |    1000    .9607582   1.404727   3.08e-07   15.76937
    cwpr |    1000    .5062191   .2871582   .0000716   .9995571
  seedis |    1000    1.10e+07          0   1.10e+07   1.10e+07
   niter |    1000        1000          0       1000       1000
dsnumber |    1000           1          0          1          1
 dslabel |    1000           1          0          1          1
  factor |    1000           1          0          1          1
      R2 |    1000    .3959256          0   .3959256   .3959256
 sampleN |    1000        1000          0       1000       1000

** Results for:
*  Sample Size:     1000
*  Selection Seed:  11020760
*  # of Iterations: 1000
*  Sig Level:       10
*  Means of sample estimates of:
   b0 = .8905412192633375
   b1 = 1.102146066304675
   b2 = .9790822747945786
   b3 = 1.00894854414463
   b4 = -.0096104190538481
(Note: file n4res.dta not found)
file n4res.dta saved

. log close
