
. ts
** 30 Mar 1998 - 19:29:09

.     hcsum n4 B
** HCSUM for n4res: B.
 * Table of mean absolute deviation from nominal size.
 * Negative marks smallest value.

            All  Through       b1       b2       b3       b4
sOLS05    0.004   50.000    0.003    0.006    0.005   -0.001
s0HC05    0.044   50.000    0.035    0.045    0.059    0.036
s1HC05    0.023   50.000    0.014    0.026    0.038    0.015
s2HC05    0.016   50.000    0.010    0.021    0.024    0.010
s3HC05    0.009   50.000    0.011    0.009    0.006    0.009
s3B005    0.003   50.000   -0.003    0.005    0.004    0.002
s3B105    0.003   50.000    0.003    0.004    0.004    0.002
s3B205    0.003   50.000    0.004    0.003    0.003    0.004
s3B305   -0.003   50.000    0.005    0.001   -0.002    0.004
s3B305    0.003   50.000    0.004    0.000    0.002    0.007
s3B305    0.004   50.000    0.007    0.003    0.002    0.006

            All  Through       b1       b2       b3       b4
sOLS05    0.008  100.000    0.004    0.006    0.008   -0.001
s0HC05    0.078  100.000    0.031    0.036    0.044    0.026
s1HC05    0.042  100.000    0.014    0.021    0.029    0.010
s2HC05    0.029  100.000    0.010    0.016    0.017    0.007
s3HC05    0.016  100.000    0.009    0.006    0.007    0.008
s3B005    0.007  100.000   -0.004    0.005    0.007    0.002
s3B105    0.007  100.000    0.004    0.004    0.006    0.001
s3B205    0.008  100.000    0.005    0.004    0.005    0.003
s3B305   -0.001  100.000    0.005    0.002   -0.004    0.003
s3B305    0.007  100.000    0.005   -0.002    0.005    0.005
s3B305    0.009  100.000    0.006    0.003    0.006    0.005

            All  Through       b1       b2       b3       b4
sOLS05    0.013  250.000    0.004    0.006    0.007   -0.001
s0HC05    0.107  250.000    0.027    0.028    0.038    0.021
s1HC05    0.058  250.000    0.014    0.016    0.026    0.009
s2HC05    0.040  250.000    0.011    0.012    0.016    0.006
s3HC05    0.022  250.000    0.009    0.005    0.007    0.006
s3B005    0.012  250.000    0.004    0.005    0.007    0.002
s3B105    0.011  250.000   -0.004    0.005    0.006    0.002
s3B205    0.012  250.000    0.005    0.005    0.007    0.002
s3B305   -0.004  250.000    0.005    0.003   -0.006    0.003
s3B305    0.012  250.000    0.005   -0.003    0.006    0.004
s3B305    0.014  250.000    0.006    0.004    0.007    0.004

             All   Through        b1        b2        b3        b4
sOLS05     0.019  1000.000     0.006     0.008     0.007    -0.002
s0HC05     0.129  1000.000     0.021     0.023     0.030     0.017
s1HC05     0.072  1000.000     0.012     0.015     0.021     0.008
s2HC05     0.051  1000.000     0.010     0.012     0.014     0.006
s3HC05     0.030  1000.000     0.009     0.007     0.008     0.006
s3B005     0.018  1000.000     0.006     0.007     0.007     0.003
s3B105     0.017  1000.000    -0.006     0.007     0.007     0.003
s3B205     0.018  1000.000     0.007     0.007     0.007     0.003
s3B305    -0.002  1000.000     0.007     0.006    -0.006     0.003
s3B305     0.018  1000.000     0.007    -0.006     0.006     0.004
s3B305     0.020  1000.000     0.007     0.007     0.007     0.004

.     hcsum n4 C
** HCSUM for n4res: C.
 * Table of mean absolute deviation from nominal size.
 * Negative marks smallest value.

            All  Through       b1       b2       b3       b4
sOLS05    0.004   50.000    0.003    0.006    0.005   -0.001
s0HC05    0.044   50.000    0.035    0.045    0.059    0.036
s1HC05    0.023   50.000    0.014    0.026    0.038    0.015
s2HC05    0.016   50.000    0.010    0.021    0.024    0.010
s3HC05    0.009   50.000    0.011    0.009    0.006    0.009
s3C005    0.003   50.000   -0.002    0.005    0.004    0.002
s3C105    0.003   50.000    0.002    0.004    0.003    0.002
s3C205   -0.002   50.000    0.004    0.003   -0.002    0.002
s3C305    0.003   50.000    0.003    0.002    0.002    0.004
s3C305    0.004   50.000    0.005   -0.002    0.003    0.006
s3C305    0.004   50.000    0.006    0.002    0.002    0.006

            All  Through       b1       b2       b3       b4
sOLS05    0.008  100.000    0.004    0.006    0.008   -0.001
s0HC05    0.078  100.000    0.031    0.036    0.044    0.026
s1HC05    0.042  100.000    0.014    0.021    0.029    0.010
s2HC05    0.029  100.000    0.010    0.016    0.017    0.007
s3HC05    0.016  100.000    0.009    0.006    0.007    0.008
s3C005    0.007  100.000   -0.004    0.005    0.007    0.001
s3C105    0.007  100.000    0.004    0.004    0.006    0.001
s3C205   -0.001  100.000    0.005    0.003    0.005    0.001
s3C305    0.006  100.000    0.004    0.003   -0.004    0.003
s3C305    0.009  100.000    0.006   -0.003    0.006    0.005
s3C305    0.009  100.000    0.006    0.003    0.005    0.005

            All  Through       b1       b2       b3       b4
sOLS05    0.013  250.000    0.004    0.006    0.007   -0.001
s0HC05    0.107  250.000    0.027    0.028    0.038    0.021
s1HC05    0.058  250.000    0.014    0.016    0.026    0.009
s2HC05    0.040  250.000    0.011    0.012    0.016    0.006
s3HC05    0.022  250.000    0.009    0.005    0.007    0.006
s3C005    0.011  250.000    0.004    0.005    0.007    0.001
s3C105    0.011  250.000   -0.004    0.005    0.006    0.002
s3C205   -0.002  250.000    0.004    0.004    0.005    0.002
s3C305    0.010  250.000    0.005    0.004   -0.004    0.003
s3C305    0.013  250.000    0.006   -0.003    0.005    0.004
s3C305    0.014  250.000    0.006    0.004    0.004    0.004

             All   Through        b1        b2        b3        b4
sOLS05     0.019  1000.000     0.006     0.008     0.007    -0.002
s0HC05     0.129  1000.000     0.021     0.023     0.030     0.017
s1HC05     0.072  1000.000     0.012     0.015     0.021     0.008
s2HC05     0.051  1000.000     0.010     0.012     0.014     0.006
s3HC05     0.030  1000.000     0.009     0.007     0.008     0.006
s3C005     0.017  1000.000    -0.006     0.007     0.007     0.003
s3C105     0.016  1000.000     0.006     0.007     0.006     0.003
s3C205    -0.003  1000.000     0.006     0.007     0.005     0.003
s3C305     0.015  1000.000     0.007    -0.006     0.005     0.003
s3C305     0.019  1000.000     0.007     0.006     0.005     0.005
s3C305     0.019  1000.000     0.007     0.007    -0.004     0.005

.     hcsum n4 G
** HCSUM for n4res: G.
 * Table of mean absolute deviation from nominal size.
 * Negative marks smallest value.

            All  Through       b1       b2       b3       b4
sOLS05    0.004   50.000   -0.003    0.006    0.005   -0.001
s0HC05    0.044   50.000    0.035    0.045    0.059    0.036
s1HC05    0.023   50.000    0.014    0.026    0.038    0.015
s2HC05    0.016   50.000    0.010    0.021    0.024    0.010
s3HC05    0.009   50.000    0.011    0.009    0.006    0.009
s3G005   -0.004   50.000    0.003    0.005    0.004    0.002
s3G105    0.004   50.000    0.003    0.003    0.004    0.004
s3G205    0.004   50.000    0.005   -0.002    0.002    0.006
s3G305    0.004   50.000    0.004    0.004    0.000    0.006
s3G305    0.004   50.000    0.005    0.003    0.002    0.007
s3G305    0.005   50.000    0.008    0.007    0.000    0.007

            All  Through       b1       b2       b3       b4
sOLS05    0.008  100.000    0.004    0.006    0.008   -0.001
s0HC05    0.078  100.000    0.031    0.036    0.044    0.026
s1HC05    0.042  100.000    0.014    0.021    0.029    0.010
s2HC05    0.029  100.000    0.010    0.016    0.017    0.007
s3HC05    0.016  100.000    0.009    0.006    0.007    0.008
s3G005   -0.001  100.000    0.004    0.005    0.007    0.002
s3G105    0.008  100.000    0.004    0.004    0.007    0.003
s3G205    0.008  100.000    0.005   -0.003    0.005    0.004
s3G305    0.008  100.000   -0.004    0.004   -0.004    0.005
s3G305    0.009  100.000    0.006    0.003    0.004    0.006
s3G305    0.011  100.000    0.007    0.005    0.004    0.005

            All  Through       b1       b2       b3       b4
sOLS05    0.013  250.000   -0.004    0.006    0.007   -0.001
s0HC05    0.107  250.000    0.027    0.028    0.038    0.021
s1HC05    0.058  250.000    0.014    0.016    0.026    0.009
s2HC05    0.040  250.000    0.011    0.012    0.016    0.006
s3HC05    0.022  250.000    0.009    0.005    0.007    0.006
s3G005   -0.004  250.000    0.004    0.005    0.007    0.002
s3G105    0.013  250.000    0.004    0.004    0.007    0.003
s3G205    0.013  250.000    0.005   -0.004    0.006    0.004
s3G305    0.013  250.000    0.004    0.005    0.006    0.004
s3G305    0.014  250.000    0.006    0.004   -0.006    0.005
s3G305    0.017  250.000    0.007    0.006    0.006    0.005

             All   Through        b1        b2        b3        b4
sOLS05     0.019  1000.000    -0.006     0.008     0.007    -0.002
s0HC05     0.129  1000.000     0.021     0.023     0.030     0.017
s1HC05     0.072  1000.000     0.012     0.015     0.021     0.008
s2HC05     0.051  1000.000     0.010     0.012     0.014     0.006
s3HC05     0.030  1000.000     0.009     0.007     0.008     0.006
s3G005    -0.002  1000.000     0.007     0.007     0.007     0.003
s3G105     0.019  1000.000     0.007     0.007     0.007     0.004
s3G205     0.019  1000.000     0.007    -0.006     0.007     0.004
s3G305     0.019  1000.000     0.007     0.007     0.006     0.004
s3G305     0.020  1000.000     0.007     0.007    -0.006     0.005
s3G305     0.024  1000.000     0.008     0.008     0.007     0.005

.     hcsum n4 W
** HCSUM for n4res: W.
 * Table of mean absolute deviation from nominal size.
 * Negative marks smallest value.

            All  Through       b1       b2       b3       b4
sOLS05    0.004   50.000    0.003    0.006    0.005   -0.001
s0HC05    0.044   50.000    0.035    0.045    0.059    0.036
s1HC05    0.023   50.000    0.014    0.026    0.038    0.015
s2HC05    0.016   50.000    0.010    0.021    0.024    0.010
s3HC05    0.009   50.000    0.011    0.009    0.006    0.009
s3W005    0.004   50.000   -0.003    0.006    0.006    0.002
s3W105    0.004   50.000    0.003    0.005    0.006    0.003
s3W205   -0.003   50.000    0.003    0.002    0.005    0.004
s3W305    0.004   50.000    0.004    0.000    0.004    0.006
s3W305    0.004   50.000    0.005    0.001   -0.002    0.007
s3W305    0.006   50.000    0.007    0.003    0.005    0.007

            All  Through       b1       b2       b3       b4
sOLS05    0.008  100.000    0.004    0.006    0.008   -0.001
s0HC05    0.078  100.000    0.031    0.036    0.044    0.026
s1HC05    0.042  100.000    0.014    0.021    0.029    0.010
s2HC05    0.029  100.000    0.010    0.016    0.017    0.007
s3HC05    0.016  100.000    0.009    0.006    0.007    0.008
s3W005    0.009  100.000    0.004    0.006    0.009    0.001
s3W105    0.009  100.000    0.004    0.005    0.008    0.002
s3W205   -0.001  100.000   -0.004    0.002    0.008    0.002
s3W305    0.008  100.000    0.004   -0.001    0.008    0.004
s3W305    0.008  100.000    0.006    0.001   -0.006    0.005
s3W305    0.012  100.000    0.007    0.002    0.008    0.006

            All  Through       b1       b2       b3       b4
sOLS05    0.013  250.000    0.004    0.006    0.007   -0.001
s0HC05    0.107  250.000    0.027    0.028    0.038    0.021
s1HC05    0.058  250.000    0.014    0.016    0.026    0.009
s2HC05    0.040  250.000    0.011    0.012    0.016    0.006
s3HC05    0.022  250.000    0.009    0.005    0.007    0.006
s3W005    0.014  250.000    0.004    0.006    0.008    0.001
s3W105    0.014  250.000    0.004    0.006    0.009    0.002
s3W205   -0.003  250.000   -0.004    0.003    0.008    0.002
s3W305    0.012  250.000    0.004    0.002    0.007    0.004
s3W305    0.013  250.000    0.005   -0.002   -0.006    0.005
s3W305    0.017  250.000    0.007    0.003    0.008    0.005

             All   Through        b1        b2        b3        b4
sOLS05     0.019  1000.000     0.006     0.008     0.007    -0.002
s0HC05     0.129  1000.000     0.021     0.023     0.030     0.017
s1HC05     0.072  1000.000     0.012     0.015     0.021     0.008
s2HC05     0.051  1000.000     0.010     0.012     0.014     0.006
s3HC05     0.030  1000.000     0.009     0.007     0.008     0.006
s3W005     0.020  1000.000     0.006     0.008     0.008     0.003
s3W105     0.020  1000.000     0.006     0.008     0.008     0.003
s3W205    -0.002  1000.000    -0.006     0.006     0.007     0.003
s3W305     0.018  1000.000     0.007     0.006     0.006     0.004
s3W305     0.018  1000.000     0.007    -0.005    -0.006     0.005
s3W305     0.023  1000.000     0.008     0.005     0.007     0.005

.     hcsum n4 all
** HCSUM for n4res: all.
 * Table of mean absolute deviation from nominal size.
 * Negative marks smallest value.

            All  Through       b1       b2       b3       b4
sOLS05    0.004   50.000    0.003    0.006    0.005   -0.001
s0HC05    0.044   50.000    0.035    0.045    0.059    0.036
s1HC05    0.023   50.000    0.014    0.026    0.038    0.015
s2HC05    0.016   50.000    0.010    0.021    0.024    0.010
s3HC05    0.009   50.000    0.011    0.009    0.006    0.009
s3B005    0.003   50.000    0.003    0.005    0.004    0.002
s3B105    0.003   50.000    0.003    0.004    0.004    0.002
s3B205    0.003   50.000    0.004    0.003    0.003    0.004
s3B305    0.003   50.000    0.005    0.001    0.002    0.004
s3B405    0.003   50.000    0.004    0.000    0.002    0.007
s3B505    0.004   50.000    0.007    0.003    0.002    0.006
s3C005    0.003   50.000   -0.002    0.005    0.004    0.002
s3C105    0.003   50.000    0.002    0.004    0.003    0.002
s3C205   -0.002   50.000    0.004    0.003    0.002    0.002
s3C305    0.003   50.000    0.003    0.002    0.002    0.004
s3C405    0.004   50.000    0.005    0.002    0.003    0.006
s3C505    0.004   50.000    0.006    0.002    0.002    0.006
s3G005    0.004   50.000    0.003    0.005    0.004    0.002
s3G105    0.004   50.000    0.003    0.003    0.004    0.004
s3G205    0.004   50.000    0.005    0.002    0.002    0.006
s3G305    0.004   50.000    0.004    0.004    0.000    0.006
s3G405    0.004   50.000    0.005    0.003    0.002    0.007
s3G505    0.005   50.000    0.008    0.007    0.000    0.007
s3W005    0.004   50.000    0.003    0.006    0.006    0.002
s3W105    0.004   50.000    0.003    0.005    0.006    0.003
s3W205    0.003   50.000    0.003    0.002    0.005    0.004
s3W305    0.004   50.000    0.004    0.000    0.004    0.006
s3W405    0.004   50.000    0.005    0.001    0.002    0.007
s3W505    0.006   50.000    0.007    0.003    0.005    0.007

            All  Through       b1       b2       b3       b4
sOLS05    0.008  100.000    0.004    0.006    0.008   -0.001
s0HC05    0.078  100.000    0.031    0.036    0.044    0.026
s1HC05    0.042  100.000    0.014    0.021    0.029    0.010
s2HC05    0.029  100.000    0.010    0.016    0.017    0.007
s3HC05    0.016  100.000    0.009    0.006    0.007    0.008
s3B005    0.007  100.000    0.004    0.005    0.007    0.002
s3B105    0.007  100.000    0.004    0.004    0.006    0.001
s3B205    0.008  100.000    0.005    0.004    0.005    0.003
s3B305    0.007  100.000    0.005    0.002    0.004    0.003
s3B405    0.007  100.000    0.005    0.002    0.005    0.005
s3B505    0.009  100.000    0.006    0.003    0.006    0.005
s3C005    0.007  100.000    0.004    0.005    0.007    0.001
s3C105    0.007  100.000    0.004    0.004    0.006    0.001
s3C205   -0.001  100.000    0.005    0.003    0.005    0.001
s3C305    0.006  100.000    0.004    0.003    0.004    0.003
s3C405    0.009  100.000    0.006    0.003    0.006    0.005
s3C505    0.009  100.000    0.006    0.003    0.005    0.005
s3G005    0.008  100.000    0.004    0.005    0.007    0.002
s3G105    0.008  100.000    0.004    0.004    0.007    0.003
s3G205    0.008  100.000    0.005    0.003    0.005    0.004
s3G305    0.008  100.000    0.004    0.004   -0.004    0.005
s3G405    0.009  100.000    0.006    0.003    0.004    0.006
s3G505    0.011  100.000    0.007    0.005    0.004    0.005
s3W005    0.009  100.000    0.004    0.006    0.009    0.001
s3W105    0.009  100.000    0.004    0.005    0.008    0.002
s3W205    0.007  100.000   -0.004    0.002    0.008    0.002
s3W305    0.008  100.000    0.004   -0.001    0.008    0.004
s3W405    0.008  100.000    0.006    0.001    0.006    0.005
s3W505    0.012  100.000    0.007    0.002    0.008    0.006

            All  Through       b1       b2       b3       b4
sOLS05    0.013  250.000    0.004    0.006    0.007   -0.001
s0HC05    0.107  250.000    0.027    0.028    0.038    0.021
s1HC05    0.058  250.000    0.014    0.016    0.026    0.009
s2HC05    0.040  250.000    0.011    0.012    0.016    0.006
s3HC05    0.022  250.000    0.009    0.005    0.007    0.006
s3B005    0.012  250.000    0.004    0.005    0.007    0.002
s3B105    0.011  250.000    0.004    0.005    0.006    0.002
s3B205    0.012  250.000    0.005    0.005    0.007    0.002
s3B305    0.011  250.000    0.005    0.003    0.006    0.003
s3B405    0.012  250.000    0.005    0.003    0.006    0.004
s3B505    0.014  250.000    0.006    0.004    0.007    0.004
s3C005    0.011  250.000    0.004    0.005    0.007    0.001
s3C105    0.011  250.000    0.004    0.005    0.006    0.002
s3C205   -0.002  250.000    0.004    0.004    0.005    0.002
s3C305    0.010  250.000    0.005    0.004   -0.004    0.003
s3C405    0.013  250.000    0.006    0.003    0.005    0.004
s3C505    0.014  250.000    0.006    0.004    0.004    0.004
s3G005    0.012  250.000    0.004    0.005    0.007    0.002
s3G105    0.013  250.000    0.004    0.004    0.007    0.003
s3G205    0.013  250.000    0.005    0.004    0.006    0.004
s3G305    0.013  250.000    0.004    0.005    0.006    0.004
s3G405    0.014  250.000    0.006    0.004    0.006    0.005
s3G505    0.017  250.000    0.007    0.006    0.006    0.005
s3W005    0.014  250.000    0.004    0.006    0.008    0.001
s3W105    0.014  250.000    0.004    0.006    0.009    0.002
s3W205    0.012  250.000   -0.004    0.003    0.008    0.002
s3W305    0.012  250.000    0.004    0.002    0.007    0.004
s3W405    0.013  250.000    0.005   -0.002    0.006    0.005
s3W505    0.017  250.000    0.007    0.003    0.008    0.005

             All   Through        b1        b2        b3        b4
sOLS05     0.019  1000.000     0.006     0.008     0.007    -0.002
s0HC05     0.129  1000.000     0.021     0.023     0.030     0.017
s1HC05     0.072  1000.000     0.012     0.015     0.021     0.008
s2HC05     0.051  1000.000     0.010     0.012     0.014     0.006
s3HC05     0.030  1000.000     0.009     0.007     0.008     0.006
s3B005     0.018  1000.000     0.006     0.007     0.007     0.003
s3B105     0.017  1000.000     0.006     0.007     0.007     0.003
s3B205     0.018  1000.000     0.007     0.007     0.007     0.003
s3B305     0.017  1000.000     0.007     0.006     0.006     0.003
s3B405     0.018  1000.000     0.007     0.006     0.006     0.004
s3B505     0.020  1000.000     0.007     0.007     0.007     0.004
s3C005     0.017  1000.000    -0.006     0.007     0.007     0.003
s3C105     0.016  1000.000     0.006     0.007     0.006     0.003
s3C205    -0.003  1000.000     0.006     0.007     0.005     0.003
s3C305     0.015  1000.000     0.007     0.006     0.005     0.003
s3C405     0.019  1000.000     0.007     0.006     0.005     0.005
s3C505     0.019  1000.000     0.007     0.007    -0.004     0.005
s3G005     0.018  1000.000     0.007     0.007     0.007     0.003
s3G105     0.019  1000.000     0.007     0.007     0.007     0.004
s3G205     0.019  1000.000     0.007     0.006     0.007     0.004
s3G305     0.019  1000.000     0.007     0.007     0.006     0.004
s3G405     0.020  1000.000     0.007     0.007     0.006     0.005
s3G505     0.024  1000.000     0.008     0.008     0.007     0.005
s3W005     0.020  1000.000     0.006     0.008     0.008     0.003
s3W105     0.020  1000.000     0.006     0.008     0.008     0.003
s3W205     0.017  1000.000     0.006     0.006     0.007     0.003
s3W305     0.018  1000.000     0.007     0.006     0.006     0.004
s3W405     0.018  1000.000     0.007    -0.005     0.006     0.005
s3W505     0.023  1000.000     0.008     0.005     0.007     0.005

. log close
