
. * T4.do - data structure: errors t, R2=.40.
. * Replication by jsl: 98.03.18
. ts
* 19 Mar 1998 - 21:48:49

. version 5.0

. clear

. set more off

.     global simnum_ = 1000

.     global factor = 1.62

.     global factor = 1.00

.     global plevel = .05

.     global seedmc = 11020760

.     use jslhc1

.     set seed $seedmc

.     di "Iterations beginning."
Iterations beginning.

.     ts
* 19 Mar 1998 - 21:48:50

.     hcmonte 1 5 t4 25 50 100 250 500 1000
** Constructing data to analyze...
*  Population:      hc1
*  Data Label:      hc5
*  Factor:          1
*  Structure:       hct4
*  Sample N's:      25 50 100 250 500 1000
*  Selection seed:  11020760
*  Iterations:      1000

*  Population regression:

  Source |       SS       df       MS                  Number of obs =  100000
---------+------------------------------               F(  4, 99995) =15914.54
   Model |  413932.459     4  103483.115               Prob > F      =  0.0000
Residual |  650210.169 99995  6.50242681               R-squared     =  0.3890
---------+------------------------------               Adj R-squared =  0.3890
   Total |  1064142.63 99999  10.6415327               Root MSE      =    2.55

------------------------------------------------------------------------------
       y |      Coef.   Std. Err.       t     P>|t|       [95% Conf. Interval]
---------+--------------------------------------------------------------------
      x1 |   1.061451   .0525271     20.208   0.000       .9584988    1.164404
      x2 |   1.000246   .0134177     74.547   0.000       .9739474    1.026544
      x3 |   1.001583   .0107606     93.078   0.000       .9804926    1.022674
      x4 |  -.0066561   .0057328     -1.161   0.246      -.0178922    .0045801
   _cons |   .9289019   .0612034     15.177   0.000       .8089439     1.04886
------------------------------------------------------------------------------
** Simulations follow:
 
Sample size:  25
Results file: t40025
(Note: file t40025.dta not found)
21:49:02. Working...
21:49:13. 1 completed. Next notice is 10.
21:49:44. 10 completed. Next notice is 25.
21:50:48. 25 completed. Next notice is 50.
21:52:35. 50 completed. Next notice is 100.
21:55:55. 100 completed. Next notice is 200.
22:02:45. 200 completed. Next notice is 300.
22:09:32. 300 completed. Next notice is 400.
22:16:30. 400 completed. Next notice is 500.
22:23:21. 500 completed. Next notice is 600.
22:30:05. 600 completed. Next notice is 700.
22:36:51. 700 completed. Next notice is 800.
22:43:56. 800 completed. Next notice is 900.
22:50:55. 900 completed. Next notice is 950.
22:54:22. 950 completed. Next notice is 975.
22:56:06. 975 completed. Next notice is 990.
22:57:03. 990 completed. Next notice is completion.
22:57:49. Iterations complete.
 
Sample size:  50
Results file: t40050
(Note: file t40050.dta not found)
22:57:49. Working...
22:57:56. 1 completed. Next notice is 10.
22:58:25. 10 completed. Next notice is 25.
22:59:23. 25 completed. Next notice is 50.
23:01:06. 50 completed. Next notice is 100.
23:04:53. 100 completed. Next notice is 200.
23:11:47. 200 completed. Next notice is 300.
23:18:35. 300 completed. Next notice is 400.
23:25:16. 400 completed. Next notice is 500.
23:31:57. 500 completed. Next notice is 600.
23:38:32. 600 completed. Next notice is 700.
23:45:09. 700 completed. Next notice is 800.
23:52:05. 800 completed. Next notice is 900.
23:58:46. 900 completed. Next notice is 950.
00:02:12. 950 completed. Next notice is 975.
00:03:51. 975 completed. Next notice is 990.
00:05:06. 990 completed. Next notice is completion.
00:05:45. Iterations complete.
 
Sample size:  100
Results file: t40100
(Note: file t40100.dta not found)
00:05:45. Working...
00:05:52. 1 completed. Next notice is 10.
00:06:23. 10 completed. Next notice is 25.
00:07:22. 25 completed. Next notice is 50.
00:09:12. 50 completed. Next notice is 100.
00:12:32. 100 completed. Next notice is 200.
00:19:11. 200 completed. Next notice is 300.
00:26:13. 300 completed. Next notice is 400.
00:32:51. 400 completed. Next notice is 500.
00:39:53. 500 completed. Next notice is 600.
00:47:31. 600 completed. Next notice is 700.
00:55:21. 700 completed. Next notice is 800.
01:02:48. 800 completed. Next notice is 900.
01:10:33. 900 completed. Next notice is 950.
01:14:22. 950 completed. Next notice is 975.
01:16:17. 975 completed. Next notice is 990.
01:17:27. 990 completed. Next notice is completion.
01:18:12. Iterations complete.
 
Sample size:  250
Results file: t40250
(Note: file t40250.dta not found)
01:18:12. Working...
01:18:22. 1 completed. Next notice is 10.
01:19:03. 10 completed. Next notice is 25.
01:20:11. 25 completed. Next notice is 50.
01:22:13. 50 completed. Next notice is 100.
01:25:58. 100 completed. Next notice is 200.
01:33:20. 200 completed. Next notice is 300.
01:41:01. 300 completed. Next notice is 400.
01:48:46. 400 completed. Next notice is 500.
01:56:40. 500 completed. Next notice is 600.
02:04:18. 600 completed. Next notice is 700.
02:12:05. 700 completed. Next notice is 800.
02:19:51. 800 completed. Next notice is 900.
02:27:38. 900 completed. Next notice is 950.
02:31:26. 950 completed. Next notice is 975.
02:33:12. 975 completed. Next notice is 990.
02:34:21. 990 completed. Next notice is completion.
02:35:10. Iterations complete.
 
Sample size:  500
Results file: t40500
(Note: file t40500.dta not found)
02:35:10. Working...
02:35:18. 1 completed. Next notice is 10.
02:35:52. 10 completed. Next notice is 25.
02:37:05. 25 completed. Next notice is 50.
02:38:54. 50 completed. Next notice is 100.
02:42:38. 100 completed. Next notice is 200.
02:50:10. 200 completed. Next notice is 300.
02:57:45. 300 completed. Next notice is 400.
03:05:38. 400 completed. Next notice is 500.
03:13:19. 500 completed. Next notice is 600.
03:20:54. 600 completed. Next notice is 700.
03:28:54. 700 completed. Next notice is 800.
03:36:41. 800 completed. Next notice is 900.
03:43:48. 900 completed. Next notice is 950.
03:47:06. 950 completed. Next notice is 975.
03:48:44. 975 completed. Next notice is 990.
03:49:45. 990 completed. Next notice is completion.
03:50:24. Iterations complete.
 
Sample size:  1000
Results file: t41000
(Note: file t41000.dta not found)
03:50:24. Working...
03:50:32. 1 completed. Next notice is 10.
03:51:08. 10 completed. Next notice is 25.
03:52:12. 25 completed. Next notice is 50.
03:53:49. 50 completed. Next notice is 100.
03:57:16. 100 completed. Next notice is 200.
04:04:06. 200 completed. Next notice is 300.
04:10:56. 300 completed. Next notice is 400.
04:18:16. 400 completed. Next notice is 500.
04:25:24. 500 completed. Next notice is 600.
04:32:11. 600 completed. Next notice is 700.
04:38:46. 700 completed. Next notice is 800.
04:45:29. 800 completed. Next notice is 900.
04:52:35. 900 completed. Next notice is 950.
04:56:06. 950 completed. Next notice is 975.
04:57:47. 975 completed. Next notice is 990.
04:58:51. 990 completed. Next notice is completion.
04:59:32. Iterations complete.

.     di "Iterations complete.
Iterations complete.

.     ts
* 20 Mar 1998 - 04:59:33

.     hcresult 1 t4 25 50 100 250 500 1000
** Constructing data to analyze...
* 20 Mar 1998 - 04:59:33
*  Population:      hc1
*  Data Label:      hc5
*  Factor:          1
*  R2:              .39
*  Structure:       t4
*  Sample N's:      25 50 100 250 500 1000
*  Sig Level:       05
 
** Population data set hc1 with structure t4.

Variable |     Obs        Mean   Std. Dev.       Min        Max
---------+-----------------------------------------------------
       y |  100000    5.597726   3.252613  -31.58775   35.11966  
      x1 |  100000    1.499012   .2886124    1.00002   1.999999  
      x2 |  100000    1.498522   1.053486  -2.241696   5.101119  
      x3 |  100000    1.600192    1.03109   .0011668   12.12769  
      x4 |  100000     3.59375   1.692207  -2.283696   15.27936  

  Source |       SS       df       MS                  Number of obs =  100000
---------+------------------------------               F(  4, 99995) =15676.62
   Model |  407738.222     4  101934.555               Prob > F      =  0.0000
Residual |  650200.419 99995  6.50232931               R-squared     =  0.3854
---------+------------------------------               Adj R-squared =  0.3854
   Total |  1057938.64 99999  10.5794922               Root MSE      =    2.55

------------------------------------------------------------------------------
       y |      Coef.   Std. Err.       t     P>|t|       [95% Conf. Interval]
---------+--------------------------------------------------------------------
      x1 |   1.109152   .0525267     21.116   0.000         1.0062    1.212103
      x2 |   .9805874   .0134176     73.082   0.000       .9542891    1.006886
      x3 |   .9786947   .0107606     90.952   0.000       .9576041    .9997853
      x4 |   .0066543   .0057327      1.161   0.246      -.0045817    .0178904
   _cons |   .8756491    .061203     14.307   0.000        .755692    .9956062
------------------------------------------------------------------------------
 
* Results statistics have the format:
 c1:   [s|p] - size or power
 c2-4: [0HC|1HC|2HC|3HC|OLS] - method of computing covariance matrix.
 c2:   [0|1|2|3] - HC method after screening.
 c3:   [W|G|B|C] - type of screening
 c4:   [1|5] - screen at .05 or .10 level
 c5-6: [05|10] - sig level of test
 c7-8: [b1|b2|b3|b4] - test statistic
(Note: file t4res05.dta not found)
 
** Description of t40025

Variable |     Obs        Mean   Std. Dev.       Min        Max
---------+-----------------------------------------------------
      s1 |    1000    .7337209   4.427473  -19.93123   14.02882  
      s2 |    1000    1.183909   3.915476  -9.833307   17.09788  
      s3 |    1000    .9954987   1.014499  -3.008071   4.367823  
      s4 |    1000    .9686953   .8720656  -2.677859   5.094872  
      s5 |    1000    .0130421   .4073886  -1.545822   1.564267  
    s1m1 |    1000    3.603781   1.276572   1.296416    14.3958  
    s2m1 |    1000     3.12851   1.119374     1.1405    12.4083  
    s3m1 |    1000    .7970082   .2928611   .2897253   2.874337  
    s4m1 |    1000    .6477556   .3016404   .1591111   2.362255  
    s5m1 |    1000    .3342705   .1181975   .1122293   1.059696  
    s1m2 |    1000     4.02915   1.427251   1.449437   16.09499  
    s2m2 |    1000     3.49778   1.251498   1.275118    13.8729  
    s3m2 |    1000    .8910823   .3274287   .3239227   3.213607  
    s4m2 |    1000    .7242128   .3372442   .1778916   2.641081  
    s5m2 |    1000    .3737258   .1321488   .1254762   1.184776  
    s1m3 |    1000    4.160294   1.490231   1.454357   16.25657  
    s2m3 |    1000    3.640771   1.318223    1.33614   14.04046  
    s3m3 |    1000    .9222264   .3433942   .3354572   3.257668  
    s4m3 |    1000     .793069   .3772782   .1858972   3.060671  
    s5m3 |    1000    .3846413   .1395418    .125784     1.3008  
    s1m4 |    1000    4.900151   1.816018   1.648167    18.3772  
    s2m4 |    1000    4.349327   1.659468    1.47317   15.91585  
    s3m4 |    1000     1.08043   .4117121    .381306   3.817049  
    s4m4 |    1000    1.029936   .5610143   .2264698    5.14462  
    s5m4 |    1000    .4477149    .168479   .1401039   1.611009  
    s1m5 |    1000    4.254225   1.222198   1.892399   13.09647  
    s2m5 |    1000    3.715187   1.080693   1.444528   11.23879  
    s3m5 |    1000    .9313075   .2658261   .4188528   2.567952  
    s4m5 |    1000    .8304719   .3395252   .2732015   3.125365  
    s5m5 |    1000    .3946014    .114956   .1734408   1.258204  
      wh |    1000    14.03541    4.22303   4.091686   24.29309  
    whpr |    1000    .4773652   .2637947   .0422222    .994889  
      bp |    1000    4.800929   4.121243   .0627431    35.5164  
    bppr |    1000    .4612581   .3090042   3.64e-07   .9995181  
      gl |    1000     4.33284   2.627682   .1173804   13.94369  
    glpr |    1000    .4494502   .2781387    .007477   .9983436  
      cw |    1000    1.283835   2.053802   3.44e-07   20.10574  
    cwpr |    1000    .4750421   .3017586   7.33e-06   .9995319  
  seedis |    1000    1.10e+07          0   1.10e+07   1.10e+07  
   niter |    1000        1000          0       1000       1000  
dsnumber |    1000           1          0          1          1  
 dslabel |    1000           5          0          5          5  
  factor |    1000           1          0          1          1  
      R2 |    1000    .3889821          0   .3889821   .3889821  
 sampleN |    1000          25          0         25         25  
 
** Results for:
*  Sample Size:     25
*  Selection Seed:  11020760
*  # of Iterations: 1000
*  Sig Level:       05
*  Means of sample estimates of:
   b0 = .7337209116474259
   b1 = 1.183909047680674
   b2 = .995498666308893
   b3 = .9686952559349538
   b4 = .0130420849956281
 
** Description of t40050

Variable |     Obs        Mean   Std. Dev.       Min        Max
---------+-----------------------------------------------------
      s1 |    1000    .9511217   2.931053   -11.8545   13.53426  
      s2 |    1000    1.049399   2.533841  -8.546172   11.75116  
      s3 |    1000    1.011545   .6525002  -1.395207    3.38621  
      s4 |    1000    .9696483   .5406406  -1.532558   2.754663  
      s5 |    1000    .0055172   .2697726  -1.008394   1.329524  
    s1m1 |    1000    2.634052   .6845702    1.21852   6.728141  
    s2m1 |    1000    2.265028   .6060464   1.053991   6.439262  
    s3m1 |    1000    .5764691   .1568859   .2719826   1.927512  
    s4m1 |    1000    .4655466    .169375   .1796079   1.681121  
    s5m1 |    1000    .2432379   .0645298   .1043872   1.154121  
    s1m2 |    1000    2.776534   .7216003   1.284433   7.092083  
    s2m2 |    1000    2.387549    .638829   1.111004   6.787578  
    s3m2 |    1000    .6076518   .1653723   .2866948   2.031776  
    s4m2 |    1000    .4907292   .1785369   .1893234   1.772058  
    s5m2 |    1000    .2563952   .0680204   .1100337    1.21655  
    s1m3 |    1000    2.826639   .7437768   1.339512   7.138906  
    s2m3 |    1000    2.444477    .667064   1.125231   7.211691  
    s3m3 |    1000    .6185908   .1709282   .2914429   2.150234  
    s4m3 |    1000    .5189651   .1974867   .1883489   1.915659  
    s5m3 |    1000     .259976   .0705666    .113407   1.289633  
    s1m4 |    1000    3.050162   .8205806    1.48487   7.744834  
    s2m4 |    1000    2.658224   .7515422   1.200037   8.114987  
    s3m4 |    1000    .6659775   .1875632   .3131973   2.400674  
    s4m4 |    1000    .5896423   .2436263   .1979561   2.207915  
    s5m4 |    1000    .2787184   .0776947   .1234526   1.443197  
    s1m5 |    1000    2.866507   .5702491   1.710703    6.44069  
    s2m5 |    1000    2.480602   .4994782   1.479932   5.387903  
    s3m5 |    1000    .6265144   .1236588   .3632419   1.275292  
    s4m5 |    1000    .5313934   .1463885   .2557953   1.454027  
    s5m5 |    1000    .2653082   .0525297   .1589539   .6455693  
      wh |    1000    13.63624   6.232083   3.108358   45.07788  
    whpr |    1000    .5392304     .31428   .0000396   .9988666  
      bp |    1000    6.711167   7.028679   .1830246   101.9282  
    bppr |    1000    .3649979   .3036487          0   .9960597  
      gl |    1000    4.290349   2.949589   .1797821   24.08515  
    glpr |    1000    .4670554   .2849561   .0000768   .9961939  
      cw |    1000     1.85418   3.315213   9.83e-09   46.99238  
    cwpr |    1000    .4339757   .3165304   7.13e-12   .9999209  
  seedis |    1000    1.10e+07          0   1.10e+07   1.10e+07  
   niter |    1000        1000          0       1000       1000  
dsnumber |    1000           1          0          1          1  
 dslabel |    1000           5          0          5          5  
  factor |    1000           1          0          1          1  
      R2 |    1000    .3889821          0   .3889821   .3889821  
 sampleN |    1000          50          0         50         50  
 
** Results for:
*  Sample Size:     50
*  Selection Seed:  11020760
*  # of Iterations: 1000
*  Sig Level:       05
*  Means of sample estimates of:
   b0 = .9511216593901626
   b1 = 1.049399263412924
   b2 = 1.011544666186091
   b3 = .9696482734689488
   b4 = .0055172216694773
 
** Description of t40100

Variable |     Obs        Mean   Std. Dev.       Min        Max
---------+-----------------------------------------------------
      s1 |    1000    .8333214   1.989664  -5.997944    6.50339  
      s2 |    1000    1.153467   1.753035  -4.286602   7.307092  
      s3 |    1000    .9940787   .4400853  -.3673308   2.387022  
      s4 |    1000    .9908179   .3589611  -.3582942   2.386029  
      s5 |    1000   -.0152986    .181813  -.6925647   .5730596  
    s1m1 |    1000    1.880251   .3437674   1.092649   4.702919  
    s2m1 |    1000    1.616409    .295807   .9673569   3.758411  
    s3m1 |    1000    .4139703   .0828995   .2423561   .9588248  
    s4m1 |    1000    .3289588   .0913339   .1575221   .9869916  
    s5m1 |    1000    .1773531   .0315706   .1108401   .5326864  
    s1m2 |    1000    1.929097   .3526979   1.121034   4.825093  
    s2m2 |    1000    1.658401   .3034916   .9924873   3.856049  
    s3m2 |    1000    .4247246   .0850531   .2486521   .9837334  
    s4m2 |    1000    .3375046   .0937066   .1616143   1.012632  
    s5m2 |    1000    .1819604   .0323908   .1137195   .5465246  
    s1m3 |    1000    1.947447   .3585911   1.125745   4.907175  
    s2m3 |    1000    1.680176   .3109225   1.005585   3.915777  
    s3m3 |    1000    .4286958   .0864245   .2505311   .9997486  
    s4m3 |    1000    .3496832   .1002226   .1644508   1.032652  
    s5m3 |    1000    .1832832   .0328778    .113837   .5555044  
    s1m4 |    1000    2.020721    .376066   1.161075   5.129364  
    s2m4 |    1000     1.75137   .3307953   1.045883   4.086588  
    s3m4 |    1000    .4443433   .0902716   .2593999   1.042527  
    s4m4 |    1000    .3746533   .1137225   .1719229   1.081102  
    s5m4 |    1000    .1895681   .0342961   .1169618   .5793846  
    s1m5 |    1000    1.975349   .2679715   1.271516    3.53677  
    s2m5 |    1000    1.700749   .2323859   1.119512   3.092628  
    s3m5 |    1000    .4322578   .0600077   .2825947   .7871593  
    s4m5 |    1000    .3558875   .0684621    .216711   .7119498  
    s5m5 |    1000    .1843691    .024519   .1255405   .3292002  
      wh |    1000     13.3268   6.985136   2.642611   49.71583  
    whpr |    1000    .5691518    .325503   6.81e-06   .9995559  
      bp |    1000    8.162836   8.851564   .1160529   139.9852  
    bppr |    1000    .3062624   .2976736          0   .9983802  
      gl |    1000    4.083939   2.741416   .1440062   19.38788  
    glpr |    1000    .4853351   .2825178   .0006593   .9975289  
      cw |    1000    2.010022   3.304099   7.31e-07   30.10814  
    cwpr |    1000    .4073886   .3055899   4.09e-08    .999318  
  seedis |    1000    1.10e+07          0   1.10e+07   1.10e+07  
   niter |    1000        1000          0       1000       1000  
dsnumber |    1000           1          0          1          1  
 dslabel |    1000           5          0          5          5  
  factor |    1000           1          0          1          1  
      R2 |    1000    .3889821          0   .3889821   .3889821  
 sampleN |    1000         100          0        100        100  
 
** Results for:
*  Sample Size:     100
*  Selection Seed:  11020760
*  # of Iterations: 1000
*  Sig Level:       05
*  Means of sample estimates of:
   b0 = .8333213597887661
   b1 = 1.153467371523264
   b2 = .9940787107581272
   b3 = .9908178753415122
   b4 = -.0152985918682534
 
** Description of t40250

Variable |     Obs        Mean   Std. Dev.       Min        Max
---------+-----------------------------------------------------
      s1 |    1000    .9248681   1.266823  -3.228667   4.993901  
      s2 |    1000    1.075498   1.085506  -2.475402   5.186106  
      s3 |    1000    .9979824   .2653506   .0435841   1.893445  
      s4 |    1000    .9860236   .2205048  -1.54e-06   1.703417  
      s5 |    1000   -.0012449   .1158847  -.5082497   .3572366  
    s1m1 |    1000    1.208867   .1636895   .8708889   2.512671  
    s2m1 |    1000    1.040658   .1511672   .7482638   2.256188  
    s3m1 |    1000    .2669525   .0408115   .1969774   .6560709  
    s4m1 |    1000    .2099451   .0415996   .1273695   .4102179  
    s5m1 |    1000    .1128887   .0157148   .0738687   .2426696  
    s1m2 |    1000     1.22114   .1653514   .8797307   2.538181  
    s2m2 |    1000    1.051224   .1527019   .7558606   2.279094  
    s3m2 |    1000    .2696627   .0412258   .1989772   .6627317  
    s4m2 |    1000    .2120766   .0420219   .1286626   .4143826  
    s5m2 |    1000    .1140348   .0158744   .0746186   .2451333  
    s1m3 |    1000    1.225803   .1666794   .8816059   2.552947  
    s2m3 |    1000    1.056975   .1542532   .7594596   2.293615  
    s3m3 |    1000    .2706913   .0415449   .1993947   .6674196  
    s4m3 |    1000    .2154785   .0432335   .1298242   .4178956  
    s5m3 |    1000    .1143576   .0159891   .0748104   .2471487  
    s1m4 |    1000    1.243319   .1698111   .8929028   2.594087  
    s2m4 |    1000    1.074026   .1575662   .7709872    2.33192  
    s3m4 |    1000    .2745249   .0422983    .201777   .6789865  
    s4m4 |    1000    .2214864    .045153   .1324344   .4258403  
    s5m4 |    1000    .1158604   .0162704   .0757805   .2517768  
    s1m5 |    1000    1.228828   .1153821   .9605281   1.977474  
    s2m5 |    1000    1.056025   .1025094   .8221946   1.683337  
    s3m5 |    1000    .2694865   .0252602   .2029731   .4280508  
    s4m5 |    1000    .2179951   .0275599   .1556679   .3445523  
    s5m5 |    1000    .1150097    .010204   .0876966   .1643066  
      wh |    1000    13.17438   6.641214   2.157436   45.68607  
    whpr |    1000     .569297   .3169299   .0000315   .9998678  
      bp |    1000    9.915501   17.87022   .2086869   220.7562  
    bppr |    1000    .2712198   .2783412          0   .9949205  
      gl |    1000    3.981074   2.677943   .0477563   17.79311  
    glpr |    1000    .4943093   .2838065   .0013544   .9997194  
      cw |    1000    2.233421   3.888274    .000065   58.22831  
    cwpr |    1000    .4044365   .3151634   2.33e-14   .9935665  
  seedis |    1000    1.10e+07          0   1.10e+07   1.10e+07  
   niter |    1000        1000          0       1000       1000  
dsnumber |    1000           1          0          1          1  
 dslabel |    1000           5          0          5          5  
  factor |    1000           1          0          1          1  
      R2 |    1000    .3889821          0   .3889821   .3889821  
 sampleN |    1000         250          0        250        250  
 
** Results for:
*  Sample Size:     250
*  Selection Seed:  11020760
*  # of Iterations: 1000
*  Sig Level:       05
*  Means of sample estimates of:
   b0 = .9248680527922696
   b1 = 1.075498399841366
   b2 = .9979823992289602
   b3 = .9860235895354638
   b4 = -.0012449091828676
 
** Description of t40500

Variable |     Obs        Mean   Std. Dev.       Min        Max
---------+-----------------------------------------------------
      s1 |    1000      .97129   .8555495  -2.182207   3.718138  
      s2 |    1000    1.033792   .7359209  -1.467623   3.775555  
      s3 |    1000    1.009259   .1845717   .3290781   1.682161  
      s4 |    1000    .9950044   .1556493   .4858696   1.465741  
      s5 |    1000   -.0065115   .0791071  -.2916543    .222587  
    s1m1 |    1000    .8595065   .0792713    .682355   1.240604  
    s2m1 |    1000    .7393475   .0737373   .5821659   1.170787  
    s3m1 |    1000    .1892963   .0187474   .1392967   .2858707  
    s4m1 |    1000    .1504437   .0224213   .1039018   .2661804  
    s5m1 |    1000    .0799689   .0070621   .0658992   .1333256  
    s1m2 |    1000    .8638366   .0796706   .6857926   1.246854  
    s2m2 |    1000    .7430722   .0741087   .5850987   1.176685  
    s3m2 |    1000      .19025   .0188419   .1399984   .2873109  
    s4m2 |    1000    .1512016   .0225342   .1044253   .2675214  
    s5m2 |    1000    .0803717   .0070976   .0662311   .1339972  
    s1m3 |    1000    .8655479   .0799919    .686498   1.248332  
    s2m3 |    1000    .7452228   .0745203   .5866209   1.181867  
    s3m3 |    1000    .1906173   .0189129   .1403182   .2880493  
    s4m3 |    1000    .1525271   .0229588   .1048954   .2717479  
    s5m3 |    1000    .0804878   .0071269   .0663059   .1344022  
    s1m4 |    1000    .8717066   .0807414   .6906931   1.256137  
    s2m4 |    1000    .7512546   .0753576   .5911468   1.193085  
    s3m4 |    1000     .191955   .0190813   .1413519   .2902518  
    s4m4 |    1000    .1547179   .0235665   .1059139   .2774796  
    s5m4 |    1000    .0810129   .0071931   .0667167   .1354894  
    s1m5 |    1000    .8664802   .0551062   .7196378   1.093534  
    s2m5 |    1000     .745015   .0493622   .6185277    .936044  
    s3m5 |    1000    .1900882   .0127726   .1534753   .2407675  
    s4m5 |    1000    .1538891   .0134091   .1197154   .2124786  
    s5m5 |    1000    .0810576   .0050803   .0668203   .1056101  
      wh |    1000     13.1243   7.120661   2.392072   61.84953  
    whpr |    1000    .5847986   .3106385   5.55e-08   .9997538  
      bp |    1000     10.8456   14.54373   .1376777   213.1933  
    bppr |    1000    .2401801   .2754375          0   .9977366  
      gl |    1000    3.861942   2.791373    .108358   17.08488  
    glpr |    1000     .517667   .2936301   .0018609   .9985843  
      cw |    1000    2.597567   4.025428   8.34e-07   31.37745  
    cwpr |    1000    .3694652   .3143326   2.12e-08   .9992713  
  seedis |    1000    1.10e+07          0   1.10e+07   1.10e+07  
   niter |    1000        1000          0       1000       1000  
dsnumber |    1000           1          0          1          1  
 dslabel |    1000           5          0          5          5  
  factor |    1000           1          0          1          1  
      R2 |    1000    .3889821          0   .3889821   .3889821  
 sampleN |    1000         500          0        500        500  
 
** Results for:
*  Sample Size:     500
*  Selection Seed:  11020760
*  # of Iterations: 1000
*  Sig Level:       05
*  Means of sample estimates of:
   b0 = .9712900206728082
   b1 = 1.033792225261539
   b2 = 1.009259404152632
   b3 = .9950044412612916
   b4 = -.0065115184498718
 
** Description of t41000

Variable |     Obs        Mean   Std. Dev.       Min        Max
---------+-----------------------------------------------------
      s1 |    1000    .9209759   .6222537  -.8727108    3.78317  
      s2 |    1000    1.060137   .5378464    -1.0258   2.794635  
      s3 |    1000    1.003431   .1340823   .5985104   1.417304  
      s4 |    1000    1.003446   .1051265   .6075454   1.333619  
      s5 |    1000   -.0063151   .0556593  -.1803755    .174175  
    s1m1 |    1000    .6099646   .0396891   .4886151   .8028677  
    s2m1 |    1000    .5255269   .0367842   .4212717   .7029604  
    s3m1 |    1000    .1346596   .0101929   .1107677   .1862676  
    s4m1 |    1000     .107358   .0116905   .0785041   .1619071  
    s5m1 |    1000    .0571135   .0040734   .0474601   .0800035  
    s1m2 |    1000    .6114953   .0397887   .4898413   .8048823  
    s2m2 |    1000    .5268457   .0368765   .4223289   .7047245  
    s3m2 |    1000    .1349975   .0102185   .1110456   .1867351  
    s4m2 |    1000    .1076274   .0117198   .0787011   .1623134  
    s5m2 |    1000    .0572568   .0040836   .0475792   .0802043  
    s1m3 |    1000    .6121303   .0398773   .4900745   .8055824  
    s2m3 |    1000    .5276452   .0369932   .4227189    .705427  
    s3m3 |    1000    .1351293   .0102384   .1111472   .1869632  
    s4m3 |    1000    .1081195   .0118582   .0788026   .1637487  
    s5m3 |    1000    .0572993   .0040918   .0476006   .0803019  
    s1m4 |    1000    .6143181   .0400695   .4915441   .8083091  
    s2m4 |    1000    .5297931   .0372098   .4241797   .7079058  
    s3m4 |    1000    .1356021   .0102844   .1115307   .1876624  
    s4m4 |    1000    .1089008   .0120389   .0791044   .1679253  
    s5m4 |    1000    .0574862   .0041104    .047742   .0806019  
    s1m5 |    1000    .6144203   .0284478   .5175989   .7114383  
    s2m5 |    1000    .5277715   .0249467   .4465344     .62199  
    s3m5 |    1000    .1346869   .0063698   .1178797   .1563007  
    s4m5 |    1000    .1084821   .0068781   .0910092   .1400879  
    s5m5 |    1000    .0575889   .0026591   .0512967   .0666115  
      wh |    1000    12.99096   6.813694   2.770621   53.36688  
    whpr |    1000    .5839846   .3130584   1.65e-06   .9994147  
      bp |    1000    12.52181   16.40461   .1241115   179.2821  
    bppr |    1000    .1986951   .2581081          0   .9981524  
      gl |    1000    4.006229   2.856292    .090235   17.16553  
    glpr |    1000     .501717   .2909421   .0017949   .9990123  
      cw |    1000    3.073265   4.422849   2.11e-06   36.83264  
    cwpr |    1000     .331896    .305223   1.29e-09   .9988416  
  seedis |    1000    1.10e+07          0   1.10e+07   1.10e+07  
   niter |    1000        1000          0       1000       1000  
dsnumber |    1000           1          0          1          1  
 dslabel |    1000           5          0          5          5  
  factor |    1000           1          0          1          1  
      R2 |    1000    .3889821          0   .3889821   .3889821  
 sampleN |    1000        1000          0       1000       1000  
 
** Results for:
*  Sample Size:     1000
*  Selection Seed:  11020760
*  # of Iterations: 1000
*  Sig Level:       05
*  Means of sample estimates of:
   b0 = .9209758696571808
   b1 = 1.060137181101832
   b2 = 1.00343107265234
   b3 = 1.003445858120918
   b4 = -.0063150933840516
(Note: file t4res10.dta not found)
 
** Description of t40025

Variable |     Obs        Mean   Std. Dev.       Min        Max
---------+-----------------------------------------------------
      s1 |    1000    .7337209   4.427473  -19.93123   14.02882  
      s2 |    1000    1.183909   3.915476  -9.833307   17.09788  
      s3 |    1000    .9954987   1.014499  -3.008071   4.367823  
      s4 |    1000    .9686953   .8720656  -2.677859   5.094872  
      s5 |    1000    .0130421   .4073886  -1.545822   1.564267  
    s1m1 |    1000    3.603781   1.276572   1.296416    14.3958  
    s2m1 |    1000     3.12851   1.119374     1.1405    12.4083  
    s3m1 |    1000    .7970082   .2928611   .2897253   2.874337  
    s4m1 |    1000    .6477556   .3016404   .1591111   2.362255  
    s5m1 |    1000    .3342705   .1181975   .1122293   1.059696  
    s1m2 |    1000     4.02915   1.427251   1.449437   16.09499  
    s2m2 |    1000     3.49778   1.251498   1.275118    13.8729  
    s3m2 |    1000    .8910823   .3274287   .3239227   3.213607  
    s4m2 |    1000    .7242128   .3372442   .1778916   2.641081  
    s5m2 |    1000    .3737258   .1321488   .1254762   1.184776  
    s1m3 |    1000    4.160294   1.490231   1.454357   16.25657  
    s2m3 |    1000    3.640771   1.318223    1.33614   14.04046  
    s3m3 |    1000    .9222264   .3433942   .3354572   3.257668  
    s4m3 |    1000     .793069   .3772782   .1858972   3.060671  
    s5m3 |    1000    .3846413   .1395418    .125784     1.3008  
    s1m4 |    1000    4.900151   1.816018   1.648167    18.3772  
    s2m4 |    1000    4.349327   1.659468    1.47317   15.91585  
    s3m4 |    1000     1.08043   .4117121    .381306   3.817049  
    s4m4 |    1000    1.029936   .5610143   .2264698    5.14462  
    s5m4 |    1000    .4477149    .168479   .1401039   1.611009  
    s1m5 |    1000    4.254225   1.222198   1.892399   13.09647  
    s2m5 |    1000    3.715187   1.080693   1.444528   11.23879  
    s3m5 |    1000    .9313075   .2658261   .4188528   2.567952  
    s4m5 |    1000    .8304719   .3395252   .2732015   3.125365  
    s5m5 |    1000    .3946014    .114956   .1734408   1.258204  
      wh |    1000    14.03541    4.22303   4.091686   24.29309  
    whpr |    1000    .4773652   .2637947   .0422222    .994889  
      bp |    1000    4.800929   4.121243   .0627431    35.5164  
    bppr |    1000    .4612581   .3090042   3.64e-07   .9995181  
      gl |    1000     4.33284   2.627682   .1173804   13.94369  
    glpr |    1000    .4494502   .2781387    .007477   .9983436  
      cw |    1000    1.283835   2.053802   3.44e-07   20.10574  
    cwpr |    1000    .4750421   .3017586   7.33e-06   .9995319  
  seedis |    1000    1.10e+07          0   1.10e+07   1.10e+07  
   niter |    1000        1000          0       1000       1000  
dsnumber |    1000           1          0          1          1  
 dslabel |    1000           5          0          5          5  
  factor |    1000           1          0          1          1  
      R2 |    1000    .3889821          0   .3889821   .3889821  
 sampleN |    1000          25          0         25         25  
 
** Results for:
*  Sample Size:     25
*  Selection Seed:  11020760
*  # of Iterations: 1000
*  Sig Level:       10
*  Means of sample estimates of:
   b0 = .7337209116474259
   b1 = 1.183909047680674
   b2 = .995498666308893
   b3 = .9686952559349538
   b4 = .0130420849956281
 
** Description of t40050

Variable |     Obs        Mean   Std. Dev.       Min        Max
---------+-----------------------------------------------------
      s1 |    1000    .9511217   2.931053   -11.8545   13.53426  
      s2 |    1000    1.049399   2.533841  -8.546172   11.75116  
      s3 |    1000    1.011545   .6525002  -1.395207    3.38621  
      s4 |    1000    .9696483   .5406406  -1.532558   2.754663  
      s5 |    1000    .0055172   .2697726  -1.008394   1.329524  
    s1m1 |    1000    2.634052   .6845702    1.21852   6.728141  
    s2m1 |    1000    2.265028   .6060464   1.053991   6.439262  
    s3m1 |    1000    .5764691   .1568859   .2719826   1.927512  
    s4m1 |    1000    .4655466    .169375   .1796079   1.681121  
    s5m1 |    1000    .2432379   .0645298   .1043872   1.154121  
    s1m2 |    1000    2.776534   .7216003   1.284433   7.092083  
    s2m2 |    1000    2.387549    .638829   1.111004   6.787578  
    s3m2 |    1000    .6076518   .1653723   .2866948   2.031776  
    s4m2 |    1000    .4907292   .1785369   .1893234   1.772058  
    s5m2 |    1000    .2563952   .0680204   .1100337    1.21655  
    s1m3 |    1000    2.826639   .7437768   1.339512   7.138906  
    s2m3 |    1000    2.444477    .667064   1.125231   7.211691  
    s3m3 |    1000    .6185908   .1709282   .2914429   2.150234  
    s4m3 |    1000    .5189651   .1974867   .1883489   1.915659  
    s5m3 |    1000     .259976   .0705666    .113407   1.289633  
    s1m4 |    1000    3.050162   .8205806    1.48487   7.744834  
    s2m4 |    1000    2.658224   .7515422   1.200037   8.114987  
    s3m4 |    1000    .6659775   .1875632   .3131973   2.400674  
    s4m4 |    1000    .5896423   .2436263   .1979561   2.207915  
    s5m4 |    1000    .2787184   .0776947   .1234526   1.443197  
    s1m5 |    1000    2.866507   .5702491   1.710703    6.44069  
    s2m5 |    1000    2.480602   .4994782   1.479932   5.387903  
    s3m5 |    1000    .6265144   .1236588   .3632419   1.275292  
    s4m5 |    1000    .5313934   .1463885   .2557953   1.454027  
    s5m5 |    1000    .2653082   .0525297   .1589539   .6455693  
      wh |    1000    13.63624   6.232083   3.108358   45.07788  
    whpr |    1000    .5392304     .31428   .0000396   .9988666  
      bp |    1000    6.711167   7.028679   .1830246   101.9282  
    bppr |    1000    .3649979   .3036487          0   .9960597  
      gl |    1000    4.290349   2.949589   .1797821   24.08515  
    glpr |    1000    .4670554   .2849561   .0000768   .9961939  
      cw |    1000     1.85418   3.315213   9.83e-09   46.99238  
    cwpr |    1000    .4339757   .3165304   7.13e-12   .9999209  
  seedis |    1000    1.10e+07          0   1.10e+07   1.10e+07  
   niter |    1000        1000          0       1000       1000  
dsnumber |    1000           1          0          1          1  
 dslabel |    1000           5          0          5          5  
  factor |    1000           1          0          1          1  
      R2 |    1000    .3889821          0   .3889821   .3889821  
 sampleN |    1000          50          0         50         50  
 
** Results for:
*  Sample Size:     50
*  Selection Seed:  11020760
*  # of Iterations: 1000
*  Sig Level:       10
*  Means of sample estimates of:
   b0 = .9511216593901626
   b1 = 1.049399263412924
   b2 = 1.011544666186091
   b3 = .9696482734689488
   b4 = .0055172216694773
 
** Description of t40100

Variable |     Obs        Mean   Std. Dev.       Min        Max
---------+-----------------------------------------------------
      s1 |    1000    .8333214   1.989664  -5.997944    6.50339  
      s2 |    1000    1.153467   1.753035  -4.286602   7.307092  
      s3 |    1000    .9940787   .4400853  -.3673308   2.387022  
      s4 |    1000    .9908179   .3589611  -.3582942   2.386029  
      s5 |    1000   -.0152986    .181813  -.6925647   .5730596  
    s1m1 |    1000    1.880251   .3437674   1.092649   4.702919  
    s2m1 |    1000    1.616409    .295807   .9673569   3.758411  
    s3m1 |    1000    .4139703   .0828995   .2423561   .9588248  
    s4m1 |    1000    .3289588   .0913339   .1575221   .9869916  
    s5m1 |    1000    .1773531   .0315706   .1108401   .5326864  
    s1m2 |    1000    1.929097   .3526979   1.121034   4.825093  
    s2m2 |    1000    1.658401   .3034916   .9924873   3.856049  
    s3m2 |    1000    .4247246   .0850531   .2486521   .9837334  
    s4m2 |    1000    .3375046   .0937066   .1616143   1.012632  
    s5m2 |    1000    .1819604   .0323908   .1137195   .5465246  
    s1m3 |    1000    1.947447   .3585911   1.125745   4.907175  
    s2m3 |    1000    1.680176   .3109225   1.005585   3.915777  
    s3m3 |    1000    .4286958   .0864245   .2505311   .9997486  
    s4m3 |    1000    .3496832   .1002226   .1644508   1.032652  
    s5m3 |    1000    .1832832   .0328778    .113837   .5555044  
    s1m4 |    1000    2.020721    .376066   1.161075   5.129364  
    s2m4 |    1000     1.75137   .3307953   1.045883   4.086588  
    s3m4 |    1000    .4443433   .0902716   .2593999   1.042527  
    s4m4 |    1000    .3746533   .1137225   .1719229   1.081102  
    s5m4 |    1000    .1895681   .0342961   .1169618   .5793846  
    s1m5 |    1000    1.975349   .2679715   1.271516    3.53677  
    s2m5 |    1000    1.700749   .2323859   1.119512   3.092628  
    s3m5 |    1000    .4322578   .0600077   .2825947   .7871593  
    s4m5 |    1000    .3558875   .0684621    .216711   .7119498  
    s5m5 |    1000    .1843691    .024519   .1255405   .3292002  
      wh |    1000     13.3268   6.985136   2.642611   49.71583  
    whpr |    1000    .5691518    .325503   6.81e-06   .9995559  
      bp |    1000    8.162836   8.851564   .1160529   139.9852  
    bppr |    1000    .3062624   .2976736          0   .9983802  
      gl |    1000    4.083939   2.741416   .1440062   19.38788  
    glpr |    1000    .4853351   .2825178   .0006593   .9975289  
      cw |    1000    2.010022   3.304099   7.31e-07   30.10814  
    cwpr |    1000    .4073886   .3055899   4.09e-08    .999318  
  seedis |    1000    1.10e+07          0   1.10e+07   1.10e+07  
   niter |    1000        1000          0       1000       1000  
dsnumber |    1000           1          0          1          1  
 dslabel |    1000           5          0          5          5  
  factor |    1000           1          0          1          1  
      R2 |    1000    .3889821          0   .3889821   .3889821  
 sampleN |    1000         100          0        100        100  
 
** Results for:
*  Sample Size:     100
*  Selection Seed:  11020760
*  # of Iterations: 1000
*  Sig Level:       10
*  Means of sample estimates of:
   b0 = .8333213597887661
   b1 = 1.153467371523264
   b2 = .9940787107581272
   b3 = .9908178753415122
   b4 = -.0152985918682534
 
** Description of t40250

Variable |     Obs        Mean   Std. Dev.       Min        Max
---------+-----------------------------------------------------
      s1 |    1000    .9248681   1.266823  -3.228667   4.993901  
      s2 |    1000    1.075498   1.085506  -2.475402   5.186106  
      s3 |    1000    .9979824   .2653506   .0435841   1.893445  
      s4 |    1000    .9860236   .2205048  -1.54e-06   1.703417  
      s5 |    1000   -.0012449   .1158847  -.5082497   .3572366  
    s1m1 |    1000    1.208867   .1636895   .8708889   2.512671  
    s2m1 |    1000    1.040658   .1511672   .7482638   2.256188  
    s3m1 |    1000    .2669525   .0408115   .1969774   .6560709  
    s4m1 |    1000    .2099451   .0415996   .1273695   .4102179  
    s5m1 |    1000    .1128887   .0157148   .0738687   .2426696  
    s1m2 |    1000     1.22114   .1653514   .8797307   2.538181  
    s2m2 |    1000    1.051224   .1527019   .7558606   2.279094  
    s3m2 |    1000    .2696627   .0412258   .1989772   .6627317  
    s4m2 |    1000    .2120766   .0420219   .1286626   .4143826  
    s5m2 |    1000    .1140348   .0158744   .0746186   .2451333  
    s1m3 |    1000    1.225803   .1666794   .8816059   2.552947  
    s2m3 |    1000    1.056975   .1542532   .7594596   2.293615  
    s3m3 |    1000    .2706913   .0415449   .1993947   .6674196  
    s4m3 |    1000    .2154785   .0432335   .1298242   .4178956  
    s5m3 |    1000    .1143576   .0159891   .0748104   .2471487  
    s1m4 |    1000    1.243319   .1698111   .8929028   2.594087  
    s2m4 |    1000    1.074026   .1575662   .7709872    2.33192  
    s3m4 |    1000    .2745249   .0422983    .201777   .6789865  
    s4m4 |    1000    .2214864    .045153   .1324344   .4258403  
    s5m4 |    1000    .1158604   .0162704   .0757805   .2517768  
    s1m5 |    1000    1.228828   .1153821   .9605281   1.977474  
    s2m5 |    1000    1.056025   .1025094   .8221946   1.683337  
    s3m5 |    1000    .2694865   .0252602   .2029731   .4280508  
    s4m5 |    1000    .2179951   .0275599   .1556679   .3445523  
    s5m5 |    1000    .1150097    .010204   .0876966   .1643066  
      wh |    1000    13.17438   6.641214   2.157436   45.68607  
    whpr |    1000     .569297   .3169299   .0000315   .9998678  
      bp |    1000    9.915501   17.87022   .2086869   220.7562  
    bppr |    1000    .2712198   .2783412          0   .9949205  
      gl |    1000    3.981074   2.677943   .0477563   17.79311  
    glpr |    1000    .4943093   .2838065   .0013544   .9997194  
      cw |    1000    2.233421   3.888274    .000065   58.22831  
    cwpr |    1000    .4044365   .3151634   2.33e-14   .9935665  
  seedis |    1000    1.10e+07          0   1.10e+07   1.10e+07  
   niter |    1000        1000          0       1000       1000  
dsnumber |    1000           1          0          1          1  
 dslabel |    1000           5          0          5          5  
  factor |    1000           1          0          1          1  
      R2 |    1000    .3889821          0   .3889821   .3889821  
 sampleN |    1000         250          0        250        250  
 
** Results for:
*  Sample Size:     250
*  Selection Seed:  11020760
*  # of Iterations: 1000
*  Sig Level:       10
*  Means of sample estimates of:
   b0 = .9248680527922696
   b1 = 1.075498399841366
   b2 = .9979823992289602
   b3 = .9860235895354638
   b4 = -.0012449091828676
 
** Description of t40500

Variable |     Obs        Mean   Std. Dev.       Min        Max
---------+-----------------------------------------------------
      s1 |    1000      .97129   .8555495  -2.182207   3.718138  
      s2 |    1000    1.033792   .7359209  -1.467623   3.775555  
      s3 |    1000    1.009259   .1845717   .3290781   1.682161  
      s4 |    1000    .9950044   .1556493   .4858696   1.465741  
      s5 |    1000   -.0065115   .0791071  -.2916543    .222587  
    s1m1 |    1000    .8595065   .0792713    .682355   1.240604  
    s2m1 |    1000    .7393475   .0737373   .5821659   1.170787  
    s3m1 |    1000    .1892963   .0187474   .1392967   .2858707  
    s4m1 |    1000    .1504437   .0224213   .1039018   .2661804  
    s5m1 |    1000    .0799689   .0070621   .0658992   .1333256  
    s1m2 |    1000    .8638366   .0796706   .6857926   1.246854  
    s2m2 |    1000    .7430722   .0741087   .5850987   1.176685  
    s3m2 |    1000      .19025   .0188419   .1399984   .2873109  
    s4m2 |    1000    .1512016   .0225342   .1044253   .2675214  
    s5m2 |    1000    .0803717   .0070976   .0662311   .1339972  
    s1m3 |    1000    .8655479   .0799919    .686498   1.248332  
    s2m3 |    1000    .7452228   .0745203   .5866209   1.181867  
    s3m3 |    1000    .1906173   .0189129   .1403182   .2880493  
    s4m3 |    1000    .1525271   .0229588   .1048954   .2717479  
    s5m3 |    1000    .0804878   .0071269   .0663059   .1344022  
    s1m4 |    1000    .8717066   .0807414   .6906931   1.256137  
    s2m4 |    1000    .7512546   .0753576   .5911468   1.193085  
    s3m4 |    1000     .191955   .0190813   .1413519   .2902518  
    s4m4 |    1000    .1547179   .0235665   .1059139   .2774796  
    s5m4 |    1000    .0810129   .0071931   .0667167   .1354894  
    s1m5 |    1000    .8664802   .0551062   .7196378   1.093534  
    s2m5 |    1000     .745015   .0493622   .6185277    .936044  
    s3m5 |    1000    .1900882   .0127726   .1534753   .2407675  
    s4m5 |    1000    .1538891   .0134091   .1197154   .2124786  
    s5m5 |    1000    .0810576   .0050803   .0668203   .1056101  
      wh |    1000     13.1243   7.120661   2.392072   61.84953  
    whpr |    1000    .5847986   .3106385   5.55e-08   .9997538  
      bp |    1000     10.8456   14.54373   .1376777   213.1933  
    bppr |    1000    .2401801   .2754375          0   .9977366  
      gl |    1000    3.861942   2.791373    .108358   17.08488  
    glpr |    1000     .517667   .2936301   .0018609   .9985843  
      cw |    1000    2.597567   4.025428   8.34e-07   31.37745  
    cwpr |    1000    .3694652   .3143326   2.12e-08   .9992713  
  seedis |    1000    1.10e+07          0   1.10e+07   1.10e+07  
   niter |    1000        1000          0       1000       1000  
dsnumber |    1000           1          0          1          1  
 dslabel |    1000           5          0          5          5  
  factor |    1000           1          0          1          1  
      R2 |    1000    .3889821          0   .3889821   .3889821  
 sampleN |    1000         500          0        500        500  
 
** Results for:
*  Sample Size:     500
*  Selection Seed:  11020760
*  # of Iterations: 1000
*  Sig Level:       10
*  Means of sample estimates of:
   b0 = .9712900206728082
   b1 = 1.033792225261539
   b2 = 1.009259404152632
   b3 = .9950044412612916
   b4 = -.0065115184498718
 
** Description of t41000

Variable |     Obs        Mean   Std. Dev.       Min        Max
---------+-----------------------------------------------------
      s1 |    1000    .9209759   .6222537  -.8727108    3.78317  
      s2 |    1000    1.060137   .5378464    -1.0258   2.794635  
      s3 |    1000    1.003431   .1340823   .5985104   1.417304  
      s4 |    1000    1.003446   .1051265   .6075454   1.333619  
      s5 |    1000   -.0063151   .0556593  -.1803755    .174175  
    s1m1 |    1000    .6099646   .0396891   .4886151   .8028677  
    s2m1 |    1000    .5255269   .0367842   .4212717   .7029604  
    s3m1 |    1000    .1346596   .0101929   .1107677   .1862676  
    s4m1 |    1000     .107358   .0116905   .0785041   .1619071  
    s5m1 |    1000    .0571135   .0040734   .0474601   .0800035  
    s1m2 |    1000    .6114953   .0397887   .4898413   .8048823  
    s2m2 |    1000    .5268457   .0368765   .4223289   .7047245  
    s3m2 |    1000    .1349975   .0102185   .1110456   .1867351  
    s4m2 |    1000    .1076274   .0117198   .0787011   .1623134  
    s5m2 |    1000    .0572568   .0040836   .0475792   .0802043  
    s1m3 |    1000    .6121303   .0398773   .4900745   .8055824  
    s2m3 |    1000    .5276452   .0369932   .4227189    .705427  
    s3m3 |    1000    .1351293   .0102384   .1111472   .1869632  
    s4m3 |    1000    .1081195   .0118582   .0788026   .1637487  
    s5m3 |    1000    .0572993   .0040918   .0476006   .0803019  
    s1m4 |    1000    .6143181   .0400695   .4915441   .8083091  
    s2m4 |    1000    .5297931   .0372098   .4241797   .7079058  
    s3m4 |    1000    .1356021   .0102844   .1115307   .1876624  
    s4m4 |    1000    .1089008   .0120389   .0791044   .1679253  
    s5m4 |    1000    .0574862   .0041104    .047742   .0806019  
    s1m5 |    1000    .6144203   .0284478   .5175989   .7114383  
    s2m5 |    1000    .5277715   .0249467   .4465344     .62199  
    s3m5 |    1000    .1346869   .0063698   .1178797   .1563007  
    s4m5 |    1000    .1084821   .0068781   .0910092   .1400879  
    s5m5 |    1000    .0575889   .0026591   .0512967   .0666115  
      wh |    1000    12.99096   6.813694   2.770621   53.36688  
    whpr |    1000    .5839846   .3130584   1.65e-06   .9994147  
      bp |    1000    12.52181   16.40461   .1241115   179.2821  
    bppr |    1000    .1986951   .2581081          0   .9981524  
      gl |    1000    4.006229   2.856292    .090235   17.16553  
    glpr |    1000     .501717   .2909421   .0017949   .9990123  
      cw |    1000    3.073265   4.422849   2.11e-06   36.83264  
    cwpr |    1000     .331896    .305223   1.29e-09   .9988416  
  seedis |    1000    1.10e+07          0   1.10e+07   1.10e+07  
   niter |    1000        1000          0       1000       1000  
dsnumber |    1000           1          0          1          1  
 dslabel |    1000           5          0          5          5  
  factor |    1000           1          0          1          1  
      R2 |    1000    .3889821          0   .3889821   .3889821  
 sampleN |    1000        1000          0       1000       1000  
 
** Results for:
*  Sample Size:     1000
*  Selection Seed:  11020760
*  # of Iterations: 1000
*  Sig Level:       10
*  Means of sample estimates of:
   b0 = .9209758696571808
   b1 = 1.060137181101832
   b2 = 1.00343107265234
   b3 = 1.003445858120918
   b4 = -.0063150933840516
(Note: file t4res.dta not found)
file t4res.dta saved

. 
. log close
