
. ts
** 30 Mar 1998 - 20:12:28

.     hcsum t4 B
** HCSUM for t4res: B.
 * Table of mean absolute deviation from nominal size.
 * Negative marks smallest value.

            All  Through       b1       b2       b3       b4
sOLS05   -0.006   50.000    0.000    0.006   -0.008    0.007
s0HC05    0.040   50.000    0.037    0.039    0.056    0.027
s1HC05    0.017   50.000    0.019    0.016    0.029    0.004
s2HC05    0.009   50.000    0.011    0.011    0.010   -0.003
s3HC05    0.015   50.000    0.014    0.009    0.016    0.020
s3B005    0.007   50.000    0.005    0.004    0.009    0.010
s3B105    0.007   50.000    0.006   -0.004    0.008    0.011
s3B205    0.008   50.000    0.006    0.004    0.010    0.012
s3B305    0.009   50.000    0.007    0.004    0.012    0.012
s3B305    0.010   50.000    0.007    0.005    0.013    0.015
s3B305    0.011   50.000    0.009    0.006    0.014    0.014

            All  Through       b1       b2       b3       b4
sOLS05    0.000  100.000   -0.002    0.005   -0.007    0.006
s0HC05    0.071  100.000    0.032    0.029    0.042    0.021
s1HC05    0.030  100.000    0.016    0.011    0.022    0.004
s2HC05    0.016  100.000    0.009    0.008    0.009   -0.002
s3HC05    0.026  100.000    0.010    0.009    0.013    0.015
s3B005    0.014  100.000    0.004    0.005    0.008    0.009
s3B105    0.014  100.000    0.005   -0.004    0.009    0.009
s3B205    0.016  100.000    0.005    0.006    0.010    0.010
s3B305    0.017  100.000    0.006    0.006    0.010    0.009
s3B305    0.018  100.000    0.006    0.006    0.010    0.011
s3B305    0.019  100.000    0.007    0.007    0.011    0.011

            All  Through       b1       b2       b3       b4
sOLS05   -0.005  250.000   -0.004   -0.004   -0.006    0.005
s0HC05    0.095  250.000    0.028    0.022    0.031    0.016
s1HC05    0.041  250.000    0.015    0.008    0.017    0.003
s2HC05    0.022  250.000    0.010    0.006    0.008   -0.002
s3HC05    0.036  250.000    0.009    0.008    0.011    0.012
s3B005    0.020  250.000    0.004    0.005    0.007    0.007
s3B105    0.021  250.000    0.005    0.005    0.007    0.008
s3B205    0.023  250.000    0.005    0.006    0.008    0.008
s3B305    0.024  250.000    0.006    0.007    0.008    0.007
s3B305    0.025  250.000    0.006    0.007    0.009    0.009
s3B305    0.027  250.000    0.006    0.007    0.009    0.009

             All   Through        b1        b2        b3        b4
sOLS05     0.000  1000.000    -0.004    -0.004    -0.006     0.005
s0HC05     0.113  1000.000     0.020     0.017     0.024     0.011
s1HC05     0.050  1000.000     0.011     0.008     0.014     0.003
s2HC05     0.028  1000.000     0.007     0.007     0.008    -0.002
s3HC05     0.045  1000.000     0.007     0.009     0.010     0.008
s3B005     0.025  1000.000     0.004     0.006     0.006     0.006
s3B105     0.027  1000.000     0.005     0.006     0.007     0.006
s3B205     0.030  1000.000     0.005     0.007     0.008     0.006
s3B305     0.030  1000.000     0.005     0.007     0.008     0.006
s3B305     0.032  1000.000     0.005     0.007     0.008     0.006
s3B305     0.034  1000.000     0.005     0.008     0.009     0.006

.     hcsum t4 C
** HCSUM for t4res: C.
 * Table of mean absolute deviation from nominal size.
 * Negative marks smallest value.

            All  Through       b1       b2       b3       b4
sOLS05   -0.006   50.000    0.000    0.006    0.008    0.007
s0HC05    0.040   50.000    0.037    0.039    0.056    0.027
s1HC05    0.017   50.000    0.019    0.016    0.029    0.004
s2HC05    0.009   50.000    0.011    0.011    0.010   -0.003
s3HC05    0.015   50.000    0.014    0.009    0.016    0.020
s3C005    0.006   50.000    0.002    0.004   -0.007    0.010
s3C105    0.006   50.000    0.003    0.004    0.007    0.010
s3C205    0.007   50.000    0.005    0.003    0.009    0.010
s3C305    0.007   50.000    0.005    0.003    0.009    0.010
s3C305    0.008   50.000    0.006   -0.002    0.012    0.013
s3C305    0.009   50.000    0.007    0.003    0.014    0.014

            All  Through       b1       b2       b3       b4
sOLS05    0.000  100.000   -0.002    0.005   -0.007    0.006
s0HC05    0.071  100.000    0.032    0.029    0.042    0.021
s1HC05    0.030  100.000    0.016    0.011    0.022    0.004
s2HC05    0.016  100.000    0.009    0.008    0.009   -0.002
s3HC05    0.026  100.000    0.010    0.009    0.013    0.015
s3C005    0.011  100.000    0.002   -0.002    0.008    0.008
s3C105    0.012  100.000    0.004    0.003    0.008    0.009
s3C205    0.014  100.000    0.005    0.003    0.009    0.008
s3C305    0.013  100.000    0.004    0.003    0.008    0.008
s3C305    0.015  100.000    0.004    0.004    0.010    0.009
s3C305    0.017  100.000    0.005    0.004    0.012    0.010

            All  Through       b1       b2       b3       b4
sOLS05   -0.005  250.000   -0.004    0.004    0.006    0.005
s0HC05    0.095  250.000    0.028    0.022    0.031    0.016
s1HC05    0.041  250.000    0.015    0.008    0.017    0.003
s2HC05    0.022  250.000    0.010    0.006    0.008   -0.002
s3HC05    0.036  250.000    0.009    0.008    0.011    0.012
s3C005    0.016  250.000    0.004   -0.003   -0.006    0.007
s3C105    0.017  250.000    0.005    0.004    0.006    0.007
s3C205    0.020  250.000    0.006    0.004    0.008    0.007
s3C305    0.018  250.000    0.004    0.004    0.007    0.007
s3C305    0.021  250.000    0.004    0.004    0.008    0.007
s3C305    0.024  250.000    0.005    0.004    0.010    0.008

             All   Through        b1        b2        b3        b4
sOLS05     0.000  1000.000     0.004     0.004    -0.006     0.005
s0HC05     0.113  1000.000     0.020     0.017     0.024     0.011
s1HC05     0.050  1000.000     0.011     0.008     0.014     0.003
s2HC05     0.028  1000.000     0.007     0.007     0.008    -0.002
s3HC05     0.045  1000.000     0.007     0.009     0.010     0.008
s3C005     0.020  1000.000    -0.004    -0.003     0.006     0.005
s3C105     0.022  1000.000     0.004     0.004     0.006     0.006
s3C205     0.025  1000.000     0.005     0.005     0.008     0.005
s3C305     0.024  1000.000     0.004     0.005     0.007     0.005
s3C305     0.027  1000.000     0.004     0.005     0.008     0.005
s3C305     0.030  1000.000     0.004     0.006     0.009     0.006

.     hcsum t4 G
** HCSUM for t4res: G.
 * Table of mean absolute deviation from nominal size.
 * Negative marks smallest value.

            All  Through       b1       b2       b3       b4
sOLS05   -0.006   50.000    0.000    0.006   -0.008    0.007
s0HC05    0.040   50.000    0.037    0.039    0.056    0.027
s1HC05    0.017   50.000    0.019    0.016    0.029    0.004
s2HC05    0.009   50.000    0.011    0.011    0.010   -0.003
s3HC05    0.015   50.000    0.014    0.009    0.016    0.020
s3G005    0.006   50.000    0.002    0.004    0.009    0.009
s3G105    0.007   50.000    0.003    0.004    0.008    0.011
s3G205    0.007   50.000    0.006   -0.002    0.009    0.011
s3G305    0.008   50.000    0.006    0.003    0.010    0.014
s3G305    0.009   50.000    0.006    0.004    0.013    0.013
s3G305    0.010   50.000    0.007    0.005    0.013    0.016

            All  Through       b1       b2       b3       b4
sOLS05    0.000  100.000    0.002    0.005    0.007    0.006
s0HC05    0.071  100.000    0.032    0.029    0.042    0.021
s1HC05    0.030  100.000    0.016    0.011    0.022    0.004
s2HC05    0.016  100.000    0.009    0.008    0.009   -0.002
s3HC05    0.026  100.000    0.010    0.009    0.013    0.015
s3G005    0.011  100.000   -0.002    0.003    0.008    0.007
s3G105    0.012  100.000    0.003    0.002   -0.007    0.009
s3G205    0.013  100.000    0.005   -0.002    0.008    0.009
s3G305    0.016  100.000    0.005    0.004    0.010    0.011
s3G305    0.017  100.000    0.005    0.005    0.010    0.011
s3G305    0.018  100.000    0.006    0.005    0.011    0.012

            All  Through       b1       b2       b3       b4
sOLS05   -0.005  250.000    0.004    0.004    0.006    0.005
s0HC05    0.095  250.000    0.028    0.022    0.031    0.016
s1HC05    0.041  250.000    0.015    0.008    0.017    0.003
s2HC05    0.022  250.000    0.010    0.006    0.008   -0.002
s3HC05    0.036  250.000    0.009    0.008    0.011    0.012
s3G005    0.016  250.000   -0.003    0.003    0.006    0.006
s3G105    0.017  250.000    0.004   -0.002   -0.006    0.007
s3G205    0.018  250.000    0.005    0.003    0.006    0.007
s3G305    0.022  250.000    0.005    0.004    0.008    0.009
s3G305    0.024  250.000    0.006    0.005    0.009    0.009
s3G305    0.026  250.000    0.006    0.005    0.009    0.010

             All   Through        b1        b2        b3        b4
sOLS05     0.000  1000.000     0.004     0.004     0.006     0.005
s0HC05     0.113  1000.000     0.020     0.017     0.024     0.011
s1HC05     0.050  1000.000     0.011     0.008     0.014     0.003
s2HC05     0.028  1000.000     0.007     0.007     0.008    -0.002
s3HC05     0.045  1000.000     0.007     0.009     0.010     0.008
s3G005     0.020  1000.000    -0.003     0.004     0.006     0.005
s3G105     0.021  1000.000     0.004    -0.004    -0.005     0.006
s3G205     0.023  1000.000     0.005     0.004     0.005     0.006
s3G305     0.028  1000.000     0.004     0.005     0.007     0.007
s3G305     0.031  1000.000     0.005     0.006     0.008     0.007
s3G305     0.033  1000.000     0.005     0.006     0.008     0.008

.     hcsum t4 W
** HCSUM for t4res: W.
 * Table of mean absolute deviation from nominal size.
 * Negative marks smallest value.

            All  Through       b1       b2       b3       b4
sOLS05   -0.006   50.000    0.000    0.006   -0.008    0.007
s0HC05    0.040   50.000    0.037    0.039    0.056    0.027
s1HC05    0.017   50.000    0.019    0.016    0.029    0.004
s2HC05    0.009   50.000    0.011    0.011    0.010   -0.003
s3HC05    0.015   50.000    0.014    0.009    0.016    0.020
s3W005    0.007   50.000    0.003    0.005    0.009    0.009
s3W105    0.008   50.000    0.005    0.006    0.009    0.010
s3W205    0.009   50.000    0.006   -0.004    0.013    0.013
s3W305    0.010   50.000    0.009    0.005    0.012    0.014
s3W305    0.011   50.000    0.011    0.005    0.014    0.015
s3W305    0.012   50.000    0.011    0.007    0.014    0.015

            All  Through       b1       b2       b3       b4
sOLS05    0.000  100.000   -0.002    0.005   -0.007    0.006
s0HC05    0.071  100.000    0.032    0.029    0.042    0.021
s1HC05    0.030  100.000    0.016    0.011    0.022    0.004
s2HC05    0.016  100.000    0.009    0.008    0.009   -0.002
s3HC05    0.026  100.000    0.010    0.009    0.013    0.015
s3W005    0.012  100.000    0.003    0.004    0.009    0.008
s3W105    0.014  100.000    0.004    0.005    0.009    0.009
s3W205    0.016  100.000    0.004   -0.004    0.011    0.010
s3W305    0.018  100.000    0.006    0.005    0.011    0.011
s3W305    0.021  100.000    0.008    0.005    0.012    0.012
s3W305    0.022  100.000    0.007    0.006    0.012    0.013

            All  Through       b1       b2       b3       b4
sOLS05   -0.005  250.000    0.004   -0.004   -0.006    0.005
s0HC05    0.095  250.000    0.028    0.022    0.031    0.016
s1HC05    0.041  250.000    0.015    0.008    0.017    0.003
s2HC05    0.022  250.000    0.010    0.006    0.008   -0.002
s3HC05    0.036  250.000    0.009    0.008    0.011    0.012
s3W005    0.017  250.000   -0.004    0.004    0.006    0.006
s3W105    0.020  250.000    0.005    0.005    0.007    0.007
s3W205    0.023  250.000    0.005    0.004    0.009    0.008
s3W305    0.026  250.000    0.006    0.005    0.010    0.009
s3W305    0.029  250.000    0.007    0.006    0.010    0.010
s3W305    0.030  250.000    0.007    0.007    0.010    0.010

             All   Through        b1        b2        b3        b4
sOLS05     0.000  1000.000     0.004    -0.004    -0.006     0.005
s0HC05     0.113  1000.000     0.020     0.017     0.024     0.011
s1HC05     0.050  1000.000     0.011     0.008     0.014     0.003
s2HC05     0.028  1000.000     0.007     0.007     0.008    -0.002
s3HC05     0.045  1000.000     0.007     0.009     0.010     0.008
s3W005     0.022  1000.000    -0.003     0.005     0.006     0.006
s3W105     0.026  1000.000     0.004     0.006     0.007     0.006
s3W205     0.029  1000.000     0.004     0.006     0.009     0.007
s3W305     0.033  1000.000     0.005     0.006     0.009     0.007
s3W305     0.037  1000.000     0.006     0.007     0.009     0.008
s3W305     0.038  1000.000     0.006     0.008     0.010     0.008

.     hcsum t4 all
** HCSUM for t4res: all.
 * Table of mean absolute deviation from nominal size.
 * Negative marks smallest value.

            All  Through       b1       b2       b3       b4
sOLS05   -0.006   50.000    0.000    0.006    0.008    0.007
s0HC05    0.040   50.000    0.037    0.039    0.056    0.027
s1HC05    0.017   50.000    0.019    0.016    0.029    0.004
s2HC05    0.009   50.000    0.011    0.011    0.010   -0.003
s3HC05    0.015   50.000    0.014    0.009    0.016    0.020
s3B005    0.007   50.000    0.005    0.004    0.009    0.010
s3B105    0.007   50.000    0.006    0.004    0.008    0.011
s3B205    0.008   50.000    0.006    0.004    0.010    0.012
s3B305    0.009   50.000    0.007    0.004    0.012    0.012
s3B405    0.010   50.000    0.007    0.005    0.013    0.015
s3B505    0.011   50.000    0.009    0.006    0.014    0.014
s3C005    0.006   50.000    0.002    0.004   -0.007    0.010
s3C105    0.006   50.000    0.003    0.004    0.007    0.010
s3C205    0.007   50.000    0.005    0.003    0.009    0.010
s3C305    0.007   50.000    0.005    0.003    0.009    0.010
s3C405    0.008   50.000    0.006    0.002    0.012    0.013
s3C505    0.009   50.000    0.007    0.003    0.014    0.014
s3G005    0.006   50.000    0.002    0.004    0.009    0.009
s3G105    0.007   50.000    0.003    0.004    0.008    0.011
s3G205    0.007   50.000    0.006   -0.002    0.009    0.011
s3G305    0.008   50.000    0.006    0.003    0.010    0.014
s3G405    0.009   50.000    0.006    0.004    0.013    0.013
s3G505    0.010   50.000    0.007    0.005    0.013    0.016
s3W005    0.007   50.000    0.003    0.005    0.009    0.009
s3W105    0.008   50.000    0.005    0.006    0.009    0.010
s3W205    0.009   50.000    0.006    0.004    0.013    0.013
s3W305    0.010   50.000    0.009    0.005    0.012    0.014
s3W405    0.011   50.000    0.011    0.005    0.014    0.015
s3W505    0.012   50.000    0.011    0.007    0.014    0.015

            All  Through       b1       b2       b3       b4
sOLS05    0.000  100.000    0.002    0.005    0.007    0.006
s0HC05    0.071  100.000    0.032    0.029    0.042    0.021
s1HC05    0.030  100.000    0.016    0.011    0.022    0.004
s2HC05    0.016  100.000    0.009    0.008    0.009   -0.002
s3HC05    0.026  100.000    0.010    0.009    0.013    0.015
s3B005    0.014  100.000    0.004    0.005    0.008    0.009
s3B105    0.014  100.000    0.005    0.004    0.009    0.009
s3B205    0.016  100.000    0.005    0.006    0.010    0.010
s3B305    0.017  100.000    0.006    0.006    0.010    0.009
s3B405    0.018  100.000    0.006    0.006    0.010    0.011
s3B505    0.019  100.000    0.007    0.007    0.011    0.011
s3C005    0.011  100.000    0.002    0.002    0.008    0.008
s3C105    0.012  100.000    0.004    0.003    0.008    0.009
s3C205    0.014  100.000    0.005    0.003    0.009    0.008
s3C305    0.013  100.000    0.004    0.003    0.008    0.008
s3C405    0.015  100.000    0.004    0.004    0.010    0.009
s3C505    0.017  100.000    0.005    0.004    0.012    0.010
s3G005    0.011  100.000   -0.002    0.003    0.008    0.007
s3G105    0.012  100.000    0.003    0.002   -0.007    0.009
s3G205    0.013  100.000    0.005   -0.002    0.008    0.009
s3G305    0.016  100.000    0.005    0.004    0.010    0.011
s3G405    0.017  100.000    0.005    0.005    0.010    0.011
s3G505    0.018  100.000    0.006    0.005    0.011    0.012
s3W005    0.012  100.000    0.003    0.004    0.009    0.008
s3W105    0.014  100.000    0.004    0.005    0.009    0.009
s3W205    0.016  100.000    0.004    0.004    0.011    0.010
s3W305    0.018  100.000    0.006    0.005    0.011    0.011
s3W405    0.021  100.000    0.008    0.005    0.012    0.012
s3W505    0.022  100.000    0.007    0.006    0.012    0.013

            All  Through       b1       b2       b3       b4
sOLS05   -0.005  250.000    0.004    0.004    0.006    0.005
s0HC05    0.095  250.000    0.028    0.022    0.031    0.016
s1HC05    0.041  250.000    0.015    0.008    0.017    0.003
s2HC05    0.022  250.000    0.010    0.006    0.008   -0.002
s3HC05    0.036  250.000    0.009    0.008    0.011    0.012
s3B005    0.020  250.000    0.004    0.005    0.007    0.007
s3B105    0.021  250.000    0.005    0.005    0.007    0.008
s3B205    0.023  250.000    0.005    0.006    0.008    0.008
s3B305    0.024  250.000    0.006    0.007    0.008    0.007
s3B405    0.025  250.000    0.006    0.007    0.009    0.009
s3B505    0.027  250.000    0.006    0.007    0.009    0.009
s3C005    0.016  250.000    0.004    0.003    0.006    0.007
s3C105    0.017  250.000    0.005    0.004    0.006    0.007
s3C205    0.020  250.000    0.006    0.004    0.008    0.007
s3C305    0.018  250.000    0.004    0.004    0.007    0.007
s3C405    0.021  250.000    0.004    0.004    0.008    0.007
s3C505    0.024  250.000    0.005    0.004    0.010    0.008
s3G005    0.016  250.000   -0.003    0.003    0.006    0.006
s3G105    0.017  250.000    0.004   -0.002   -0.006    0.007
s3G205    0.018  250.000    0.005    0.003    0.006    0.007
s3G305    0.022  250.000    0.005    0.004    0.008    0.009
s3G405    0.024  250.000    0.006    0.005    0.009    0.009
s3G505    0.026  250.000    0.006    0.005    0.009    0.010
s3W005    0.017  250.000    0.004    0.004    0.006    0.006
s3W105    0.020  250.000    0.005    0.005    0.007    0.007
s3W205    0.023  250.000    0.005    0.004    0.009    0.008
s3W305    0.026  250.000    0.006    0.005    0.010    0.009
s3W405    0.029  250.000    0.007    0.006    0.010    0.010
s3W505    0.030  250.000    0.007    0.007    0.010    0.010

             All   Through        b1        b2        b3        b4
sOLS05     0.000  1000.000     0.004     0.004     0.006     0.005
s0HC05     0.113  1000.000     0.020     0.017     0.024     0.011
s1HC05     0.050  1000.000     0.011     0.008     0.014     0.003
s2HC05     0.028  1000.000     0.007     0.007     0.008    -0.002
s3HC05     0.045  1000.000     0.007     0.009     0.010     0.008
s3B005     0.025  1000.000     0.004     0.006     0.006     0.006
s3B105     0.027  1000.000     0.005     0.006     0.007     0.006
s3B205     0.030  1000.000     0.005     0.007     0.008     0.006
s3B305     0.030  1000.000     0.005     0.007     0.008     0.006
s3B405     0.032  1000.000     0.005     0.007     0.008     0.006
s3B505     0.034  1000.000     0.005     0.008     0.009     0.006
s3C005     0.020  1000.000     0.004    -0.003     0.006     0.005
s3C105     0.022  1000.000     0.004     0.004     0.006     0.006
s3C205     0.025  1000.000     0.005     0.005     0.008     0.005
s3C305     0.024  1000.000     0.004     0.005     0.007     0.005
s3C405     0.027  1000.000     0.004     0.005     0.008     0.005
s3C505     0.030  1000.000     0.004     0.006     0.009     0.006
s3G005     0.020  1000.000     0.003     0.004     0.006     0.005
s3G105     0.021  1000.000     0.004     0.004    -0.005     0.006
s3G205     0.023  1000.000     0.005     0.004     0.005     0.006
s3G305     0.028  1000.000     0.004     0.005     0.007     0.007
s3G405     0.031  1000.000     0.005     0.006     0.008     0.007
s3G505     0.033  1000.000     0.005     0.006     0.008     0.008
s3W005     0.022  1000.000    -0.003     0.005     0.006     0.006
s3W105     0.026  1000.000     0.004     0.006     0.007     0.006
s3W205     0.029  1000.000     0.004     0.006     0.009     0.007
s3W305     0.033  1000.000     0.005     0.006     0.009     0.007
s3W405     0.037  1000.000     0.006     0.007     0.009     0.008
s3W505     0.038  1000.000     0.006     0.008     0.010     0.008

. log close
